Parameters:
	-runDir
	/home/saul/projects/FIL3601/PvsLVS/opamp1
	-ossdir
	/home/saul/projects/FIL3601/PvsLVS/opamp1/
	-cellmap
	/home/saul/projects/FIL3601/PvsLVS/opamp1/lay_cellMap.txt
	-ppid
	26177
	-form
	-viewer
	virtuoso
	-schview
	schematic
	-tag
	GGGQK€HILJP~HOJQO


Checking out SoftShare license Phys_Ver_Sys_Results_Mgr 24.1 Qty: 1 ... failed.
Unable to queue for a license on the license server.
License checkout failed.
Checking out SoftShare license Pegasus_RV 24.1 Qty: 1 ... succeeded (1s).
starting pvsProbeServer: port= 45993
Starting probe server on port: 45993
Checking in SoftShare license Pegasus_RV ... succeeded (1s).
