Checking out SoftShare license Phys_Ver_Sys_Results_Mgr 24.1 Qty: 1 ... failed.
Unable to queue for a license on the license server.
License checkout failed.
Checking out SoftShare license Pegasus_RV 24.1 Qty: 1 ... succeeded (1s).
********************************************************************************
pvstdb 24.11-s045 64 bit (Mon Jan 27 22:18:54 PST 2025)
Build Ref No.: 045 Production (01-27-2025) [pvs_2411_rtm]

Copyright 2025 Cadence Design Systems, Inc.
All rights reserved worldwide.

Build O/S:       Linux x86_64 3.10.0-693.el7.x86_64
Executed on:     b35621b5a0f6 (Linux x86_64 6.10.14-linuxkit)
Process Id:      59368
Starting Time:   Wed Sep  3 16:41:12 2025 (Wed Sep  3 16:41:12 2025 GMT)
With parameters: -sf /home/saul/projects/FIL3601/layoutverification/pvs_drc/opamp1/opamp1_drc.err.index /home/saul/projects/FIL3601/layoutverification/pvs_drc/opamp1/opamp1_drc.err /home/saul/projects/FIL3601/layoutverification/pvs_drc/opamp1/opamp1_drc.err.pvstdb 
********************************************************************************

Waiting for write lock on /home/saul/projects/FIL3601/layoutverification/pvs_drc/opamp1/opamp1_drc.err.index.
Obtained lock.

Summary: 0 markers created.

pvstdb completed.
43905439054390543905Checking in SoftShare license Pegasus_RV ... succeeded (1s).
