\o Program:		@(#)$CDS: cdsLibEditor version 6.1.8 - CAT37 01/17/2024 18:09 (csvcm36c-7) $
\o Sub version:		sub-version  s353 
\o Arguments:		-mpssession virtuoso8502 -mpshost s2424 -mpsversion 6.18 
\o Working Directory:	s2424:/home/saul/projects/SI3_XFAB/OS/CHARACTERIZATION
\o 64-bit offsets
\a nrSetWindowVisibility(cdsLibEditor "show")
\o Qt version: 		5.9.1
\a nrResizeWindow(cdsLibEditor list(0 -37 500 400))
\a nrSetCurrentWindow(cdsLibEditor)
\a nrListItemAction(cdsLibEditor->mainTable 0 0)
\o Active cell: 0 0 ""
\o QUESTION (CLE-232): You must choose one edit format for your new file to continue editing.\n\nMost Cadence tools use only "cds.lib" for the library definition list.\nCadence "cds.lib" is the recommended edit format.\n\nYour edit format choice remains in effect until the new file is saved. 
\o QUESTION (CLE-233): Cadence Library Path Editor enables saving your edits in either format\nwhen using the "Save As" command. 
\a nrSetWindowVisibility(newEditFormatDialog "show")
\a nrResizeWindow(cdsLibEditor list(50 50 500 400))
\a nrResizeWindow(newEditFormatDialog list(0 -37 411 307))
\a nrSetCurrentWindow(newEditFormatDialog)
\a nrResizeWindow(newEditFormatDialog list(95 96 411 307))
\a newEditFormatDialog->okButton->value = t
\a nrSetCurrentWindow(cdsLibEditor)
\a nrResizeWindow(newEditFormatDialog list(95 59 411 307))
\a nrSetCurrentWindow(cdsLibEditor)
\a nrResizeWindow(cdsLibEditor list(838 282 500 400))
\a exit(0)
