*Info*    Exporting services from client ... 

*Info*    Client has finished starting ... 



*Info*    Configuring the session ...

	Library      = LAB3
	Cell         = Shunt
	View         = schematic
	Simulator    = spectre
	State Path   = $AXL_SETUPDB_DIR/test_states
	State Name   = Af_none_Interactive.38
	Results DB   = /home/saul/projects/FIL3601/LAB3/Shunt/adexl/results/data/Interactive.38.rdb
	Results Dir  = /home/saul/projects/FIL3601/Sim/LAB3/Shunt/adexl/results/data/Interactive.38/1/Af
	Results Loc  = /home/saul/projects/FIL3601/Sim/LAB3/Shunt/adexl/results/data
	Project Dir  = /home/saul/projects/FIL3601/Sim
	Setup DB loc = /home/saul/projects/FIL3601/LAB3/Shunt/adexl
	File Encoding = 0



*Info*    The auto suspension is disabled.






*Info*    Run start for Point ID (0 1) on testbench [ Af ].

Resetting statistical vars

*Info*    Setting parameter values ...

Setting var IS = "1"
Setting var IT = "0"
Setting var cdb1 = "160f"
Setting var cdb2 = "36.3f"
Setting var cds1 = "46.01f"
Setting var cds2 = "0"
Setting var cgb1 = "160.37f"
Setting var cgb2 = "36.3f"
Setting var cgd1 = "26.40f"
Setting var cgd2 = "25.6f"
Setting var cgs1 = "112.78f"
Setting var cgs2 = "28.61f"
Setting var gm = "0.227m"
Setting var gm1 = "1000"
Setting var gm2 = "0.2291m"
Setting var rds1 = "23893065.17"
Setting var rds2 = "200823"
Setting var temperature = "27"
Setting temp(T) = 27

*Info*    Netlist Directory =
          /home/saul/projects/FIL3601/Sim/LAB3/Shunt/adexl/results/data/Interactive.38/1/Af/netlist


*Info*    Data Directory    =
          /home/saul/projects/FIL3601/Sim/LAB3/Shunt/adexl/results/data/Interactive.38/1/Af


*Info*    Creating Netlist for Point ID (0 1)

generate netlist...
function ansCdlCompPrim redefined
function ansCdlCompPrim redefined
Initializing the control file using cp:
    cp /opt/tools/cadence/installs/IC618/tools.lnx86/dfII/etc/si/control.spectre /home/saul/projects/FIL3601/Sim/LAB3/Shunt/adexl/results/data/Interactive.38/1/Af/netlist/control
Copying Spectre source file 'spectre.inp'
Copying Spectre command file 'spectre.sim'
Begin Incremental Netlisting Nov 13 07:22:13 2025
End netlisting Nov 13 07:22:13 2025

Netlisting Statistics:
	Number of components:   15

	Elapsed time:          0.0s
Errors: 0	Warnings: 0
      ...successful.
compose simulator input file...
      ...successful.

*Info*    Running simulation on testbench [ Af ] for Point ID (0 1).

Delete psf data in /home/saul/projects/FIL3601/Sim/LAB3/Shunt/adexl/results/data/Interactive.38/1/Af/psf.
compose simulator input file...
      ...successful.
start simulator if needed...
      ...successful.
simulate...
To view the simulator output, right-click on the test name, result 
name, or any value in the "Results" tab of the Outputs section and 
choose "Output Log" menu option.
INFO (ADE-3071): Simulation completed successfully.
reading simulation data...
      ...successful.
*Info*    Client has finished evaluating ... 


*Info*    Run complete for Point ID (0 1) on testbench [ Af ].





Simulation design variables differ from those on the cellView,
they have been saved in the file "/tmp/saved-design-variables".
To save future changes, copy variables to cellView before exiting.
