\# Program start time:     UTC 2025.10.28 06:18:46.225
\# Local time: UTC (UTC+00:00) 2025.10.28 06:18:46.225
\o Program:		@(#)$CDS: virtuoso version 6.1.8-64b 09/03/2024 19:11 (sjfhw316) $
\o Hierarchy:		/opt/tools/cadence/installs/IC618/tools.lnx86/dfII/
\o Sub version:		sub-version  IC6.1.8-64b.500.36  (64-bit addresses)
\# Command line:	/opt/tools/cadence/installs/IC618/tools.lnx86/dfII/bin/64bit/virtuoso -noautostart -mpssession virtuosoE9SLig_3NkxKdVMhcDMuFJ_11347 -mpshost 58305@b35621b5a0f6 -davinciService DaVinciService_11548_1761632052 -log /home/saul/projects/FIL3601/logs_saul/logs1/Job3.log -licenseLockFileName /home/saul/projects/FIL3601/.tmp_saul/.b35621b5a0f6_11548 -interactiveA -interactiveE -interactiveRTT -nostdin -nographE -axlChildIdFlag 3
\# Host name (type):	b35621b5a0f6 (x86_64)
\# Operating system:	Linux 6.10.14-linuxkit #1 SMP PREEMPT_DYNAMIC Tue Apr 15 16:05:22 UTC 2025
\# Linux /etc/issue:	\S
\# Linux /etc/issue:	Kernel \r on an \m
\# X display name (WxH):	:5911 (1024x868)
\# Available geometry:			TL(0:0) BR(1023:867)
\# X server:			The X.Org Foundation
\# Depth of Visual (Root):	24 (24)
\# Number of Planes Used:	24
\# X version:		11.0 (vendor release 12011000)
\# X resource pool:	base 0x400000, mask 0x1fffff (2097151), shift 0
\# 			current id 0x0, current max 0x1ffffa (2097146)
\# Max data seg size:	     unlimited
\# Max process size:	     unlimited
\# Initial sbrk value:	        965 MB
\# Available memory:	     22,909 MB
\# System memory:	     28,093 MB
\# Maximum memory size:	     27,249 MB
\# Max mem available:	     23,029 MB
\# Initial memory used:	        120 MB
\#        process size:	      1,677 MB
\# Thread usage limits (effective/default):	maxthreads 4294967295/4294967295 maxload 16.00/16.00
\# Qt version:		5.9.1
\# Window Manager:	other
\# User Name:		saul
\o Working Directory:	b35621b5a0f6:/home/saul/projects/FIL3601
\# Process Id:		21824
\# Container Id:	E9SLig_3NkxKdVMhcDMuFJ
\o 
\o COPYRIGHT (C) 1992-2024  CADENCE DESIGN SYSTEMS INC.  ALL RIGHTS RESERVED.
\o           (C) 1992-2024  UNIX SYSTEMS Laboratories INC.,
\o                          Reproduced with permission.
\o 
\o This Cadence Design Systems program and online documentation are
\o proprietary/confidential information and may be disclosed/used only
\o as authorized in a license agreement controlling such use and disclosure.
\o 
\o           RESTRICTED RIGHTS NOTICE (SHORT FORM)
\o Use/reproduction/disclosure is subject to restriction
\o set forth at FAR 1252.227-19 or its equivalent.
\o Loading geView.cxt 
\o Loading menuBuilder.cxt 
\o Loading schView.cxt 
\o Loading selectSv.cxt 
\o Loading pvsui.cxt
\o Loading wireEdit.cxt 
\o Loading pte2.cxt 
\o Loading xlUI.cxt 
\o Loading auCore.cxt 
\o Loading vhdl.cxt 
\o Loading seismic.cxt 
\o Loading ci.cxt 
\o Loading ams.cxt 
\o Loading oasis.cxt 
\o Loading analog.cxt 
\o Loading asimenv.cxt 
\o Loading dal.cxt 
\o Loading awv.cxt 
\o Loading socket.cxt 
\o Loading par.cxt 
\o Loading alvs.cxt 
\o Loading caa.cxt 
\o Loading amps.cxt 
\o Loading adexlCore.cxt 
\# Memory report: using         233 MB, process size 1,878 MB at UTC 2025.10.28 06:18:49.303
\o Loading adexl.cxt 
\o *Info*    Exporting services from client ... 
\o 
\o Loading adexlDM.cxt 
\o Loading cpf.cxt 
\o Loading cli.cxt 
\o Loading lp.cxt 
\o INFO (ELI-00302) Connecting to parent process (session=virtuosoE9SLig_3NkxKdVMhcDMuFJ_11347, host=58305@b35621b5a0f6). Connection mode is ICRP. Total timeout is 180 seconds. Connection timeout is 90 seconds.
\o INFO (ELI-00303) Step 1: Connecting to parent. Time spent is 0 seconds.
\o INFO (ELI-00304) The registration of the child 21824 within 90 seconds is being processed...
\o INFO (ELI-00305) The result of registration is true. Time spent is 0 seconds.
\o INFO (ELI-00308) The connection has ended. Result is true. Total time spent is 0 seconds.
\# [06:18:46.512457] Configured Lic search path (22.01-s002): 3000@lic08.ug.kth.se
\o Loading .cdsinit for the XH018 X-Fab XKit.
\o     LOAD xh018_1143 SPECIFIC CALL-BACK ROUTINES
\o     LOAD ALL AVAILABLE P-CELL FUNCTIONS
\o ** Info: PDK loadpath is "/opt/pdk/xfab/XKIT/xh018/cadence/v10_0/PDK/IC61/v10_0_3"
\o Loading XfSktTools.cxt
\o Loading XfMenu.cxt
\o Loading XfTechXh018.cxt
\o Loading XfPcellCore.cxt
\o function ansiSpicePrintProperties_subcircuit redefined
\o Loading XfSkillExt.cxt
\o Initializing library.
\o Finished Initializing Library .
\o     Generic PcellKit: 'production' loaded.
\o     Generic Pcell Skill Tools: 'production' loaded.
\o Loading Circuit Prospector Setup (XfCircuitProspSetup.il)
\o     LOAD THE ENVIRONMENT FILE
\o  --> Setting the required PDK definitions...
\o     GDSII LAYER MAPPING FILE = "./.xkit/setup/xh018/cadence/PDK/TECH_XH018_1143/strmInOut.layertable"
\o     GDSII OBJECT MAPPING FILE = "./.xkit/setup/xh018/cadence/PDK/TECH_XH018_1143/strmOutObjects.map"
\o Use model setup from PDK...
\o Loading spectrei.cxt 
\o Loading devCheck.cxt 
\o Loading relXpert.cxt 
\o Loading vdsil.cxt 
\# Memory report: using         354 MB, process size 2,042 MB at UTC 2025.10.28 06:18:51.286
\o Loading hspiceD.cxt 
\o Loading spectreinl.cxt 
\o Loading UltraSim.cxt 
\o Loading msgHandler.cxt 
\o Loading AMSOSS.cxt 
\o Loading AMS.cxt 
\o  --> Finished setting the required PDK definitions
\o  --> Setting the recommended EDA tool defaults...
\o  --> Finished setting the recommended EDA tool defaults
\o     LOAD DEFAULT BINDKEYS
\o Loading viva.cxt 
\o *Info*    Client has finished starting ... 
\o 
\p > 
\w *WARNING* could not load font "-*-courier-medium-r-*-*-12-*", using font "fixed"
\# Loading perfDiag...
\# (PerfDiag): Set GDB path to environment variable 'gdbPath' (gdb).
\# Performance Diagnostic tool is installed. You can access PerfDiag from CIW Tools or use the shell command 'cdsPerfDiag -p 21824' to open it when Virtuoso freezes.
\# (PerfDiag): Use backtrace from GLIBC.
\w *WARNING* _perfPstackCheck: Cannot find pstack/gstack. Please setup PATH environment variable to pstack/gstack executable.
\o Loading vqp.cxt 
\o Loading hdlPkg.cxt 
\o 
\o 
\o *Info*    Configuring the session ...
\o 
\o Loading simui.cxt 
\o 	Library      = DAY2
\o 	Cell         = BIAS_NMOS
\o 	View         = schematic
\o 	Simulator    = spectre
\o 	State Path   = $AXL_SETUPDB_DIR/test_states
\o 	State Name   = VDS_SWEEP_VGS_SWEEP:1_state_Interactive.5
\o 	Results DB   = /home/saul/projects/FIL3601/DAY2/BIAS_NMOS/adexl/results/data/Interactive.5.rdb
\o 	Results Dir  = /home/saul/projects/FIL3601/Sim/DAY2/BIAS_NMOS/adexl/results/data/Interactive.5/14/VDS_SWEEP
\o 	Results Loc  = /home/saul/projects/FIL3601/Sim/DAY2/BIAS_NMOS/adexl/results/data
\o 	Project Dir  = /home/saul/projects/FIL3601/Sim
\o 	Setup DB loc = /home/saul/projects/FIL3601/DAY2/BIAS_NMOS/adexl
\o 	File Encoding = 0
\o 
\o 
\o WARNING (ADE-7017): The Spectre run mode needs to be 'batch' when EM/IR analysis is enabled. Automatically setting the run mode to 'batch'.
\o 
\o *Info*    The auto suspension is disabled.
\o 
\o     LOAD GENERIC "X-KIT" SKILL CONTEXT "./.xkit/setup/x_all/cadence/xenv/skill/context6/xkit.cxt" 
\o  - Menu "XKit Utilities" installed to CIW.
\o     LOAD ".cdsinit_personal" FILE FROM THE WORKING DIRECTORY.
\o     INFO: To customize this setup, please use the following environment variables:
\o           CUSTOM_SCRIPT_PATH - should point to the master shell or perl script
\o                              e.g.:
\o                              setenv CUSTOM_SCRIPT_PATH /path/to/my/script/LoadMyScripts.csh
\o           CUSTOM_SKILL_PATH - should point to your master skill load file
\o                              e.g.:
\o                              setenv CUSTOM_SKILL_PATH /path/to/my/skill/LoadMySkills.il
\o  loading default key binding 
\o  -> END LOAD ".cdsinit" FILE
\o Loading monte.cxt 
\o 
\o 
\o 
\o 
\o 
\o *Info*    Run start for Point ID (0 14) on testbench [ VDS_SWEEP ].
\o 
\o Resetting statistical vars
\o 
\o *Info*    Setting parameter values ...
\o 
\o Setting var L = "180n"
\o Setting var NF = "1"
\o Setting var VDS = "1"
\o Setting var VGS = "651m"
\o Setting var WF = "8u"
\o Setting var temperature = "27"
\o Setting temp(T) = 27
\o 
\o *Info*    Netlist Directory =
\o           /home/saul/projects/FIL3601/Sim/DAY2/BIAS_NMOS/adexl/results/data/Interactive.5/14/VDS_SWEEP/netlist
\o 
\o 
\o *Info*    Data Directory    =
\o           /home/saul/projects/FIL3601/Sim/DAY2/BIAS_NMOS/adexl/results/data/Interactive.5/14/VDS_SWEEP
\o 
\o 
\o *Info*    Creating Netlist for Point ID (0 14)
\o 
\o generate netlist...
\o Loading hnlInit.cxt 
\o Loading seCore.cxt 
\o function ansCdlCompPrim redefined
\o function ansCdlCompPrim redefined
\# [06:18:54.125449] Periodic Lic check successful
\# [06:18:54.125450] Feature usage summary:
\o Begin Incremental Netlisting Oct 28 06:18:54 2025
\o End netlisting Oct 28 06:18:54 2025
\o 
\o 	The netlist is up to date.
\o 	Time taken to compare the design with netlist:   0.0s
\o       ...successful.
\o compose simulator input file...
\o       ...successful.
\o 
\o *Info*    Running simulation on testbench [ VDS_SWEEP ] for Point ID
\o           (0 14).
\o 
\o Delete psf data in /home/saul/projects/FIL3601/Sim/DAY2/BIAS_NMOS/adexl/results/data/Interactive.5/14/VDS_SWEEP/psf.
\o compose simulator input file...
\o       ...successful.
\o start simulator if needed...
\o       ...successful.
\o simulate...
\o To view the simulator output, right-click on the test name, result 
\o name, or any value in the "Results" tab of the Outputs section and 
\o choose "Output Log" menu option.
\o Loading paraplot.cxt 
\# Available memory:         20,903 MB at UTC 2025.10.28 06:18:56.821
\# Memory report: Maximum memory size now 21,359 MB at UTC 2025.10.28 06:18:56.821
\# Thread usage report: 22 active threads, active load 1.40 at UTC 2025.10.28 06:18:56.821
\# Memory report: using         456 MB, process size 2,260 MB at UTC 2025.10.28 06:18:56.821
\o INFO (ADE-3071): Simulation completed successfully.
\o reading simulation data...
\o       ...successful.
\o *Info*    Client has finished evaluating ... 
\o 
\o 
\o *Info*    Run complete for Point ID (0 14) on testbench [ VDS_SWEEP ].
\o 
\o 
\o 
\o 
\o 
\o 
\o 
\o 
\o 
\o 
\o *Info*    Run start for Point ID (0 23) on testbench [ VDS_SWEEP ].
\o 
\o Resetting statistical vars
\o 
\o *Info*    Setting parameter values ...
\o 
\o Setting var VGS = "1.101"
\o 
\o *Info*    Netlist Directory =
\o           /home/saul/projects/FIL3601/Sim/DAY2/BIAS_NMOS/adexl/results/data/Interactive.5/23/VDS_SWEEP/netlist
\o 
\o 
\o *Info*    Data Directory    =
\o           /home/saul/projects/FIL3601/Sim/DAY2/BIAS_NMOS/adexl/results/data/Interactive.5/23/VDS_SWEEP
\o 
\o 
\o *Info*    Creating Netlist for Point ID (0 23)
\o 
\o generate netlist...
\o function ansCdlCompPrim redefined
\o function ansCdlCompPrim redefined
\o Begin Incremental Netlisting Oct 28 06:18:59 2025
\o End netlisting Oct 28 06:18:59 2025
\o 
\o 	The netlist is up to date.
\o 	Time taken to compare the design with netlist:   0.0s
\o       ...successful.
\o compose simulator input file...
\o       ...successful.
\o 
\o *Info*    Running simulation on testbench [ VDS_SWEEP ] for Point ID
\o           (0 23).
\o 
\o Delete psf data in /home/saul/projects/FIL3601/Sim/DAY2/BIAS_NMOS/adexl/results/data/Interactive.5/23/VDS_SWEEP/psf.
\o compose simulator input file...
\o       ...successful.
\o start simulator if needed...
\o       ...successful.
\o simulate...
\o To view the simulator output, right-click on the test name, result 
\o name, or any value in the "Results" tab of the Outputs section and 
\o choose "Output Log" menu option.
\o INFO (ADE-3071): Simulation completed successfully.
\o reading simulation data...
\o       ...successful.
\o *Info*    Client has finished evaluating ... 
\o 
\o 
\o *Info*    Run complete for Point ID (0 23) on testbench [ VDS_SWEEP ].
\o 
\o 
\o 
\o 
\o 
\o 
\o 
\o 
\o 
\o 
\o *Info*    Run start for Point ID (0 30) on testbench [ VDS_SWEEP ].
\o 
\o Resetting statistical vars
\o 
\o *Info*    Setting parameter values ...
\o 
\o Setting var VGS = "1.451"
\o 
\o *Info*    Netlist Directory =
\o           /home/saul/projects/FIL3601/Sim/DAY2/BIAS_NMOS/adexl/results/data/Interactive.5/30/VDS_SWEEP/netlist
\o 
\o 
\o *Info*    Data Directory    =
\o           /home/saul/projects/FIL3601/Sim/DAY2/BIAS_NMOS/adexl/results/data/Interactive.5/30/VDS_SWEEP
\o 
\o 
\o *Info*    Creating Netlist for Point ID (0 30)
\o 
\o generate netlist...
\o function ansCdlCompPrim redefined
\o function ansCdlCompPrim redefined
\o Begin Incremental Netlisting Oct 28 06:19:03 2025
\o End netlisting Oct 28 06:19:03 2025
\o 
\o 	The netlist is up to date.
\o 	Time taken to compare the design with netlist:   0.0s
\o       ...successful.
\o compose simulator input file...
\o       ...successful.
\o 
\o *Info*    Running simulation on testbench [ VDS_SWEEP ] for Point ID
\o           (0 30).
\o 
\o Delete psf data in /home/saul/projects/FIL3601/Sim/DAY2/BIAS_NMOS/adexl/results/data/Interactive.5/30/VDS_SWEEP/psf.
\o compose simulator input file...
\o       ...successful.
\o start simulator if needed...
\o       ...successful.
\o simulate...
\o To view the simulator output, right-click on the test name, result 
\o name, or any value in the "Results" tab of the Outputs section and 
\o choose "Output Log" menu option.
\# Memory report: Maximum memory size now 20,780 MB at UTC 2025.10.28 06:19:06.690
\o INFO (ADE-3071): Simulation completed successfully.
\o reading simulation data...
\o       ...successful.
\o *Info*    Client has finished evaluating ... 
\o 
\o 
\o *Info*    Run complete for Point ID (0 30) on testbench [ VDS_SWEEP ].
\o 
\o 
\o 
\o 
\o 
\# Memory report: Maximum memory size now 21,207 MB at UTC 2025.10.28 06:19:56.820
\o Simulation design variables differ from those on the cellView,
\o they have been saved in the file "/tmp/saved-design-variables".
\o To save future changes, copy variables to cellView before exiting.
\o 
\o 
\o *Info*    Configuring the session ...
\o 
\o 	Library      = DAY2
\o 	Cell         = BIAS_NMOS
\o 	View         = schematic
\o 	Simulator    = spectre
\o 	State Path   = $AXL_SETUPDB_DIR/test_states
\o 	State Name   = VGS_SWEEP_none_Interactive.6
\o 	Results DB   = /home/saul/projects/FIL3601/DAY2/BIAS_NMOS/adexl/results/data/Interactive.6.rdb
\o 	Results Dir  = /home/saul/projects/FIL3601/Sim/DAY2/BIAS_NMOS/adexl/results/data/Interactive.6/1/VGS_SWEEP
\o 	Results Loc  = /home/saul/projects/FIL3601/Sim/DAY2/BIAS_NMOS/adexl/results/data
\o 	Project Dir  = /home/saul/projects/FIL3601/Sim
\o 	Setup DB loc = /home/saul/projects/FIL3601/DAY2/BIAS_NMOS/adexl
\o 	File Encoding = 0
\o 
\o 
\o 
\o *Info*    The auto suspension is disabled.
\o 
\o 
\o 
\o 
\o 
\o 
\o *Info*    Run start for Point ID (1 5) on testbench [ VGS_SWEEP ].
\o 
\o Resetting statistical vars
\o 
\o *Info*    Setting parameter values ...
\o 
\o Setting var L = "180n"
\o Setting var NF = "1"
\o Setting var VDS = "40m"
\o Setting var VGS = "1"
\o Setting var WF = "8u"
\o Setting var temperature = "27"
\o Setting temp(T) = 27
\o 
\o *Info*    Netlist Directory =
\o           /home/saul/projects/FIL3601/Sim/DAY2/BIAS_NMOS/adexl/results/data/Interactive.6/5/VGS_SWEEP/netlist
\o 
\o 
\o *Info*    Data Directory    =
\o           /home/saul/projects/FIL3601/Sim/DAY2/BIAS_NMOS/adexl/results/data/Interactive.6/5/VGS_SWEEP
\o 
\o 
\o *Info*    Creating Netlist for Point ID (1 5)
\o 
\o generate netlist...
\o function ansCdlCompPrim redefined
\o function ansCdlCompPrim redefined
\o Initializing the control file using cp:
\o     cp /opt/tools/cadence/installs/IC618/tools.lnx86/dfII/etc/si/control.spectre /home/saul/projects/FIL3601/Sim/DAY2/BIAS_NMOS/adexl/results/data/Interactive.6/5/VGS_SWEEP/netlist/control
\o Copying Spectre source file 'spectre.inp'
\o Copying Spectre command file 'spectre.sim'
\o Begin Incremental Netlisting Oct 28 06:21:08 2025
\o Loading json.cxt 
\o End netlisting Oct 28 06:21:09 2025
\o 
\o Netlisting Statistics:
\o 	Number of components:    3
\o 
\o 	Elapsed time:          1.0s (3.00/s)
\o Errors: 0	Warnings: 0
\o       ...successful.
\o compose simulator input file...
\o       ...successful.
\o 
\o *Info*    Running simulation on testbench [ VGS_SWEEP ] for Point ID
\o           (1 5).
\o 
\o Delete psf data in /home/saul/projects/FIL3601/Sim/DAY2/BIAS_NMOS/adexl/results/data/Interactive.6/5/VGS_SWEEP/psf.
\o compose simulator input file...
\o       ...successful.
\o start simulator if needed...
\o       ...successful.
\o simulate...
\o To view the simulator output, right-click on the test name, result 
\o name, or any value in the "Results" tab of the Outputs section and 
\o choose "Output Log" menu option.
\o INFO (ADE-3071): Simulation completed successfully.
\o reading simulation data...
\o       ...successful.
\o *Info*    Client has finished evaluating ... 
\o 
\o 
\o *Info*    Run complete for Point ID (1 5) on testbench [ VGS_SWEEP ].
\o 
\o 
\o 
\o 
\o 
\o 
\o 
\o 
\o 
\o 
\o *Info*    Run start for Point ID (1 14) on testbench [ VGS_SWEEP ].
\o 
\o Resetting statistical vars
\o 
\o *Info*    Setting parameter values ...
\o 
\o Setting var VDS = "130m"
\o 
\o *Info*    Netlist Directory =
\o           /home/saul/projects/FIL3601/Sim/DAY2/BIAS_NMOS/adexl/results/data/Interactive.6/14/VGS_SWEEP/netlist
\o 
\o 
\o *Info*    Data Directory    =
\o           /home/saul/projects/FIL3601/Sim/DAY2/BIAS_NMOS/adexl/results/data/Interactive.6/14/VGS_SWEEP
\o 
\o 
\o *Info*    Creating Netlist for Point ID (1 14)
\o 
\o generate netlist...
\o function ansCdlCompPrim redefined
\o function ansCdlCompPrim redefined
\o Begin Incremental Netlisting Oct 28 06:21:13 2025
\o End netlisting Oct 28 06:21:13 2025
\o 
\o 	The netlist is up to date.
\o 	Time taken to compare the design with netlist:   0.0s
\o       ...successful.
\o compose simulator input file...
\o       ...successful.
\o 
\o *Info*    Running simulation on testbench [ VGS_SWEEP ] for Point ID
\o           (1 14).
\o 
\o Delete psf data in /home/saul/projects/FIL3601/Sim/DAY2/BIAS_NMOS/adexl/results/data/Interactive.6/14/VGS_SWEEP/psf.
\o compose simulator input file...
\o       ...successful.
\o start simulator if needed...
\o       ...successful.
\o simulate...
\o To view the simulator output, right-click on the test name, result 
\o name, or any value in the "Results" tab of the Outputs section and 
\o choose "Output Log" menu option.
\o INFO (ADE-3071): Simulation completed successfully.
\o reading simulation data...
\o       ...successful.
\o *Info*    Client has finished evaluating ... 
\o 
\o 
\o *Info*    Run complete for Point ID (1 14) on testbench [ VGS_SWEEP ].
\o 
\o 
\o 
\o 
\o 
\o 
\o 
\o 
\o 
\o 
\o *Info*    Run start for Point ID (1 18) on testbench [ VGS_SWEEP ].
\o 
\o Resetting statistical vars
\o 
\o *Info*    Setting parameter values ...
\o 
\o Setting var VDS = "170m"
\o 
\o *Info*    Netlist Directory =
\o           /home/saul/projects/FIL3601/Sim/DAY2/BIAS_NMOS/adexl/results/data/Interactive.6/18/VGS_SWEEP/netlist
\o 
\o 
\o *Info*    Data Directory    =
\o           /home/saul/projects/FIL3601/Sim/DAY2/BIAS_NMOS/adexl/results/data/Interactive.6/18/VGS_SWEEP
\o 
\o 
\o *Info*    Creating Netlist for Point ID (1 18)
\o 
\o generate netlist...
\o function ansCdlCompPrim redefined
\o function ansCdlCompPrim redefined
\o Begin Incremental Netlisting Oct 28 06:21:18 2025
\o End netlisting Oct 28 06:21:18 2025
\o 
\o 	The netlist is up to date.
\o 	Time taken to compare the design with netlist:   0.0s
\o       ...successful.
\o compose simulator input file...
\o       ...successful.
\o 
\o *Info*    Running simulation on testbench [ VGS_SWEEP ] for Point ID
\o           (1 18).
\o 
\o Delete psf data in /home/saul/projects/FIL3601/Sim/DAY2/BIAS_NMOS/adexl/results/data/Interactive.6/18/VGS_SWEEP/psf.
\o compose simulator input file...
\o       ...successful.
\o start simulator if needed...
\o       ...successful.
\o simulate...
\o To view the simulator output, right-click on the test name, result 
\o name, or any value in the "Results" tab of the Outputs section and 
\o choose "Output Log" menu option.
\o INFO (ADE-3071): Simulation completed successfully.
\o reading simulation data...
\o       ...successful.
\o *Info*    Client has finished evaluating ... 
\o 
\o 
\o *Info*    Run complete for Point ID (1 18) on testbench [ VGS_SWEEP ].
\o 
\o 
\o 
\o 
\o 
\o 
\o 
\o 
\o 
\o 
\o *Info*    Run start for Point ID (1 27) on testbench [ VGS_SWEEP ].
\o 
\o Resetting statistical vars
\o 
\o *Info*    Setting parameter values ...
\o 
\o Setting var VDS = "260m"
\o 
\o *Info*    Netlist Directory =
\o           /home/saul/projects/FIL3601/Sim/DAY2/BIAS_NMOS/adexl/results/data/Interactive.6/27/VGS_SWEEP/netlist
\o 
\o 
\o *Info*    Data Directory    =
\o           /home/saul/projects/FIL3601/Sim/DAY2/BIAS_NMOS/adexl/results/data/Interactive.6/27/VGS_SWEEP
\o 
\o 
\o *Info*    Creating Netlist for Point ID (1 27)
\o 
\o generate netlist...
\o function ansCdlCompPrim redefined
\o function ansCdlCompPrim redefined
\o Begin Incremental Netlisting Oct 28 06:21:22 2025
\o End netlisting Oct 28 06:21:22 2025
\o 
\o 	The netlist is up to date.
\o 	Time taken to compare the design with netlist:   0.0s
\o       ...successful.
\o compose simulator input file...
\o       ...successful.
\o 
\o *Info*    Running simulation on testbench [ VGS_SWEEP ] for Point ID
\o           (1 27).
\o 
\o Delete psf data in /home/saul/projects/FIL3601/Sim/DAY2/BIAS_NMOS/adexl/results/data/Interactive.6/27/VGS_SWEEP/psf.
\o compose simulator input file...
\o       ...successful.
\o start simulator if needed...
\o       ...successful.
\o simulate...
\o To view the simulator output, right-click on the test name, result 
\o name, or any value in the "Results" tab of the Outputs section and 
\o choose "Output Log" menu option.
\o INFO (ADE-3071): Simulation completed successfully.
\o reading simulation data...
\o       ...successful.
\o *Info*    Client has finished evaluating ... 
\o 
\o 
\o *Info*    Run complete for Point ID (1 27) on testbench [ VGS_SWEEP ].
\o 
\o 
\o 
\o 
\o 
\o 
\o 
\o 
\o 
\o 
\o *Info*    Run start for Point ID (1 33) on testbench [ VGS_SWEEP ].
\o 
\o Resetting statistical vars
\o 
\o *Info*    Setting parameter values ...
\o 
\o Setting var VDS = "320m"
\o 
\o *Info*    Netlist Directory =
\o           /home/saul/projects/FIL3601/Sim/DAY2/BIAS_NMOS/adexl/results/data/Interactive.6/33/VGS_SWEEP/netlist
\o 
\o 
\o *Info*    Data Directory    =
\o           /home/saul/projects/FIL3601/Sim/DAY2/BIAS_NMOS/adexl/results/data/Interactive.6/33/VGS_SWEEP
\o 
\o 
\o *Info*    Creating Netlist for Point ID (1 33)
\o 
\o generate netlist...
\o function ansCdlCompPrim redefined
\o function ansCdlCompPrim redefined
\o Begin Incremental Netlisting Oct 28 06:21:27 2025
\o End netlisting Oct 28 06:21:27 2025
\o 
\o 	The netlist is up to date.
\o 	Time taken to compare the design with netlist:   0.0s
\o       ...successful.
\o compose simulator input file...
\o       ...successful.
\o 
\o *Info*    Running simulation on testbench [ VGS_SWEEP ] for Point ID
\o           (1 33).
\o 
\o Delete psf data in /home/saul/projects/FIL3601/Sim/DAY2/BIAS_NMOS/adexl/results/data/Interactive.6/33/VGS_SWEEP/psf.
\o compose simulator input file...
\o       ...successful.
\o start simulator if needed...
\o       ...successful.
\o simulate...
\o To view the simulator output, right-click on the test name, result 
\o name, or any value in the "Results" tab of the Outputs section and 
\o choose "Output Log" menu option.
\o INFO (ADE-3071): Simulation completed successfully.
\o reading simulation data...
\o       ...successful.
\o *Info*    Client has finished evaluating ... 
\o 
\o 
\o *Info*    Run complete for Point ID (1 33) on testbench [ VGS_SWEEP ].
\o 
\o 
\o 
\o 
\o 
\o 
\o 
\o 
\o 
\o 
\o *Info*    Run start for Point ID (1 43) on testbench [ VGS_SWEEP ].
\o 
\o Resetting statistical vars
\o 
\o *Info*    Setting parameter values ...
\o 
\o Setting var VDS = "420m"
\o 
\o *Info*    Netlist Directory =
\o           /home/saul/projects/FIL3601/Sim/DAY2/BIAS_NMOS/adexl/results/data/Interactive.6/43/VGS_SWEEP/netlist
\o 
\o 
\o *Info*    Data Directory    =
\o           /home/saul/projects/FIL3601/Sim/DAY2/BIAS_NMOS/adexl/results/data/Interactive.6/43/VGS_SWEEP
\o 
\o 
\o *Info*    Creating Netlist for Point ID (1 43)
\o 
\o generate netlist...
\o function ansCdlCompPrim redefined
\o function ansCdlCompPrim redefined
\o Begin Incremental Netlisting Oct 28 06:21:31 2025
\o End netlisting Oct 28 06:21:31 2025
\o 
\o 	The netlist is up to date.
\o 	Time taken to compare the design with netlist:   0.0s
\o       ...successful.
\o compose simulator input file...
\o       ...successful.
\o 
\o *Info*    Running simulation on testbench [ VGS_SWEEP ] for Point ID
\o           (1 43).
\o 
\o Delete psf data in /home/saul/projects/FIL3601/Sim/DAY2/BIAS_NMOS/adexl/results/data/Interactive.6/43/VGS_SWEEP/psf.
\o compose simulator input file...
\o       ...successful.
\o start simulator if needed...
\o       ...successful.
\o simulate...
\o To view the simulator output, right-click on the test name, result 
\o name, or any value in the "Results" tab of the Outputs section and 
\o choose "Output Log" menu option.
\o INFO (ADE-3071): Simulation completed successfully.
\o reading simulation data...
\o       ...successful.
\o *Info*    Client has finished evaluating ... 
\o 
\o 
\o *Info*    Run complete for Point ID (1 43) on testbench [ VGS_SWEEP ].
\o 
\o 
\o 
\o 
\o 
\o 
\o 
\o 
\o 
\o 
\o *Info*    Run start for Point ID (1 49) on testbench [ VGS_SWEEP ].
\o 
\o Resetting statistical vars
\o 
\o *Info*    Setting parameter values ...
\o 
\o Setting var VDS = "480m"
\o 
\o *Info*    Netlist Directory =
\o           /home/saul/projects/FIL3601/Sim/DAY2/BIAS_NMOS/adexl/results/data/Interactive.6/49/VGS_SWEEP/netlist
\o 
\o 
\o *Info*    Data Directory    =
\o           /home/saul/projects/FIL3601/Sim/DAY2/BIAS_NMOS/adexl/results/data/Interactive.6/49/VGS_SWEEP
\o 
\o 
\o *Info*    Creating Netlist for Point ID (1 49)
\o 
\o generate netlist...
\o function ansCdlCompPrim redefined
\o function ansCdlCompPrim redefined
\o Begin Incremental Netlisting Oct 28 06:21:35 2025
\o End netlisting Oct 28 06:21:35 2025
\o 
\o 	The netlist is up to date.
\o 	Time taken to compare the design with netlist:   0.0s
\o       ...successful.
\o compose simulator input file...
\o       ...successful.
\o 
\o *Info*    Running simulation on testbench [ VGS_SWEEP ] for Point ID
\o           (1 49).
\o 
\o Delete psf data in /home/saul/projects/FIL3601/Sim/DAY2/BIAS_NMOS/adexl/results/data/Interactive.6/49/VGS_SWEEP/psf.
\o compose simulator input file...
\o       ...successful.
\o start simulator if needed...
\o       ...successful.
\o simulate...
\o To view the simulator output, right-click on the test name, result 
\o name, or any value in the "Results" tab of the Outputs section and 
\o choose "Output Log" menu option.
\# Memory report: Maximum memory size now 20,739 MB at UTC 2025.10.28 06:21:36.434
\o INFO (ADE-3071): Simulation completed successfully.
\o reading simulation data...
\o       ...successful.
\o *Info*    Client has finished evaluating ... 
\o 
\o 
\o *Info*    Run complete for Point ID (1 49) on testbench [ VGS_SWEEP ].
\o 
\o 
\o 
\o 
\o 
\o 
\o 
\o 
\o 
\o 
\o *Info*    Run start for Point ID (1 60) on testbench [ VGS_SWEEP ].
\o 
\o Resetting statistical vars
\o 
\o *Info*    Setting parameter values ...
\o 
\o Setting var VDS = "590m"
\o 
\o *Info*    Netlist Directory =
\o           /home/saul/projects/FIL3601/Sim/DAY2/BIAS_NMOS/adexl/results/data/Interactive.6/60/VGS_SWEEP/netlist
\o 
\o 
\o *Info*    Data Directory    =
\o           /home/saul/projects/FIL3601/Sim/DAY2/BIAS_NMOS/adexl/results/data/Interactive.6/60/VGS_SWEEP
\o 
\o 
\o *Info*    Creating Netlist for Point ID (1 60)
\o 
\o generate netlist...
\o function ansCdlCompPrim redefined
\o function ansCdlCompPrim redefined
\o Begin Incremental Netlisting Oct 28 06:21:40 2025
\o End netlisting Oct 28 06:21:40 2025
\o 
\o 	The netlist is up to date.
\o 	Time taken to compare the design with netlist:   0.0s
\o       ...successful.
\o compose simulator input file...
\o       ...successful.
\o 
\o *Info*    Running simulation on testbench [ VGS_SWEEP ] for Point ID
\o           (1 60).
\o 
\o Delete psf data in /home/saul/projects/FIL3601/Sim/DAY2/BIAS_NMOS/adexl/results/data/Interactive.6/60/VGS_SWEEP/psf.
\o compose simulator input file...
\o       ...successful.
\o start simulator if needed...
\o       ...successful.
\o simulate...
\o To view the simulator output, right-click on the test name, result 
\o name, or any value in the "Results" tab of the Outputs section and 
\o choose "Output Log" menu option.
\o INFO (ADE-3071): Simulation completed successfully.
\o reading simulation data...
\o       ...successful.
\o *Info*    Client has finished evaluating ... 
\o 
\o 
\o *Info*    Run complete for Point ID (1 60) on testbench [ VGS_SWEEP ].
\o 
\o 
\o 
\o 
\o 
\o 
\o 
\o 
\o 
\o 
\o *Info*    Run start for Point ID (1 65) on testbench [ VGS_SWEEP ].
\o 
\o Resetting statistical vars
\o 
\o *Info*    Setting parameter values ...
\o 
\o Setting var VDS = "640m"
\o 
\o *Info*    Netlist Directory =
\o           /home/saul/projects/FIL3601/Sim/DAY2/BIAS_NMOS/adexl/results/data/Interactive.6/65/VGS_SWEEP/netlist
\o 
\o 
\o *Info*    Data Directory    =
\o           /home/saul/projects/FIL3601/Sim/DAY2/BIAS_NMOS/adexl/results/data/Interactive.6/65/VGS_SWEEP
\o 
\o 
\o *Info*    Creating Netlist for Point ID (1 65)
\o 
\o generate netlist...
\o function ansCdlCompPrim redefined
\o function ansCdlCompPrim redefined
\o Begin Incremental Netlisting Oct 28 06:21:45 2025
\o End netlisting Oct 28 06:21:45 2025
\o 
\o 	The netlist is up to date.
\o 	Time taken to compare the design with netlist:   0.0s
\o       ...successful.
\o compose simulator input file...
\o       ...successful.
\o 
\o *Info*    Running simulation on testbench [ VGS_SWEEP ] for Point ID
\o           (1 65).
\o 
\o Delete psf data in /home/saul/projects/FIL3601/Sim/DAY2/BIAS_NMOS/adexl/results/data/Interactive.6/65/VGS_SWEEP/psf.
\o compose simulator input file...
\o       ...successful.
\o start simulator if needed...
\o       ...successful.
\o simulate...
\o To view the simulator output, right-click on the test name, result 
\o name, or any value in the "Results" tab of the Outputs section and 
\o choose "Output Log" menu option.
\o INFO (ADE-3071): Simulation completed successfully.
\o reading simulation data...
\o       ...successful.
\o *Info*    Client has finished evaluating ... 
\o 
\o 
\o *Info*    Run complete for Point ID (1 65) on testbench [ VGS_SWEEP ].
\o 
\o 
\o 
\o 
\o 
\o 
\o 
\o 
\o 
\o 
\o *Info*    Run start for Point ID (1 76) on testbench [ VGS_SWEEP ].
\o 
\o Resetting statistical vars
\o 
\o *Info*    Setting parameter values ...
\o 
\o Setting var VDS = "750m"
\o 
\o *Info*    Netlist Directory =
\o           /home/saul/projects/FIL3601/Sim/DAY2/BIAS_NMOS/adexl/results/data/Interactive.6/76/VGS_SWEEP/netlist
\o 
\o 
\o *Info*    Data Directory    =
\o           /home/saul/projects/FIL3601/Sim/DAY2/BIAS_NMOS/adexl/results/data/Interactive.6/76/VGS_SWEEP
\o 
\o 
\o *Info*    Creating Netlist for Point ID (1 76)
\o 
\o generate netlist...
\o function ansCdlCompPrim redefined
\o function ansCdlCompPrim redefined
\o Begin Incremental Netlisting Oct 28 06:21:49 2025
\o End netlisting Oct 28 06:21:49 2025
\o 
\o 	The netlist is up to date.
\o 	Time taken to compare the design with netlist:   0.0s
\o       ...successful.
\o compose simulator input file...
\o       ...successful.
\o 
\o *Info*    Running simulation on testbench [ VGS_SWEEP ] for Point ID
\o           (1 76).
\o 
\o Delete psf data in /home/saul/projects/FIL3601/Sim/DAY2/BIAS_NMOS/adexl/results/data/Interactive.6/76/VGS_SWEEP/psf.
\o compose simulator input file...
\o       ...successful.
\o start simulator if needed...
\o       ...successful.
\o simulate...
\o To view the simulator output, right-click on the test name, result 
\o name, or any value in the "Results" tab of the Outputs section and 
\o choose "Output Log" menu option.
\o INFO (ADE-3071): Simulation completed successfully.
\o reading simulation data...
\o       ...successful.
\o *Info*    Client has finished evaluating ... 
\o 
\o 
\o *Info*    Run complete for Point ID (1 76) on testbench [ VGS_SWEEP ].
\o 
\o 
\o 
\o 
\o 
\o 
\o 
\o 
\o 
\o 
\o *Info*    Run start for Point ID (1 84) on testbench [ VGS_SWEEP ].
\o 
\o Resetting statistical vars
\o 
\o *Info*    Setting parameter values ...
\o 
\o Setting var VDS = "830m"
\o 
\o *Info*    Netlist Directory =
\o           /home/saul/projects/FIL3601/Sim/DAY2/BIAS_NMOS/adexl/results/data/Interactive.6/84/VGS_SWEEP/netlist
\o 
\o 
\o *Info*    Data Directory    =
\o           /home/saul/projects/FIL3601/Sim/DAY2/BIAS_NMOS/adexl/results/data/Interactive.6/84/VGS_SWEEP
\o 
\o 
\o *Info*    Creating Netlist for Point ID (1 84)
\o 
\o generate netlist...
\o function ansCdlCompPrim redefined
\o function ansCdlCompPrim redefined
\o Begin Incremental Netlisting Oct 28 06:21:54 2025
\o End netlisting Oct 28 06:21:54 2025
\o 
\o 	The netlist is up to date.
\o 	Time taken to compare the design with netlist:   0.0s
\o       ...successful.
\o compose simulator input file...
\o       ...successful.
\o 
\o *Info*    Running simulation on testbench [ VGS_SWEEP ] for Point ID
\o           (1 84).
\o 
\o Delete psf data in /home/saul/projects/FIL3601/Sim/DAY2/BIAS_NMOS/adexl/results/data/Interactive.6/84/VGS_SWEEP/psf.
\o compose simulator input file...
\o       ...successful.
\o start simulator if needed...
\o       ...successful.
\o simulate...
\o To view the simulator output, right-click on the test name, result 
\o name, or any value in the "Results" tab of the Outputs section and 
\o choose "Output Log" menu option.
\# Memory report: Maximum memory size now 19,845 MB at UTC 2025.10.28 06:21:56.819
\o INFO (ADE-3071): Simulation completed successfully.
\o reading simulation data...
\o       ...successful.
\o *Info*    Client has finished evaluating ... 
\o 
\o 
\o *Info*    Run complete for Point ID (1 84) on testbench [ VGS_SWEEP ].
\o 
\o 
\o 
\o 
\o 
\o 
\o 
\o 
\o 
\o 
\o *Info*    Run start for Point ID (1 92) on testbench [ VGS_SWEEP ].
\o 
\o Resetting statistical vars
\o 
\o *Info*    Setting parameter values ...
\o 
\o Setting var VDS = "910m"
\o 
\o *Info*    Netlist Directory =
\o           /home/saul/projects/FIL3601/Sim/DAY2/BIAS_NMOS/adexl/results/data/Interactive.6/92/VGS_SWEEP/netlist
\o 
\o 
\o *Info*    Data Directory    =
\o           /home/saul/projects/FIL3601/Sim/DAY2/BIAS_NMOS/adexl/results/data/Interactive.6/92/VGS_SWEEP
\o 
\o 
\o *Info*    Creating Netlist for Point ID (1 92)
\o 
\o generate netlist...
\o function ansCdlCompPrim redefined
\o function ansCdlCompPrim redefined
\o Begin Incremental Netlisting Oct 28 06:22:00 2025
\o End netlisting Oct 28 06:22:00 2025
\o 
\o 	The netlist is up to date.
\o 	Time taken to compare the design with netlist:   0.0s
\o       ...successful.
\o compose simulator input file...
\o       ...successful.
\o 
\o *Info*    Running simulation on testbench [ VGS_SWEEP ] for Point ID
\o           (1 92).
\o 
\o Delete psf data in /home/saul/projects/FIL3601/Sim/DAY2/BIAS_NMOS/adexl/results/data/Interactive.6/92/VGS_SWEEP/psf.
\o compose simulator input file...
\o       ...successful.
\o start simulator if needed...
\o       ...successful.
\o simulate...
\o To view the simulator output, right-click on the test name, result 
\o name, or any value in the "Results" tab of the Outputs section and 
\o choose "Output Log" menu option.
\o INFO (ADE-3071): Simulation completed successfully.
\o reading simulation data...
\o       ...successful.
\o *Info*    Client has finished evaluating ... 
\o 
\o 
\o *Info*    Run complete for Point ID (1 92) on testbench [ VGS_SWEEP ].
\o 
\o 
\o 
\o 
\o 
\o 
\o 
\o 
\o 
\o 
\o *Info*    Run start for Point ID (1 99) on testbench [ VGS_SWEEP ].
\o 
\o Resetting statistical vars
\o 
\o *Info*    Setting parameter values ...
\o 
\o Setting var VDS = "980m"
\o 
\o *Info*    Netlist Directory =
\o           /home/saul/projects/FIL3601/Sim/DAY2/BIAS_NMOS/adexl/results/data/Interactive.6/99/VGS_SWEEP/netlist
\o 
\o 
\o *Info*    Data Directory    =
\o           /home/saul/projects/FIL3601/Sim/DAY2/BIAS_NMOS/adexl/results/data/Interactive.6/99/VGS_SWEEP
\o 
\o 
\o *Info*    Creating Netlist for Point ID (1 99)
\o 
\o generate netlist...
\o function ansCdlCompPrim redefined
\o function ansCdlCompPrim redefined
\o Begin Incremental Netlisting Oct 28 06:22:04 2025
\o End netlisting Oct 28 06:22:04 2025
\o 
\o 	The netlist is up to date.
\o 	Time taken to compare the design with netlist:   0.0s
\o       ...successful.
\o compose simulator input file...
\o       ...successful.
\o 
\o *Info*    Running simulation on testbench [ VGS_SWEEP ] for Point ID
\o           (1 99).
\o 
\o Delete psf data in /home/saul/projects/FIL3601/Sim/DAY2/BIAS_NMOS/adexl/results/data/Interactive.6/99/VGS_SWEEP/psf.
\o compose simulator input file...
\o       ...successful.
\o start simulator if needed...
\o       ...successful.
\o simulate...
\o To view the simulator output, right-click on the test name, result 
\o name, or any value in the "Results" tab of the Outputs section and 
\o choose "Output Log" menu option.
\# Memory report: Maximum memory size now 20,263 MB at UTC 2025.10.28 06:22:06.819
\o INFO (ADE-3071): Simulation completed successfully.
\o reading simulation data...
\o       ...successful.
\o *Info*    Client has finished evaluating ... 
\o 
\o 
\o *Info*    Run complete for Point ID (1 99) on testbench [ VGS_SWEEP ].
\o 
\o 
\o 
\o 
\o 
\o 
\o 
\o 
\o 
\o 
\o *Info*    Run start for Point ID (1 108) on testbench [ VGS_SWEEP ].
\o 
\o Resetting statistical vars
\o 
\o *Info*    Setting parameter values ...
\o 
\o Setting var VDS = "1.07"
\o 
\o *Info*    Netlist Directory =
\o           /home/saul/projects/FIL3601/Sim/DAY2/BIAS_NMOS/adexl/results/data/Interactive.6/108/VGS_SWEEP/netlist
\o 
\o 
\o *Info*    Data Directory    =
\o           /home/saul/projects/FIL3601/Sim/DAY2/BIAS_NMOS/adexl/results/data/Interactive.6/108/VGS_SWEEP
\o 
\o 
\o *Info*    Creating Netlist for Point ID (1 108)
\o 
\o generate netlist...
\o function ansCdlCompPrim redefined
\o function ansCdlCompPrim redefined
\o Begin Incremental Netlisting Oct 28 06:22:09 2025
\o End netlisting Oct 28 06:22:09 2025
\o 
\o 	The netlist is up to date.
\o 	Time taken to compare the design with netlist:   0.0s
\o       ...successful.
\o compose simulator input file...
\o       ...successful.
\o 
\o *Info*    Running simulation on testbench [ VGS_SWEEP ] for Point ID
\o           (1 108).
\o 
\o Delete psf data in /home/saul/projects/FIL3601/Sim/DAY2/BIAS_NMOS/adexl/results/data/Interactive.6/108/VGS_SWEEP/psf.
\o compose simulator input file...
\o       ...successful.
\o start simulator if needed...
\o       ...successful.
\o simulate...
\o To view the simulator output, right-click on the test name, result 
\o name, or any value in the "Results" tab of the Outputs section and 
\o choose "Output Log" menu option.
\o INFO (ADE-3071): Simulation completed successfully.
\o reading simulation data...
\o       ...successful.
\o *Info*    Client has finished evaluating ... 
\o 
\o 
\o *Info*    Run complete for Point ID (1 108) on testbench [ VGS_SWEEP
\o           ].
\o 
\o 
\o 
\o 
\o 
\o 
\o 
\o 
\o 
\o 
\o *Info*    Run start for Point ID (1 115) on testbench [ VGS_SWEEP ].
\o 
\o Resetting statistical vars
\o 
\o *Info*    Setting parameter values ...
\o 
\o Setting var VDS = "1.14"
\o 
\o *Info*    Netlist Directory =
\o           /home/saul/projects/FIL3601/Sim/DAY2/BIAS_NMOS/adexl/results/data/Interactive.6/115/VGS_SWEEP/netlist
\o 
\o 
\o *Info*    Data Directory    =
\o           /home/saul/projects/FIL3601/Sim/DAY2/BIAS_NMOS/adexl/results/data/Interactive.6/115/VGS_SWEEP
\o 
\o 
\o *Info*    Creating Netlist for Point ID (1 115)
\o 
\o generate netlist...
\o function ansCdlCompPrim redefined
\o function ansCdlCompPrim redefined
\o Begin Incremental Netlisting Oct 28 06:22:13 2025
\o End netlisting Oct 28 06:22:13 2025
\o 
\o 	The netlist is up to date.
\o 	Time taken to compare the design with netlist:   0.0s
\o       ...successful.
\o compose simulator input file...
\o       ...successful.
\o 
\o *Info*    Running simulation on testbench [ VGS_SWEEP ] for Point ID
\o           (1 115).
\o 
\o Delete psf data in /home/saul/projects/FIL3601/Sim/DAY2/BIAS_NMOS/adexl/results/data/Interactive.6/115/VGS_SWEEP/psf.
\o compose simulator input file...
\o       ...successful.
\o start simulator if needed...
\o       ...successful.
\o simulate...
\o To view the simulator output, right-click on the test name, result 
\o name, or any value in the "Results" tab of the Outputs section and 
\o choose "Output Log" menu option.
\o INFO (ADE-3071): Simulation completed successfully.
\o reading simulation data...
\o       ...successful.
\o *Info*    Client has finished evaluating ... 
\o 
\o 
\o *Info*    Run complete for Point ID (1 115) on testbench [ VGS_SWEEP
\o           ].
\o 
\o 
\o 
\o 
\o 
\o 
\o 
\o 
\o 
\o 
\o *Info*    Run start for Point ID (1 122) on testbench [ VGS_SWEEP ].
\o 
\o Resetting statistical vars
\o 
\o *Info*    Setting parameter values ...
\o 
\o Setting var VDS = "1.21"
\o 
\o *Info*    Netlist Directory =
\o           /home/saul/projects/FIL3601/Sim/DAY2/BIAS_NMOS/adexl/results/data/Interactive.6/122/VGS_SWEEP/netlist
\o 
\o 
\o *Info*    Data Directory    =
\o           /home/saul/projects/FIL3601/Sim/DAY2/BIAS_NMOS/adexl/results/data/Interactive.6/122/VGS_SWEEP
\o 
\o 
\o *Info*    Creating Netlist for Point ID (1 122)
\o 
\o generate netlist...
\o function ansCdlCompPrim redefined
\o function ansCdlCompPrim redefined
\o Begin Incremental Netlisting Oct 28 06:22:18 2025
\o End netlisting Oct 28 06:22:18 2025
\o 
\o 	The netlist is up to date.
\o 	Time taken to compare the design with netlist:   0.0s
\o       ...successful.
\o compose simulator input file...
\o       ...successful.
\o 
\o *Info*    Running simulation on testbench [ VGS_SWEEP ] for Point ID
\o           (1 122).
\o 
\o Delete psf data in /home/saul/projects/FIL3601/Sim/DAY2/BIAS_NMOS/adexl/results/data/Interactive.6/122/VGS_SWEEP/psf.
\o compose simulator input file...
\o       ...successful.
\o start simulator if needed...
\o       ...successful.
\o simulate...
\o To view the simulator output, right-click on the test name, result 
\o name, or any value in the "Results" tab of the Outputs section and 
\o choose "Output Log" menu option.
\o INFO (ADE-3071): Simulation completed successfully.
\o reading simulation data...
\o       ...successful.
\o *Info*    Client has finished evaluating ... 
\o 
\o 
\o *Info*    Run complete for Point ID (1 122) on testbench [ VGS_SWEEP
\o           ].
\o 
\o 
\o 
\o 
\o 
\o 
\o 
\o 
\o 
\o 
\o *Info*    Run start for Point ID (1 129) on testbench [ VGS_SWEEP ].
\o 
\o Resetting statistical vars
\o 
\o *Info*    Setting parameter values ...
\o 
\o Setting var VDS = "1.28"
\o 
\o *Info*    Netlist Directory =
\o           /home/saul/projects/FIL3601/Sim/DAY2/BIAS_NMOS/adexl/results/data/Interactive.6/129/VGS_SWEEP/netlist
\o 
\o 
\o *Info*    Data Directory    =
\o           /home/saul/projects/FIL3601/Sim/DAY2/BIAS_NMOS/adexl/results/data/Interactive.6/129/VGS_SWEEP
\o 
\o 
\o *Info*    Creating Netlist for Point ID (1 129)
\o 
\o generate netlist...
\o function ansCdlCompPrim redefined
\o function ansCdlCompPrim redefined
\o Begin Incremental Netlisting Oct 28 06:22:22 2025
\o End netlisting Oct 28 06:22:22 2025
\o 
\o 	The netlist is up to date.
\o 	Time taken to compare the design with netlist:   0.0s
\o       ...successful.
\o compose simulator input file...
\o       ...successful.
\o 
\o *Info*    Running simulation on testbench [ VGS_SWEEP ] for Point ID
\o           (1 129).
\o 
\o Delete psf data in /home/saul/projects/FIL3601/Sim/DAY2/BIAS_NMOS/adexl/results/data/Interactive.6/129/VGS_SWEEP/psf.
\o compose simulator input file...
\o       ...successful.
\o start simulator if needed...
\o       ...successful.
\o simulate...
\o To view the simulator output, right-click on the test name, result 
\o name, or any value in the "Results" tab of the Outputs section and 
\o choose "Output Log" menu option.
\o INFO (ADE-3071): Simulation completed successfully.
\o reading simulation data...
\o       ...successful.
\o *Info*    Client has finished evaluating ... 
\o 
\o 
\o *Info*    Run complete for Point ID (1 129) on testbench [ VGS_SWEEP
\o           ].
\o 
\o 
\o 
\o 
\o 
\o 
\o 
\o 
\o 
\o 
\o *Info*    Run start for Point ID (1 136) on testbench [ VGS_SWEEP ].
\o 
\o Resetting statistical vars
\o 
\o *Info*    Setting parameter values ...
\o 
\o Setting var VDS = "1.35"
\o 
\o *Info*    Netlist Directory =
\o           /home/saul/projects/FIL3601/Sim/DAY2/BIAS_NMOS/adexl/results/data/Interactive.6/136/VGS_SWEEP/netlist
\o 
\o 
\o *Info*    Data Directory    =
\o           /home/saul/projects/FIL3601/Sim/DAY2/BIAS_NMOS/adexl/results/data/Interactive.6/136/VGS_SWEEP
\o 
\o 
\o *Info*    Creating Netlist for Point ID (1 136)
\o 
\o generate netlist...
\o function ansCdlCompPrim redefined
\o function ansCdlCompPrim redefined
\o Begin Incremental Netlisting Oct 28 06:22:26 2025
\o End netlisting Oct 28 06:22:26 2025
\o 
\o 	The netlist is up to date.
\o 	Time taken to compare the design with netlist:   0.0s
\o       ...successful.
\o compose simulator input file...
\o       ...successful.
\o 
\o *Info*    Running simulation on testbench [ VGS_SWEEP ] for Point ID
\o           (1 136).
\o 
\o Delete psf data in /home/saul/projects/FIL3601/Sim/DAY2/BIAS_NMOS/adexl/results/data/Interactive.6/136/VGS_SWEEP/psf.
\o compose simulator input file...
\o       ...successful.
\o start simulator if needed...
\o       ...successful.
\o simulate...
\o To view the simulator output, right-click on the test name, result 
\o name, or any value in the "Results" tab of the Outputs section and 
\o choose "Output Log" menu option.
\o INFO (ADE-3071): Simulation completed successfully.
\o reading simulation data...
\o       ...successful.
\o *Info*    Client has finished evaluating ... 
\o 
\o 
\o *Info*    Run complete for Point ID (1 136) on testbench [ VGS_SWEEP
\o           ].
\o 
\o 
\o 
\o 
\o 
\o 
\o 
\o 
\o 
\o 
\o *Info*    Run start for Point ID (1 143) on testbench [ VGS_SWEEP ].
\o 
\o Resetting statistical vars
\o 
\o *Info*    Setting parameter values ...
\o 
\o Setting var VDS = "1.42"
\o 
\o *Info*    Netlist Directory =
\o           /home/saul/projects/FIL3601/Sim/DAY2/BIAS_NMOS/adexl/results/data/Interactive.6/143/VGS_SWEEP/netlist
\o 
\o 
\o *Info*    Data Directory    =
\o           /home/saul/projects/FIL3601/Sim/DAY2/BIAS_NMOS/adexl/results/data/Interactive.6/143/VGS_SWEEP
\o 
\o 
\o *Info*    Creating Netlist for Point ID (1 143)
\o 
\o generate netlist...
\o function ansCdlCompPrim redefined
\o function ansCdlCompPrim redefined
\o Begin Incremental Netlisting Oct 28 06:22:31 2025
\o End netlisting Oct 28 06:22:31 2025
\o 
\o 	The netlist is up to date.
\o 	Time taken to compare the design with netlist:   0.0s
\o       ...successful.
\o compose simulator input file...
\o       ...successful.
\o 
\o *Info*    Running simulation on testbench [ VGS_SWEEP ] for Point ID
\o           (1 143).
\o 
\o Delete psf data in /home/saul/projects/FIL3601/Sim/DAY2/BIAS_NMOS/adexl/results/data/Interactive.6/143/VGS_SWEEP/psf.
\o compose simulator input file...
\o       ...successful.
\o start simulator if needed...
\o       ...successful.
\o simulate...
\o To view the simulator output, right-click on the test name, result 
\o name, or any value in the "Results" tab of the Outputs section and 
\o choose "Output Log" menu option.
\o INFO (ADE-3071): Simulation completed successfully.
\o reading simulation data...
\o       ...successful.
\o *Info*    Client has finished evaluating ... 
\o 
\o 
\o *Info*    Run complete for Point ID (1 143) on testbench [ VGS_SWEEP
\o           ].
\o 
\o 
\o 
\o 
\o 
\o 
\o 
\o 
\o 
\o 
\o *Info*    Run start for Point ID (1 151) on testbench [ VGS_SWEEP ].
\o 
\o Resetting statistical vars
\o 
\o *Info*    Setting parameter values ...
\o 
\o Setting var VDS = "1.5"
\o 
\o *Info*    Netlist Directory =
\o           /home/saul/projects/FIL3601/Sim/DAY2/BIAS_NMOS/adexl/results/data/Interactive.6/151/VGS_SWEEP/netlist
\o 
\o 
\o *Info*    Data Directory    =
\o           /home/saul/projects/FIL3601/Sim/DAY2/BIAS_NMOS/adexl/results/data/Interactive.6/151/VGS_SWEEP
\o 
\o 
\o *Info*    Creating Netlist for Point ID (1 151)
\o 
\o generate netlist...
\o function ansCdlCompPrim redefined
\o function ansCdlCompPrim redefined
\o Begin Incremental Netlisting Oct 28 06:22:35 2025
\o End netlisting Oct 28 06:22:35 2025
\o 
\o 	The netlist is up to date.
\o 	Time taken to compare the design with netlist:   0.0s
\o       ...successful.
\o compose simulator input file...
\o       ...successful.
\o 
\o *Info*    Running simulation on testbench [ VGS_SWEEP ] for Point ID
\o           (1 151).
\o 
\o Delete psf data in /home/saul/projects/FIL3601/Sim/DAY2/BIAS_NMOS/adexl/results/data/Interactive.6/151/VGS_SWEEP/psf.
\o compose simulator input file...
\o       ...successful.
\o start simulator if needed...
\o       ...successful.
\o simulate...
\o To view the simulator output, right-click on the test name, result 
\o name, or any value in the "Results" tab of the Outputs section and 
\o choose "Output Log" menu option.
\o INFO (ADE-3071): Simulation completed successfully.
\o reading simulation data...
\o       ...successful.
\o *Info*    Client has finished evaluating ... 
\o 
\o 
\o *Info*    Run complete for Point ID (1 151) on testbench [ VGS_SWEEP
\o           ].
\o 
\o 
\o 
\o 
\o 
\o 
\o 
\o 
\o 
\o 
\o *Info*    Run start for Point ID (1 157) on testbench [ VGS_SWEEP ].
\o 
\o Resetting statistical vars
\o 
\o *Info*    Setting parameter values ...
\o 
\o Setting var VDS = "1.56"
\o 
\o *Info*    Netlist Directory =
\o           /home/saul/projects/FIL3601/Sim/DAY2/BIAS_NMOS/adexl/results/data/Interactive.6/157/VGS_SWEEP/netlist
\o 
\o 
\o *Info*    Data Directory    =
\o           /home/saul/projects/FIL3601/Sim/DAY2/BIAS_NMOS/adexl/results/data/Interactive.6/157/VGS_SWEEP
\o 
\o 
\o *Info*    Creating Netlist for Point ID (1 157)
\o 
\o generate netlist...
\o function ansCdlCompPrim redefined
\o function ansCdlCompPrim redefined
\o Begin Incremental Netlisting Oct 28 06:22:39 2025
\o End netlisting Oct 28 06:22:39 2025
\o 
\o 	The netlist is up to date.
\o 	Time taken to compare the design with netlist:   0.0s
\o       ...successful.
\o compose simulator input file...
\o       ...successful.
\o 
\o *Info*    Running simulation on testbench [ VGS_SWEEP ] for Point ID
\o           (1 157).
\o 
\o Delete psf data in /home/saul/projects/FIL3601/Sim/DAY2/BIAS_NMOS/adexl/results/data/Interactive.6/157/VGS_SWEEP/psf.
\o compose simulator input file...
\o       ...successful.
\o start simulator if needed...
\o       ...successful.
\o simulate...
\o To view the simulator output, right-click on the test name, result 
\o name, or any value in the "Results" tab of the Outputs section and 
\o choose "Output Log" menu option.
\o INFO (ADE-3071): Simulation completed successfully.
\o reading simulation data...
\o       ...successful.
\o *Info*    Client has finished evaluating ... 
\o 
\o 
\o *Info*    Run complete for Point ID (1 157) on testbench [ VGS_SWEEP
\o           ].
\o 
\o 
\o 
\o 
\o 
\o 
\o 
\o 
\o 
\o 
\o *Info*    Run start for Point ID (1 167) on testbench [ VGS_SWEEP ].
\o 
\o Resetting statistical vars
\o 
\o *Info*    Setting parameter values ...
\o 
\o Setting var VDS = "1.66"
\o 
\o *Info*    Netlist Directory =
\o           /home/saul/projects/FIL3601/Sim/DAY2/BIAS_NMOS/adexl/results/data/Interactive.6/167/VGS_SWEEP/netlist
\o 
\o 
\o *Info*    Data Directory    =
\o           /home/saul/projects/FIL3601/Sim/DAY2/BIAS_NMOS/adexl/results/data/Interactive.6/167/VGS_SWEEP
\o 
\o 
\o *Info*    Creating Netlist for Point ID (1 167)
\o 
\o generate netlist...
\o function ansCdlCompPrim redefined
\o function ansCdlCompPrim redefined
\o Begin Incremental Netlisting Oct 28 06:22:44 2025
\o End netlisting Oct 28 06:22:44 2025
\o 
\o 	The netlist is up to date.
\o 	Time taken to compare the design with netlist:   0.0s
\o       ...successful.
\o compose simulator input file...
\o       ...successful.
\o 
\o *Info*    Running simulation on testbench [ VGS_SWEEP ] for Point ID
\o           (1 167).
\o 
\o Delete psf data in /home/saul/projects/FIL3601/Sim/DAY2/BIAS_NMOS/adexl/results/data/Interactive.6/167/VGS_SWEEP/psf.
\o compose simulator input file...
\o       ...successful.
\o start simulator if needed...
\o       ...successful.
\o simulate...
\o To view the simulator output, right-click on the test name, result 
\o name, or any value in the "Results" tab of the Outputs section and 
\o choose "Output Log" menu option.
\o INFO (ADE-3071): Simulation completed successfully.
\o reading simulation data...
\o       ...successful.
\o *Info*    Client has finished evaluating ... 
\o 
\o 
\o *Info*    Run complete for Point ID (1 167) on testbench [ VGS_SWEEP
\o           ].
\o 
\o 
\o 
\o 
\o 
\o 
\o 
\o 
\o 
\o 
\o *Info*    Run start for Point ID (1 174) on testbench [ VGS_SWEEP ].
\o 
\o Resetting statistical vars
\o 
\o *Info*    Setting parameter values ...
\o 
\o Setting var VDS = "1.73"
\o 
\o *Info*    Netlist Directory =
\o           /home/saul/projects/FIL3601/Sim/DAY2/BIAS_NMOS/adexl/results/data/Interactive.6/174/VGS_SWEEP/netlist
\o 
\o 
\o *Info*    Data Directory    =
\o           /home/saul/projects/FIL3601/Sim/DAY2/BIAS_NMOS/adexl/results/data/Interactive.6/174/VGS_SWEEP
\o 
\o 
\o *Info*    Creating Netlist for Point ID (1 174)
\o 
\o generate netlist...
\o function ansCdlCompPrim redefined
\o function ansCdlCompPrim redefined
\o Begin Incremental Netlisting Oct 28 06:22:49 2025
\o End netlisting Oct 28 06:22:49 2025
\o 
\o 	The netlist is up to date.
\o 	Time taken to compare the design with netlist:   0.0s
\o       ...successful.
\o compose simulator input file...
\o       ...successful.
\o 
\o *Info*    Running simulation on testbench [ VGS_SWEEP ] for Point ID
\o           (1 174).
\o 
\o Delete psf data in /home/saul/projects/FIL3601/Sim/DAY2/BIAS_NMOS/adexl/results/data/Interactive.6/174/VGS_SWEEP/psf.
\o compose simulator input file...
\o       ...successful.
\o start simulator if needed...
\o       ...successful.
\o simulate...
\o To view the simulator output, right-click on the test name, result 
\o name, or any value in the "Results" tab of the Outputs section and 
\o choose "Output Log" menu option.
\o INFO (ADE-3071): Simulation completed successfully.
\o reading simulation data...
\o       ...successful.
\o *Info*    Client has finished evaluating ... 
\o 
\o 
\o *Info*    Run complete for Point ID (1 174) on testbench [ VGS_SWEEP
\o           ].
\o 
\o 
\o 
\o 
\o 
\o Simulation design variables differ from those on the cellView,
\o they have been saved in the file "/tmp/saved-design-variables".
\o To save future changes, copy variables to cellView before exiting.
\o 
\o 
\o *Info*    Configuring the session ...
\o 
\o 	Library      = DAY2
\o 	Cell         = BIAS_NMOS
\o 	View         = schematic
\o 	Simulator    = spectre
\o 	State Path   = $AXL_SETUPDB_DIR/test_states
\o 	State Name   = VGS_SWEEP_none_Interactive.7
\o 	Results DB   = /home/saul/projects/FIL3601/DAY2/BIAS_NMOS/adexl/results/data/Interactive.7.rdb
\o 	Results Dir  = /home/saul/projects/FIL3601/Sim/DAY2/BIAS_NMOS/adexl/results/data/Interactive.7/1/VGS_SWEEP
\o 	Results Loc  = /home/saul/projects/FIL3601/Sim/DAY2/BIAS_NMOS/adexl/results/data
\o 	Project Dir  = /home/saul/projects/FIL3601/Sim
\o 	Setup DB loc = /home/saul/projects/FIL3601/DAY2/BIAS_NMOS/adexl
\o 	File Encoding = 0
\o 
\o 
\o 
\o *Info*    The auto suspension is disabled.
\o 
\o 
\o 
\o 
\o 
\o 
\o *Info*    Run start for Point ID (2 5) on testbench [ VGS_SWEEP ].
\o 
\o Resetting statistical vars
\o 
\o *Info*    Setting parameter values ...
\o 
\o Setting var L = "180n"
\o Setting var NF = "1"
\o Setting var VDS = "200m"
\o Setting var VGS = "1"
\o Setting var WF = "8u"
\o Setting var temperature = "27"
\o Setting temp(T) = 27
\o 
\o *Info*    Netlist Directory =
\o           /home/saul/projects/FIL3601/Sim/DAY2/BIAS_NMOS/adexl/results/data/Interactive.7/5/VGS_SWEEP/netlist
\o 
\o 
\o *Info*    Data Directory    =
\o           /home/saul/projects/FIL3601/Sim/DAY2/BIAS_NMOS/adexl/results/data/Interactive.7/5/VGS_SWEEP
\o 
\o 
\o *Info*    Creating Netlist for Point ID (2 5)
\o 
\o generate netlist...
\o function ansCdlCompPrim redefined
\o function ansCdlCompPrim redefined
\o Begin Incremental Netlisting Oct 28 06:23:26 2025
\o End netlisting Oct 28 06:23:26 2025
\o 
\o 	The netlist is up to date.
\o 	Time taken to compare the design with netlist:   0.0s
\o       ...successful.
\o compose simulator input file...
\o       ...successful.
\o 
\o *Info*    Running simulation on testbench [ VGS_SWEEP ] for Point ID
\o           (2 5).
\o 
\o Delete psf data in /home/saul/projects/FIL3601/Sim/DAY2/BIAS_NMOS/adexl/results/data/Interactive.7/5/VGS_SWEEP/psf.
\o compose simulator input file...
\o       ...successful.
\o start simulator if needed...
\o       ...successful.
\o simulate...
\o To view the simulator output, right-click on the test name, result 
\o name, or any value in the "Results" tab of the Outputs section and 
\o choose "Output Log" menu option.
\o INFO (ADE-3071): Simulation completed successfully.
\o reading simulation data...
\o       ...successful.
\o *Info*    Client has finished evaluating ... 
\o 
\o 
\o *Info*    Run complete for Point ID (2 5) on testbench [ VGS_SWEEP ].
\o 
\o 
\o 
\o 
\o 
\o 
\o 
\o 
\o 
\o 
\o *Info*    Run start for Point ID (2 13) on testbench [ VGS_SWEEP ].
\o 
\o Resetting statistical vars
\o 
\o *Info*    Setting parameter values ...
\o 
\o Setting var VDS = "600m"
\o 
\o *Info*    Netlist Directory =
\o           /home/saul/projects/FIL3601/Sim/DAY2/BIAS_NMOS/adexl/results/data/Interactive.7/13/VGS_SWEEP/netlist
\o 
\o 
\o *Info*    Data Directory    =
\o           /home/saul/projects/FIL3601/Sim/DAY2/BIAS_NMOS/adexl/results/data/Interactive.7/13/VGS_SWEEP
\o 
\o 
\o *Info*    Creating Netlist for Point ID (2 13)
\o 
\o generate netlist...
\o function ansCdlCompPrim redefined
\o function ansCdlCompPrim redefined
\o Begin Incremental Netlisting Oct 28 06:23:31 2025
\o End netlisting Oct 28 06:23:31 2025
\o 
\o 	The netlist is up to date.
\o 	Time taken to compare the design with netlist:   0.0s
\o       ...successful.
\o compose simulator input file...
\o       ...successful.
\o 
\o *Info*    Running simulation on testbench [ VGS_SWEEP ] for Point ID
\o           (2 13).
\o 
\o Delete psf data in /home/saul/projects/FIL3601/Sim/DAY2/BIAS_NMOS/adexl/results/data/Interactive.7/13/VGS_SWEEP/psf.
\o compose simulator input file...
\o       ...successful.
\o start simulator if needed...
\o       ...successful.
\o simulate...
\o To view the simulator output, right-click on the test name, result 
\o name, or any value in the "Results" tab of the Outputs section and 
\o choose "Output Log" menu option.
\o INFO (ADE-3071): Simulation completed successfully.
\o reading simulation data...
\o       ...successful.
\o *Info*    Client has finished evaluating ... 
\o 
\o 
\o *Info*    Run complete for Point ID (2 13) on testbench [ VGS_SWEEP ].
\o 
\o 
\o 
\o 
\o 
\o 
\o 
\o 
\o 
\o 
\o *Info*    Run start for Point ID (2 23) on testbench [ VGS_SWEEP ].
\o 
\o Resetting statistical vars
\o 
\o *Info*    Setting parameter values ...
\o 
\o Setting var VDS = "1.1"
\o 
\o *Info*    Netlist Directory =
\o           /home/saul/projects/FIL3601/Sim/DAY2/BIAS_NMOS/adexl/results/data/Interactive.7/23/VGS_SWEEP/netlist
\o 
\o 
\o *Info*    Data Directory    =
\o           /home/saul/projects/FIL3601/Sim/DAY2/BIAS_NMOS/adexl/results/data/Interactive.7/23/VGS_SWEEP
\o 
\o 
\o *Info*    Creating Netlist for Point ID (2 23)
\o 
\o generate netlist...
\o function ansCdlCompPrim redefined
\o function ansCdlCompPrim redefined
\o Begin Incremental Netlisting Oct 28 06:23:35 2025
\o End netlisting Oct 28 06:23:35 2025
\o 
\o 	The netlist is up to date.
\o 	Time taken to compare the design with netlist:   0.0s
\o       ...successful.
\o compose simulator input file...
\o       ...successful.
\o 
\o *Info*    Running simulation on testbench [ VGS_SWEEP ] for Point ID
\o           (2 23).
\o 
\o Delete psf data in /home/saul/projects/FIL3601/Sim/DAY2/BIAS_NMOS/adexl/results/data/Interactive.7/23/VGS_SWEEP/psf.
\o compose simulator input file...
\o       ...successful.
\o start simulator if needed...
\o       ...successful.
\o simulate...
\o To view the simulator output, right-click on the test name, result 
\o name, or any value in the "Results" tab of the Outputs section and 
\o choose "Output Log" menu option.
\o INFO (ADE-3071): Simulation completed successfully.
\o reading simulation data...
\o       ...successful.
\o *Info*    Client has finished evaluating ... 
\o 
\o 
\o *Info*    Run complete for Point ID (2 23) on testbench [ VGS_SWEEP ].
\o 
\o 
\o 
\o 
\o 
\o 
\o 
\o 
\o 
\o 
\o *Info*    Run start for Point ID (2 30) on testbench [ VGS_SWEEP ].
\o 
\o Resetting statistical vars
\o 
\o *Info*    Setting parameter values ...
\o 
\o Setting var VDS = "1.45"
\o 
\o *Info*    Netlist Directory =
\o           /home/saul/projects/FIL3601/Sim/DAY2/BIAS_NMOS/adexl/results/data/Interactive.7/30/VGS_SWEEP/netlist
\o 
\o 
\o *Info*    Data Directory    =
\o           /home/saul/projects/FIL3601/Sim/DAY2/BIAS_NMOS/adexl/results/data/Interactive.7/30/VGS_SWEEP
\o 
\o 
\o *Info*    Creating Netlist for Point ID (2 30)
\o 
\o generate netlist...
\o function ansCdlCompPrim redefined
\o function ansCdlCompPrim redefined
\o Begin Incremental Netlisting Oct 28 06:23:40 2025
\o End netlisting Oct 28 06:23:40 2025
\o 
\o 	The netlist is up to date.
\o 	Time taken to compare the design with netlist:   0.0s
\o       ...successful.
\o compose simulator input file...
\o       ...successful.
\o 
\o *Info*    Running simulation on testbench [ VGS_SWEEP ] for Point ID
\o           (2 30).
\o 
\o Delete psf data in /home/saul/projects/FIL3601/Sim/DAY2/BIAS_NMOS/adexl/results/data/Interactive.7/30/VGS_SWEEP/psf.
\o compose simulator input file...
\o       ...successful.
\o start simulator if needed...
\o       ...successful.
\o simulate...
\o To view the simulator output, right-click on the test name, result 
\o name, or any value in the "Results" tab of the Outputs section and 
\o choose "Output Log" menu option.
\o INFO (ADE-3071): Simulation completed successfully.
\o reading simulation data...
\o       ...successful.
\o *Info*    Client has finished evaluating ... 
\o 
\o 
\o *Info*    Run complete for Point ID (2 30) on testbench [ VGS_SWEEP ].
\o 
\o 
\o 
\o 
\o 
\o 
\o 
\o 
\o 
\o 
\o *Info*    Run start for Point ID (2 36) on testbench [ VGS_SWEEP ].
\o 
\o Resetting statistical vars
\o 
\o *Info*    Setting parameter values ...
\o 
\o Setting var VDS = "1.75"
\o 
\o *Info*    Netlist Directory =
\o           /home/saul/projects/FIL3601/Sim/DAY2/BIAS_NMOS/adexl/results/data/Interactive.7/36/VGS_SWEEP/netlist
\o 
\o 
\o *Info*    Data Directory    =
\o           /home/saul/projects/FIL3601/Sim/DAY2/BIAS_NMOS/adexl/results/data/Interactive.7/36/VGS_SWEEP
\o 
\o 
\o *Info*    Creating Netlist for Point ID (2 36)
\o 
\o generate netlist...
\o function ansCdlCompPrim redefined
\o function ansCdlCompPrim redefined
\o Begin Incremental Netlisting Oct 28 06:23:44 2025
\o End netlisting Oct 28 06:23:44 2025
\o 
\o 	The netlist is up to date.
\o 	Time taken to compare the design with netlist:   0.0s
\o       ...successful.
\o compose simulator input file...
\o       ...successful.
\o 
\o *Info*    Running simulation on testbench [ VGS_SWEEP ] for Point ID
\o           (2 36).
\o 
\o Delete psf data in /home/saul/projects/FIL3601/Sim/DAY2/BIAS_NMOS/adexl/results/data/Interactive.7/36/VGS_SWEEP/psf.
\o compose simulator input file...
\o       ...successful.
\o start simulator if needed...
\o       ...successful.
\o simulate...
\o To view the simulator output, right-click on the test name, result 
\o name, or any value in the "Results" tab of the Outputs section and 
\o choose "Output Log" menu option.
\o INFO (ADE-3071): Simulation completed successfully.
\o reading simulation data...
\o       ...successful.
\o *Info*    Client has finished evaluating ... 
\o 
\o 
\o *Info*    Run complete for Point ID (2 36) on testbench [ VGS_SWEEP ].
\o 
\o 
\o 
\o 
\o 
\# Memory report: Maximum memory size now 20,667 MB at UTC 2025.10.28 06:24:23.818
\o Simulation design variables differ from those on the cellView,
\o they have been saved in the file "/tmp/saved-design-variables".
\o To save future changes, copy variables to cellView before exiting.
\# Lic Summary:
\# [06:28:50.332289] Cdslmd servers:3000@lic08.ug.kth.se
\# [06:28:50.339986] Feature usage summary:
\# Memory report: on exit            482 MB, process size 2,285 MB at UTC 2025.10.28 06:28:50.866
\# Memory report: peak usage         482 MB, process size 2,285 MB
