\# Program start time:     UTC 2025.11.13 09:37:21.425
\# Local time: UTC (UTC+00:00) 2025.11.13 09:37:21.425
\o Program:		@(#)$CDS: virtuoso version 6.1.8-64b 09/03/2024 19:11 (sjfhw316) $
\o Hierarchy:		/opt/tools/cadence/installs/IC618/tools.lnx86/dfII/
\o Sub version:		sub-version  IC6.1.8-64b.500.36  (64-bit addresses)
\# Command line:	/opt/tools/cadence/installs/IC618/tools.lnx86/dfII/bin/64bit/virtuoso -noautostart -mpssession virtuosoEOpt-9Os2NgYalkzc2608K_92532 -mpshost 58099@edatools -davinciService DaVinciService_92732_1762954251 -log /home/saul/projects/FIL3601/logs_saul/logs1/Job48.log -licenseLockFileName /home/saul/projects/FIL3601/.tmp_saul/.edatools_92732 -interactiveA -interactiveE -interactiveRTT -nostdin -nographE -axlChildIdFlag 48
\# Host name (type):	edatools (x86_64)
\# Operating system:	Linux 6.10.14-linuxkit #1 SMP PREEMPT_DYNAMIC Tue Oct 14 07:34:37 UTC 2025
\# Linux /etc/issue:	\S
\# Linux /etc/issue:	Kernel \r on an \m
\# X display name (WxH):	:3590 (1024x868)
\# Available geometry:			TL(0:0) BR(1023:867)
\# X server:			The X.Org Foundation
\# Depth of Visual (Root):	24 (24)
\# Number of Planes Used:	24
\# X version:		11.0 (vendor release 12011000)
\# X resource pool:	base 0x400000, mask 0x1fffff (2097151), shift 0
\# 			current id 0x0, current max 0x1ffffa (2097146)
\# Max data seg size:	     unlimited
\# Max process size:	     unlimited
\# Initial sbrk value:	      1,262 MB
\# Available memory:	     21,476 MB
\# System memory:	     28,093 MB
\# Maximum memory size:	     26,952 MB
\# Max mem available:	     21,596 MB
\# Initial memory used:	        120 MB
\#        process size:	      1,677 MB
\# Thread usage limits (effective/default):	maxthreads 4294967295/4294967295 maxload 16.00/16.00
\# Qt version:		5.9.1
\# Window Manager:	other
\# User Name:		saul
\o Working Directory:	edatools:/home/saul/projects/FIL3601
\# Process Id:		39632
\# Container Id:	EOpt-9Os2NgYalkzc2608K
\o 
\o COPYRIGHT (C) 1992-2024  CADENCE DESIGN SYSTEMS INC.  ALL RIGHTS RESERVED.
\o           (C) 1992-2024  UNIX SYSTEMS Laboratories INC.,
\o                          Reproduced with permission.
\o 
\o This Cadence Design Systems program and online documentation are
\o proprietary/confidential information and may be disclosed/used only
\o as authorized in a license agreement controlling such use and disclosure.
\o 
\o           RESTRICTED RIGHTS NOTICE (SHORT FORM)
\o Use/reproduction/disclosure is subject to restriction
\o set forth at FAR 1252.227-19 or its equivalent.
\o Loading geView.cxt 
\o Loading menuBuilder.cxt 
\o Loading schView.cxt 
\o Loading selectSv.cxt 
\o Loading pvsui.cxt
\o Loading wireEdit.cxt 
\o Loading pte2.cxt 
\o Loading xlUI.cxt 
\o Loading auCore.cxt 
\o Loading vhdl.cxt 
\o Loading seismic.cxt 
\o Loading ci.cxt 
\o Loading ams.cxt 
\o Loading oasis.cxt 
\o Loading analog.cxt 
\o Loading asimenv.cxt 
\o Loading dal.cxt 
\o Loading awv.cxt 
\o Loading socket.cxt 
\o Loading par.cxt 
\o Loading alvs.cxt 
\o Loading caa.cxt 
\o Loading amps.cxt 
\o Loading adexlCore.cxt 
\o Loading adexl.cxt 
\o *Info*    Exporting services from client ... 
\o 
\o Loading adexlDM.cxt 
\o Loading cpf.cxt 
\o Loading cli.cxt 
\o Loading lp.cxt 
\o INFO (ELI-00302) Connecting to parent process (session=virtuosoEOpt-9Os2NgYalkzc2608K_92532, host=58099@edatools). Connection mode is ICRP. Total timeout is 180 seconds. Connection timeout is 90 seconds.
\o INFO (ELI-00303) Step 1: Connecting to parent. Time spent is 0 seconds.
\o INFO (ELI-00304) The registration of the child 39632 within 90 seconds is being processed...
\o INFO (ELI-00305) The result of registration is true. Time spent is 0 seconds.
\o INFO (ELI-00308) The connection has ended. Result is true. Total time spent is 0 seconds.
\# [09:37:21.512433] Configured Lic search path (22.01-s002): 3000@lic08.ug.kth.se
\# Memory report: using         273 MB, process size 1,960 MB at UTC 2025.11.13 09:37:24.658
\o Loading .cdsinit for the XH018 X-Fab XKit.
\o     LOAD xh018_1143 SPECIFIC CALL-BACK ROUTINES
\o     LOAD ALL AVAILABLE P-CELL FUNCTIONS
\o ** Info: PDK loadpath is "/opt/pdk/xfab/XKIT/xh018/cadence/v10_0/PDK/IC61/v10_0_3"
\o Loading XfSktTools.cxt
\o Loading XfMenu.cxt
\o Loading XfTechXh018.cxt
\o Loading XfPcellCore.cxt
\o function ansiSpicePrintProperties_subcircuit redefined
\o Loading XfSkillExt.cxt
\o Initializing library.
\o Finished Initializing Library .
\o     Generic PcellKit: 'production' loaded.
\o     Generic Pcell Skill Tools: 'production' loaded.
\o Loading Circuit Prospector Setup (XfCircuitProspSetup.il)
\o     LOAD THE ENVIRONMENT FILE
\o  --> Setting the required PDK definitions...
\o     GDSII LAYER MAPPING FILE = "./.xkit/setup/xh018/cadence/PDK/TECH_XH018_1143/strmInOut.layertable"
\o     GDSII OBJECT MAPPING FILE = "./.xkit/setup/xh018/cadence/PDK/TECH_XH018_1143/strmOutObjects.map"
\o Use model setup from PDK...
\o Loading spectrei.cxt 
\o Loading devCheck.cxt 
\o Loading relXpert.cxt 
\o Loading vdsil.cxt 
\o Loading hspiceD.cxt 
\o Loading spectreinl.cxt 
\o Loading UltraSim.cxt 
\o Loading msgHandler.cxt 
\o Loading AMSOSS.cxt 
\o Loading AMS.cxt 
\o  --> Finished setting the required PDK definitions
\o  --> Setting the recommended EDA tool defaults...
\o  --> Finished setting the recommended EDA tool defaults
\o     LOAD DEFAULT BINDKEYS
\o Loading viva.cxt 
\o *Info*    Client has finished starting ... 
\o 
\p > 
\w *WARNING* could not load font "-*-courier-medium-r-*-*-12-*", using font "fixed"
\# Loading perfDiag...
\# (PerfDiag): Set GDB path to environment variable 'gdbPath' (gdb).
\# Memory report: using         377 MB, process size 2,067 MB at UTC 2025.11.13 09:37:26.244
\# Performance Diagnostic tool is installed. You can access PerfDiag from CIW Tools or use the shell command 'cdsPerfDiag -p 39632' to open it when Virtuoso freezes.
\# (PerfDiag): Use backtrace from GLIBC.
\w *WARNING* _perfPstackCheck: Cannot find pstack/gstack. Please setup PATH environment variable to pstack/gstack executable.
\o Loading vqp.cxt 
\o Loading hdlPkg.cxt 
\o 
\o 
\o *Info*    Configuring the session ...
\o 
\o Loading simui.cxt 
\o 	Library      = LAB3
\o 	Cell         = Shunt
\o 	View         = schematic
\o 	Simulator    = spectre
\o 	State Path   = $AXL_SETUPDB_DIR/test_states
\o 	State Name   = Af_none_Interactive.47
\o 	Results DB   = /home/saul/projects/FIL3601/LAB3/Shunt/adexl/results/data/Interactive.47.rdb
\o 	Results Dir  = /home/saul/projects/FIL3601/Sim/LAB3/Shunt/adexl/results/data/Interactive.47/1/Af
\o 	Results Loc  = /home/saul/projects/FIL3601/Sim/LAB3/Shunt/adexl/results/data
\o 	Project Dir  = /home/saul/projects/FIL3601/Sim
\o 	Setup DB loc = /home/saul/projects/FIL3601/LAB3/Shunt/adexl
\o 	File Encoding = 0
\o 
\o 
\o WARNING (ADE-7017): The Spectre run mode needs to be 'batch' when EM/IR analysis is enabled. Automatically setting the run mode to 'batch'.
\o 
\o *Info*    The auto suspension is disabled.
\o 
\o     LOAD GENERIC "X-KIT" SKILL CONTEXT "./.xkit/setup/x_all/cadence/xenv/skill/context6/xkit.cxt" 
\o  - Menu "XKit Utilities" installed to CIW.
\o     LOAD ".cdsinit_personal" FILE FROM THE WORKING DIRECTORY.
\o     INFO: To customize this setup, please use the following environment variables:
\o           CUSTOM_SCRIPT_PATH - should point to the master shell or perl script
\o                              e.g.:
\o                              setenv CUSTOM_SCRIPT_PATH /path/to/my/script/LoadMyScripts.csh
\o           CUSTOM_SKILL_PATH - should point to your master skill load file
\o                              e.g.:
\o                              setenv CUSTOM_SKILL_PATH /path/to/my/skill/LoadMySkills.il
\o  loading default key binding 
\o  -> END LOAD ".cdsinit" FILE
\o Loading monte.cxt 
\o 
\o 
\o 
\o 
\o 
\o *Info*    Run start for Point ID (9 1) on testbench [ Af ].
\o 
\o Resetting statistical vars
\o 
\o *Info*    Setting parameter values ...
\o 
\o Setting var IS = "1"
\o Setting var IT = "0"
\o Setting var cdb1 = "160f"
\o Setting var cdb2 = "36.3f"
\o Setting var cds1 = "46.01f"
\o Setting var cds2 = "0"
\o Setting var cgb1 = "160.37f"
\o Setting var cgb2 = "36.3f"
\o Setting var cgd1 = "26.40f"
\o Setting var cgd2 = "25.6f"
\o Setting var cgs1 = "112.78f"
\o Setting var cgs2 = "28.61f"
\o Setting var gm = "0.227m"
\o Setting var gm1 = "1000"
\o Setting var gm2 = "0.2291m"
\o Setting var rds1 = "23893065.17"
\o Setting var rds2 = "200823"
\o Setting var temperature = "27"
\o Setting temp(T) = 27
\o 
\o *Info*    Netlist Directory =
\o           /home/saul/projects/FIL3601/Sim/LAB3/Shunt/adexl/results/data/Interactive.47/1/Af/netlist
\o 
\o 
\o *Info*    Data Directory    =
\o           /home/saul/projects/FIL3601/Sim/LAB3/Shunt/adexl/results/data/Interactive.47/1/Af
\o 
\o 
\o *Info*    Creating Netlist for Point ID (9 1)
\o 
\o generate netlist...
\o Loading hnlInit.cxt 
\o Loading seCore.cxt 
\o function ansCdlCompPrim redefined
\o function ansCdlCompPrim redefined
\# [09:37:27.518833] Periodic Lic check successful
\# [09:37:27.518833] Feature usage summary:
\o Begin Incremental Netlisting Nov 13 09:37:27 2025
\o Loading json.cxt 
\o End netlisting Nov 13 09:37:27 2025
\o 
\o Netlisting Statistics:
\o 	Number of components:   10
\o 
\o 	Elapsed time:          0.0s
\o Errors: 0	Warnings: 0
\o       ...successful.
\o compose simulator input file...
\o       ...successful.
\o 
\o *Info*    Running simulation on testbench [ Af ] for Point ID (9 1).
\o 
\o Delete psf data in /home/saul/projects/FIL3601/Sim/LAB3/Shunt/adexl/results/data/Interactive.47/1/Af/psf.
\o compose simulator input file...
\o       ...successful.
\o start simulator if needed...
\o       ...successful.
\o simulate...
\o To view the simulator output, right-click on the test name, result 
\o name, or any value in the "Results" tab of the Outputs section and 
\o choose "Output Log" menu option.
\o Loading paraplot.cxt 
\# Available memory:         19,977 MB at UTC 2025.11.13 09:37:31.172
\# Memory report: Maximum memory size now 20,436 MB at UTC 2025.11.13 09:37:31.172
\# Thread usage report: 22 active threads, active load 1.40 at UTC 2025.11.13 09:37:31.173
\o INFO (ADE-3071): Simulation completed successfully.
\o reading simulation data...
\o       ...successful.
\o *Info*    Client has finished evaluating ... 
\o 
\o 
\o *Info*    Run complete for Point ID (9 1) on testbench [ Af ].
\o 
\o 
\o 
\o 
\o 
\o Simulation design variables differ from those on the cellView,
\o they have been saved in the file "/tmp/saved-design-variables".
\o To save future changes, copy variables to cellView before exiting.
\o 
\o 
\o *Info*    Configuring the session ...
\o 
\o 	Library      = LAB3
\o 	Cell         = Shunt
\o 	View         = schematic
\o 	Simulator    = spectre
\o 	State Path   = $AXL_SETUPDB_DIR/test_states
\o 	State Name   = Af_none_Interactive.48
\o 	Results DB   = /home/saul/projects/FIL3601/LAB3/Shunt/adexl/results/data/Interactive.48.rdb
\o 	Results Dir  = /home/saul/projects/FIL3601/Sim/LAB3/Shunt/adexl/results/data/Interactive.48/1/Af
\o 	Results Loc  = /home/saul/projects/FIL3601/Sim/LAB3/Shunt/adexl/results/data
\o 	Project Dir  = /home/saul/projects/FIL3601/Sim
\o 	Setup DB loc = /home/saul/projects/FIL3601/LAB3/Shunt/adexl
\o 	File Encoding = 0
\o 
\o 
\o 
\o *Info*    The auto suspension is disabled.
\o 
\o 
\o 
\o 
\o 
\o 
\o *Info*    Run start for Point ID (10 1) on testbench [ Af ].
\o 
\o Resetting statistical vars
\o 
\o *Info*    Setting parameter values ...
\o 
\o Setting var IS = "1"
\o Setting var IT = "0"
\o Setting var cdb1 = "160f"
\o Setting var cdb2 = "36.3f"
\o Setting var cds1 = "46.01f"
\o Setting var cds2 = "0"
\o Setting var cgb1 = "160.37f"
\o Setting var cgb2 = "36.3f"
\o Setting var cgd1 = "26.40f"
\o Setting var cgd2 = "25.6f"
\o Setting var cgs1 = "112.78f"
\o Setting var cgs2 = "28.61f"
\o Setting var gm = "0.227m"
\o Setting var gm1 = "1000"
\o Setting var gm2 = "0.2291m"
\o Setting var rds1 = "23893065.17"
\o Setting var rds2 = "200823"
\o Setting var temperature = "27"
\o Setting temp(T) = 27
\o 
\o *Info*    Netlist Directory =
\o           /home/saul/projects/FIL3601/Sim/LAB3/Shunt/adexl/results/data/Interactive.48/1/Af/netlist
\o 
\o 
\o *Info*    Data Directory    =
\o           /home/saul/projects/FIL3601/Sim/LAB3/Shunt/adexl/results/data/Interactive.48/1/Af
\o 
\o 
\o *Info*    Creating Netlist for Point ID (10 1)
\o 
\o generate netlist...
\o function ansCdlCompPrim redefined
\o function ansCdlCompPrim redefined
\o Begin Incremental Netlisting Nov 13 09:42:12 2025
\o End netlisting Nov 13 09:42:12 2025
\o 
\o Netlisting Statistics:
\o 	Number of components:   10
\o 
\o 	Elapsed time:          0.0s
\o Errors: 0	Warnings: 0
\o       ...successful.
\o compose simulator input file...
\o       ...successful.
\o 
\o *Info*    Running simulation on testbench [ Af ] for Point ID (10 1).
\o 
\o Delete psf data in /home/saul/projects/FIL3601/Sim/LAB3/Shunt/adexl/results/data/Interactive.48/1/Af/psf.
\o compose simulator input file...
\o       ...successful.
\o start simulator if needed...
\o       ...successful.
\o simulate...
\o To view the simulator output, right-click on the test name, result 
\o name, or any value in the "Results" tab of the Outputs section and 
\o choose "Output Log" menu option.
\o INFO (ADE-3071): Simulation completed successfully.
\o reading simulation data...
\o       ...successful.
\o *Info*    Client has finished evaluating ... 
\o 
\o 
\o *Info*    Run complete for Point ID (10 1) on testbench [ Af ].
\o 
\o 
\o 
\o 
\o 
\o Simulation design variables differ from those on the cellView,
\o they have been saved in the file "/tmp/saved-design-variables".
\o To save future changes, copy variables to cellView before exiting.
\o 
\o 
\o *Info*    Configuring the session ...
\o 
\o 	Library      = LAB3
\o 	Cell         = Shunt
\o 	View         = schematic
\o 	Simulator    = spectre
\o 	State Path   = $AXL_SETUPDB_DIR/test_states
\o 	State Name   = Af_none_Interactive.49
\o 	Results DB   = /home/saul/projects/FIL3601/LAB3/Shunt/adexl/results/data/Interactive.49.rdb
\o 	Results Dir  = /home/saul/projects/FIL3601/Sim/LAB3/Shunt/adexl/results/data/Interactive.49/1/Af
\o 	Results Loc  = /home/saul/projects/FIL3601/Sim/LAB3/Shunt/adexl/results/data
\o 	Project Dir  = /home/saul/projects/FIL3601/Sim
\o 	Setup DB loc = /home/saul/projects/FIL3601/LAB3/Shunt/adexl
\o 	File Encoding = 0
\o 
\o 
\o 
\o *Info*    The auto suspension is disabled.
\o 
\o 
\o 
\o 
\o 
\o 
\o *Info*    Run start for Point ID (11 1) on testbench [ Af ].
\o 
\o Resetting statistical vars
\o 
\o *Info*    Setting parameter values ...
\o 
\o Setting var IS = "1"
\o Setting var IT = "0"
\o Setting var cdb1 = "160f"
\o Setting var cdb2 = "36.3f"
\o Setting var cds1 = "46.01f"
\o Setting var cds2 = "0"
\o Setting var cgb1 = "160.37f"
\o Setting var cgb2 = "36.3f"
\o Setting var cgd1 = "26.40f"
\o Setting var cgd2 = "25.6f"
\o Setting var cgs1 = "112.78f"
\o Setting var cgs2 = "28.61f"
\o Setting var gm = "0.227m"
\o Setting var gm1 = "1000"
\o Setting var gm2 = "0.2291m"
\o Setting var rds1 = "23893065.17"
\o Setting var rds2 = "200823"
\o Setting var temperature = "27"
\o Setting temp(T) = 27
\o 
\o *Info*    Netlist Directory =
\o           /home/saul/projects/FIL3601/Sim/LAB3/Shunt/adexl/results/data/Interactive.49/1/Af/netlist
\o 
\o 
\o *Info*    Data Directory    =
\o           /home/saul/projects/FIL3601/Sim/LAB3/Shunt/adexl/results/data/Interactive.49/1/Af
\o 
\o 
\o *Info*    Creating Netlist for Point ID (11 1)
\o 
\o generate netlist...
\o function ansCdlCompPrim redefined
\o function ansCdlCompPrim redefined
\o Begin Incremental Netlisting Nov 13 09:42:52 2025
\o End netlisting Nov 13 09:42:52 2025
\o 
\o Netlisting Statistics:
\o 	Number of components:   10
\o 
\o 	Elapsed time:          0.0s
\o Errors: 0	Warnings: 0
\o       ...successful.
\o compose simulator input file...
\o       ...successful.
\o 
\o *Info*    Running simulation on testbench [ Af ] for Point ID (11 1).
\o 
\o Delete psf data in /home/saul/projects/FIL3601/Sim/LAB3/Shunt/adexl/results/data/Interactive.49/1/Af/psf.
\o compose simulator input file...
\o       ...successful.
\o start simulator if needed...
\o       ...successful.
\o simulate...
\o To view the simulator output, right-click on the test name, result 
\o name, or any value in the "Results" tab of the Outputs section and 
\o choose "Output Log" menu option.
\o INFO (ADE-3071): Simulation completed successfully.
\o reading simulation data...
\o       ...successful.
\o *Info*    Client has finished evaluating ... 
\o 
\o 
\o *Info*    Run complete for Point ID (11 1) on testbench [ Af ].
\o 
\o 
\o 
\o 
\o 
\o Simulation design variables differ from those on the cellView,
\o they have been saved in the file "/tmp/saved-design-variables".
\o To save future changes, copy variables to cellView before exiting.
\o 
\o 
\o *Info*    Configuring the session ...
\o 
\o 	Library      = LAB3
\o 	Cell         = Shunt
\o 	View         = schematic
\o 	Simulator    = spectre
\o 	State Path   = $AXL_SETUPDB_DIR/test_states
\o 	State Name   = Af_none_Interactive.50
\o 	Results DB   = /home/saul/projects/FIL3601/LAB3/Shunt/adexl/results/data/Interactive.50.rdb
\o 	Results Dir  = /home/saul/projects/FIL3601/Sim/LAB3/Shunt/adexl/results/data/Interactive.50/1/Af
\o 	Results Loc  = /home/saul/projects/FIL3601/Sim/LAB3/Shunt/adexl/results/data
\o 	Project Dir  = /home/saul/projects/FIL3601/Sim
\o 	Setup DB loc = /home/saul/projects/FIL3601/LAB3/Shunt/adexl
\o 	File Encoding = 0
\o 
\o 
\o 
\o *Info*    The auto suspension is disabled.
\o 
\o 
\o 
\o 
\o 
\o 
\o *Info*    Run start for Point ID (12 1) on testbench [ Af ].
\o 
\o Resetting statistical vars
\o 
\o *Info*    Setting parameter values ...
\o 
\o Setting var IS = "1"
\o Setting var IT = "0"
\o Setting var cdb1 = "160f"
\o Setting var cdb2 = "36.3f"
\o Setting var cds1 = "46.01f"
\o Setting var cds2 = "0"
\o Setting var cgb1 = "160.37f"
\o Setting var cgb2 = "36.3f"
\o Setting var cgd1 = "26.40f"
\o Setting var cgd2 = "25.6f"
\o Setting var cgs1 = "112.78f"
\o Setting var cgs2 = "28.61f"
\o Setting var gm = "0.227m"
\o Setting var gm1 = "1000"
\o Setting var gm2 = "0.2291m"
\o Setting var rds1 = "23893065.17"
\o Setting var rds2 = "200823"
\o Setting var temperature = "27"
\o Setting temp(T) = 27
\o 
\o *Info*    Netlist Directory =
\o           /home/saul/projects/FIL3601/Sim/LAB3/Shunt/adexl/results/data/Interactive.50/1/Af/netlist
\o 
\o 
\o *Info*    Data Directory    =
\o           /home/saul/projects/FIL3601/Sim/LAB3/Shunt/adexl/results/data/Interactive.50/1/Af
\o 
\o 
\o *Info*    Creating Netlist for Point ID (12 1)
\o 
\o generate netlist...
\o function ansCdlCompPrim redefined
\o function ansCdlCompPrim redefined
\o Begin Incremental Netlisting Nov 13 09:43:31 2025
\o End netlisting Nov 13 09:43:31 2025
\o 
\o Netlisting Statistics:
\o 	Number of components:   10
\o 
\o 	Elapsed time:          0.0s
\o Errors: 0	Warnings: 0
\o       ...successful.
\o compose simulator input file...
\o       ...successful.
\o 
\o *Info*    Running simulation on testbench [ Af ] for Point ID (12 1).
\o 
\o Delete psf data in /home/saul/projects/FIL3601/Sim/LAB3/Shunt/adexl/results/data/Interactive.50/1/Af/psf.
\o compose simulator input file...
\o       ...successful.
\o start simulator if needed...
\o       ...successful.
\o simulate...
\o To view the simulator output, right-click on the test name, result 
\o name, or any value in the "Results" tab of the Outputs section and 
\o choose "Output Log" menu option.
\o INFO (ADE-3071): Simulation completed successfully.
\o reading simulation data...
\o       ...successful.
\o *Info*    Client has finished evaluating ... 
\o 
\o 
\o *Info*    Run complete for Point ID (12 1) on testbench [ Af ].
\o 
\o 
\o 
\o 
\o 
\o Simulation design variables differ from those on the cellView,
\o they have been saved in the file "/tmp/saved-design-variables".
\o To save future changes, copy variables to cellView before exiting.
\o 
\o 
\o *Info*    Configuring the session ...
\o 
\o 	Library      = LAB3
\o 	Cell         = Shunt
\o 	View         = schematic
\o 	Simulator    = spectre
\o 	State Path   = $AXL_SETUPDB_DIR/test_states
\o 	State Name   = Af_none_Interactive.51
\o 	Results DB   = /home/saul/projects/FIL3601/LAB3/Shunt/adexl/results/data/Interactive.51.rdb
\o 	Results Dir  = /home/saul/projects/FIL3601/Sim/LAB3/Shunt/adexl/results/data/Interactive.51/1/Af
\o 	Results Loc  = /home/saul/projects/FIL3601/Sim/LAB3/Shunt/adexl/results/data
\o 	Project Dir  = /home/saul/projects/FIL3601/Sim
\o 	Setup DB loc = /home/saul/projects/FIL3601/LAB3/Shunt/adexl
\o 	File Encoding = 0
\o 
\o 
\o 
\o *Info*    The auto suspension is disabled.
\o 
\o 
\o 
\o 
\o 
\o 
\o *Info*    Run start for Point ID (13 1) on testbench [ Af ].
\o 
\o Resetting statistical vars
\o 
\o *Info*    Setting parameter values ...
\o 
\o Setting var IS = "1"
\o Setting var IT = "0"
\o Setting var cdb1 = "160f"
\o Setting var cdb2 = "36.3f"
\o Setting var cds1 = "46.01f"
\o Setting var cds2 = "0"
\o Setting var cgb1 = "160.37f"
\o Setting var cgb2 = "36.3f"
\o Setting var cgd1 = "26.40f"
\o Setting var cgd2 = "25.6f"
\o Setting var cgs1 = "112.78f"
\o Setting var cgs2 = "28.61f"
\o Setting var gm = "0.227m"
\o Setting var gm1 = "1000"
\o Setting var gm2 = "0.2291m"
\o Setting var rds1 = "23893065.17"
\o Setting var rds2 = "200823"
\o Setting var temperature = "27"
\o Setting temp(T) = 27
\o 
\o *Info*    Netlist Directory =
\o           /home/saul/projects/FIL3601/Sim/LAB3/Shunt/adexl/results/data/Interactive.51/1/Af/netlist
\o 
\o 
\o *Info*    Data Directory    =
\o           /home/saul/projects/FIL3601/Sim/LAB3/Shunt/adexl/results/data/Interactive.51/1/Af
\o 
\o 
\o *Info*    Creating Netlist for Point ID (13 1)
\o 
\o generate netlist...
\o function ansCdlCompPrim redefined
\o function ansCdlCompPrim redefined
\o Begin Incremental Netlisting Nov 13 09:45:23 2025
\o End netlisting Nov 13 09:45:23 2025
\o 
\o 	The netlist is up to date.
\o 	Time taken to compare the design with netlist:   0.0s
\o       ...successful.
\o compose simulator input file...
\o       ...successful.
\o 
\o *Info*    Running simulation on testbench [ Af ] for Point ID (13 1).
\o 
\o Delete psf data in /home/saul/projects/FIL3601/Sim/LAB3/Shunt/adexl/results/data/Interactive.51/1/Af/psf.
\o compose simulator input file...
\o       ...successful.
\o start simulator if needed...
\o       ...successful.
\o simulate...
\o To view the simulator output, right-click on the test name, result 
\o name, or any value in the "Results" tab of the Outputs section and 
\o choose "Output Log" menu option.
\o INFO (ADE-3071): Simulation completed successfully.
\o reading simulation data...
\o       ...successful.
\o *Info*    Client has finished evaluating ... 
\o 
\o 
\o *Info*    Run complete for Point ID (13 1) on testbench [ Af ].
\o 
\o 
\o 
\o 
\o 
\o Simulation design variables differ from those on the cellView,
\o they have been saved in the file "/tmp/saved-design-variables".
\o To save future changes, copy variables to cellView before exiting.
\o 
\o 
\o *Info*    Configuring the session ...
\o 
\o 	Library      = LAB3
\o 	Cell         = Shunt
\o 	View         = schematic
\o 	Simulator    = spectre
\o 	State Path   = $AXL_SETUPDB_DIR/test_states
\o 	State Name   = Af_none_Interactive.52
\o 	Results DB   = /home/saul/projects/FIL3601/LAB3/Shunt/adexl/results/data/Interactive.52.rdb
\o 	Results Dir  = /home/saul/projects/FIL3601/Sim/LAB3/Shunt/adexl/results/data/Interactive.52/1/Af
\o 	Results Loc  = /home/saul/projects/FIL3601/Sim/LAB3/Shunt/adexl/results/data
\o 	Project Dir  = /home/saul/projects/FIL3601/Sim
\o 	Setup DB loc = /home/saul/projects/FIL3601/LAB3/Shunt/adexl
\o 	File Encoding = 0
\o 
\o 
\o 
\o *Info*    The auto suspension is disabled.
\o 
\o 
\o 
\o 
\o 
\o 
\o *Info*    Run start for Point ID (14 1) on testbench [ Af ].
\o 
\o Resetting statistical vars
\o 
\o *Info*    Setting parameter values ...
\o 
\o Setting var IS = "1"
\o Setting var IT = "0"
\o Setting var cdb1 = "160f"
\o Setting var cdb2 = "36.3f"
\o Setting var cds1 = "46.01f"
\o Setting var cds2 = "0"
\o Setting var cgb1 = "160.37f"
\o Setting var cgb2 = "36.3f"
\o Setting var cgd1 = "26.40f"
\o Setting var cgd2 = "25.6f"
\o Setting var cgs1 = "112.78f"
\o Setting var cgs2 = "28.61f"
\o Setting var gm1 = "0.227m"
\o Setting var gm2 = "0.2291m"
\o Setting var rds1 = "23893065.17"
\o Setting var rds2 = "200823"
\o Setting var temperature = "27"
\o Setting temp(T) = 27
\o 
\o *Info*    Netlist Directory =
\o           /home/saul/projects/FIL3601/Sim/LAB3/Shunt/adexl/results/data/Interactive.52/1/Af/netlist
\o 
\o 
\o *Info*    Data Directory    =
\o           /home/saul/projects/FIL3601/Sim/LAB3/Shunt/adexl/results/data/Interactive.52/1/Af
\o 
\o 
\o *Info*    Creating Netlist for Point ID (14 1)
\o 
\o generate netlist...
\o function ansCdlCompPrim redefined
\o function ansCdlCompPrim redefined
\o Begin Incremental Netlisting Nov 13 09:48:51 2025
\o WARNING (OSSHNL-225): The design variable 'gm', used in the last netlisting session in the current
\o run directory is not used in this netlisting session. The netlist(s) generated
\o in the last netlisting session cannot be reused for incremental netlisting.
\o Therefore re-netlisting the design.
\o 
\o End netlisting Nov 13 09:48:51 2025
\o 
\o Netlisting Statistics:
\o 	Number of components:   17
\o 
\o 	Elapsed time:          0.0s
\o Errors: 0	Warnings: 0
\o       ...successful.
\o compose simulator input file...
\o       ...successful.
\# Memory report: using         479 MB, process size 2,282 MB at UTC 2025.11.13 09:48:52.827
\o 
\o *Info*    Running simulation on testbench [ Af ] for Point ID (14 1).
\o 
\o Delete psf data in /home/saul/projects/FIL3601/Sim/LAB3/Shunt/adexl/results/data/Interactive.52/1/Af/psf.
\o compose simulator input file...
\o       ...successful.
\o start simulator if needed...
\o       ...successful.
\o simulate...
\o To view the simulator output, right-click on the test name, result 
\o name, or any value in the "Results" tab of the Outputs section and 
\o choose "Output Log" menu option.
\o INFO (ADE-3071): Simulation completed successfully.
\o reading simulation data...
\o       ...successful.
\o *Info*    Client has finished evaluating ... 
\o 
\o 
\o *Info*    Run complete for Point ID (14 1) on testbench [ Af ].
\o 
\o 
\o 
\o 
\o 
\o Simulation design variables differ from those on the cellView,
\o they have been saved in the file "/tmp/saved-design-variables".
\o To save future changes, copy variables to cellView before exiting.
\o 
\o 
\o *Info*    Configuring the session ...
\o 
\o 	Library      = LAB3
\o 	Cell         = Shunt
\o 	View         = schematic
\o 	Simulator    = spectre
\o 	State Path   = $AXL_SETUPDB_DIR/test_states
\o 	State Name   = Af_none_Interactive.53
\o 	Results DB   = /home/saul/projects/FIL3601/LAB3/Shunt/adexl/results/data/Interactive.53.rdb
\o 	Results Dir  = /home/saul/projects/FIL3601/Sim/LAB3/Shunt/adexl/results/data/Interactive.53/1/Af
\o 	Results Loc  = /home/saul/projects/FIL3601/Sim/LAB3/Shunt/adexl/results/data
\o 	Project Dir  = /home/saul/projects/FIL3601/Sim
\o 	Setup DB loc = /home/saul/projects/FIL3601/LAB3/Shunt/adexl
\o 	File Encoding = 0
\o 
\o 
\o 
\o *Info*    The auto suspension is disabled.
\o 
\o 
\o 
\o 
\o 
\o 
\o *Info*    Run start for Point ID (15 1) on testbench [ Af ].
\o 
\o Resetting statistical vars
\o 
\o *Info*    Setting parameter values ...
\o 
\o Setting var IS = "1"
\o Setting var IT = "0"
\o Setting var cdb1 = "160f"
\o Setting var cdb2 = "36.3f"
\o Setting var cds1 = "46.01f"
\o Setting var cds2 = "0"
\o Setting var cgb1 = "160.37f"
\o Setting var cgb2 = "36.3f"
\o Setting var cgd1 = "26.40f"
\o Setting var cgd2 = "25.6f"
\o Setting var cgs1 = "112.78f"
\o Setting var cgs2 = "28.61f"
\o Setting var gm1 = "0.227m"
\o Setting var gm2 = "0.2291m"
\o Setting var rds1 = "23893065.17"
\o Setting var rds2 = "200823"
\o Setting var temperature = "27"
\o Setting temp(T) = 27
\o 
\o *Info*    Netlist Directory =
\o           /home/saul/projects/FIL3601/Sim/LAB3/Shunt/adexl/results/data/Interactive.53/1/Af/netlist
\o 
\o 
\o *Info*    Data Directory    =
\o           /home/saul/projects/FIL3601/Sim/LAB3/Shunt/adexl/results/data/Interactive.53/1/Af
\o 
\o 
\o *Info*    Creating Netlist for Point ID (15 1)
\o 
\o generate netlist...
\o function ansCdlCompPrim redefined
\o function ansCdlCompPrim redefined
\o Begin Incremental Netlisting Nov 13 09:50:49 2025
\o End netlisting Nov 13 09:50:50 2025
\o 
\o Netlisting Statistics:
\o 	Number of components:   10
\o 
\o 	Elapsed time:          1.0s (10.00/s)
\o Errors: 0	Warnings: 0
\o       ...successful.
\o compose simulator input file...
\o       ...successful.
\o 
\o *Info*    Running simulation on testbench [ Af ] for Point ID (15 1).
\o 
\o Delete psf data in /home/saul/projects/FIL3601/Sim/LAB3/Shunt/adexl/results/data/Interactive.53/1/Af/psf.
\o compose simulator input file...
\o       ...successful.
\o start simulator if needed...
\o       ...successful.
\o simulate...
\o To view the simulator output, right-click on the test name, result 
\o name, or any value in the "Results" tab of the Outputs section and 
\o choose "Output Log" menu option.
\o INFO (ADE-3071): Simulation completed successfully.
\o reading simulation data...
\o       ...successful.
\o *Info*    Client has finished evaluating ... 
\o 
\o 
\o *Info*    Run complete for Point ID (15 1) on testbench [ Af ].
\o 
\o 
\o 
\o 
\o 
\o Simulation design variables differ from those on the cellView,
\o they have been saved in the file "/tmp/saved-design-variables".
\o To save future changes, copy variables to cellView before exiting.
\o 
\o 
\o *Info*    Configuring the session ...
\o 
\o 	Library      = LAB3
\o 	Cell         = Shunt
\o 	View         = schematic
\o 	Simulator    = spectre
\o 	State Path   = $AXL_SETUPDB_DIR/test_states
\o 	State Name   = Af_none_Interactive.54
\o 	Results DB   = /home/saul/projects/FIL3601/LAB3/Shunt/adexl/results/data/Interactive.54.rdb
\o 	Results Dir  = /home/saul/projects/FIL3601/Sim/LAB3/Shunt/adexl/results/data/Interactive.54/1/Af
\o 	Results Loc  = /home/saul/projects/FIL3601/Sim/LAB3/Shunt/adexl/results/data
\o 	Project Dir  = /home/saul/projects/FIL3601/Sim
\o 	Setup DB loc = /home/saul/projects/FIL3601/LAB3/Shunt/adexl
\o 	File Encoding = 0
\o 
\o 
\o 
\o *Info*    The auto suspension is disabled.
\o 
\o 
\o 
\o 
\o 
\o 
\o *Info*    Run start for Point ID (16 1) on testbench [ Af ].
\o 
\o Resetting statistical vars
\o 
\o *Info*    Setting parameter values ...
\o 
\o Setting var IS = "1"
\o Setting var IT = "0"
\o Setting var cdb1 = "160f"
\o Setting var cdb2 = "36.3f"
\o Setting var cds1 = "46.01f"
\o Setting var cds2 = "0"
\o Setting var cgb1 = "160.37f"
\o Setting var cgb2 = "36.3f"
\o Setting var cgd1 = "26.40f"
\o Setting var cgd2 = "25.6f"
\o Setting var cgs1 = "112.78f"
\o Setting var cgs2 = "28.61f"
\o Setting var gm1 = "0.227m"
\o Setting var gm2 = "0.2291m"
\o Setting var rds1 = "23893065.17"
\o Setting var rds2 = "200823"
\o Setting var temperature = "27"
\o Setting temp(T) = 27
\o 
\o *Info*    Netlist Directory =
\o           /home/saul/projects/FIL3601/Sim/LAB3/Shunt/adexl/results/data/Interactive.54/1/Af/netlist
\o 
\o 
\o *Info*    Data Directory    =
\o           /home/saul/projects/FIL3601/Sim/LAB3/Shunt/adexl/results/data/Interactive.54/1/Af
\o 
\o 
\o *Info*    Creating Netlist for Point ID (16 1)
\o 
\o generate netlist...
\o function ansCdlCompPrim redefined
\o function ansCdlCompPrim redefined
\o Begin Incremental Netlisting Nov 13 09:52:16 2025
\o End netlisting Nov 13 09:52:16 2025
\o 
\o Netlisting Statistics:
\o 	Number of components:   10
\o 
\o 	Elapsed time:          0.0s
\o Errors: 0	Warnings: 0
\o       ...successful.
\o compose simulator input file...
\o       ...successful.
\o 
\o *Info*    Running simulation on testbench [ Af ] for Point ID (16 1).
\o 
\o Delete psf data in /home/saul/projects/FIL3601/Sim/LAB3/Shunt/adexl/results/data/Interactive.54/1/Af/psf.
\o compose simulator input file...
\o       ...successful.
\o start simulator if needed...
\o       ...successful.
\o simulate...
\o To view the simulator output, right-click on the test name, result 
\o name, or any value in the "Results" tab of the Outputs section and 
\o choose "Output Log" menu option.
\o INFO (ADE-3071): Simulation completed successfully.
\o reading simulation data...
\o       ...successful.
\o *Info*    Client has finished evaluating ... 
\o 
\o 
\o *Info*    Run complete for Point ID (16 1) on testbench [ Af ].
\o 
\o 
\o 
\o 
\o 
\o Simulation design variables differ from those on the cellView,
\o they have been saved in the file "/tmp/saved-design-variables".
\o To save future changes, copy variables to cellView before exiting.
\o 
\o 
\o *Info*    Configuring the session ...
\o 
\o 	Library      = LAB3
\o 	Cell         = Shunt
\o 	View         = schematic
\o 	Simulator    = spectre
\o 	State Path   = $AXL_SETUPDB_DIR/test_states
\o 	State Name   = Af_none_Interactive.55
\o 	Results DB   = /home/saul/projects/FIL3601/LAB3/Shunt/adexl/results/data/Interactive.55.rdb
\o 	Results Dir  = /home/saul/projects/FIL3601/Sim/LAB3/Shunt/adexl/results/data/Interactive.55/1/Af
\o 	Results Loc  = /home/saul/projects/FIL3601/Sim/LAB3/Shunt/adexl/results/data
\o 	Project Dir  = /home/saul/projects/FIL3601/Sim
\o 	Setup DB loc = /home/saul/projects/FIL3601/LAB3/Shunt/adexl
\o 	File Encoding = 0
\o 
\o 
\o 
\o *Info*    The auto suspension is disabled.
\o 
\o 
\o 
\o 
\o 
\o 
\o *Info*    Run start for Point ID (17 1) on testbench [ Af ].
\o 
\o Resetting statistical vars
\o 
\o *Info*    Setting parameter values ...
\o 
\o Setting var IS = "1"
\o Setting var IT = "0"
\o Setting var cdb1 = "160f"
\o Setting var cdb2 = "36.3f"
\o Setting var cds1 = "46.01f"
\o Setting var cds2 = "0"
\o Setting var cgb1 = "160.37f"
\o Setting var cgb2 = "36.3f"
\o Setting var cgd1 = "26.40f"
\o Setting var cgd2 = "25.6f"
\o Setting var cgs1 = "112.78f"
\o Setting var cgs2 = "28.61f"
\o Setting var gm1 = "0.227m"
\o Setting var gm2 = "0.2291m"
\o Setting var rds1 = "23893065.17"
\o Setting var rds2 = "200823"
\o Setting var temperature = "27"
\o Setting temp(T) = 27
\o 
\o *Info*    Netlist Directory =
\o           /home/saul/projects/FIL3601/Sim/LAB3/Shunt/adexl/results/data/Interactive.55/1/Af/netlist
\o 
\o 
\o *Info*    Data Directory    =
\o           /home/saul/projects/FIL3601/Sim/LAB3/Shunt/adexl/results/data/Interactive.55/1/Af
\o 
\o 
\o *Info*    Creating Netlist for Point ID (17 1)
\o 
\o generate netlist...
\o function ansCdlCompPrim redefined
\o function ansCdlCompPrim redefined
\o Begin Incremental Netlisting Nov 13 09:54:49 2025
\o End netlisting Nov 13 09:54:49 2025
\o 
\o Netlisting Statistics:
\o 	Number of components:   10
\o 
\o 	Elapsed time:          0.0s
\o Errors: 0	Warnings: 0
\o       ...successful.
\o compose simulator input file...
\o       ...successful.
\o 
\o *Info*    Running simulation on testbench [ Af ] for Point ID (17 1).
\o 
\o Delete psf data in /home/saul/projects/FIL3601/Sim/LAB3/Shunt/adexl/results/data/Interactive.55/1/Af/psf.
\o compose simulator input file...
\o       ...successful.
\o start simulator if needed...
\o       ...successful.
\o simulate...
\o To view the simulator output, right-click on the test name, result 
\o name, or any value in the "Results" tab of the Outputs section and 
\o choose "Output Log" menu option.
\o INFO (ADE-3071): Simulation completed successfully.
\o reading simulation data...
\o       ...successful.
\o *Info*    Client has finished evaluating ... 
\o 
\o 
\o *Info*    Run complete for Point ID (17 1) on testbench [ Af ].
\o 
\o 
\o 
\o 
\o 
\o Simulation design variables differ from those on the cellView,
\o they have been saved in the file "/tmp/saved-design-variables".
\o To save future changes, copy variables to cellView before exiting.
\o 
\o 
\o *Info*    Configuring the session ...
\o 
\o 	Library      = LAB3
\o 	Cell         = Shunt
\o 	View         = schematic
\o 	Simulator    = spectre
\o 	State Path   = $AXL_SETUPDB_DIR/test_states
\o 	State Name   = Af_none_Interactive.56
\o 	Results DB   = /home/saul/projects/FIL3601/LAB3/Shunt/adexl/results/data/Interactive.56.rdb
\o 	Results Dir  = /home/saul/projects/FIL3601/Sim/LAB3/Shunt/adexl/results/data/Interactive.56/1/Af
\o 	Results Loc  = /home/saul/projects/FIL3601/Sim/LAB3/Shunt/adexl/results/data
\o 	Project Dir  = /home/saul/projects/FIL3601/Sim
\o 	Setup DB loc = /home/saul/projects/FIL3601/LAB3/Shunt/adexl
\o 	File Encoding = 0
\o 
\o 
\o 
\o *Info*    The auto suspension is disabled.
\o 
\o 
\o 
\o 
\o 
\o 
\o *Info*    Run start for Point ID (18 1) on testbench [ Af ].
\o 
\o Resetting statistical vars
\o 
\o *Info*    Setting parameter values ...
\o 
\o Setting var IS = "1"
\o Setting var IT = "0"
\o Setting var cdb1 = "160f"
\o Setting var cdb2 = "36.3f"
\o Setting var cds1 = "46.01f"
\o Setting var cds2 = "0"
\o Setting var cgb1 = "160.37f"
\o Setting var cgb2 = "36.3f"
\o Setting var cgd1 = "26.40f"
\o Setting var cgd2 = "25.6f"
\o Setting var cgs1 = "112.78f"
\o Setting var cgs2 = "28.61f"
\o Setting var gm1 = "0.227m"
\o Setting var gm2 = "0.2291m"
\o Setting var rds1 = "23893065.17"
\o Setting var rds2 = "200823"
\o Setting var temperature = "27"
\o Setting temp(T) = 27
\o 
\o *Info*    Netlist Directory =
\o           /home/saul/projects/FIL3601/Sim/LAB3/Shunt/adexl/results/data/Interactive.56/1/Af/netlist
\o 
\o 
\o *Info*    Data Directory    =
\o           /home/saul/projects/FIL3601/Sim/LAB3/Shunt/adexl/results/data/Interactive.56/1/Af
\o 
\o 
\o *Info*    Creating Netlist for Point ID (18 1)
\o 
\o generate netlist...
\o function ansCdlCompPrim redefined
\o function ansCdlCompPrim redefined
\o Begin Incremental Netlisting Nov 13 09:56:31 2025
\o End netlisting Nov 13 09:56:31 2025
\o 
\o Netlisting Statistics:
\o 	Number of components:   10
\o 
\o 	Elapsed time:          0.0s
\o Errors: 0	Warnings: 0
\o       ...successful.
\o compose simulator input file...
\o       ...successful.
\o 
\o *Info*    Running simulation on testbench [ Af ] for Point ID (18 1).
\o 
\o Delete psf data in /home/saul/projects/FIL3601/Sim/LAB3/Shunt/adexl/results/data/Interactive.56/1/Af/psf.
\o compose simulator input file...
\o       ...successful.
\o start simulator if needed...
\o       ...successful.
\o simulate...
\o To view the simulator output, right-click on the test name, result 
\o name, or any value in the "Results" tab of the Outputs section and 
\o choose "Output Log" menu option.
\o INFO (ADE-3071): Simulation completed successfully.
\o reading simulation data...
\o       ...successful.
\o *Info*    Client has finished evaluating ... 
\o 
\o 
\o *Info*    Run complete for Point ID (18 1) on testbench [ Af ].
\o 
\o 
\o 
\o 
\o 
\o Simulation design variables differ from those on the cellView,
\o they have been saved in the file "/tmp/saved-design-variables".
\o To save future changes, copy variables to cellView before exiting.
\o 
\o 
\o *Info*    Configuring the session ...
\o 
\o 	Library      = LAB3
\o 	Cell         = Shunt
\o 	View         = schematic
\o 	Simulator    = spectre
\o 	State Path   = $AXL_SETUPDB_DIR/test_states
\o 	State Name   = Af_none_Interactive.57
\o 	Results DB   = /home/saul/projects/FIL3601/LAB3/Shunt/adexl/results/data/Interactive.57.rdb
\o 	Results Dir  = /home/saul/projects/FIL3601/Sim/LAB3/Shunt/adexl/results/data/Interactive.57/1/Af
\o 	Results Loc  = /home/saul/projects/FIL3601/Sim/LAB3/Shunt/adexl/results/data
\o 	Project Dir  = /home/saul/projects/FIL3601/Sim
\o 	Setup DB loc = /home/saul/projects/FIL3601/LAB3/Shunt/adexl
\o 	File Encoding = 0
\o 
\o 
\o 
\o *Info*    The auto suspension is disabled.
\o 
\o 
\o 
\o 
\o 
\o 
\o *Info*    Run start for Point ID (19 1) on testbench [ Af ].
\o 
\o Resetting statistical vars
\o 
\o *Info*    Setting parameter values ...
\o 
\o Setting var IS = "1"
\o Setting var IT = "0"
\o Setting var cdb1 = "160f"
\o Setting var cdb2 = "36.3f"
\o Setting var cds1 = "46.01f"
\o Setting var cds2 = "0"
\o Setting var cgb1 = "160.37f"
\o Setting var cgb2 = "36.3f"
\o Setting var cgd1 = "26.40f"
\o Setting var cgd2 = "25.6f"
\o Setting var cgs1 = "112.78f"
\o Setting var cgs2 = "28.61f"
\o Setting var gm1 = "0.227m"
\o Setting var gm2 = "0.2291m"
\o Setting var rds1 = "23893065.17"
\o Setting var rds2 = "200823"
\o Setting var temperature = "27"
\o Setting temp(T) = 27
\o 
\o *Info*    Netlist Directory =
\o           /home/saul/projects/FIL3601/Sim/LAB3/Shunt/adexl/results/data/Interactive.57/1/Af/netlist
\o 
\o 
\o *Info*    Data Directory    =
\o           /home/saul/projects/FIL3601/Sim/LAB3/Shunt/adexl/results/data/Interactive.57/1/Af
\o 
\o 
\o *Info*    Creating Netlist for Point ID (19 1)
\o 
\o generate netlist...
\o function ansCdlCompPrim redefined
\o function ansCdlCompPrim redefined
\o Begin Incremental Netlisting Nov 13 09:57:21 2025
\o WARNING (OSSHNL-941): Failed to open the sameCellNamesInMultipleLibs file '/home/saul/projects/FIL3601/Sim/LAB3/Shunt/adexl/results/data/Interactive.47/1/Af/netlist/ihnl/sameCellNamesInMultipleLibs', in the append mode.
\o Ensure that you have the write permission for the mentioned file.
\o 
\o End netlisting Nov 13 09:57:21 2025
\o 
\o Netlisting Statistics:
\o 	Number of components:   10
\o 
\o 	Elapsed time:          0.0s
\o Errors: 0	Warnings: 0
\o       ...successful.
\o compose simulator input file...
\o       ...successful.
\o 
\o *Info*    Running simulation on testbench [ Af ] for Point ID (19 1).
\o 
\o Delete psf data in /home/saul/projects/FIL3601/Sim/LAB3/Shunt/adexl/results/data/Interactive.57/1/Af/psf.
\o compose simulator input file...
\o       ...successful.
\o start simulator if needed...
\o       ...successful.
\o simulate...
\o To view the simulator output, right-click on the test name, result 
\o name, or any value in the "Results" tab of the Outputs section and 
\o choose "Output Log" menu option.
\o INFO (ADE-3071): Simulation completed successfully.
\o reading simulation data...
\o       ...successful.
\o *Info*    Client has finished evaluating ... 
\o 
\o 
\o *Info*    Run complete for Point ID (19 1) on testbench [ Af ].
\o 
\o 
\o 
\o 
\o 
\o Simulation design variables differ from those on the cellView,
\o they have been saved in the file "/tmp/saved-design-variables".
\o To save future changes, copy variables to cellView before exiting.
\o 
\o 
\o *Info*    Configuring the session ...
\o 
\o 	Library      = LAB3
\o 	Cell         = Shunt
\o 	View         = schematic
\o 	Simulator    = spectre
\o 	State Path   = $AXL_SETUPDB_DIR/test_states
\o 	State Name   = Af_none_Interactive.58
\o 	Results DB   = /home/saul/projects/FIL3601/LAB3/Shunt/adexl/results/data/Interactive.58.rdb
\o 	Results Dir  = /home/saul/projects/FIL3601/Sim/LAB3/Shunt/adexl/results/data/Interactive.58/1/Af
\o 	Results Loc  = /home/saul/projects/FIL3601/Sim/LAB3/Shunt/adexl/results/data
\o 	Project Dir  = /home/saul/projects/FIL3601/Sim
\o 	Setup DB loc = /home/saul/projects/FIL3601/LAB3/Shunt/adexl
\o 	File Encoding = 0
\o 
\o 
\o 
\o *Info*    The auto suspension is disabled.
\o 
\o 
\o 
\o 
\o 
\o 
\o *Info*    Run start for Point ID (20 1) on testbench [ Af ].
\o 
\o Resetting statistical vars
\o 
\o *Info*    Setting parameter values ...
\o 
\o Setting var IS = "1"
\o Setting var IT = "0"
\o Setting var cdb1 = "160f"
\o Setting var cdb2 = "36.3f"
\o Setting var cds1 = "46.01f"
\o Setting var cds2 = "0"
\o Setting var cgb1 = "160.37f"
\o Setting var cgb2 = "36.3f"
\o Setting var cgd1 = "26.40f"
\o Setting var cgd2 = "25.6f"
\o Setting var cgs1 = "112.78f"
\o Setting var cgs2 = "28.61f"
\o Setting var gm1 = "0.227m"
\o Setting var gm2 = "0.2291m"
\o Setting var rds1 = "23893065.17"
\o Setting var rds2 = "200823"
\o Setting var temperature = "27"
\o Setting temp(T) = 27
\o 
\o *Info*    Netlist Directory =
\o           /home/saul/projects/FIL3601/Sim/LAB3/Shunt/adexl/results/data/Interactive.58/1/Af/netlist
\o 
\o 
\o *Info*    Data Directory    =
\o           /home/saul/projects/FIL3601/Sim/LAB3/Shunt/adexl/results/data/Interactive.58/1/Af
\o 
\o 
\o *Info*    Creating Netlist for Point ID (20 1)
\o 
\o generate netlist...
\o function ansCdlCompPrim redefined
\o function ansCdlCompPrim redefined
\o Begin Incremental Netlisting Nov 13 09:58:07 2025
\o WARNING (OSSHNL-941): Failed to open the sameCellNamesInMultipleLibs file '/home/saul/projects/FIL3601/Sim/LAB3/Shunt/adexl/results/data/Interactive.47/1/Af/netlist/ihnl/sameCellNamesInMultipleLibs', in the append mode.
\o Ensure that you have the write permission for the mentioned file.
\o 
\o End netlisting Nov 13 09:58:07 2025
\o 
\o Netlisting Statistics:
\o 	Number of components:   10
\o 
\o 	Elapsed time:          0.0s
\o Errors: 0	Warnings: 0
\o       ...successful.
\o compose simulator input file...
\o       ...successful.
\o 
\o *Info*    Running simulation on testbench [ Af ] for Point ID (20 1).
\o 
\o Delete psf data in /home/saul/projects/FIL3601/Sim/LAB3/Shunt/adexl/results/data/Interactive.58/1/Af/psf.
\o compose simulator input file...
\o       ...successful.
\o start simulator if needed...
\o       ...successful.
\o simulate...
\o To view the simulator output, right-click on the test name, result 
\o name, or any value in the "Results" tab of the Outputs section and 
\o choose "Output Log" menu option.
\o INFO (ADE-3071): Simulation completed successfully.
\o reading simulation data...
\o       ...successful.
\o *Info*    Client has finished evaluating ... 
\o 
\o 
\o *Info*    Run complete for Point ID (20 1) on testbench [ Af ].
\o 
\o 
\o 
\o 
\o 
\o Simulation design variables differ from those on the cellView,
\o they have been saved in the file "/tmp/saved-design-variables".
\o To save future changes, copy variables to cellView before exiting.
\# Lic Summary:
\# [10:03:17.414738] Cdslmd servers:3000@lic08.ug.kth.se
\# [10:03:17.415297] Feature usage summary:
\# Memory report: on exit            489 MB, process size 2,293 MB at UTC 2025.11.13 10:03:17.939
\# Memory report: peak usage         489 MB, process size 2,293 MB
