\# Program start time:     UTC 2025.10.23 06:19:10.777
\# Local time: UTC (UTC+00:00) 2025.10.23 06:19:10.777
\o Program:		@(#)$CDS: virtuoso version 6.1.8-64b 09/03/2024 19:11 (sjfhw316) $
\o Hierarchy:		/opt/tools/cadence/installs/IC618/tools.lnx86/dfII/
\o Sub version:		sub-version  IC6.1.8-64b.500.36  (64-bit addresses)
\# Command line:	/opt/tools/cadence/installs/IC618/tools.lnx86/dfII/bin/64bit/virtuoso -noautostart -mpssession virtuosoEjZCpZmPyxVxFUNXPEARvL_444 -mpshost 41555@b35621b5a0f6 -davinciService DaVinciService_645_1761196614 -log /home/saul/projects/FIL3601/logs_saul/logs1/Job54.log -licenseLockFileName /home/saul/projects/FIL3601/.tmp_saul/.b35621b5a0f6_645 -interactiveA -interactiveE -interactiveRTT -nostdin -nographE -axlChildIdFlag 54
\# Host name (type):	b35621b5a0f6 (x86_64)
\# Operating system:	Linux 6.10.14-linuxkit #1 SMP PREEMPT_DYNAMIC Tue Apr 15 16:05:22 UTC 2025
\# Linux /etc/issue:	\S
\# Linux /etc/issue:	Kernel \r on an \m
\# X display name (WxH):	:7568 (1024x868)
\# Available geometry:			TL(0:0) BR(1023:867)
\# X server:			The X.Org Foundation
\# Depth of Visual (Root):	24 (24)
\# Number of Planes Used:	24
\# X version:		11.0 (vendor release 12011000)
\# X resource pool:	base 0x400000, mask 0x1fffff (2097151), shift 0
\# 			current id 0x0, current max 0x1ffffa (2097146)
\# Max data seg size:	     unlimited
\# Max process size:	     unlimited
\# Initial sbrk value:	        846 MB
\# Available memory:	     23,423 MB
\# System memory:	     28,093 MB
\# Maximum memory size:	     27,367 MB
\# Max mem available:	     23,543 MB
\# Initial memory used:	        120 MB
\#        process size:	      1,677 MB
\# Thread usage limits (effective/default):	maxthreads 4294967295/4294967295 maxload 16.00/16.00
\# Qt version:		5.9.1
\# Window Manager:	other
\# User Name:		saul
\o Working Directory:	b35621b5a0f6:/home/saul/projects/FIL3601
\# Process Id:		42515
\# Container Id:	EjZCpZmPyxVxFUNXPEARvL
\o 
\o COPYRIGHT (C) 1992-2024  CADENCE DESIGN SYSTEMS INC.  ALL RIGHTS RESERVED.
\o           (C) 1992-2024  UNIX SYSTEMS Laboratories INC.,
\o                          Reproduced with permission.
\o 
\o This Cadence Design Systems program and online documentation are
\o proprietary/confidential information and may be disclosed/used only
\o as authorized in a license agreement controlling such use and disclosure.
\o 
\o           RESTRICTED RIGHTS NOTICE (SHORT FORM)
\o Use/reproduction/disclosure is subject to restriction
\o set forth at FAR 1252.227-19 or its equivalent.
\o Loading geView.cxt 
\o Loading menuBuilder.cxt 
\o Loading schView.cxt 
\o Loading selectSv.cxt 
\o Loading pvsui.cxt
\o Loading wireEdit.cxt 
\o Loading pte2.cxt 
\o Loading xlUI.cxt 
\o Loading auCore.cxt 
\o Loading vhdl.cxt 
\o Loading seismic.cxt 
\o Loading ci.cxt 
\o Loading ams.cxt 
\o Loading oasis.cxt 
\o Loading analog.cxt 
\o Loading asimenv.cxt 
\o Loading dal.cxt 
\o Loading awv.cxt 
\o Loading socket.cxt 
\o Loading par.cxt 
\o Loading alvs.cxt 
\o Loading caa.cxt 
\o Loading amps.cxt 
\o Loading adexlCore.cxt 
\o Loading adexl.cxt 
\o *Info*    Exporting services from client ... 
\o 
\o Loading adexlDM.cxt 
\o Loading cpf.cxt 
\o Loading cli.cxt 
\o Loading lp.cxt 
\o INFO (ELI-00302) Connecting to parent process (session=virtuosoEjZCpZmPyxVxFUNXPEARvL_444, host=41555@b35621b5a0f6). Connection mode is ICRP. Total timeout is 180 seconds. Connection timeout is 90 seconds.
\o INFO (ELI-00303) Step 1: Connecting to parent. Time spent is 0 seconds.
\o INFO (ELI-00304) The registration of the child 42515 within 90 seconds is being processed...
\o INFO (ELI-00305) The result of registration is true. Time spent is 1 seconds.
\o INFO (ELI-00308) The connection has ended. Result is true. Total time spent is 1 seconds.
\# [06:19:11.512401] Configured Lic search path (22.01-s002): 3000@lic08.ug.kth.se
\# Available memory:         21,880 MB at UTC 2025.10.23 06:19:22.623
\# Memory report: Maximum memory size now 22,153 MB at UTC 2025.10.23 06:19:22.623
\# Thread usage report: 21 active threads, active load 1.40 at UTC 2025.10.23 06:19:22.623
\# Memory report: using         273 MB, process size 1,960 MB at UTC 2025.10.23 06:19:22.623
\o Loading .cdsinit for the XH018 X-Fab XKit.
\o     LOAD xh018_1143 SPECIFIC CALL-BACK ROUTINES
\o     LOAD ALL AVAILABLE P-CELL FUNCTIONS
\o ** Info: PDK loadpath is "/opt/pdk/xfab/XKIT/xh018/cadence/v10_0/PDK/IC61/v10_0_3"
\o Loading XfSktTools.cxt
\o Loading XfMenu.cxt
\o Loading XfTechXh018.cxt
\o Loading XfPcellCore.cxt
\o function ansiSpicePrintProperties_subcircuit redefined
\o Loading XfSkillExt.cxt
\o Initializing library.
\o Finished Initializing Library .
\o     Generic PcellKit: 'production' loaded.
\o     Generic Pcell Skill Tools: 'production' loaded.
\o Loading Circuit Prospector Setup (XfCircuitProspSetup.il)
\o     LOAD THE ENVIRONMENT FILE
\o  --> Setting the required PDK definitions...
\o     GDSII LAYER MAPPING FILE = "./.xkit/setup/xh018/cadence/PDK/TECH_XH018_1143/strmInOut.layertable"
\o     GDSII OBJECT MAPPING FILE = "./.xkit/setup/xh018/cadence/PDK/TECH_XH018_1143/strmOutObjects.map"
\o Use model setup from PDK...
\o Loading spectrei.cxt 
\o Loading devCheck.cxt 
\o Loading relXpert.cxt 
\o Loading vdsil.cxt 
\o Loading hspiceD.cxt 
\o Loading spectreinl.cxt 
\o Loading UltraSim.cxt 
\o Loading msgHandler.cxt 
\o Loading AMSOSS.cxt 
\o Loading AMS.cxt 
\o  --> Finished setting the required PDK definitions
\o  --> Setting the recommended EDA tool defaults...
\o  --> Finished setting the recommended EDA tool defaults
\o     LOAD DEFAULT BINDKEYS
\o Loading viva.cxt 
\o *Info*    Client has finished starting ... 
\o 
\p > 
\w *WARNING* could not load font "-*-courier-medium-r-*-*-12-*", using font "fixed"
\# Loading perfDiag...
\# (PerfDiag): Set GDB path to environment variable 'gdbPath' (gdb).
\# Memory report: using         378 MB, process size 2,067 MB at UTC 2025.10.23 06:19:24.183
\# Performance Diagnostic tool is installed. You can access PerfDiag from CIW Tools or use the shell command 'cdsPerfDiag -p 42515' to open it when Virtuoso freezes.
\# (PerfDiag): Use backtrace from GLIBC.
\w *WARNING* _perfPstackCheck: Cannot find pstack/gstack. Please setup PATH environment variable to pstack/gstack executable.
\o Loading vqp.cxt 
\o Loading hdlPkg.cxt 
\o Loading simui.cxt 
\o 
\o 
\o *Info*    Configuring the session ...
\o 
\o 	Library      = LAB1
\o 	Cell         = GM_ID
\o 	View         = schematic
\o 	Netlist  	  = nil
\o 	Simulator    = spectre
\o 	State Path   = $AXL_SETUPDB_DIR/test_states
\o 	State Name   = DAY2:GM_ID:1_DAY2:GM_ID:1_Oct_23_06_19_03_2025_Ocean.34
\o 	Results DB   = /home/saul/projects/FIL3601/LAB1/GM_ID/adexl/results/data/Ocean.34.rdb
\o 	Setup DB loc = /home/saul/projects/FIL3601/LAB1/GM_ID/adexl
\o 
\o 
\o 
\o *Info*    The auto suspension is disabled.
\o 
\o     LOAD GENERIC "X-KIT" SKILL CONTEXT "./.xkit/setup/x_all/cadence/xenv/skill/context6/xkit.cxt" 
\o  - Menu "XKit Utilities" installed to CIW.
\o     LOAD ".cdsinit_personal" FILE FROM THE WORKING DIRECTORY.
\o     INFO: To customize this setup, please use the following environment variables:
\o           CUSTOM_SCRIPT_PATH - should point to the master shell or perl script
\o                              e.g.:
\o                              setenv CUSTOM_SCRIPT_PATH /path/to/my/script/LoadMyScripts.csh
\o           CUSTOM_SKILL_PATH - should point to your master skill load file
\o                              e.g.:
\o                              setenv CUSTOM_SKILL_PATH /path/to/my/skill/LoadMySkills.il
\o  loading default key binding 
\o  -> END LOAD ".cdsinit" FILE
\o Loading monte.cxt 
\o 
\o 
\o 
\o 
\o 
\o *Info*    Run start for Point ID (0 6) on testbench [ DAY2:GM_ID:1 ].
\o 
\o Resetting statistical vars
\o 
\o *Info*    Setting parameter values ...
\o 
\o Setting var IDS = "3.16227766n"
\o Setting var L = "180e-9"
\o Setting var NF = "4"
\o Setting var VDS = "0.5"
\o Setting var WF = "8e-6"
\o Setting var temperature = "27"
\o Setting temp(T) = 27
\o 
\o *Info*    Netlist Directory =
\o           /home/saul/projects/FIL3601/Sim/LAB1/GM_ID/adexl/results/data/Ocean.34/6/DAY2:GM_ID:1/netlist
\o 
\o 
\o *Info*    Data Directory    =
\o           /home/saul/projects/FIL3601/Sim/LAB1/GM_ID/adexl/results/data/Ocean.34/6/DAY2:GM_ID:1
\o 
\o 
\o *Info*    Creating Netlist for Point ID (0 6)
\o 
\o generate netlist...
\o Loading hnlInit.cxt 
\o Loading seCore.cxt 
\o function ansCdlCompPrim redefined
\o function ansCdlCompPrim redefined
\# [06:19:25.322314] Periodic Lic check successful
\# [06:19:25.322315] Feature usage summary:
\o Begin Incremental Netlisting Oct 23 06:19:25 2025
\o End netlisting Oct 23 06:19:25 2025
\o 
\o 	The netlist is up to date.
\o 	Time taken to compare the design with netlist:   0.0s
\o       ...successful.
\o compose simulator input file...
\o       ...successful.
\o 
\o *Info*    Running simulation on testbench [ DAY2:GM_ID:1 ] for Point
\o           ID (0 6).
\o 
\o Delete psf data in /home/saul/projects/FIL3601/Sim/LAB1/GM_ID/adexl/results/data/Ocean.34/6/DAY2:GM_ID:1/psf.
\o simulate...
\o INFO (ADE-3071): Simulation completed successfully.
\o reading simulation data...
\o       ...successful.
\o *Info*    Client has finished evaluating ... 
\o 
\o 
\o *Info*    Run complete for Point ID (0 6) on testbench [ DAY2:GM_ID:1
\o           ].
\o 
\o 
\o 
\o 
\o 
\o 
\o 
\o 
\o 
\o 
\o *Info*    Run start for Point ID (0 13) on testbench [ DAY2:GM_ID:1 ].
\o 
\o Resetting statistical vars
\o 
\o *Info*    Setting parameter values ...
\o 
\o Setting var IDS = "15.84893192n"
\o 
\o *Info*    Netlist Directory =
\o           /home/saul/projects/FIL3601/Sim/LAB1/GM_ID/adexl/results/data/Ocean.34/13/DAY2:GM_ID:1/netlist
\o 
\o 
\o *Info*    Data Directory    =
\o           /home/saul/projects/FIL3601/Sim/LAB1/GM_ID/adexl/results/data/Ocean.34/13/DAY2:GM_ID:1
\o 
\o 
\o *Info*    Creating Netlist for Point ID (0 13)
\o 
\o generate netlist...
\o function ansCdlCompPrim redefined
\o function ansCdlCompPrim redefined
\o Begin Incremental Netlisting Oct 23 06:19:30 2025
\o End netlisting Oct 23 06:19:30 2025
\o 
\o 	The netlist is up to date.
\o 	Time taken to compare the design with netlist:   0.0s
\o       ...successful.
\o compose simulator input file...
\o       ...successful.
\o 
\o *Info*    Running simulation on testbench [ DAY2:GM_ID:1 ] for Point
\o           ID (0 13).
\o 
\o Delete psf data in /home/saul/projects/FIL3601/Sim/LAB1/GM_ID/adexl/results/data/Ocean.34/13/DAY2:GM_ID:1/psf.
\o simulate...
\# Memory report: Maximum memory size now 20,815 MB at UTC 2025.10.23 06:19:32.742
\# Thread usage report: 22 active threads, active load 1.40 at UTC 2025.10.23 06:19:32.742
\o INFO (ADE-3071): Simulation completed successfully.
\o reading simulation data...
\o       ...successful.
\o *Info*    Client has finished evaluating ... 
\o 
\o 
\o *Info*    Run complete for Point ID (0 13) on testbench [
\o           DAY2:GM_ID:1 ].
\o 
\o 
\o 
\o 
\o 
\o 
\o 
\o 
\o 
\o 
\o *Info*    Run start for Point ID (0 22) on testbench [ DAY2:GM_ID:1 ].
\o 
\o Resetting statistical vars
\o 
\o *Info*    Setting parameter values ...
\o 
\o Setting var IDS = "125.8925412n"
\o 
\o *Info*    Netlist Directory =
\o           /home/saul/projects/FIL3601/Sim/LAB1/GM_ID/adexl/results/data/Ocean.34/22/DAY2:GM_ID:1/netlist
\o 
\o 
\o *Info*    Data Directory    =
\o           /home/saul/projects/FIL3601/Sim/LAB1/GM_ID/adexl/results/data/Ocean.34/22/DAY2:GM_ID:1
\o 
\o 
\o *Info*    Creating Netlist for Point ID (0 22)
\o 
\o generate netlist...
\o function ansCdlCompPrim redefined
\o function ansCdlCompPrim redefined
\o Begin Incremental Netlisting Oct 23 06:19:35 2025
\o End netlisting Oct 23 06:19:35 2025
\o 
\o 	The netlist is up to date.
\o 	Time taken to compare the design with netlist:   0.0s
\o       ...successful.
\o compose simulator input file...
\o       ...successful.
\o 
\o *Info*    Running simulation on testbench [ DAY2:GM_ID:1 ] for Point
\o           ID (0 22).
\o 
\o Delete psf data in /home/saul/projects/FIL3601/Sim/LAB1/GM_ID/adexl/results/data/Ocean.34/22/DAY2:GM_ID:1/psf.
\o simulate...
\o INFO (ADE-3071): Simulation completed successfully.
\o reading simulation data...
\o       ...successful.
\o *Info*    Client has finished evaluating ... 
\o 
\o 
\o *Info*    Run complete for Point ID (0 22) on testbench [
\o           DAY2:GM_ID:1 ].
\o 
\o 
\o 
\o 
\o 
\o 
\o 
\o 
\o 
\o 
\o *Info*    Run start for Point ID (0 29) on testbench [ DAY2:GM_ID:1 ].
\o 
\o Resetting statistical vars
\o 
\o *Info*    Setting parameter values ...
\o 
\o Setting var IDS = "630.9573445n"
\o 
\o *Info*    Netlist Directory =
\o           /home/saul/projects/FIL3601/Sim/LAB1/GM_ID/adexl/results/data/Ocean.34/29/DAY2:GM_ID:1/netlist
\o 
\o 
\o *Info*    Data Directory    =
\o           /home/saul/projects/FIL3601/Sim/LAB1/GM_ID/adexl/results/data/Ocean.34/29/DAY2:GM_ID:1
\o 
\o 
\o *Info*    Creating Netlist for Point ID (0 29)
\o 
\o generate netlist...
\o function ansCdlCompPrim redefined
\o function ansCdlCompPrim redefined
\o Begin Incremental Netlisting Oct 23 06:19:39 2025
\o End netlisting Oct 23 06:19:39 2025
\o 
\o 	The netlist is up to date.
\o 	Time taken to compare the design with netlist:   0.0s
\o       ...successful.
\o compose simulator input file...
\o       ...successful.
\o 
\o *Info*    Running simulation on testbench [ DAY2:GM_ID:1 ] for Point
\o           ID (0 29).
\o 
\o Delete psf data in /home/saul/projects/FIL3601/Sim/LAB1/GM_ID/adexl/results/data/Ocean.34/29/DAY2:GM_ID:1/psf.
\o simulate...
\o INFO (ADE-3071): Simulation completed successfully.
\o reading simulation data...
\o       ...successful.
\o *Info*    Client has finished evaluating ... 
\o 
\o 
\o *Info*    Run complete for Point ID (0 29) on testbench [
\o           DAY2:GM_ID:1 ].
\o 
\o 
\o 
\o 
\o 
\o 
\o 
\o 
\o 
\o 
\o *Info*    Run start for Point ID (0 37) on testbench [ DAY2:GM_ID:1 ].
\o 
\o Resetting statistical vars
\o 
\o *Info*    Setting parameter values ...
\o 
\o Setting var IDS = "3.981071706u"
\o 
\o *Info*    Netlist Directory =
\o           /home/saul/projects/FIL3601/Sim/LAB1/GM_ID/adexl/results/data/Ocean.34/37/DAY2:GM_ID:1/netlist
\o 
\o 
\o *Info*    Data Directory    =
\o           /home/saul/projects/FIL3601/Sim/LAB1/GM_ID/adexl/results/data/Ocean.34/37/DAY2:GM_ID:1
\o 
\o 
\o *Info*    Creating Netlist for Point ID (0 37)
\o 
\o generate netlist...
\o function ansCdlCompPrim redefined
\o function ansCdlCompPrim redefined
\o Begin Incremental Netlisting Oct 23 06:19:44 2025
\o End netlisting Oct 23 06:19:44 2025
\o 
\o 	The netlist is up to date.
\o 	Time taken to compare the design with netlist:   0.0s
\o       ...successful.
\o compose simulator input file...
\o       ...successful.
\o 
\o *Info*    Running simulation on testbench [ DAY2:GM_ID:1 ] for Point
\o           ID (0 37).
\o 
\o Delete psf data in /home/saul/projects/FIL3601/Sim/LAB1/GM_ID/adexl/results/data/Ocean.34/37/DAY2:GM_ID:1/psf.
\o simulate...
\o INFO (ADE-3071): Simulation completed successfully.
\o reading simulation data...
\o       ...successful.
\o *Info*    Client has finished evaluating ... 
\o 
\o 
\o *Info*    Run complete for Point ID (0 37) on testbench [
\o           DAY2:GM_ID:1 ].
\o 
\o 
\o 
\o 
\o 
\o 
\o 
\o 
\o 
\o 
\o *Info*    Run start for Point ID (0 46) on testbench [ DAY2:GM_ID:1 ].
\o 
\o Resetting statistical vars
\o 
\o *Info*    Setting parameter values ...
\o 
\o Setting var IDS = "31.6227766u"
\o 
\o *Info*    Netlist Directory =
\o           /home/saul/projects/FIL3601/Sim/LAB1/GM_ID/adexl/results/data/Ocean.34/46/DAY2:GM_ID:1/netlist
\o 
\o 
\o *Info*    Data Directory    =
\o           /home/saul/projects/FIL3601/Sim/LAB1/GM_ID/adexl/results/data/Ocean.34/46/DAY2:GM_ID:1
\o 
\o 
\o *Info*    Creating Netlist for Point ID (0 46)
\o 
\o generate netlist...
\o function ansCdlCompPrim redefined
\o function ansCdlCompPrim redefined
\o Begin Incremental Netlisting Oct 23 06:19:48 2025
\o End netlisting Oct 23 06:19:48 2025
\o 
\o 	The netlist is up to date.
\o 	Time taken to compare the design with netlist:   0.0s
\o       ...successful.
\o compose simulator input file...
\o       ...successful.
\o 
\o *Info*    Running simulation on testbench [ DAY2:GM_ID:1 ] for Point
\o           ID (0 46).
\o 
\o Delete psf data in /home/saul/projects/FIL3601/Sim/LAB1/GM_ID/adexl/results/data/Ocean.34/46/DAY2:GM_ID:1/psf.
\o simulate...
\o INFO (ADE-3071): Simulation completed successfully.
\o reading simulation data...
\o       ...successful.
\o *Info*    Client has finished evaluating ... 
\o 
\o 
\o *Info*    Run complete for Point ID (0 46) on testbench [
\o           DAY2:GM_ID:1 ].
\o 
\o 
\o 
\o 
\o 
\# Lic Summary:
\# [06:19:58.147065] Cdslmd servers:3000@lic08.ug.kth.se
\# [06:19:58.147187] Feature usage summary:
\# Memory report: on exit            454 MB, process size 2,257 MB at UTC 2025.10.23 06:19:58.147
\# Memory report: peak usage         454 MB, process size 2,257 MB
