*Info*    Exporting services from client ... 

*Info*    Client has finished starting ... 



*Info*    Configuring the session ...

	Library      = DAY6
	Cell         = ex3
	View         = schematic
	Simulator    = spectre
	State Path   = $AXL_SETUPDB_DIR/test_states
	State Name   = DAY6:ex3:1_none_Interactive.25
	Results DB   = /home/saul/projects/FIL3601/DAY6/ex3/adexl/results/data/Interactive.25.rdb
	Results Dir  = /home/saul/projects/FIL3601/Sim/DAY6/ex3/adexl/results/data/Interactive.25/1/DAY6:ex3:1
	Results Loc  = /home/saul/projects/FIL3601/Sim/DAY6/ex3/adexl/results/data
	Project Dir  = /home/saul/projects/FIL3601/Sim
	Setup DB loc = /home/saul/projects/FIL3601/DAY6/ex3/adexl
	File Encoding = 0



*Info*    The auto suspension is disabled.






*Info*    Run start for Point ID (2 1) on testbench [ DAY6:ex3:1 ].

Resetting statistical vars

*Info*    Setting parameter values ...

Setting var FREQ = "1k"
Setting var VIN = "300m"
Setting var VPULSE = "0"
Setting var temperature = "27"
Setting temp(T) = 27

*Info*    Netlist Directory =
          /home/saul/projects/FIL3601/Sim/DAY6/ex3/adexl/results/data/Interactive.25/1/DAY6:ex3:1/netlist


*Info*    Data Directory    =
          /home/saul/projects/FIL3601/Sim/DAY6/ex3/adexl/results/data/Interactive.25/1/DAY6:ex3:1


*Info*    Creating Netlist for Point ID (2 1)

generate netlist...
function ansCdlCompPrim redefined
function ansCdlCompPrim redefined
Begin Incremental Netlisting Nov 17 13:32:38 2025
End netlisting Nov 17 13:32:38 2025

Netlisting Statistics:
	Number of components:   17

	Elapsed time:          0.0s
Errors: 0	Warnings: 0
      ...successful.
compose simulator input file...
      ...successful.

*Info*    Running simulation on testbench [ DAY6:ex3:1 ] for Point ID
          (2 1).

Delete psf data in /home/saul/projects/FIL3601/Sim/DAY6/ex3/adexl/results/data/Interactive.25/1/DAY6:ex3:1/psf.
compose simulator input file...
      ...successful.
start simulator if needed...
      ...successful.
simulate...
To view the simulator output, right-click on the test name, result 
name, or any value in the "Results" tab of the Outputs section and 
choose "Output Log" menu option.
INFO (ADE-3071): Simulation completed successfully.
reading simulation data...
      ...successful.
*Info*    Client has finished evaluating ... 


*Info*    Run complete for Point ID (2 1) on testbench [ DAY6:ex3:1 ].





Simulation design variables differ from those on the cellView,
they have been saved in the file "/tmp/saved-design-variables".
To save future changes, copy variables to cellView before exiting.
