Starting Single Run, Sweeps and Corners...

Current time: Thu Apr 17 13:45:22 2025 
Best design point: 1
Design specs: 
	closed_loop	corner	Nominal - 
	asymptotic	corner	Nominal - 
	AB	corner	Nominal - 
Design parameters: 
	rds1		2.876K
	cgs1		245.3f
	cgb1		82.23f
	cgd1		66.05f
	cds1		101.5f
	cdb1		208.8f
	gm4		11.77m
	rds4		2.328K
	cgs4		295.4f
	cgb4		42.11f
	cgd4		64.07f
	cds4		390a
	cdb4		160.5f
	gm1_cpy		15.73m
	IT (local override)		0
	IN		1

Interactive.11
Number of points completed: 1
Number of simulation errors: 0
Interactive.11 completed. 
Current time: Thu Apr 17 13:45:25 2025 
