Starting Single Run, Sweeps and Corners...

Current time: Tue Apr  8 17:47:41 2025 
Best design point: 1
Design specs: 
	Closed_loop	corner	Nominal - 
	Asymptotic	corner	Nominal - 
	AB	corner	Nominal - 
	root_locus	corner	Nominal - 
Design parameters: 
	gm3		319u
	rds3		13.04M
	cgb3		84.34f
	cgs3		372.5f
	cgd3		13.22f
	cdb3		79.52f
	cds3		184.8f
	cdb2		9.65f
	cds2		20a
	cgb2		3.61f
	cgd2		3.2f
	cgs2		26.9f
	gm2		227u
	rds2		452.6K
	cdb4		66f
	cds4		770a
	cgb4		178f
	cgd4		25.65f
	cgs4		317f
	gm4		97u
	rds4		2.355M
	cdb1		32.45f
	cds1		130a
	cgb1		19.38f
	cgd1		13.2f
	cgs1		13.41f
	rds1 (local override)		73.38K
	gm (local override)		462.4u

Interactive.75
Number of points completed: 1
Number of simulation errors: 0
Interactive.75 completed. 
Current time: Tue Apr  8 17:47:44 2025 
