Starting Single Run, Sweeps and Corners...

Current time: Thu Nov 13 09:43:30 2025 
Best design point: 1
Design specs: 
	Af	corner	Nominal - 
	Asymptotic	corner	Nominal - 
	LoopGain	corner	Nominal - 
	rootlocus	corner	Nominal - 
Design parameters: 
	cdb1		160f
	cds1		46.01f
	cgb1		160.4f
	cgd1		26.4f
	cgs1		112.8f
	rds1		23.89M
	gm		227u
	IS (local override)		1
	cdb2		36.3f
	cds2		0
	cgb2		36.3f
	cgd2		25.6f
	cgs2		28.61f
	gm2		229.1u
	rds2		200.8K

Interactive.50
Number of points completed: 1
Number of simulation errors: 0
Interactive.50 completed. 
Current time: Thu Nov 13 09:43:35 2025 
