Starting Single Run, Sweeps and Corners...

Current time: Fri Feb 21 08:28:01 2025 
Best design point: 1
Design specs: 
	Af	corner	Nominal - 
	Asymptotic	corner	Nominal - 
	Zeros		Error	No
	LoopGain	corner	Nominal - 
	rootlocus	corner	Nominal - 
Design parameters: 
	cdb1		160f
	cds1		46.01f
	cgb1		160.4f
	cgd1		26.4f
	cgs1		112.8f
	rds1		23.89M
	gm		227u
	IS (local override)		1

Interactive.35
Number of points completed: 1
Number of simulation errors: 1
Interactive.35 completed. 
Current time: Fri Feb 21 08:28:15 2025 
