\# Program start time:     UTC 2025.05.23 18:25:05.701
\# Local time: UTC (UTC+00:00) 2025.05.23 18:25:05.701
\o Program:		@(#)$CDS: virtuoso version 6.1.8-64b 09/03/2024 19:11 (sjfhw316) $
\o Hierarchy:		/opt/tools/cadence/installs/IC618/tools.lnx86/dfII/
\o Sub version:		sub-version  IC6.1.8-64b.500.36  (64-bit addresses)
\# Command line:	/opt/tools/cadence/installs/IC618/tools.lnx86/dfII/bin/64bit/virtuoso -noautostart -mpssession virtuosoEBZEtVOTXvizNYISIw1MPK_23381 -mpshost 34909@d4c5a4e9006b -davinciService DaVinciService_23577_1748024703 -log /home/saul/projects/FIL3601/logs_saul/logs0/Job0.log -licenseLockFileName /home/saul/projects/FIL3601/.tmp_saul/.d4c5a4e9006b_23577 -interactiveA -interactiveE -interactiveRTT -nostdin -nographE -axlChildIdFlag 0
\# Host name (type):	d4c5a4e9006b (x86_64)
\# Operating system:	Linux 6.10.14-linuxkit #1 SMP PREEMPT_DYNAMIC Tue Apr 15 16:05:22 UTC 2025
\# Linux /etc/issue:	\S
\# Linux /etc/issue:	Kernel \r on an \m
\# X display name (WxH):	:1317 (1024x868)
\# Available geometry:			TL(0:0) BR(1023:867)
\# X server:			The X.Org Foundation
\# Depth of Visual (Root):	24 (24)
\# Number of Planes Used:	24
\# X version:		11.0 (vendor release 12011000)
\# X resource pool:	base 0x400000, mask 0x1fffff (2097151), shift 0
\# 			current id 0x0, current max 0x1ffffa (2097146)
\# Max data seg size:	     unlimited
\# Max process size:	     unlimited
\# Initial sbrk value:	        920 MB
\# Available memory:	     31,259 MB
\# System memory:	     34,141 MB
\# Maximum memory size:	     33,342 MB
\# Max mem available:	     31,379 MB
\# Initial memory used:	        120 MB
\#        process size:	      1,677 MB
\# Thread usage limits (effective/default):	maxthreads 4294967295/4294967295 maxload 16.00/16.00
\# Qt version:		5.9.1
\# Window Manager:	other
\# User Name:		saul
\o Working Directory:	d4c5a4e9006b:/home/saul/projects/FIL3601
\# Process Id:		25067
\# Container Id:	EBZEtVOTXvizNYISIw1MPK
\o 
\o COPYRIGHT (C) 1992-2024  CADENCE DESIGN SYSTEMS INC.  ALL RIGHTS RESERVED.
\o           (C) 1992-2024  UNIX SYSTEMS Laboratories INC.,
\o                          Reproduced with permission.
\o 
\o This Cadence Design Systems program and online documentation are
\o proprietary/confidential information and may be disclosed/used only
\o as authorized in a license agreement controlling such use and disclosure.
\o 
\o           RESTRICTED RIGHTS NOTICE (SHORT FORM)
\o Use/reproduction/disclosure is subject to restriction
\o set forth at FAR 1252.227-19 or its equivalent.
\o Loading geView.cxt 
\o Loading menuBuilder.cxt 
\o Loading schView.cxt 
\o Loading selectSv.cxt 
\o Loading pvsui.cxt
\o Loading wireEdit.cxt 
\o Loading pte2.cxt 
\o Loading xlUI.cxt 
\o Loading auCore.cxt 
\o Loading vhdl.cxt 
\o Loading seismic.cxt 
\o Loading ci.cxt 
\o Loading ams.cxt 
\o Loading oasis.cxt 
\o Loading analog.cxt 
\o Loading asimenv.cxt 
\o Loading dal.cxt 
\o Loading awv.cxt 
\o Loading socket.cxt 
\o Loading par.cxt 
\o Loading alvs.cxt 
\o Loading caa.cxt 
\o Loading amps.cxt 
\o Loading adexlCore.cxt 
\o Loading adexl.cxt 
\# Memory report: using         249 MB, process size 1,931 MB at UTC 2025.05.23 18:25:08.828
\o *Info*    Exporting services from client ... 
\o 
\o Loading adexlDM.cxt 
\o Loading cpf.cxt 
\o Loading cli.cxt 
\o Loading lp.cxt 
\o INFO (ELI-00302) Connecting to parent process (session=virtuosoEBZEtVOTXvizNYISIw1MPK_23381, host=34909@d4c5a4e9006b). Connection mode is ICRP. Total timeout is 180 seconds. Connection timeout is 90 seconds.
\o INFO (ELI-00303) Step 1: Connecting to parent. Time spent is 0 seconds.
\o INFO (ELI-00304) The registration of the child 25067 within 90 seconds is being processed...
\o INFO (ELI-00305) The result of registration is true. Time spent is 0 seconds.
\o INFO (ELI-00308) The connection has ended. Result is true. Total time spent is 0 seconds.
\# [18:25:05.512425] Configured Lic search path (22.01-s002): 3000@lic08.ug.kth.se
\o Loading .cdsinit for the XH018 X-Fab XKit.
\o     LOAD xh018_1143 SPECIFIC CALL-BACK ROUTINES
\o     LOAD ALL AVAILABLE P-CELL FUNCTIONS
\o ** Info: PDK loadpath is "/opt/pdk/xfab/XKIT/xh018/cadence/v10_0/PDK/IC61/v10_0_3"
\o Loading XfSktTools.cxt
\o Loading XfMenu.cxt
\o Loading XfTechXh018.cxt
\o Loading XfPcellCore.cxt
\o function ansiSpicePrintProperties_subcircuit redefined
\o Loading XfSkillExt.cxt
\o Initializing library.
\o Finished Initializing Library .
\o     Generic PcellKit: 'production' loaded.
\o     Generic Pcell Skill Tools: 'production' loaded.
\o Loading Circuit Prospector Setup (XfCircuitProspSetup.il)
\o     LOAD THE ENVIRONMENT FILE
\o  --> Setting the required PDK definitions...
\o     GDSII LAYER MAPPING FILE = "./.xkit/setup/xh018/cadence/PDK/TECH_XH018_1143/strmInOut.layertable"
\o     GDSII OBJECT MAPPING FILE = "./.xkit/setup/xh018/cadence/PDK/TECH_XH018_1143/strmOutObjects.map"
\o Use model setup from PDK...
\o Loading spectrei.cxt 
\o Loading devCheck.cxt 
\o Loading relXpert.cxt 
\o Loading vdsil.cxt 
\o Loading hspiceD.cxt 
\o Loading spectreinl.cxt 
\o Loading UltraSim.cxt 
\o Loading msgHandler.cxt 
\o Loading AMSOSS.cxt 
\o Loading AMS.cxt 
\o  --> Finished setting the required PDK definitions
\o  --> Setting the recommended EDA tool defaults...
\o  --> Finished setting the recommended EDA tool defaults
\o     LOAD DEFAULT BINDKEYS
\o Loading viva.cxt 
\o *Info*    Client has finished starting ... 
\o 
\p > 
\w *WARNING* could not load font "-*-courier-medium-r-*-*-12-*", using font "fixed"
\# Loading perfDiag...
\# (PerfDiag): Set GDB path to environment variable 'gdbPath' (gdb).
\# Performance Diagnostic tool is installed. You can access PerfDiag from CIW Tools or use the shell command 'cdsPerfDiag -p 25067' to open it when Virtuoso freezes.
\# (PerfDiag): Use backtrace from GLIBC.
\w *WARNING* _perfPstackCheck: Cannot find pstack/gstack. Please setup PATH environment variable to pstack/gstack executable.
\o Loading vqp.cxt 
\o Loading hdlPkg.cxt 
\o 
\o 
\o *Info*    Configuring the session ...
\o 
\o Loading simui.cxt 
\o 	Library      = DAY1
\o 	Cell         = op_example
\o 	View         = schematic
\o 	Simulator    = spectre
\o 	State Path   = $AXL_SETUPDB_DIR/test_states
\o 	State Name   = V1_spectre_state1_Interactive.4
\o 	Results DB   = /home/saul/projects/FIL3601/DAY1/op_example/adexl/results/data/Interactive.4.rdb
\o 	Results Dir  = /home/saul/projects/FIL3601/Sim/DAY1/op_example/adexl/results/data/Interactive.4/1/V1
\o 	Results Loc  = /home/saul/projects/FIL3601/Sim/DAY1/op_example/adexl/results/data
\o 	Project Dir  = /home/saul/projects/FIL3601/Sim
\o 	Setup DB loc = /home/saul/projects/FIL3601/DAY1/op_example/adexl
\o 	File Encoding = 0
\o 
\o 
\# Memory report: using         390 MB, process size 2,080 MB at UTC 2025.05.23 18:25:11.027
\o WARNING (ADE-7017): The Spectre run mode needs to be 'batch' when EM/IR analysis is enabled. Automatically setting the run mode to 'batch'.
\o 
\o *Info*    The auto suspension is disabled.
\o 
\o     LOAD GENERIC "X-KIT" SKILL CONTEXT "./.xkit/setup/x_all/cadence/xenv/skill/context6/xkit.cxt" 
\o  - Menu "XKit Utilities" installed to CIW.
\o     LOAD ".cdsinit_personal" FILE FROM THE WORKING DIRECTORY.
\o     INFO: To customize this setup, please use the following environment variables:
\o           CUSTOM_SCRIPT_PATH - should point to the master shell or perl script
\o                              e.g.:
\o                              setenv CUSTOM_SCRIPT_PATH /path/to/my/script/LoadMyScripts.csh
\o           CUSTOM_SKILL_PATH - should point to your master skill load file
\o                              e.g.:
\o                              setenv CUSTOM_SKILL_PATH /path/to/my/skill/LoadMySkills.il
\o  loading default key binding 
\o  -> END LOAD ".cdsinit" FILE
\o Loading monte.cxt 
\o 
\o 
\o 
\o 
\o 
\o *Info*    Run start for Point ID (0 1) on testbench [ V1 ].
\o 
\o Resetting statistical vars
\o 
\o *Info*    Setting parameter values ...
\o 
\o Setting var VIN = "0.3942"
\o Setting var VIN2 = "0"
\o Setting var temperature = "27"
\o Setting temp(T) = 27
\o 
\o *Info*    Netlist Directory =
\o           /home/saul/projects/FIL3601/Sim/DAY1/op_example/adexl/results/data/Interactive.4/1/V1/netlist
\o 
\o 
\o *Info*    Data Directory    =
\o           /home/saul/projects/FIL3601/Sim/DAY1/op_example/adexl/results/data/Interactive.4/1/V1
\o 
\o 
\o *Info*    Creating Netlist for Point ID (0 1)
\o 
\o generate netlist...
\o Loading hnlInit.cxt 
\o Loading seCore.cxt 
\o function ansCdlCompPrim redefined
\o function ansCdlCompPrim redefined
\# [18:25:11.454281] periodic Lic check successful
\# [18:25:11.454283] Feature usage summary:
\o Initializing the control file using cp:
\o     cp /opt/tools/cadence/installs/IC618/tools.lnx86/dfII/etc/si/control.spectre /home/saul/projects/FIL3601/Sim/DAY1/op_example/adexl/results/data/Interactive.4/1/V1/netlist/control
\o Copying Spectre source file 'spectre.inp'
\o Copying Spectre command file 'spectre.sim'
\o Begin Incremental Netlisting May 23 18:25:12 2025
\o Loading json.cxt 
\o End netlisting May 23 18:25:12 2025
\o 
\o Netlisting Statistics:
\o 	Number of components:   10
\o 
\o 	Elapsed time:          1.0s (10.00/s)
\o Errors: 0	Warnings: 0
\o       ...successful.
\o compose simulator input file...
\o       ...successful.
\o 
\o *Info*    Running simulation on testbench [ V1 ] for Point ID (0 1).
\o 
\o Delete psf data in /home/saul/projects/FIL3601/Sim/DAY1/op_example/adexl/results/data/Interactive.4/1/V1/psf.
\o compose simulator input file...
\o       ...successful.
\o start simulator if needed...
\o       ...successful.
\o simulate...
\o To view the simulator output, right-click on the test name, result 
\o name, or any value in the "Results" tab of the Outputs section and 
\o choose "Output Log" menu option.
\o Loading paraplot.cxt 
\o INFO (ADE-3071): Simulation completed successfully.
\o reading simulation data...
\o       ...successful.
\o *Info*    Client has finished evaluating ... 
\o 
\o 
\o *Info*    Run complete for Point ID (0 1) on testbench [ V1 ].
\o 
\o 
\o 
\o 
\o 
\o Simulation design variables differ from those on the cellView,
\o they have been saved in the file "/tmp/saved-design-variables".
\o To save future changes, copy variables to cellView before exiting.
\o 
\o 
\o *Info*    Configuring the session ...
\o 
\o 	Library      = DAY1
\o 	Cell         = op_example
\o 	View         = schematic
\o 	Simulator    = spectre
\o 	State Path   = $AXL_SETUPDB_DIR/test_states
\o 	State Name   = V2_DAY1:op_example:1:1_state_Interactive.4
\o 	Results DB   = /home/saul/projects/FIL3601/DAY1/op_example/adexl/results/data/Interactive.4.rdb
\o 	Results Dir  = /home/saul/projects/FIL3601/Sim/DAY1/op_example/adexl/results/data/Interactive.4/1/V2
\o 	Results Loc  = /home/saul/projects/FIL3601/Sim/DAY1/op_example/adexl/results/data
\o 	Project Dir  = /home/saul/projects/FIL3601/Sim
\o 	Setup DB loc = /home/saul/projects/FIL3601/DAY1/op_example/adexl
\o 	File Encoding = 0
\o 
\o 
\# Available memory:         30,715 MB at UTC 2025.05.23 18:25:16.431
\# Memory report: Maximum memory size now 31,177 MB at UTC 2025.05.23 18:25:16.431
\# Thread usage report: 22 active threads, active load 1.40 at UTC 2025.05.23 18:25:16.431
\o 
\o *Info*    The auto suspension is disabled.
\o 
\o 
\o 
\o 
\o 
\o 
\o *Info*    Run start for Point ID (0 1) on testbench [ V2 ].
\o 
\o Resetting statistical vars
\o 
\o *Info*    Setting parameter values ...
\o 
\o Setting var VIN = "0.3942"
\o Setting var VIN2 = "0"
\o Setting var temperature = "27"
\o Setting temp(T) = 27
\o 
\o *Info*    Netlist Directory =
\o           /home/saul/projects/FIL3601/Sim/DAY1/op_example/adexl/results/data/Interactive.4/1/V2/netlist
\o 
\o 
\o *Info*    Data Directory    =
\o           /home/saul/projects/FIL3601/Sim/DAY1/op_example/adexl/results/data/Interactive.4/1/V2
\o 
\o 
\o *Info*    Creating Netlist for Point ID (0 1)
\o 
\o generate netlist...
\o function ansCdlCompPrim redefined
\o function ansCdlCompPrim redefined
\o Initializing the control file using cp:
\o     cp /opt/tools/cadence/installs/IC618/tools.lnx86/dfII/etc/si/control.spectre /home/saul/projects/FIL3601/Sim/DAY1/op_example/adexl/results/data/Interactive.4/1/V2/netlist/control
\o Copying Spectre source file 'spectre.inp'
\o Copying Spectre command file 'spectre.sim'
\o Begin Incremental Netlisting May 23 18:25:16 2025
\o End netlisting May 23 18:25:16 2025
\o 
\o Netlisting Statistics:
\o 	Number of components:   10
\o 
\o 	Elapsed time:          0.0s
\o Errors: 0	Warnings: 0
\o       ...successful.
\o compose simulator input file...
\o       ...successful.
\o 
\o *Info*    Running simulation on testbench [ V2 ] for Point ID (0 1).
\o 
\o Delete psf data in /home/saul/projects/FIL3601/Sim/DAY1/op_example/adexl/results/data/Interactive.4/1/V2/psf.
\o compose simulator input file...
\o       ...successful.
\o start simulator if needed...
\o       ...successful.
\o simulate...
\o To view the simulator output, right-click on the test name, result 
\o name, or any value in the "Results" tab of the Outputs section and 
\o choose "Output Log" menu option.
\o INFO (ADE-3067): Errors encountered during simulation. For more information, right-click
\o         on a test name in the 'Results' tab of the Outputs pane and choose 'Output Log'
\o         to view the simulation run log.
\o 
\o *Error*   Error ID  = 5011
\o *Error*   Error Msg = Simulator failed to complete the simulation.
\o 
\o           Error found by spectre during circuit read-in.
\o Error found
\o           by spectre during circuit read-in.
\o ERROR (SFE-868):
\o           "input.scs" 10: Cannot open the input file
\o           '/pkg/xfab2/XKIT/xh018/cadence/v9_0/spectre/v9_0_2/lpmos/config.scs' because either the fi
\o le name or the directory specified is invalid. Ensure that the specified file exists and the path to the file is valid. Alternatively, use the -I <pat
\o h> command-line option to specify the path to the file and rerun the simulation.
\o ERROR (SFE-868): "input.scs" 11: Cannot open the input file '/pkg/xfab2/XKIT/xh018/cadence/v9_0/spectre/v9_0_2/lpmos/param.scs' because either the fil
\o e name or the directory specified is invalid. Ensure that the specified file exists and the path to the file is valid. Alternatively, use the -I <path
\o > command-line option to specify the path to the file and rerun the simulation.
\o ERROR (SFE-868): "input.scs" 12: Cannot open the input file '/pkg/xfab2/XKIT/xh018/cadence/v9_0/spectre/v9_0_2/lpmos/bip.scs' because either the file 
\o name or the directory specified is invalid. Ensure that the specified file exists and the path to the file is valid. Alternatively, use the -I <path> 
\o command-line option to specify the path to the file and rerun the simulation.
\o ERROR (SFE-868): "input.scs" 13: Cannot open the input file '/pkg/xfab2/XKIT/xh018/cadence/v9_0/spectre/v9_0_2/lpmos/cap.scs' because either the file 
\o name or the directory specified is invalid. Ensure that the specified file exists and the path to the file is valid. Alternatively, use the -I <path> 
\o command-line option to specify the path to the file and rerun the simulation.
\o ERROR (SFE-868): "input.scs" 14: Cannot open the input file '/pkg/xfab2/XKIT/xh018/cadence/v9_0/spectre/v9_0_2/lpmos/dio.scs' because either the file 
\o name or the directory specified is invalid. Ensure that the specified file exists and the path to the file is valid. Alternatively, use the -I <path> 
\o command-line option to specify the path to the file and rerun the simulation.
\o ERROR (SFE-868): "input.scs" 15: Cannot open the input file '/pkg/xfab2/XKIT/xh018/cadence/v9_0/spectre/v9_0_2/lpmos/mos.scs' because either the file 
\o name or the directory specified is invalid. Ensure that the specified file exists and the path to the file is valid. Alternatively, use the -I <path> 
\o command-line option to specify the path to the file and rerun the simulation.
\o ERROR (SFE-868): "input.scs" 16: Cannot open the input file '/pkg/xfab2/XKIT/xh018/cadence/v9_0/spectre/v9_0_2/lpmos/photo.scs' because either the fil
\o e name or the directory specified is invalid. Ensure that the specified file exists and the path to the file is valid. Alternatively, use the -I <path
\o > command-line option to specify the path to the file and rerun the
\o            simulation.
\o 
\o 
\o 
\o 
\o 
\o 
\o 
\o 
\o 
\o 
\o *Info*    Run start for Point ID (0 1) on testbench [ V2 ].
\o 
\o Resetting statistical vars
\o 
\o *Info*    Setting parameter values ...
\o 
\o Setting var VIN = "0.3942"
\o Setting var VIN2 = "0"
\o Setting var temperature = "27"
\o Setting temp(T) = 27
\o 
\o *Info*    Netlist Directory =
\o           /home/saul/projects/FIL3601/Sim/DAY1/op_example/adexl/results/data/Interactive.4/1/V2/netlist
\o 
\o 
\o *Info*    Data Directory    =
\o           /home/saul/projects/FIL3601/Sim/DAY1/op_example/adexl/results/data/Interactive.4/1/V2
\o 
\o 
\o *Info*    Creating Netlist for Point ID (0 1)
\o 
\o generate netlist...
\o function ansCdlCompPrim redefined
\o function ansCdlCompPrim redefined
\o Begin Incremental Netlisting May 23 18:25:19 2025
\o End netlisting May 23 18:25:19 2025
\o 
\o 	The netlist is up to date.
\o 	Time taken to compare the design with netlist:   0.0s
\o       ...successful.
\o compose simulator input file...
\o       ...successful.
\o 
\o *Info*    Running simulation on testbench [ V2 ] for Point ID (0 1).
\o 
\o Delete psf data in /home/saul/projects/FIL3601/Sim/DAY1/op_example/adexl/results/data/Interactive.4/1/V2/psf.
\o compose simulator input file...
\o       ...successful.
\o start simulator if needed...
\o       ...successful.
\o simulate...
\o To view the simulator output, right-click on the test name, result 
\o name, or any value in the "Results" tab of the Outputs section and 
\o choose "Output Log" menu option.
\o INFO (ADE-3067): Errors encountered during simulation. For more information, right-click
\o         on a test name in the 'Results' tab of the Outputs pane and choose 'Output Log'
\o         to view the simulation run log.
\o 
\o *Error*   Error ID  = 5011
\o *Error*   Error Msg = Simulator failed to complete the simulation.
\o 
\o           Error found by spectre during circuit read-in.
\o Error found
\o           by spectre during circuit read-in.
\o ERROR (SFE-868):
\o           "input.scs" 10: Cannot open the input file
\o           '/pkg/xfab2/XKIT/xh018/cadence/v9_0/spectre/v9_0_2/lpmos/config.scs' because either the fi
\o le name or the directory specified is invalid. Ensure that the specified file exists and the path to the file is valid. Alternatively, use the -I <pat
\o h> command-line option to specify the path to the file and rerun the simulation.
\o ERROR (SFE-868): "input.scs" 11: Cannot open the input file '/pkg/xfab2/XKIT/xh018/cadence/v9_0/spectre/v9_0_2/lpmos/param.scs' because either the fil
\o e name or the directory specified is invalid. Ensure that the specified file exists and the path to the file is valid. Alternatively, use the -I <path
\o > command-line option to specify the path to the file and rerun the simulation.
\o ERROR (SFE-868): "input.scs" 12: Cannot open the input file '/pkg/xfab2/XKIT/xh018/cadence/v9_0/spectre/v9_0_2/lpmos/bip.scs' because either the file 
\o name or the directory specified is invalid. Ensure that the specified file exists and the path to the file is valid. Alternatively, use the -I <path> 
\o command-line option to specify the path to the file and rerun the simulation.
\o ERROR (SFE-868): "input.scs" 13: Cannot open the input file '/pkg/xfab2/XKIT/xh018/cadence/v9_0/spectre/v9_0_2/lpmos/cap.scs' because either the file 
\o name or the directory specified is invalid. Ensure that the specified file exists and the path to the file is valid. Alternatively, use the -I <path> 
\o command-line option to specify the path to the file and rerun the simulation.
\o ERROR (SFE-868): "input.scs" 14: Cannot open the input file '/pkg/xfab2/XKIT/xh018/cadence/v9_0/spectre/v9_0_2/lpmos/dio.scs' because either the file 
\o name or the directory specified is invalid. Ensure that the specified file exists and the path to the file is valid. Alternatively, use the -I <path> 
\o command-line option to specify the path to the file and rerun the simulation.
\o ERROR (SFE-868): "input.scs" 15: Cannot open the input file '/pkg/xfab2/XKIT/xh018/cadence/v9_0/spectre/v9_0_2/lpmos/mos.scs' because either the file 
\o name or the directory specified is invalid. Ensure that the specified file exists and the path to the file is valid. Alternatively, use the -I <path> 
\o command-line option to specify the path to the file and rerun the simulation.
\o ERROR (SFE-868): "input.scs" 16: Cannot open the input file '/pkg/xfab2/XKIT/xh018/cadence/v9_0/spectre/v9_0_2/lpmos/photo.scs' because either the fil
\o e name or the directory specified is invalid. Ensure that the specified file exists and the path to the file is valid. Alternatively, use the -I <path
\o > command-line option to specify the path to the file and rerun the
\o            simulation.
\o 
\o 
\o 
\o 
\o 
\o Simulation design variables differ from those on the cellView,
\o they have been saved in the file "/tmp/saved-design-variables".
\o To save future changes, copy variables to cellView before exiting.
\o 
\o 
\o *Info*    Configuring the session ...
\o 
\o 	Library      = DAY1
\o 	Cell         = op_example
\o 	View         = schematic
\o 	Simulator    = spectre
\o 	State Path   = $AXL_SETUPDB_DIR/test_states
\o 	State Name   = V1_spectre_state1_Interactive.5
\o 	Results DB   = /home/saul/projects/FIL3601/DAY1/op_example/adexl/results/data/Interactive.5.rdb
\o 	Results Dir  = /home/saul/projects/FIL3601/Sim/DAY1/op_example/adexl/results/data/Interactive.5/1/V1
\o 	Results Loc  = /home/saul/projects/FIL3601/Sim/DAY1/op_example/adexl/results/data
\o 	Project Dir  = /home/saul/projects/FIL3601/Sim
\o 	Setup DB loc = /home/saul/projects/FIL3601/DAY1/op_example/adexl
\o 	File Encoding = 0
\o 
\o 
\o 
\o *Info*    The auto suspension is disabled.
\o 
\o 
\o 
\o 
\o 
\o 
\o *Info*    Run start for Point ID (1 1) on testbench [ V1 ].
\o 
\o Resetting statistical vars
\o 
\o *Info*    Setting parameter values ...
\o 
\o Setting var VIN = "0.3942"
\o Setting var VIN2 = "0"
\o Setting var temperature = "27"
\o Setting temp(T) = 27
\o 
\o *Info*    Netlist Directory =
\o           /home/saul/projects/FIL3601/Sim/DAY1/op_example/adexl/results/data/Interactive.5/1/V1/netlist
\o 
\o 
\o *Info*    Data Directory    =
\o           /home/saul/projects/FIL3601/Sim/DAY1/op_example/adexl/results/data/Interactive.5/1/V1
\o 
\o 
\o *Info*    Creating Netlist for Point ID (1 1)
\o 
\o generate netlist...
\o function ansCdlCompPrim redefined
\o function ansCdlCompPrim redefined
\o Begin Incremental Netlisting May 23 18:26:41 2025
\o End netlisting May 23 18:26:41 2025
\o 
\o 	The netlist is up to date.
\o 	Time taken to compare the design with netlist:   0.0s
\o       ...successful.
\o compose simulator input file...
\o       ...successful.
\o 
\o *Info*    Running simulation on testbench [ V1 ] for Point ID (1 1).
\o 
\o Delete psf data in /home/saul/projects/FIL3601/Sim/DAY1/op_example/adexl/results/data/Interactive.5/1/V1/psf.
\o compose simulator input file...
\o       ...successful.
\o start simulator if needed...
\o       ...successful.
\o simulate...
\o To view the simulator output, right-click on the test name, result 
\o name, or any value in the "Results" tab of the Outputs section and 
\o choose "Output Log" menu option.
\o INFO (ADE-3071): Simulation completed successfully.
\o reading simulation data...
\o       ...successful.
\o *Info*    Client has finished evaluating ... 
\o 
\o 
\o *Info*    Run complete for Point ID (1 1) on testbench [ V1 ].
\o 
\o 
\o 
\o 
\o 
\o Simulation design variables differ from those on the cellView,
\o they have been saved in the file "/tmp/saved-design-variables".
\o To save future changes, copy variables to cellView before exiting.
\o 
\o 
\o *Info*    Configuring the session ...
\o 
\o 	Library      = DAY1
\o 	Cell         = op_example
\o 	View         = schematic
\o 	Simulator    = spectre
\o 	State Path   = $AXL_SETUPDB_DIR/test_states
\o 	State Name   = V2_DAY1:op_example:1:1_state_Interactive.5
\o 	Results DB   = /home/saul/projects/FIL3601/DAY1/op_example/adexl/results/data/Interactive.5.rdb
\o 	Results Dir  = /home/saul/projects/FIL3601/Sim/DAY1/op_example/adexl/results/data/Interactive.5/1/V2
\o 	Results Loc  = /home/saul/projects/FIL3601/Sim/DAY1/op_example/adexl/results/data
\o 	Project Dir  = /home/saul/projects/FIL3601/Sim
\o 	Setup DB loc = /home/saul/projects/FIL3601/DAY1/op_example/adexl
\o 	File Encoding = 0
\o 
\o 
\o 
\o *Info*    The auto suspension is disabled.
\o 
\o 
\o 
\o 
\o 
\o 
\o *Info*    Run start for Point ID (1 1) on testbench [ V2 ].
\o 
\o Resetting statistical vars
\o 
\o *Info*    Setting parameter values ...
\o 
\o Setting var VIN = "0.3942"
\o Setting var VIN2 = "0"
\o Setting var temperature = "27"
\o Setting temp(T) = 27
\o 
\o *Info*    Netlist Directory =
\o           /home/saul/projects/FIL3601/Sim/DAY1/op_example/adexl/results/data/Interactive.5/1/V2/netlist
\o 
\o 
\o *Info*    Data Directory    =
\o           /home/saul/projects/FIL3601/Sim/DAY1/op_example/adexl/results/data/Interactive.5/1/V2
\o 
\o 
\o *Info*    Creating Netlist for Point ID (1 1)
\o 
\o generate netlist...
\o function ansCdlCompPrim redefined
\o function ansCdlCompPrim redefined
\o Begin Incremental Netlisting May 23 18:26:46 2025
\o End netlisting May 23 18:26:46 2025
\o 
\o 	The netlist is up to date.
\o 	Time taken to compare the design with netlist:   0.0s
\o       ...successful.
\o compose simulator input file...
\o       ...successful.
\o 
\o *Info*    Running simulation on testbench [ V2 ] for Point ID (1 1).
\o 
\o Delete psf data in /home/saul/projects/FIL3601/Sim/DAY1/op_example/adexl/results/data/Interactive.5/1/V2/psf.
\o compose simulator input file...
\o       ...successful.
\o start simulator if needed...
\o       ...successful.
\o simulate...
\o To view the simulator output, right-click on the test name, result 
\o name, or any value in the "Results" tab of the Outputs section and 
\o choose "Output Log" menu option.
\o INFO (ADE-3067): Errors encountered during simulation. For more information, right-click
\o         on a test name in the 'Results' tab of the Outputs pane and choose 'Output Log'
\o         to view the simulation run log.
\o 
\o *Error*   Error ID  = 5011
\o *Error*   Error Msg = Simulator failed to complete the simulation.
\o 
\o           Error found by spectre during circuit read-in.
\o Error found
\o           by spectre during circuit read-in.
\o ERROR (SFE-868):
\o           "input.scs" 10: Cannot open the input file
\o           '/pkg/xfab2/XKIT/xh018/cadence/v9_0/spectre/v9_0_2/lpmos/config.scs' because either the fi
\o le name or the directory specified is invalid. Ensure that the specified file exists and the path to the file is valid. Alternatively, use the -I <pat
\o h> command-line option to specify the path to the file and rerun the simulation.
\o ERROR (SFE-868): "input.scs" 11: Cannot open the input file '/pkg/xfab2/XKIT/xh018/cadence/v9_0/spectre/v9_0_2/lpmos/param.scs' because either the fil
\o e name or the directory specified is invalid. Ensure that the specified file exists and the path to the file is valid. Alternatively, use the -I <path
\o > command-line option to specify the path to the file and rerun the simulation.
\o ERROR (SFE-868): "input.scs" 12: Cannot open the input file '/pkg/xfab2/XKIT/xh018/cadence/v9_0/spectre/v9_0_2/lpmos/bip.scs' because either the file 
\o name or the directory specified is invalid. Ensure that the specified file exists and the path to the file is valid. Alternatively, use the -I <path> 
\o command-line option to specify the path to the file and rerun the simulation.
\o ERROR (SFE-868): "input.scs" 13: Cannot open the input file '/pkg/xfab2/XKIT/xh018/cadence/v9_0/spectre/v9_0_2/lpmos/cap.scs' because either the file 
\o name or the directory specified is invalid. Ensure that the specified file exists and the path to the file is valid. Alternatively, use the -I <path> 
\o command-line option to specify the path to the file and rerun the simulation.
\o ERROR (SFE-868): "input.scs" 14: Cannot open the input file '/pkg/xfab2/XKIT/xh018/cadence/v9_0/spectre/v9_0_2/lpmos/dio.scs' because either the file 
\o name or the directory specified is invalid. Ensure that the specified file exists and the path to the file is valid. Alternatively, use the -I <path> 
\o command-line option to specify the path to the file and rerun the simulation.
\o ERROR (SFE-868): "input.scs" 15: Cannot open the input file '/pkg/xfab2/XKIT/xh018/cadence/v9_0/spectre/v9_0_2/lpmos/mos.scs' because either the file 
\o name or the directory specified is invalid. Ensure that the specified file exists and the path to the file is valid. Alternatively, use the -I <path> 
\o command-line option to specify the path to the file and rerun the simulation.
\o ERROR (SFE-868): "input.scs" 16: Cannot open the input file '/pkg/xfab2/XKIT/xh018/cadence/v9_0/spectre/v9_0_2/lpmos/photo.scs' because either the fil
\o e name or the directory specified is invalid. Ensure that the specified file exists and the path to the file is valid. Alternatively, use the -I <path
\o > command-line option to specify the path to the file and rerun the
\o            simulation.
\o 
\o 
\o 
\o 
\o 
\o 
\o 
\o 
\o 
\o 
\o *Info*    Run start for Point ID (1 1) on testbench [ V2 ].
\o 
\o Resetting statistical vars
\o 
\o *Info*    Setting parameter values ...
\o 
\o Setting var VIN = "0.3942"
\o Setting var VIN2 = "0"
\o Setting var temperature = "27"
\o Setting temp(T) = 27
\o 
\o *Info*    Netlist Directory =
\o           /home/saul/projects/FIL3601/Sim/DAY1/op_example/adexl/results/data/Interactive.5/1/V2/netlist
\o 
\o 
\o *Info*    Data Directory    =
\o           /home/saul/projects/FIL3601/Sim/DAY1/op_example/adexl/results/data/Interactive.5/1/V2
\o 
\o 
\o *Info*    Creating Netlist for Point ID (1 1)
\o 
\o generate netlist...
\o function ansCdlCompPrim redefined
\o function ansCdlCompPrim redefined
\o Begin Incremental Netlisting May 23 18:26:49 2025
\o End netlisting May 23 18:26:49 2025
\o 
\o 	The netlist is up to date.
\o 	Time taken to compare the design with netlist:   0.0s
\o       ...successful.
\o compose simulator input file...
\o       ...successful.
\o 
\o *Info*    Running simulation on testbench [ V2 ] for Point ID (1 1).
\o 
\o Delete psf data in /home/saul/projects/FIL3601/Sim/DAY1/op_example/adexl/results/data/Interactive.5/1/V2/psf.
\o compose simulator input file...
\o       ...successful.
\o start simulator if needed...
\o       ...successful.
\o simulate...
\o To view the simulator output, right-click on the test name, result 
\o name, or any value in the "Results" tab of the Outputs section and 
\o choose "Output Log" menu option.
\o INFO (ADE-3067): Errors encountered during simulation. For more information, right-click
\o         on a test name in the 'Results' tab of the Outputs pane and choose 'Output Log'
\o         to view the simulation run log.
\o 
\o *Error*   Error ID  = 5011
\o *Error*   Error Msg = Simulator failed to complete the simulation.
\o 
\o           Error found by spectre during circuit read-in.
\o Error found
\o           by spectre during circuit read-in.
\o ERROR (SFE-868):
\o           "input.scs" 10: Cannot open the input file
\o           '/pkg/xfab2/XKIT/xh018/cadence/v9_0/spectre/v9_0_2/lpmos/config.scs' because either the fi
\o le name or the directory specified is invalid. Ensure that the specified file exists and the path to the file is valid. Alternatively, use the -I <pat
\o h> command-line option to specify the path to the file and rerun the simulation.
\o ERROR (SFE-868): "input.scs" 11: Cannot open the input file '/pkg/xfab2/XKIT/xh018/cadence/v9_0/spectre/v9_0_2/lpmos/param.scs' because either the fil
\o e name or the directory specified is invalid. Ensure that the specified file exists and the path to the file is valid. Alternatively, use the -I <path
\o > command-line option to specify the path to the file and rerun the simulation.
\o ERROR (SFE-868): "input.scs" 12: Cannot open the input file '/pkg/xfab2/XKIT/xh018/cadence/v9_0/spectre/v9_0_2/lpmos/bip.scs' because either the file 
\o name or the directory specified is invalid. Ensure that the specified file exists and the path to the file is valid. Alternatively, use the -I <path> 
\o command-line option to specify the path to the file and rerun the simulation.
\o ERROR (SFE-868): "input.scs" 13: Cannot open the input file '/pkg/xfab2/XKIT/xh018/cadence/v9_0/spectre/v9_0_2/lpmos/cap.scs' because either the file 
\o name or the directory specified is invalid. Ensure that the specified file exists and the path to the file is valid. Alternatively, use the -I <path> 
\o command-line option to specify the path to the file and rerun the simulation.
\o ERROR (SFE-868): "input.scs" 14: Cannot open the input file '/pkg/xfab2/XKIT/xh018/cadence/v9_0/spectre/v9_0_2/lpmos/dio.scs' because either the file 
\o name or the directory specified is invalid. Ensure that the specified file exists and the path to the file is valid. Alternatively, use the -I <path> 
\o command-line option to specify the path to the file and rerun the simulation.
\o ERROR (SFE-868): "input.scs" 15: Cannot open the input file '/pkg/xfab2/XKIT/xh018/cadence/v9_0/spectre/v9_0_2/lpmos/mos.scs' because either the file 
\o name or the directory specified is invalid. Ensure that the specified file exists and the path to the file is valid. Alternatively, use the -I <path> 
\o command-line option to specify the path to the file and rerun the simulation.
\o ERROR (SFE-868): "input.scs" 16: Cannot open the input file '/pkg/xfab2/XKIT/xh018/cadence/v9_0/spectre/v9_0_2/lpmos/photo.scs' because either the fil
\o e name or the directory specified is invalid. Ensure that the specified file exists and the path to the file is valid. Alternatively, use the -I <path
\o > command-line option to specify the path to the file and rerun the
\o            simulation.
\o 
\o 
\o 
\o 
\o 
\o Simulation design variables differ from those on the cellView,
\o they have been saved in the file "/tmp/saved-design-variables".
\o To save future changes, copy variables to cellView before exiting.
\o 
\o 
\o *Info*    Configuring the session ...
\o 
\o 	Library      = DAY1
\o 	Cell         = op_example
\o 	View         = schematic
\o 	Simulator    = spectre
\o 	State Path   = $AXL_SETUPDB_DIR/test_states
\o 	State Name   = V1_spectre_state1_Interactive.6
\o 	Results DB   = /home/saul/projects/FIL3601/DAY1/op_example/adexl/results/data/Interactive.6.rdb
\o 	Results Dir  = /home/saul/projects/FIL3601/Sim/DAY1/op_example/adexl/results/data/Interactive.6/1/V1
\o 	Results Loc  = /home/saul/projects/FIL3601/Sim/DAY1/op_example/adexl/results/data
\o 	Project Dir  = /home/saul/projects/FIL3601/Sim
\o 	Setup DB loc = /home/saul/projects/FIL3601/DAY1/op_example/adexl
\o 	File Encoding = 0
\o 
\o 
\o 
\o *Info*    The auto suspension is disabled.
\o 
\o 
\o 
\o 
\o 
\o 
\o *Info*    Run start for Point ID (2 1) on testbench [ V1 ].
\o 
\o Resetting statistical vars
\o 
\o *Info*    Setting parameter values ...
\o 
\o Setting var VIN = "0.3942"
\o Setting var VIN2 = "0"
\o Setting var temperature = "27"
\o Setting temp(T) = 27
\o 
\o *Info*    Netlist Directory =
\o           /home/saul/projects/FIL3601/Sim/DAY1/op_example/adexl/results/data/Interactive.6/1/V1/netlist
\o 
\o 
\o *Info*    Data Directory    =
\o           /home/saul/projects/FIL3601/Sim/DAY1/op_example/adexl/results/data/Interactive.6/1/V1
\o 
\o 
\o *Info*    Creating Netlist for Point ID (2 1)
\o 
\o generate netlist...
\o function ansCdlCompPrim redefined
\o function ansCdlCompPrim redefined
\o Begin Incremental Netlisting May 23 18:27:14 2025
\o End netlisting May 23 18:27:14 2025
\o 
\o 	The netlist is up to date.
\o 	Time taken to compare the design with netlist:   0.0s
\o       ...successful.
\o compose simulator input file...
\o       ...successful.
\o 
\o *Info*    Running simulation on testbench [ V1 ] for Point ID (2 1).
\o 
\o Delete psf data in /home/saul/projects/FIL3601/Sim/DAY1/op_example/adexl/results/data/Interactive.6/1/V1/psf.
\o compose simulator input file...
\o       ...successful.
\o start simulator if needed...
\o       ...successful.
\o simulate...
\o To view the simulator output, right-click on the test name, result 
\o name, or any value in the "Results" tab of the Outputs section and 
\o choose "Output Log" menu option.
\o INFO (ADE-3071): Simulation completed successfully.
\o reading simulation data...
\o       ...successful.
\o *Info*    Client has finished evaluating ... 
\o 
\o 
\o *Info*    Run complete for Point ID (2 1) on testbench [ V1 ].
\o 
\o 
\o 
\o 
\o 
\o Simulation design variables differ from those on the cellView,
\o they have been saved in the file "/tmp/saved-design-variables".
\o To save future changes, copy variables to cellView before exiting.
\o 
\o 
\o *Info*    Configuring the session ...
\o 
\o 	Library      = DAY1
\o 	Cell         = op_example
\o 	View         = schematic
\o 	Simulator    = spectre
\o 	State Path   = $AXL_SETUPDB_DIR/test_states
\o 	State Name   = V2_DAY1:op_example:1:1_state_Interactive.6
\o 	Results DB   = /home/saul/projects/FIL3601/DAY1/op_example/adexl/results/data/Interactive.6.rdb
\o 	Results Dir  = /home/saul/projects/FIL3601/Sim/DAY1/op_example/adexl/results/data/Interactive.6/1/V2
\o 	Results Loc  = /home/saul/projects/FIL3601/Sim/DAY1/op_example/adexl/results/data
\o 	Project Dir  = /home/saul/projects/FIL3601/Sim
\o 	Setup DB loc = /home/saul/projects/FIL3601/DAY1/op_example/adexl
\o 	File Encoding = 0
\o 
\o 
\o 
\o *Info*    The auto suspension is disabled.
\o 
\o 
\o 
\o 
\o 
\o 
\o *Info*    Run start for Point ID (2 1) on testbench [ V2 ].
\o 
\o Resetting statistical vars
\o 
\o *Info*    Setting parameter values ...
\o 
\o Setting var VIN = "0.3942"
\o Setting var VIN2 = "0"
\o Setting var temperature = "27"
\o Setting temp(T) = 27
\o 
\o *Info*    Netlist Directory =
\o           /home/saul/projects/FIL3601/Sim/DAY1/op_example/adexl/results/data/Interactive.6/1/V2/netlist
\o 
\o 
\o *Info*    Data Directory    =
\o           /home/saul/projects/FIL3601/Sim/DAY1/op_example/adexl/results/data/Interactive.6/1/V2
\o 
\o 
\o *Info*    Creating Netlist for Point ID (2 1)
\o 
\o generate netlist...
\o function ansCdlCompPrim redefined
\o function ansCdlCompPrim redefined
\o Begin Incremental Netlisting May 23 18:27:19 2025
\o End netlisting May 23 18:27:19 2025
\o 
\o 	The netlist is up to date.
\o 	Time taken to compare the design with netlist:   0.0s
\o       ...successful.
\o compose simulator input file...
\o       ...successful.
\o 
\o *Info*    Running simulation on testbench [ V2 ] for Point ID (2 1).
\o 
\o Delete psf data in /home/saul/projects/FIL3601/Sim/DAY1/op_example/adexl/results/data/Interactive.6/1/V2/psf.
\o compose simulator input file...
\o       ...successful.
\o start simulator if needed...
\o       ...successful.
\o simulate...
\o To view the simulator output, right-click on the test name, result 
\o name, or any value in the "Results" tab of the Outputs section and 
\o choose "Output Log" menu option.
\o INFO (ADE-3067): Errors encountered during simulation. For more information, right-click
\o         on a test name in the 'Results' tab of the Outputs pane and choose 'Output Log'
\o         to view the simulation run log.
\o 
\o *Error*   Error ID  = 5011
\o *Error*   Error Msg = Simulator failed to complete the simulation.
\o 
\o           Error found by spectre during circuit read-in.
\o Error found
\o           by spectre during circuit read-in.
\o ERROR (SFE-868):
\o           "input.scs" 10: Cannot open the input file
\o           '/pkg/xfab2/XKIT/xh018/cadence/v9_0/spectre/v9_0_2/lpmos/config.scs' because either the fi
\o le name or the directory specified is invalid. Ensure that the specified file exists and the path to the file is valid. Alternatively, use the -I <pat
\o h> command-line option to specify the path to the file and rerun the simulation.
\o ERROR (SFE-868): "input.scs" 11: Cannot open the input file '/pkg/xfab2/XKIT/xh018/cadence/v9_0/spectre/v9_0_2/lpmos/param.scs' because either the fil
\o e name or the directory specified is invalid. Ensure that the specified file exists and the path to the file is valid. Alternatively, use the -I <path
\o > command-line option to specify the path to the file and rerun the simulation.
\o ERROR (SFE-868): "input.scs" 12: Cannot open the input file '/pkg/xfab2/XKIT/xh018/cadence/v9_0/spectre/v9_0_2/lpmos/bip.scs' because either the file 
\o name or the directory specified is invalid. Ensure that the specified file exists and the path to the file is valid. Alternatively, use the -I <path> 
\o command-line option to specify the path to the file and rerun the simulation.
\o ERROR (SFE-868): "input.scs" 13: Cannot open the input file '/pkg/xfab2/XKIT/xh018/cadence/v9_0/spectre/v9_0_2/lpmos/cap.scs' because either the file 
\o name or the directory specified is invalid. Ensure that the specified file exists and the path to the file is valid. Alternatively, use the -I <path> 
\o command-line option to specify the path to the file and rerun the simulation.
\o ERROR (SFE-868): "input.scs" 14: Cannot open the input file '/pkg/xfab2/XKIT/xh018/cadence/v9_0/spectre/v9_0_2/lpmos/dio.scs' because either the file 
\o name or the directory specified is invalid. Ensure that the specified file exists and the path to the file is valid. Alternatively, use the -I <path> 
\o command-line option to specify the path to the file and rerun the simulation.
\o ERROR (SFE-868): "input.scs" 15: Cannot open the input file '/pkg/xfab2/XKIT/xh018/cadence/v9_0/spectre/v9_0_2/lpmos/mos.scs' because either the file 
\o name or the directory specified is invalid. Ensure that the specified file exists and the path to the file is valid. Alternatively, use the -I <path> 
\o command-line option to specify the path to the file and rerun the simulation.
\o ERROR (SFE-868): "input.scs" 16: Cannot open the input file '/pkg/xfab2/XKIT/xh018/cadence/v9_0/spectre/v9_0_2/lpmos/photo.scs' because either the fil
\o e name or the directory specified is invalid. Ensure that the specified file exists and the path to the file is valid. Alternatively, use the -I <path
\o > command-line option to specify the path to the file and rerun the
\o            simulation.
\o 
\o 
\o 
\o 
\o 
\o 
\o 
\o 
\o 
\o 
\o *Info*    Run start for Point ID (2 1) on testbench [ V2 ].
\o 
\o Resetting statistical vars
\o 
\o *Info*    Setting parameter values ...
\o 
\o Setting var VIN = "0.3942"
\o Setting var VIN2 = "0"
\o Setting var temperature = "27"
\o Setting temp(T) = 27
\o 
\o *Info*    Netlist Directory =
\o           /home/saul/projects/FIL3601/Sim/DAY1/op_example/adexl/results/data/Interactive.6/1/V2/netlist
\o 
\o 
\o *Info*    Data Directory    =
\o           /home/saul/projects/FIL3601/Sim/DAY1/op_example/adexl/results/data/Interactive.6/1/V2
\o 
\o 
\o *Info*    Creating Netlist for Point ID (2 1)
\o 
\o generate netlist...
\o function ansCdlCompPrim redefined
\o function ansCdlCompPrim redefined
\o Begin Incremental Netlisting May 23 18:27:22 2025
\o End netlisting May 23 18:27:22 2025
\o 
\o 	The netlist is up to date.
\o 	Time taken to compare the design with netlist:   0.0s
\o       ...successful.
\o compose simulator input file...
\o       ...successful.
\o 
\o *Info*    Running simulation on testbench [ V2 ] for Point ID (2 1).
\o 
\o Delete psf data in /home/saul/projects/FIL3601/Sim/DAY1/op_example/adexl/results/data/Interactive.6/1/V2/psf.
\o compose simulator input file...
\o       ...successful.
\o start simulator if needed...
\o       ...successful.
\o simulate...
\o To view the simulator output, right-click on the test name, result 
\o name, or any value in the "Results" tab of the Outputs section and 
\o choose "Output Log" menu option.
\o INFO (ADE-3067): Errors encountered during simulation. For more information, right-click
\o         on a test name in the 'Results' tab of the Outputs pane and choose 'Output Log'
\o         to view the simulation run log.
\o 
\o *Error*   Error ID  = 5011
\o *Error*   Error Msg = Simulator failed to complete the simulation.
\o 
\o           Error found by spectre during circuit read-in.
\o Error found
\o           by spectre during circuit read-in.
\o ERROR (SFE-868):
\o           "input.scs" 10: Cannot open the input file
\o           '/pkg/xfab2/XKIT/xh018/cadence/v9_0/spectre/v9_0_2/lpmos/config.scs' because either the fi
\o le name or the directory specified is invalid. Ensure that the specified file exists and the path to the file is valid. Alternatively, use the -I <pat
\o h> command-line option to specify the path to the file and rerun the simulation.
\o ERROR (SFE-868): "input.scs" 11: Cannot open the input file '/pkg/xfab2/XKIT/xh018/cadence/v9_0/spectre/v9_0_2/lpmos/param.scs' because either the fil
\o e name or the directory specified is invalid. Ensure that the specified file exists and the path to the file is valid. Alternatively, use the -I <path
\o > command-line option to specify the path to the file and rerun the simulation.
\o ERROR (SFE-868): "input.scs" 12: Cannot open the input file '/pkg/xfab2/XKIT/xh018/cadence/v9_0/spectre/v9_0_2/lpmos/bip.scs' because either the file 
\o name or the directory specified is invalid. Ensure that the specified file exists and the path to the file is valid. Alternatively, use the -I <path> 
\o command-line option to specify the path to the file and rerun the simulation.
\o ERROR (SFE-868): "input.scs" 13: Cannot open the input file '/pkg/xfab2/XKIT/xh018/cadence/v9_0/spectre/v9_0_2/lpmos/cap.scs' because either the file 
\o name or the directory specified is invalid. Ensure that the specified file exists and the path to the file is valid. Alternatively, use the -I <path> 
\o command-line option to specify the path to the file and rerun the simulation.
\o ERROR (SFE-868): "input.scs" 14: Cannot open the input file '/pkg/xfab2/XKIT/xh018/cadence/v9_0/spectre/v9_0_2/lpmos/dio.scs' because either the file 
\o name or the directory specified is invalid. Ensure that the specified file exists and the path to the file is valid. Alternatively, use the -I <path> 
\o command-line option to specify the path to the file and rerun the simulation.
\o ERROR (SFE-868): "input.scs" 15: Cannot open the input file '/pkg/xfab2/XKIT/xh018/cadence/v9_0/spectre/v9_0_2/lpmos/mos.scs' because either the file 
\o name or the directory specified is invalid. Ensure that the specified file exists and the path to the file is valid. Alternatively, use the -I <path> 
\o command-line option to specify the path to the file and rerun the simulation.
\o ERROR (SFE-868): "input.scs" 16: Cannot open the input file '/pkg/xfab2/XKIT/xh018/cadence/v9_0/spectre/v9_0_2/lpmos/photo.scs' because either the fil
\o e name or the directory specified is invalid. Ensure that the specified file exists and the path to the file is valid. Alternatively, use the -I <path
\o > command-line option to specify the path to the file and rerun the
\o            simulation.
\o 
\o 
\o 
\o 
\o 
\o 
\o *Info*    Received signal SIGTERM.
\o 
