*Info*    Exporting services from client ... 

*Info*    Client has finished starting ... 



*Info*    Configuring the session ...

	Library      = EX1
	Cell         = current_amplifier_final_tb
	View         = schematic
	Simulator    = spectre
	State Path   = $AXL_SETUPDB_DIR/test_states
	State Name   = AC_NOISE_PZ_TRANS_PSRR_none_Interactive.104
	Results DB   = /home/saul/projects/FIL3601/EX1/current_amplifier_final_tb/adexl/results/data/Interactive.104.rdb
	Results Dir  = /home/saul/projects/FIL3601/Sim/EX1/current_amplifier_final_tb/adexl/results/data/Interactive.104/1/AC_NOISE_PZ_TRANS_PSRR
	Results Loc  = /home/saul/projects/FIL3601/Sim/EX1/current_amplifier_final_tb/adexl/results/data
	Project Dir  = /home/saul/projects/FIL3601/Sim
	Setup DB loc = /home/saul/projects/FIL3601/EX1/current_amplifier_final_tb/adexl
	File Encoding = 0



*Info*    The auto suspension is disabled.






*Info*    Run start for Point ID (51 1) on testbench [
          AC_NOISE_PZ_TRANS_PSRR ].

Resetting statistical vars

*Info*    Setting parameter values ...

Setting var AMP1 = "2u"
Setting var AMP2 = "0"
Setting var BIAS_PULSE = "0"
Setting var FREQ1 = "1M"
Setting var FREQ2 = "50M"
Setting var IN = "1"
Setting var IN_DC = "0"
Setting var IN_PULSE = "0"
Setting var VDD = "1.8"
Setting var VDD_PULSE = "0"
Setting var temperature = "27"
Setting temp(T) = 27

*Info*    Netlist Directory =
          /home/saul/projects/FIL3601/Sim/EX1/current_amplifier_final_tb/adexl/results/data/Interactive.104/1/AC_NOISE_PZ_TRANS_PSRR/netlist


*Info*    Data Directory    =
          /home/saul/projects/FIL3601/Sim/EX1/current_amplifier_final_tb/adexl/results/data/Interactive.104/1/AC_NOISE_PZ_TRANS_PSRR


*Info*    Creating Netlist for Point ID (51 1)

generate netlist...
function ansCdlCompPrim redefined
function ansCdlCompPrim redefined
Begin Incremental Netlisting Apr 26 17:52:07 2025
WARNING (OSSHNL-941): Failed to open the sameCellNamesInMultipleLibs file '/home/saul/projects/FIL3601/Sim/EX1/current_amplifier_final_tb/adexl/results/data/Interactive.53/1/AC_NOISE_PZ_TRANS_PSRR/netlist/ihnl/sameCellNamesInMultipleLibs', in the append mode.
Ensure that you have the write permission for the mentioned file.

End netlisting Apr 26 17:52:07 2025

	The netlist is up to date.
	Time taken to compare the design with netlist:   0.0s
      ...successful.
compose simulator input file...
      ...successful.

*Info*    Running simulation on testbench [ AC_NOISE_PZ_TRANS_PSRR ]
          for Point ID (51 1).

Delete psf data in /home/saul/projects/FIL3601/Sim/EX1/current_amplifier_final_tb/adexl/results/data/Interactive.104/1/AC_NOISE_PZ_TRANS_PSRR/psf.
compose simulator input file...
      ...successful.
start simulator if needed...
      ...successful.
simulate...
To view the simulator output, right-click on the test name, result 
name, or any value in the "Results" tab of the Outputs section and 
choose "Output Log" menu option.
INFO (ADE-3071): Simulation completed successfully.
reading simulation data...
      ...successful.
*Info*    Client has finished evaluating ... 

WARNING (OCN-6038): Results noise are not available for /home/saul/projects/FIL3601/Sim/EX1/current_amplifier_final_tb/adexl/results/data/Interactive.104/1/AC_NOISE_PZ_TRANS_PSRR. Use results() for a list of available results.
WARNING (OCN-6038): Results noise are not available for /home/saul/projects/FIL3601/Sim/EX1/current_amplifier_final_tb/adexl/results/data/Interactive.104/1/AC_NOISE_PZ_TRANS_PSRR. Use results() for a list of available results.
ERROR (ADEXL-2709): Evaluation of output 'input noise; A / sqrt(Hz)' returned 'nil' for point:'1' test:'AC_NOISE_PZ_TRANS_PSRR'
	Expression:'getData("in" ?result "noise")'.
Ensure that the definition of output is correct.

WARNING (OCN-6041): You must do openResults() and selectResults() before using this command.
        Make sure your openResults() and selectResults() commands worked. Use ocnHelp('openResults)
        and ocnHelp('selectResults) for more information.
ERROR (ADEXL-2708): Evaluation of output '%THD v /OUT; pss (V)' failed for point:'1' test:'AC_NOISE_PZ_TRANS_PSRR'
	Expression:'_drplPssHarmThd(vh('pss "/OUT") 1)'
	because of the following error(s)
	*Error* quotient: Attempted to divide by zero.
Ensure that the definition of output is correct.

WARNING (OCN-6038): Results pz are not available for /home/saul/projects/FIL3601/Sim/EX1/current_amplifier_final_tb/adexl/results/data/Interactive.104/1/AC_NOISE_PZ_TRANS_PSRR. Use results() for a list of available results.
WARNING (OCN-6038): Results pz are not available for /home/saul/projects/FIL3601/Sim/EX1/current_amplifier_final_tb/adexl/results/data/Interactive.104/1/AC_NOISE_PZ_TRANS_PSRR. Use results() for a list of available results.
ERROR (ADEXL-2709): Evaluation of output 'Zeros' returned 'nil' for point:'1' test:'AC_NOISE_PZ_TRANS_PSRR'
	Expression:'pzFrequencyAndRealFilter(getData("zeros" ?result "pz"))'.
Ensure that the definition of output is correct.

WARNING (OCN-6038): Results pz are not available for /home/saul/projects/FIL3601/Sim/EX1/current_amplifier_final_tb/adexl/results/data/Interactive.104/1/AC_NOISE_PZ_TRANS_PSRR. Use results() for a list of available results.
WARNING (OCN-6038): Results pz are not available for /home/saul/projects/FIL3601/Sim/EX1/current_amplifier_final_tb/adexl/results/data/Interactive.104/1/AC_NOISE_PZ_TRANS_PSRR. Use results() for a list of available results.
ERROR (ADEXL-2709): Evaluation of output 'Poles' returned 'nil' for point:'1' test:'AC_NOISE_PZ_TRANS_PSRR'
	Expression:'pzFrequencyAndRealFilter(getData("poles" ?result "pz"))'.
Ensure that the definition of output is correct.

ERROR (ADEXL-2709): Evaluation of output 'i /R3/PLUS; pss dB20(I)' returned 'nil' for point:'1' test:'AC_NOISE_PZ_TRANS_PSRR'
	Expression:'db(ih('pss "/R3/PLUS"))'.
Ensure that the definition of output is correct.


*Info*    Run complete for Point ID (51 1) on testbench [
          AC_NOISE_PZ_TRANS_PSRR ].





Simulation design variables differ from those on the cellView,
they have been saved in the file "/tmp/saved-design-variables".
To save future changes, copy variables to cellView before exiting.
