\# Program start time:     UTC 2025.11.14 13:59:19.016
\# Local time: UTC (UTC+00:00) 2025.11.14 13:59:19.016
\o Program:		@(#)$CDS: virtuoso version 6.1.8-64b 09/03/2024 19:11 (sjfhw316) $
\o Hierarchy:		/opt/tools/cadence/installs/IC618/tools.lnx86/dfII/
\o Sub version:		sub-version  IC6.1.8-64b.500.36  (64-bit addresses)
\# Command line:	/opt/tools/cadence/installs/IC618/tools.lnx86/dfII/bin/64bit/virtuoso -noautostart -mpssession virtuosoEtgJ14kulSfcP7WOU0Vm9L_69207 -mpshost 51313@edatools -davinciService DaVinciService_69408_1763120609 -log /home/saul/projects/FIL3601/logs_saul/logs0/Job19.log -licenseLockFileName /home/saul/projects/FIL3601/.tmp_saul/.edatools_69408 -interactiveA -interactiveE -interactiveRTT -nostdin -nographE -axlChildIdFlag 19
\# Host name (type):	edatools (x86_64)
\# Operating system:	Linux 6.10.14-linuxkit #1 SMP PREEMPT_DYNAMIC Tue Oct 14 07:34:37 UTC 2025
\# Linux /etc/issue:	\S
\# Linux /etc/issue:	Kernel \r on an \m
\# X display name (WxH):	:6114 (1024x868)
\# Available geometry:			TL(0:0) BR(1023:867)
\# X server:			The X.Org Foundation
\# Depth of Visual (Root):	24 (24)
\# Number of Planes Used:	24
\# X version:		11.0 (vendor release 12011000)
\# X resource pool:	base 0x400000, mask 0x1fffff (2097151), shift 0
\# 			current id 0x0, current max 0x1ffffa (2097146)
\# Max data seg size:	     unlimited
\# Max process size:	     unlimited
\# Initial sbrk value:	      1,055 MB
\# Available memory:	     21,983 MB
\# System memory:	     28,093 MB
\# Maximum memory size:	     27,159 MB
\# Max mem available:	     22,103 MB
\# Initial memory used:	        120 MB
\#        process size:	      1,677 MB
\# Thread usage limits (effective/default):	maxthreads 4294967295/4294967295 maxload 16.00/16.00
\# Qt version:		5.9.1
\# Window Manager:	other
\# User Name:		saul
\o Working Directory:	edatools:/home/saul/projects/FIL3601
\# Process Id:		90784
\# Container Id:	EtgJ14kulSfcP7WOU0Vm9L
\o 
\o COPYRIGHT (C) 1992-2024  CADENCE DESIGN SYSTEMS INC.  ALL RIGHTS RESERVED.
\o           (C) 1992-2024  UNIX SYSTEMS Laboratories INC.,
\o                          Reproduced with permission.
\o 
\o This Cadence Design Systems program and online documentation are
\o proprietary/confidential information and may be disclosed/used only
\o as authorized in a license agreement controlling such use and disclosure.
\o 
\o           RESTRICTED RIGHTS NOTICE (SHORT FORM)
\o Use/reproduction/disclosure is subject to restriction
\o set forth at FAR 1252.227-19 or its equivalent.
\o Loading geView.cxt 
\o Loading menuBuilder.cxt 
\o Loading schView.cxt 
\o Loading selectSv.cxt 
\o Loading pvsui.cxt
\o Loading wireEdit.cxt 
\o Loading pte2.cxt 
\o Loading xlUI.cxt 
\o Loading auCore.cxt 
\o Loading vhdl.cxt 
\o Loading seismic.cxt 
\o Loading ci.cxt 
\o Loading ams.cxt 
\o Loading oasis.cxt 
\o Loading analog.cxt 
\o Loading asimenv.cxt 
\o Loading dal.cxt 
\o Loading awv.cxt 
\o Loading socket.cxt 
\o Loading par.cxt 
\o Loading alvs.cxt 
\o Loading caa.cxt 
\o Loading amps.cxt 
\o Loading adexlCore.cxt 
\o Loading adexl.cxt 
\o *Info*    Exporting services from client ... 
\o 
\o Loading adexlDM.cxt 
\o Loading cpf.cxt 
\o Loading cli.cxt 
\o Loading lp.cxt 
\o INFO (ELI-00302) Connecting to parent process (session=virtuosoEtgJ14kulSfcP7WOU0Vm9L_69207, host=51313@edatools). Connection mode is ICRP. Total timeout is 180 seconds. Connection timeout is 90 seconds.
\o INFO (ELI-00303) Step 1: Connecting to parent. Time spent is 0 seconds.
\o INFO (ELI-00304) The registration of the child 90784 within 90 seconds is being processed...
\o INFO (ELI-00305) The result of registration is true. Time spent is 0 seconds.
\o INFO (ELI-00308) The connection has ended. Result is true. Total time spent is 0 seconds.
\# [13:59:19.512481] Configured Lic search path (22.01-s002): 3000@lic08.ug.kth.se
\# Memory report: using         273 MB, process size 1,960 MB at UTC 2025.11.14 13:59:22.449
\o Loading .cdsinit for the XH018 X-Fab XKit.
\o     LOAD xh018_1143 SPECIFIC CALL-BACK ROUTINES
\o     LOAD ALL AVAILABLE P-CELL FUNCTIONS
\o ** Info: PDK loadpath is "/opt/pdk/xfab/XKIT/xh018/cadence/v10_0/PDK/IC61/v10_0_3"
\o Loading XfSktTools.cxt
\o Loading XfMenu.cxt
\o Loading XfTechXh018.cxt
\o Loading XfPcellCore.cxt
\o function ansiSpicePrintProperties_subcircuit redefined
\o Loading XfSkillExt.cxt
\o Initializing library.
\o Finished Initializing Library .
\o     Generic PcellKit: 'production' loaded.
\o     Generic Pcell Skill Tools: 'production' loaded.
\o Loading Circuit Prospector Setup (XfCircuitProspSetup.il)
\o     LOAD THE ENVIRONMENT FILE
\o  --> Setting the required PDK definitions...
\o     GDSII LAYER MAPPING FILE = "./.xkit/setup/xh018/cadence/PDK/TECH_XH018_1143/strmInOut.layertable"
\o     GDSII OBJECT MAPPING FILE = "./.xkit/setup/xh018/cadence/PDK/TECH_XH018_1143/strmOutObjects.map"
\o Use model setup from PDK...
\o Loading spectrei.cxt 
\o Loading devCheck.cxt 
\o Loading relXpert.cxt 
\o Loading vdsil.cxt 
\o Loading hspiceD.cxt 
\o Loading spectreinl.cxt 
\o Loading UltraSim.cxt 
\o Loading msgHandler.cxt 
\o Loading AMSOSS.cxt 
\o Loading AMS.cxt 
\o  --> Finished setting the required PDK definitions
\o  --> Setting the recommended EDA tool defaults...
\o  --> Finished setting the recommended EDA tool defaults
\o     LOAD DEFAULT BINDKEYS
\o Loading viva.cxt 
\o *Info*    Client has finished starting ... 
\o 
\p > 
\w *WARNING* could not load font "-*-courier-medium-r-*-*-12-*", using font "fixed"
\# Loading perfDiag...
\# (PerfDiag): Set GDB path to environment variable 'gdbPath' (gdb).
\# Performance Diagnostic tool is installed. You can access PerfDiag from CIW Tools or use the shell command 'cdsPerfDiag -p 90784' to open it when Virtuoso freezes.
\# (PerfDiag): Use backtrace from GLIBC.
\# Memory report: using         385 MB, process size 2,075 MB at UTC 2025.11.14 13:59:24.169
\w *WARNING* _perfPstackCheck: Cannot find pstack/gstack. Please setup PATH environment variable to pstack/gstack executable.
\o Loading vqp.cxt 
\o Loading hdlPkg.cxt 
\o 
\o 
\o *Info*    Configuring the session ...
\o 
\o Loading simui.cxt 
\o 	Library      = DAY7
\o 	Cell         = ex1_small_signal_no_bias
\o 	View         = schematic
\o 	Simulator    = spectre
\o 	State Path   = $AXL_SETUPDB_DIR/test_states
\o 	State Name   = root_locus_Closed_loop:1_state_Interactive.78
\o 	Results DB   = /home/saul/projects/FIL3601/DAY7/ex1_small_signal_no_bias/adexl/results/data/Interactive.78.rdb
\o 	Results Dir  = /home/saul/projects/FIL3601/Sim/DAY7/ex1_small_signal_no_bias/adexl/results/data/Interactive.78/1/root_locus
\o 	Results Loc  = /home/saul/projects/FIL3601/Sim/DAY7/ex1_small_signal_no_bias/adexl/results/data
\o 	Project Dir  = /home/saul/projects/FIL3601/Sim
\o 	Setup DB loc = /home/saul/projects/FIL3601/DAY7/ex1_small_signal_no_bias/adexl
\o 	File Encoding = 0
\o 
\o 
\o WARNING (ADE-7017): The Spectre run mode needs to be 'batch' when EM/IR analysis is enabled. Automatically setting the run mode to 'batch'.
\o 
\o *Info*    The auto suspension is disabled.
\o 
\o     LOAD GENERIC "X-KIT" SKILL CONTEXT "./.xkit/setup/x_all/cadence/xenv/skill/context6/xkit.cxt" 
\o  - Menu "XKit Utilities" installed to CIW.
\o     LOAD ".cdsinit_personal" FILE FROM THE WORKING DIRECTORY.
\o     INFO: To customize this setup, please use the following environment variables:
\o           CUSTOM_SCRIPT_PATH - should point to the master shell or perl script
\o                              e.g.:
\o                              setenv CUSTOM_SCRIPT_PATH /path/to/my/script/LoadMyScripts.csh
\o           CUSTOM_SKILL_PATH - should point to your master skill load file
\o                              e.g.:
\o                              setenv CUSTOM_SKILL_PATH /path/to/my/skill/LoadMySkills.il
\o  loading default key binding 
\o  -> END LOAD ".cdsinit" FILE
\o Loading monte.cxt 
\o 
\o 
\o 
\o 
\o 
\o *Info*    Run start for Point ID (8 1) on testbench [ root_locus ].
\o 
\o Resetting statistical vars
\o 
\o *Info*    Setting parameter values ...
\o 
\o Setting var IT = "0"
\o Setting var VIN = "1"
\o Setting var cdb1 = "32.99f"
\o Setting var cdb2 = "9.65f"
\o Setting var cdb3 = "79.52f"
\o Setting var cdb4 = "66f"
\o Setting var cds1 = "0.96f"
\o Setting var cds2 = "0.02f"
\o Setting var cds3 = "184.79f"
\o Setting var cds4 = "0.77f"
\o Setting var cgb1 = "35f"
\o Setting var cgb2 = "3.61f"
\o Setting var cgb3 = "84.34f"
\o Setting var cgb4 = "178f"
\o Setting var cgd1 = "13.2f"
\o Setting var cgd2 = "3.2f"
\o Setting var cgd3 = "13.22f"
\o Setting var cgd4 = "25.65f"
\o Setting var cgs1 = "14.9f"
\o Setting var cgs2 = "26.9f"
\o Setting var cgs3 = "372.5f"
\o Setting var cgs4 = "317f"
\o Setting var gm = "0.122m"
\o Setting var gm1 = "0.122m"
\o Setting var gm2 = "0.227m"
\o Setting var gm3 = "0.319m"
\o Setting var gm4 = "97u"
\o Setting var rds1 = "4.068M"
\o Setting var rds2 = "452599"
\o Setting var rds3 = "13.043M"
\o Setting var rds4 = "2.355M"
\o Setting var temperature = "27"
\o Setting temp(T) = 27
\o 
\o *Info*    Netlist Directory =
\o           /home/saul/projects/FIL3601/Sim/DAY7/ex1_small_signal_no_bias/adexl/results/data/Interactive.78/1/root_locus/netlist
\o 
\o 
\o *Info*    Data Directory    =
\o           /home/saul/projects/FIL3601/Sim/DAY7/ex1_small_signal_no_bias/adexl/results/data/Interactive.78/1/root_locus
\o 
\o 
\o *Info*    Creating Netlist for Point ID (8 1)
\o 
\o generate netlist...
\o Loading hnlInit.cxt 
\o Loading seCore.cxt 
\o function ansCdlCompPrim redefined
\o function ansCdlCompPrim redefined
\# [13:59:25.296760] Periodic Lic check successful
\# [13:59:25.296761] Feature usage summary:
\o Begin Incremental Netlisting Nov 14 13:59:25 2025
\o Loading json.cxt 
\o End netlisting Nov 14 13:59:25 2025
\o 
\o Netlisting Statistics:
\o 	Number of components:   19
\o 
\o 	Elapsed time:          0.0s
\o Errors: 0	Warnings: 0
\o       ...successful.
\o compose simulator input file...
\o       ...successful.
\o 
\o *Info*    Running simulation on testbench [ root_locus ] for Point ID
\o           (8 1).
\o 
\o Delete psf data in /home/saul/projects/FIL3601/Sim/DAY7/ex1_small_signal_no_bias/adexl/results/data/Interactive.78/1/root_locus/psf.
\o compose simulator input file...
\o       ...successful.
\o start simulator if needed...
\o       ...successful.
\o simulate...
\o To view the simulator output, right-click on the test name, result 
\o name, or any value in the "Results" tab of the Outputs section and 
\o choose "Output Log" menu option.
\o Loading paraplot.cxt 
\# Available memory:         20,599 MB at UTC 2025.11.14 13:59:29.237
\# Memory report: Maximum memory size now 21,058 MB at UTC 2025.11.14 13:59:29.237
\# Thread usage report: 22 active threads, active load 1.40 at UTC 2025.11.14 13:59:29.237
\o INFO (ADE-3071): Simulation completed successfully.
\o reading simulation data...
\o       ...successful.
\o *Info*    Client has finished evaluating ... 
\o 
\o 
\o *Info*    Run complete for Point ID (8 1) on testbench [ root_locus ].
\o 
\o 
\o 
\o 
\o 
\o Simulation design variables differ from those on the cellView,
\o they have been saved in the file "/tmp/saved-design-variables".
\o To save future changes, copy variables to cellView before exiting.
\o 
\o 
\o *Info*    Configuring the session ...
\o 
\o 	Library      = DAY7
\o 	Cell         = ex1_small_signal_no_bias
\o 	View         = schematic
\o 	Simulator    = spectre
\o 	State Path   = $AXL_SETUPDB_DIR/test_states
\o 	State Name   = root_locus_Closed_loop:1_state_Interactive.79
\o 	Results DB   = /home/saul/projects/FIL3601/DAY7/ex1_small_signal_no_bias/adexl/results/data/Interactive.79.rdb
\o 	Results Dir  = /home/saul/projects/FIL3601/Sim/DAY7/ex1_small_signal_no_bias/adexl/results/data/Interactive.79/1/root_locus
\o 	Results Loc  = /home/saul/projects/FIL3601/Sim/DAY7/ex1_small_signal_no_bias/adexl/results/data
\o 	Project Dir  = /home/saul/projects/FIL3601/Sim
\o 	Setup DB loc = /home/saul/projects/FIL3601/DAY7/ex1_small_signal_no_bias/adexl
\o 	File Encoding = 0
\o 
\o 
\o 
\o *Info*    The auto suspension is disabled.
\o 
\o 
\o 
\o 
\o 
\o 
\o *Info*    Run start for Point ID (9 1) on testbench [ root_locus ].
\o 
\o Resetting statistical vars
\o 
\o *Info*    Setting parameter values ...
\o 
\o Setting var IT = "0"
\o Setting var VIN = "1"
\o Setting var cdb1 = "32.99f"
\o Setting var cdb2 = "9.65f"
\o Setting var cdb3 = "79.52f"
\o Setting var cdb4 = "66f"
\o Setting var cds1 = "0.96f"
\o Setting var cds2 = "0.02f"
\o Setting var cds3 = "184.79f"
\o Setting var cds4 = "0.77f"
\o Setting var cgb1 = "35f"
\o Setting var cgb2 = "3.61f"
\o Setting var cgb3 = "84.34f"
\o Setting var cgb4 = "178f"
\o Setting var cgd1 = "13.2f"
\o Setting var cgd2 = "3.2f"
\o Setting var cgd3 = "13.22f"
\o Setting var cgd4 = "25.65f"
\o Setting var cgs1 = "14.9f"
\o Setting var cgs2 = "26.9f"
\o Setting var cgs3 = "372.5f"
\o Setting var cgs4 = "317f"
\o Setting var gm = "0.122m"
\o Setting var gm1 = "0.122m"
\o Setting var gm2 = "0.227m"
\o Setting var gm3 = "0.319m"
\o Setting var gm4 = "97u"
\o Setting var rds1 = "4.068M"
\o Setting var rds2 = "452599"
\o Setting var rds3 = "13.043M"
\o Setting var rds4 = "2.355M"
\o Setting var temperature = "27"
\o Setting temp(T) = 27
\o 
\o *Info*    Netlist Directory =
\o           /home/saul/projects/FIL3601/Sim/DAY7/ex1_small_signal_no_bias/adexl/results/data/Interactive.79/1/root_locus/netlist
\o 
\o 
\o *Info*    Data Directory    =
\o           /home/saul/projects/FIL3601/Sim/DAY7/ex1_small_signal_no_bias/adexl/results/data/Interactive.79/1/root_locus
\o 
\o 
\o *Info*    Creating Netlist for Point ID (9 1)
\o 
\o generate netlist...
\o function ansCdlCompPrim redefined
\o function ansCdlCompPrim redefined
\o Begin Incremental Netlisting Nov 14 14:01:46 2025
\o End netlisting Nov 14 14:01:46 2025
\o 
\o Netlisting Statistics:
\o 	Number of components:   19
\o 
\o 	Elapsed time:          0.0s
\o Errors: 0	Warnings: 0
\o       ...successful.
\o compose simulator input file...
\o       ...successful.
\o 
\o *Info*    Running simulation on testbench [ root_locus ] for Point ID
\o           (9 1).
\o 
\o Delete psf data in /home/saul/projects/FIL3601/Sim/DAY7/ex1_small_signal_no_bias/adexl/results/data/Interactive.79/1/root_locus/psf.
\o compose simulator input file...
\o       ...successful.
\o start simulator if needed...
\o       ...successful.
\o simulate...
\o To view the simulator output, right-click on the test name, result 
\o name, or any value in the "Results" tab of the Outputs section and 
\o choose "Output Log" menu option.
\o INFO (ADE-3071): Simulation completed successfully.
\o reading simulation data...
\o       ...successful.
\o *Info*    Client has finished evaluating ... 
\o 
\o 
\o *Info*    Run complete for Point ID (9 1) on testbench [ root_locus ].
\o 
\o 
\o 
\o 
\o 
\o Simulation design variables differ from those on the cellView,
\o they have been saved in the file "/tmp/saved-design-variables".
\o To save future changes, copy variables to cellView before exiting.
\o 
