*Info*    Exporting services from client ... 

*Info*    Client has finished starting ... 



*Info*    Configuring the session ...

	Library      = EX1
	Cell         = current_amplifier_final_tb
	View         = schematic
	Simulator    = spectre
	State Path   = $AXL_SETUPDB_DIR/test_states
	State Name   = TRAN_PULSE_VDD_TRAN_STAB_IN:1_state_Interactive.96
	Results DB   = /home/saul/projects/FIL3601/EX1/current_amplifier_final_tb/adexl/results/data/Interactive.96.rdb
	Results Dir  = /home/saul/projects/FIL3601/Sim/EX1/current_amplifier_final_tb/adexl/results/data/Interactive.96/1/TRAN_PULSE_VDD
	Results Loc  = /home/saul/projects/FIL3601/Sim/EX1/current_amplifier_final_tb/adexl/results/data
	Project Dir  = /home/saul/projects/FIL3601/Sim
	Setup DB loc = /home/saul/projects/FIL3601/EX1/current_amplifier_final_tb/adexl
	File Encoding = 0



*Info*    The auto suspension is disabled.






*Info*    Run start for Point ID (43 1) on testbench [ TRAN_PULSE_VDD
          ].

Resetting statistical vars

*Info*    Setting parameter values ...

Setting var AMP1 = "0"
Setting var AMP2 = "0"
Setting var BIAS_PULSE = "0.1"
Setting var FREQ1 = "40M"
Setting var FREQ2 = "50M"
Setting var IN = "1"
Setting var IN_DC = "0"
Setting var IN_PULSE = "0"
Setting var VDD = "1.8"
Setting var VDD_PULSE = "0"
Setting var temperature = "27"
Setting temp(T) = 27

*Info*    Netlist Directory =
          /home/saul/projects/FIL3601/Sim/EX1/current_amplifier_final_tb/adexl/results/data/Interactive.96/1/TRAN_PULSE_VDD/netlist


*Info*    Data Directory    =
          /home/saul/projects/FIL3601/Sim/EX1/current_amplifier_final_tb/adexl/results/data/Interactive.96/1/TRAN_PULSE_VDD


*Info*    Creating Netlist for Point ID (43 1)

generate netlist...
function ansCdlCompPrim redefined
function ansCdlCompPrim redefined
Begin Incremental Netlisting Apr 26 17:32:39 2025
WARNING (OSSHNL-941): Failed to open the sameCellNamesInMultipleLibs file '/home/saul/projects/FIL3601/Sim/EX1/current_amplifier_final_tb/adexl/results/data/Interactive.53/1/AC_NOISE_PZ_TRANS_PSRR/netlist/ihnl/sameCellNamesInMultipleLibs', in the append mode.
Ensure that you have the write permission for the mentioned file.

End netlisting Apr 26 17:32:39 2025

	The netlist is up to date.
	Time taken to compare the design with netlist:   0.0s
      ...successful.
compose simulator input file...
      ...successful.

*Info*    Running simulation on testbench [ TRAN_PULSE_VDD ] for
          Point ID (43 1).

Delete psf data in /home/saul/projects/FIL3601/Sim/EX1/current_amplifier_final_tb/adexl/results/data/Interactive.96/1/TRAN_PULSE_VDD/psf.
compose simulator input file...
      ...successful.
start simulator if needed...
      ...successful.
simulate...
To view the simulator output, right-click on the test name, result 
name, or any value in the "Results" tab of the Outputs section and 
choose "Output Log" menu option.
INFO (ADE-3067): Errors encountered during simulation. For more information, right-click
        on a test name in the 'Results' tab of the Outputs pane and choose 'Output Log'
        to view the simulation run log.
reading simulation data...
      ...successful.

*Error*   Error ID  = 5011
*Error*   Error Msg = Simulator failed to complete the simulation.

          Error found by spectre at time = 71.4773 ms during
          transient analysis `tran'.
Error found by spectre at time =
          71.4773 ms during transient analysis `tran'.
ERROR
          (SPECTRE-16384): Signal V(I0.C12.21) = 1.02632 GV has
          exceeded the blowup limit for the quantity `V' which is (1
          GV). It is likely that the circ
uit is unstable. If you
          really want signals this large, set the `blowup' parameter
          of this quantity to a larger value.





*Info*    Client has finished evaluating ... 


*Info*    Run complete for Point ID (43 1) on testbench [
          TRAN_PULSE_VDD ].





Simulation design variables differ from those on the cellView,
they have been saved in the file "/tmp/saved-design-variables".
To save future changes, copy variables to cellView before exiting.
