*Info*    Exporting services from client ... 

*Info*    Client has finished starting ... 



*Info*    Configuring the session ...

	Library      = EX1
	Cell         = current_amplifier_final_tb
	View         = schematic
	Simulator    = spectre
	State Path   = $AXL_SETUPDB_DIR/test_states
	State Name   = AC_NOISE_PZ_TRANS_PSRR_none_Interactive.103
	Results DB   = /home/saul/projects/FIL3601/EX1/current_amplifier_final_tb/adexl/results/data/Interactive.103.rdb
	Results Dir  = /home/saul/projects/FIL3601/Sim/EX1/current_amplifier_final_tb/adexl/results/data/Interactive.103/1/AC_NOISE_PZ_TRANS_PSRR
	Results Loc  = /home/saul/projects/FIL3601/Sim/EX1/current_amplifier_final_tb/adexl/results/data
	Project Dir  = /home/saul/projects/FIL3601/Sim
	Setup DB loc = /home/saul/projects/FIL3601/EX1/current_amplifier_final_tb/adexl
	File Encoding = 0



*Info*    The auto suspension is disabled.






*Info*    Run start for Point ID (50 1) on testbench [
          AC_NOISE_PZ_TRANS_PSRR ].

Resetting statistical vars

*Info*    Setting parameter values ...

Setting var AMP1 = "2u"
Setting var AMP2 = "0"
Setting var FREQ1 = "1M"
Setting var FREQ2 = "50M"
Setting var IN = "1"
Setting var IN_DC = "0"
Setting var IN_PULSE = "0"
Setting var VDD = "1.8"
Setting var VDD_PULSE = "0"
Setting var temperature = "27"
Setting temp(T) = 27

*Info*    Netlist Directory =
          /home/saul/projects/FIL3601/Sim/EX1/current_amplifier_final_tb/adexl/results/data/Interactive.103/1/AC_NOISE_PZ_TRANS_PSRR/netlist


*Info*    Data Directory    =
          /home/saul/projects/FIL3601/Sim/EX1/current_amplifier_final_tb/adexl/results/data/Interactive.103/1/AC_NOISE_PZ_TRANS_PSRR


*Info*    Creating Netlist for Point ID (50 1)

generate netlist...
function ansCdlCompPrim redefined
function ansCdlCompPrim redefined
Begin Incremental Netlisting Apr 26 17:51:10 2025
WARNING (OSSHNL-941): Failed to open the sameCellNamesInMultipleLibs file '/home/saul/projects/FIL3601/Sim/EX1/current_amplifier_final_tb/adexl/results/data/Interactive.53/1/AC_NOISE_PZ_TRANS_PSRR/netlist/ihnl/sameCellNamesInMultipleLibs', in the append mode.
Ensure that you have the write permission for the mentioned file.

End netlisting Apr 26 17:51:10 2025

Netlisting Statistics:
	Number of components:   45

	Elapsed time:          0.0s
Errors: 0	Warnings: 0
*Warning*	Additional design variables have been found during netlisting.
 		A value is necessary for successful simulation.
		To simulate, assign values to all design variables with 
		the Variables->Edit... menu, and use "Netlist and Run".
      ...successful.
compose simulator input file...
      ...successful.

*Info*    Running simulation on testbench [ AC_NOISE_PZ_TRANS_PSRR ]
          for Point ID (50 1).

Delete psf data in /home/saul/projects/FIL3601/Sim/EX1/current_amplifier_final_tb/adexl/results/data/Interactive.103/1/AC_NOISE_PZ_TRANS_PSRR/psf.
compose simulator input file...
      ...successful.
start simulator if needed...
      ...successful.
simulate...
To view the simulator output, right-click on the test name, result 
name, or any value in the "Results" tab of the Outputs section and 
choose "Output Log" menu option.
INFO (ADE-3067): Errors encountered during simulation. For more information, right-click
        on a test name in the 'Results' tab of the Outputs pane and choose 'Output Log'
        to view the simulation run log.

*Error*   Error ID  = 5011
*Error*   Error Msg = Simulator failed to complete the simulation.

          Error found by spectre during hierarchy flattening.
Error
          found by spectre during hierarchy flattening.
ERROR
          (SFE-1997): "input.scs" 114: Cannot run the simulation,
          because I3 in parameter `val1': no value has been assigned
          to parameter `BIAS_PULSE'. As
sign a value to the
          parameter.










*Info*    Run start for Point ID (50 1) on testbench [
          AC_NOISE_PZ_TRANS_PSRR ].

Resetting statistical vars

*Info*    Setting parameter values ...

Setting var AMP1 = "2u"
Setting var AMP2 = "0"
Setting var FREQ1 = "1M"
Setting var FREQ2 = "50M"
Setting var IN = "1"
Setting var IN_DC = "0"
Setting var IN_PULSE = "0"
Setting var VDD = "1.8"
Setting var VDD_PULSE = "0"
Setting var temperature = "27"
Setting temp(T) = 27

*Info*    Netlist Directory =
          /home/saul/projects/FIL3601/Sim/EX1/current_amplifier_final_tb/adexl/results/data/Interactive.103/1/AC_NOISE_PZ_TRANS_PSRR/netlist


*Info*    Data Directory    =
          /home/saul/projects/FIL3601/Sim/EX1/current_amplifier_final_tb/adexl/results/data/Interactive.103/1/AC_NOISE_PZ_TRANS_PSRR


*Info*    Creating Netlist for Point ID (50 1)

generate netlist...
function ansCdlCompPrim redefined
function ansCdlCompPrim redefined
Begin Incremental Netlisting Apr 26 17:51:13 2025
WARNING (OSSHNL-225): The design variable 'BIAS_PULSE', used in the last netlisting session in the current
run directory is not used in this netlisting session. The netlist(s) generated
in the last netlisting session cannot be reused for incremental netlisting.
Therefore re-netlisting the design.

WARNING (OSSHNL-941): Failed to open the sameCellNamesInMultipleLibs file '/home/saul/projects/FIL3601/Sim/EX1/current_amplifier_final_tb/adexl/results/data/Interactive.53/1/AC_NOISE_PZ_TRANS_PSRR/netlist/ihnl/sameCellNamesInMultipleLibs', in the append mode.
Ensure that you have the write permission for the mentioned file.

End netlisting Apr 26 17:51:13 2025

Netlisting Statistics:
	Number of components:   45

	Elapsed time:          0.0s
Errors: 0	Warnings: 0
*Warning*	Additional design variables have been found during netlisting.
 		A value is necessary for successful simulation.
		To simulate, assign values to all design variables with 
		the Variables->Edit... menu, and use "Netlist and Run".
      ...successful.
compose simulator input file...
      ...successful.

*Info*    Running simulation on testbench [ AC_NOISE_PZ_TRANS_PSRR ]
          for Point ID (50 1).

Delete psf data in /home/saul/projects/FIL3601/Sim/EX1/current_amplifier_final_tb/adexl/results/data/Interactive.103/1/AC_NOISE_PZ_TRANS_PSRR/psf.
compose simulator input file...
      ...successful.
start simulator if needed...
      ...successful.
simulate...
To view the simulator output, right-click on the test name, result 
name, or any value in the "Results" tab of the Outputs section and 
choose "Output Log" menu option.
INFO (ADE-3067): Errors encountered during simulation. For more information, right-click
        on a test name in the 'Results' tab of the Outputs pane and choose 'Output Log'
        to view the simulation run log.

*Error*   Error ID  = 5011
*Error*   Error Msg = Simulator failed to complete the simulation.

          Error found by spectre during hierarchy flattening.
Error
          found by spectre during hierarchy flattening.
ERROR
          (SFE-1997): "input.scs" 114: Cannot run the simulation,
          because I3 in parameter `val1': no value has been assigned
          to parameter `BIAS_PULSE'. As
sign a value to the
          parameter.





Simulation design variables differ from those on the cellView,
they have been saved in the file "/tmp/saved-design-variables".
To save future changes, copy variables to cellView before exiting.
