*Info*    Exporting services from client ... 

*Info*    Client has finished starting ... 



*Info*    Configuring the session ...

	Library      = EX1
	Cell         = s2_bias_1
	View         = schematic
	Simulator    = spectre
	State Path   = $AXL_SETUPDB_DIR/test_states
	State Name   = EX1:s2_bias_1:1_spectre_state1_Interactive.7
	Results DB   = /home/saul/projects/FIL3601/EX1/s2_bias_1/adexl/results/data/Interactive.7.rdb
	Results Dir  = /home/saul/projects/FIL3601/Sim/EX1/s2_bias_1/adexl/results/data/Interactive.7/1/EX1:s2_bias_1:1
	Results Loc  = /home/saul/projects/FIL3601/Sim/EX1/s2_bias_1/adexl/results/data
	Project Dir  = /home/saul/projects/FIL3601/Sim
	Setup DB loc = /home/saul/projects/FIL3601/EX1/s2_bias_1/adexl
	File Encoding = 0


WARNING (ADE-7017): The Spectre run mode needs to be 'batch' when EM/IR analysis is enabled. Automatically setting the run mode to 'batch'.

*Info*    The auto suspension is disabled.

Loading monte.cxt 





*Info*    Run start for Point ID (0 1) on testbench [ EX1:s2_bias_1:1
          ].

Resetting statistical vars

*Info*    Setting parameter values ...

Setting var IN = "1"
Setting var IN_DC = "0"
Setting var temperature = "27"
Setting temp(T) = 27

*Info*    Netlist Directory =
          /home/saul/projects/FIL3601/Sim/EX1/s2_bias_1/adexl/results/data/Interactive.7/1/EX1:s2_bias_1:1/netlist


*Info*    Data Directory    =
          /home/saul/projects/FIL3601/Sim/EX1/s2_bias_1/adexl/results/data/Interactive.7/1/EX1:s2_bias_1:1


*Info*    Creating Netlist for Point ID (0 1)

generate netlist...
Loading hnlInit.cxt 
Loading seCore.cxt 
function ansCdlCompPrim redefined
function ansCdlCompPrim redefined
Begin Incremental Netlisting Apr 27 00:34:04 2025
Loading json.cxt 
End netlisting Apr 27 00:34:04 2025

Netlisting Statistics:
	Number of components:   24

	Elapsed time:          0.0s
Errors: 0	Warnings: 0
      ...successful.
compose simulator input file...
      ...successful.

*Info*    Running simulation on testbench [ EX1:s2_bias_1:1 ] for
          Point ID (0 1).

Delete psf data in /home/saul/projects/FIL3601/Sim/EX1/s2_bias_1/adexl/results/data/Interactive.7/1/EX1:s2_bias_1:1/psf.
compose simulator input file...
      ...successful.
start simulator if needed...
      ...successful.
simulate...
To view the simulator output, right-click on the test name, result 
name, or any value in the "Results" tab of the Outputs section and 
choose "Output Log" menu option.
Loading paraplot.cxt 
INFO (ADE-3071): Simulation completed successfully.
reading simulation data...
      ...successful.
*Info*    Client has finished evaluating ... 

WARNING (OCN-6038): Results ac are not available for /home/saul/projects/FIL3601/Sim/EX1/s2_bias_1/adexl/results/data/Interactive.7/1/EX1:s2_bias_1:1/psf. Use results() for a list of available results.
ERROR (ADEXL-2709): Evaluation of output 'Gain_dB' returned 'nil' for point:'1' test:'EX1:s2_bias_1:1'
	Expression:'dB20(IF("/R3/PLUS"))'.
Ensure that the definition of output is correct.

WARNING (OCN-6038): Results noise are not available for /home/saul/projects/FIL3601/Sim/EX1/s2_bias_1/adexl/results/data/Interactive.7/1/EX1:s2_bias_1:1/psf. Use results() for a list of available results.
WARNING (OCN-6038): Results noise are not available for /home/saul/projects/FIL3601/Sim/EX1/s2_bias_1/adexl/results/data/Interactive.7/1/EX1:s2_bias_1:1/psf. Use results() for a list of available results.
ERROR (ADEXL-2709): Evaluation of output 'input noise; A / sqrt(Hz)' returned 'nil' for point:'1' test:'EX1:s2_bias_1:1'
	Expression:'getData("in" ?result "noise")'.
Ensure that the definition of output is correct.


*Info*    Run complete for Point ID (0 1) on testbench [
          EX1:s2_bias_1:1 ].





Simulation design variables differ from those on the cellView,
they have been saved in the file "/tmp/saved-design-variables".
To save future changes, copy variables to cellView before exiting.
