*Info*    Exporting services from client ... 

*Info*    Client has finished starting ... 



*Info*    Configuring the session ...

	Library      = DAY6
	Cell         = ex1
	View         = schematic
	Simulator    = spectre
	State Path   = $AXL_SETUPDB_DIR/test_states
	State Name   = SR_3M:1_state_Interactive.55
	Results DB   = /home/saul/projects/FIL3601/DAY6/ex1/adexl/results/data/Interactive.55.rdb
	Results Dir  = /home/saul/projects/FIL3601/Sim/DAY6/ex1/adexl/results/data/Interactive.55/1/SR
	Results Loc  = /home/saul/projects/FIL3601/Sim/DAY6/ex1/adexl/results/data
	Project Dir  = /home/saul/projects/FIL3601/Sim
	Setup DB loc = /home/saul/projects/FIL3601/DAY6/ex1/adexl
	File Encoding = 0



*Info*    The auto suspension is disabled.






*Info*    Run start for Point ID (18 1) on testbench [ SR ].

Resetting statistical vars

*Info*    Setting parameter values ...

Setting var FREQ = "700k"
Setting var VIN = "0"
Setting var VPULSE = "-500m"
Setting var temperature = "27"
Setting temp(T) = 27

*Info*    Netlist Directory =
          /home/saul/projects/FIL3601/Sim/DAY6/ex1/adexl/results/data/Interactive.55/1/SR/netlist


*Info*    Data Directory    =
          /home/saul/projects/FIL3601/Sim/DAY6/ex1/adexl/results/data/Interactive.55/1/SR


*Info*    Creating Netlist for Point ID (18 1)

generate netlist...
function ansCdlCompPrim redefined
function ansCdlCompPrim redefined
Begin Incremental Netlisting Mar  8 10:24:16 2025
WARNING (OSSHNL-941): Failed to open the sameCellNamesInMultipleLibs file '/home/saul/projects/FIL3601/Sim/DAY6/ex1/adexl/results/data/Interactive.45/1/1k/netlist/ihnl/sameCellNamesInMultipleLibs', in the append mode.
Ensure that you have the write permission for the mentioned file.

End netlisting Mar  8 10:24:16 2025

	The netlist is up to date.
	Time taken to compare the design with netlist:   0.0s
      ...successful.
compose simulator input file...
      ...successful.

*Info*    Running simulation on testbench [ SR ] for Point ID (18 1).

Delete psf data in /home/saul/projects/FIL3601/Sim/DAY6/ex1/adexl/results/data/Interactive.55/1/SR/psf.
compose simulator input file...
      ...successful.
start simulator if needed...
      ...successful.
simulate...
To view the simulator output, right-click on the test name, result 
name, or any value in the "Results" tab of the Outputs section and 
choose "Output Log" menu option.
INFO (ADE-3071): Simulation completed successfully.
reading simulation data...
      ...successful.
*Info*    Client has finished evaluating ... 


*Info*    Run complete for Point ID (18 1) on testbench [ SR ].





Simulation design variables differ from those on the cellView,
they have been saved in the file "/tmp/saved-design-variables".
To save future changes, copy variables to cellView before exiting.
