*Info*    Exporting services from client ... 

*Info*    Client has finished starting ... 



*Info*    Configuring the session ...

	Library      = EX1
	Cell         = s2_bias_10
	View         = schematic
	Simulator    = spectre
	State Path   = $AXL_SETUPDB_DIR/test_states
	State Name   = CORNER_spectre_state1_Interactive.4
	Results DB   = /home/saul/projects/FIL3601/EX1/s2_final/adexl/results/data/Interactive.4.rdb
	Results Dir  = /home/saul/projects/FIL3601/Sim/EX1/s2_final/adexl/results/data/Interactive.4/1/CORNER
	Results Loc  = /home/saul/projects/FIL3601/Sim/EX1/s2_final/adexl/results/data
	Project Dir  = /home/saul/projects/FIL3601/Sim
	Setup DB loc = /home/saul/projects/FIL3601/EX1/s2_final/adexl
	File Encoding = 0



*Info*    The auto suspension is disabled.






*Info*    Run start for Point ID (0 1) on testbench [ CORNER ].

Resetting statistical vars

*Info*    Setting parameter values ...

Setting var IN = "1"
Setting var IN_DC = "0"
Setting var VDD = "1.8"
Setting var temperature = "27"
Setting temp(T) = 27

*Info*    Netlist Directory =
          /home/saul/projects/FIL3601/Sim/EX1/s2_final/adexl/results/data/Interactive.4/1/CORNER/netlist


*Info*    Data Directory    =
          /home/saul/projects/FIL3601/Sim/EX1/s2_final/adexl/results/data/Interactive.4/1/CORNER


*Info*    Creating Netlist for Point ID (0 1)

generate netlist...
function ansCdlCompPrim redefined
function ansCdlCompPrim redefined
Initializing the control file using cp:
    cp /opt/tools/cadence/installs/IC618/tools.lnx86/dfII/etc/si/control.spectre /home/saul/projects/FIL3601/Sim/EX1/s2_final/adexl/results/data/Interactive.4/1/CORNER/netlist/control
Copying Spectre source file 'spectre.inp'
Copying Spectre command file 'spectre.sim'
Begin Incremental Netlisting Sep 12 20:18:11 2025
End netlisting Sep 12 20:18:11 2025

Netlisting Statistics:
	Number of components:   40

	Elapsed time:          0.0s
Errors: 0	Warnings: 0
      ...successful.
compose simulator input file...
      ...successful.

*Info*    Running simulation on testbench [ CORNER ] for Point ID (0
          1).

Delete psf data in /home/saul/projects/FIL3601/Sim/EX1/s2_final/adexl/results/data/Interactive.4/1/CORNER/psf.
compose simulator input file...
      ...successful.
start simulator if needed...
      ...successful.
simulate...
To view the simulator output, right-click on the test name, result 
name, or any value in the "Results" tab of the Outputs section and 
choose "Output Log" menu option.
INFO (ADE-3071): Simulation completed successfully.
reading simulation data...
      ...successful.
*Info*    Client has finished evaluating ... 


*Info*    Run complete for Point ID (0 1) on testbench [ CORNER ].





Simulation design variables differ from those on the cellView,
they have been saved in the file "/tmp/saved-design-variables".
To save future changes, copy variables to cellView before exiting.
