*Info*    Exporting services from client ... 

*Info*    Client has finished starting ... 



*Info*    Configuring the session ...

	Library      = DAY4
	Cell         = Series
	View         = schematic
	Simulator    = spectre
	State Path   = $AXL_SETUPDB_DIR/test_states
	State Name   = DAY4:Series:1_none_Interactive.1
	Results DB   = /home/saul/projects/FIL3601/DAY4/Series/adexl/results/data/Interactive.1.rdb
	Results Dir  = /home/saul/projects/FIL3601/Sim/DAY4/Series/adexl/results/data/Interactive.1/1/DAY4:Series:1
	Results Loc  = /home/saul/projects/FIL3601/Sim/DAY4/Series/adexl/results/data
	Project Dir  = /home/saul/projects/FIL3601/Sim
	Setup DB loc = /home/saul/projects/FIL3601/DAY4/Series/adexl
	File Encoding = 0



*Info*    The auto suspension is disabled.






*Info*    Run start for Point ID (1 1) on testbench [ DAY4:Series:1 ].

Resetting statistical vars

*Info*    Setting parameter values ...

Setting var VIN = "1"
Setting var cdb1 = "160f"
Setting var cds1 = "46.01f"
Setting var cgb1 = "160.37f"
Setting var cgd1 = "26.40f"
Setting var cgs1 = "112.78f"
Setting var gm1 = "0.227m"
Setting var rds1 = "23893065.17"
Setting var temperature = "27"
Setting temp(T) = 27

*Info*    Netlist Directory =
          /home/saul/projects/FIL3601/Sim/DAY4/Series/adexl/results/data/Interactive.1/1/DAY4:Series:1/netlist


*Info*    Data Directory    =
          /home/saul/projects/FIL3601/Sim/DAY4/Series/adexl/results/data/Interactive.1/1/DAY4:Series:1


*Info*    Creating Netlist for Point ID (1 1)

generate netlist...
function ansCdlCompPrim redefined
function ansCdlCompPrim redefined
Begin Incremental Netlisting Feb 20 07:07:16 2025
End netlisting Feb 20 07:07:16 2025

Netlisting Statistics:
	Number of components:    5

	Elapsed time:          0.0s
Errors: 0	Warnings: 0
      ...successful.
compose simulator input file...
      ...successful.

*Info*    Running simulation on testbench [ DAY4:Series:1 ] for Point
          ID (1 1).

Delete psf data in /home/saul/projects/FIL3601/Sim/DAY4/Series/adexl/results/data/Interactive.1/1/DAY4:Series:1/psf.
compose simulator input file...
      ...successful.
start simulator if needed...
      ...successful.
simulate...
To view the simulator output, right-click on the test name, result 
name, or any value in the "Results" tab of the Outputs section and 
choose "Output Log" menu option.
INFO (ADE-3071): Simulation completed successfully.
reading simulation data...
      ...successful.
*Info*    Client has finished evaluating ... 


*Info*    Run complete for Point ID (1 1) on testbench [
          DAY4:Series:1 ].





Simulation design variables differ from those on the cellView,
they have been saved in the file "/tmp/saved-design-variables2".
To save future changes, copy variables to cellView before exiting.
