\# Program start time:     UTC 2025.04.26 14:28:46.775
\# Local time: CEST (UTC+02:00) 2025.04.26 16:28:46.775
\o Program:		@(#)$CDS: virtuoso version 6.1.8-64b 01/30/2024 20:11 (cpgbld02) $
\o Hierarchy:		/pkg/cadence/installs/IC618/tools.lnx86/dfII/
\o Sub version:		sub-version  IC6.1.8-64b.500.35  (64-bit addresses)
\# Command line:	/pkg/cadence/installs/IC618/tools.lnx86/dfII/bin/64bit/virtuoso -noautostart -mpssession virtuoso23927 -mpshost s2424 -davinciService DaVinciService_23927_1745638980 -log /home/saul/projects/FIL3601/logs_saul/logs0/Job36.log -licenseLockFileName /home/saul/projects/FIL3601/.tmp_saul/.s2424_23927 -interactiveA -interactiveE -interactiveRTT -nostdin -nographE -axlChildIdFlag 36
\# Host name (type):	s2424 (x86_64)
\# Operating system:	Linux 3.10.0-1160.53.1.el7.x86_64 #1 SMP Fri Jan 14 13:59:45 UTC 2022
\# Linux /etc/issue:	\S
\# Linux /etc/issue:	Kernel \r on an \m
\# X display name (WxH):	:6346 (1024x868)
\# Available geometry:			TL(0:0) BR(1023:867)
\# X server:			The X.Org Foundation
\# Depth of Visual (Root):	24 (24)
\# Number of Planes Used:	24
\# X version:		11.0 (vendor release 12004000)
\# X resource pool:	base 0x400000, mask 0x1fffff (2097151), shift 0
\# 			current id 0x0, current max 0x1ffffa (2097146)
\# Max data seg size:	     unlimited
\# Max process size:	     unlimited
\# Initial sbrk value:	        631 MB
\# Available memory:	     77,735 MB
\# System memory:	     96,361 MB
\# Maximum memory size:	     96,021 MB
\# Max mem available:	     78,025 MB
\# Initial memory used:	        291 MB
\#        process size:	      1,888 MB
\# Thread usage limits (effective/default):	maxthreads 4096/4096 maxload 32.00/32.00
\# Qt version:		5.9.1
\# Window Manager:	other
\# User Name:		saul
\o Working Directory:	s2424:/home/saul/projects/FIL3601
\# Process Id:		27181
\o 
\o COPYRIGHT (C) 1992-2024  CADENCE DESIGN SYSTEMS INC.  ALL RIGHTS RESERVED.
\o           (C) 1992-2024  UNIX SYSTEMS Laboratories INC.,
\o                          Reproduced with permission.
\o 
\o This Cadence Design Systems program and online documentation are
\o proprietary/confidential information and may be disclosed/used only
\o as authorized in a license agreement controlling such use and disclosure.
\o 
\o           RESTRICTED RIGHTS NOTICE (SHORT FORM)
\o Use/reproduction/disclosure is subject to restriction
\o set forth at FAR 1252.227-19 or its equivalent.
\o Loading geView.cxt 
\o Loading menuBuilder.cxt 
\o Loading schView.cxt 
\o Loading selectSv.cxt 
\o Loading pvsui.cxt
\o Loading wireEdit.cxt 
\o Loading pte2.cxt 
\o Loading xlUI.cxt 
\o Loading auCore.cxt 
\o Loading vhdl.cxt 
\o Loading seismic.cxt 
\o Loading ci.cxt 
\o Loading ams.cxt 
\o Loading oasis.cxt 
\o Loading analog.cxt 
\o Loading asimenv.cxt 
\o Loading dal.cxt 
\o Loading awv.cxt 
\o Loading socket.cxt 
\o Loading par.cxt 
\o Loading alvs.cxt 
\o Loading caa.cxt 
\o Loading amps.cxt 
\o Loading adexlCore.cxt 
\# Memory report: using         403 MB, process size 2,085 MB at UTC 2025.04.26 14:28:49.028
\o Loading adexl.cxt 
\o *Info*    Exporting services from client ... 
\o 
\o Loading adexlDM.cxt 
\o Loading cpf.cxt 
\o Loading cli.cxt 
\o Loading lp.cxt 
\o INFO (ELI-00302) Connecting to parent process (session=virtuoso23927, host=s2424). Connection mode is ICRP. Total timeout is 180 seconds. Connection timeout is 90 seconds.
\o INFO (ELI-00303) Step 1: Connecting to parent. Time spent is 0 seconds.
\o INFO (ELI-00304) The registration of the child 27181 within 90 seconds is being processed...
\o INFO (ELI-00305) The result of registration is true. Time spent is 0 seconds.
\o INFO (ELI-00308) The connection has ended. Result is true. Total time spent is 0 seconds.
\# [16:28:46.512473] Configured Lic search path (22.01-s002): 3000@lic08.ug.kth.se
\o Loading .cdsinit for the XH018 X-Fab XKit.
\o     LOAD xh018_1143 SPECIFIC CALL-BACK ROUTINES
\o     LOAD ALL AVAILABLE P-CELL FUNCTIONS
\o ** Info: PDK loadpath is "/pkg/xfab2/XKIT/xh018/cadence/v9_0/PDK/IC61/v9_0_4"
\o Loading XfSktTools.cxt
\o Loading XfMenu.cxt
\o Loading XfTechXh018.cxt
\o Loading XfPcellCore.cxt
\o function ansiSpicePrintProperties_subcircuit redefined
\o Loading XfSkillExt.cxt
\o Initializing library.
\o Finished Initializing Library .
\o     Generic PcellKit: 'production' loaded.
\o     Generic Pcell Skill Tools: 'production' loaded.
\o Loading Circuit Prospector Setup (XfCircuitProspSetup.il)
\o     LOAD THE ENVIRONMENT FILE
\o  --> Setting the required PDK definitions...
\o     GDSII LAYER MAPPING FILE = "./.xkit/setup/xh018/cadence/PDK/TECH_XH018_1143/strmInOut.layertable"
\o     GDSII OBJECT MAPPING FILE = "./.xkit/setup/xh018/cadence/PDK/TECH_XH018_1143/strmOutObjects.map"
\o Use model setup from PDK...
\o Loading spectrei.cxt 
\# Memory report: using         512 MB, process size 2,239 MB at UTC 2025.04.26 14:28:51.101
\o Loading devCheck.cxt 
\o Loading relXpert.cxt 
\o Loading vdsil.cxt 
\o Loading hspiceD.cxt 
\o Loading spectreinl.cxt 
\o Loading UltraSim.cxt 
\o Loading msgHandler.cxt 
\o Loading AMSOSS.cxt 
\o Loading AMS.cxt 
\o  --> Finished setting the required PDK definitions
\o  --> Setting the recommended EDA tool defaults...
\o  --> Finished setting the recommended EDA tool defaults
\o     LOAD DEFAULT BINDKEYS
\o Loading viva.cxt 
\o  --> AssuraTools Setup not available
\o *Info*    Client has finished starting ... 
\o 
\p > 
\# Loading perfDiag...
\# (PerfDiag): Set GDB path to environment variable 'gdbPath' (gdb).
\# Performance Diagnostic tool is installed. You can access PerfDiag from CIW Tools or use the shell command 'cdsPerfDiag -p 27181' to open it when Virtuoso freezes.
\# (PerfDiag): Loading backtrace from /pkg/cadence/installs/IC618/tools/lib/64bit/cdnslibunwind.so
\o Loading vqp.cxt 
\o Loading hdlPkg.cxt 
\o 
\o 
\o *Info*    Configuring the session ...
\o 
\o Loading simui.cxt 
\o 	Library      = EX1
\o 	Cell         = current_amplifier_final_tb
\o 	View         = schematic
\o 	Simulator    = spectre
\o 	State Path   = $AXL_SETUPDB_DIR/test_states
\o 	State Name   = TRAN_PULSE_VDD_TRAN_STAB_IN:1_state_Interactive.60
\o 	Results DB   = /home/saul/projects/FIL3601/EX1/current_amplifier_final_tb/adexl/results/data/Interactive.60.rdb
\o 	Results Dir  = /home/saul/projects/FIL3601/Sim/EX1/current_amplifier_final_tb/adexl/results/data/Interactive.60/1/TRAN_PULSE_VDD
\o 	Results Loc  = /home/saul/projects/FIL3601/Sim/EX1/current_amplifier_final_tb/adexl/results/data
\o 	Project Dir  = /home/saul/projects/FIL3601/Sim
\o 	Setup DB loc = /home/saul/projects/FIL3601/EX1/current_amplifier_final_tb/adexl
\o 	File Encoding = 0
\o 
\o 
\o WARNING (ADE-7017): The Spectre run mode needs to be 'batch' when EM/IR analysis is enabled. Automatically setting the run mode to 'batch'.
\o Loading cdf.cxt 
\o 
\o *Info*    The auto suspension is disabled.
\o 
\o     LOAD GENERIC "X-KIT" SKILL CONTEXT "./.xkit/setup/x_all/cadence/xenv/skill/context6/xkit.cxt" 
\o  - Menu "XKit Utilities" installed to CIW.
\o     LOAD ".cdsinit_personal" FILE FROM THE WORKING DIRECTORY.
\o     INFO: To customize this setup, please use the following environment variables:
\o           CUSTOM_SCRIPT_PATH - should point to the master shell or perl script
\o                              e.g.:
\o                              setenv CUSTOM_SCRIPT_PATH /path/to/my/script/LoadMyScripts.csh
\o           CUSTOM_SKILL_PATH - should point to your master skill load file
\o                              e.g.:
\o                              setenv CUSTOM_SKILL_PATH /path/to/my/skill/LoadMySkills.il
\o  loading default key binding 
\o  -> END LOAD ".cdsinit" FILE
\o Loading monte.cxt 
\o 
\o 
\o 
\o 
\o 
\o *Info*    Run start for Point ID (7 3) on testbench [ TRAN_PULSE_VDD
\o           ].
\o 
\o Resetting statistical vars
\o 
\o *Info*    Setting parameter values ...
\o 
\o Setting var AMP1 = "0"
\o Setting var AMP2 = "0"
\o Setting var FREQ1 = "40M"
\o Setting var FREQ2 = "50M"
\o Setting var IN = "1"
\o Setting var IN_DC = "0"
\o Setting var IN_PULSE = "0"
\o Setting var VDD = "1.62"
\o Setting var VDD_PULSE = "100m"
\o Setting var temperature = "85"
\o Setting temp(T) = 85
\o 
\o *Info*    Netlist Directory =
\o           /home/saul/projects/FIL3601/Sim/EX1/current_amplifier_final_tb/adexl/results/data/Interactive.60/3/TRAN_PULSE_VDD/netlist
\o 
\o 
\o *Info*    Data Directory    =
\o           /home/saul/projects/FIL3601/Sim/EX1/current_amplifier_final_tb/adexl/results/data/Interactive.60/3/TRAN_PULSE_VDD
\o 
\o 
\o *Info*    Creating Netlist for Point ID (7 3)
\o 
\o generate netlist...
\o Loading hnlInit.cxt 
\o Loading seCore.cxt 
\o function ansCdlCompPrim redefined
\o function ansCdlCompPrim redefined
\# [16:28:54.216336] periodic Lic check successful
\# [16:28:54.216338] Feature usage summary:
\o Begin Incremental Netlisting Apr 26 16:28:54 2025
\o Loading json.cxt 
\o End netlisting Apr 26 16:28:54 2025
\o 
\o Netlisting Statistics:
\o 	Number of components:   44
\o 
\o 	Elapsed time:          0.0s
\o Errors: 0	Warnings: 0
\o       ...successful.
\o compose simulator input file...
\o       ...successful.
\o 
\o *Info*    Running simulation on testbench [ TRAN_PULSE_VDD ] for
\o           Point ID (7 3).
\o 
\o Delete psf data in /home/saul/projects/FIL3601/Sim/EX1/current_amplifier_final_tb/adexl/results/data/Interactive.60/3/TRAN_PULSE_VDD/psf.
\o compose simulator input file...
\o       ...successful.
\o start simulator if needed...
\o       ...successful.
\o simulate...
\o To view the simulator output, right-click on the test name, result 
\o name, or any value in the "Results" tab of the Outputs section and 
\o choose "Output Log" menu option.
\o Loading paraplot.cxt 
\# Memory report: using         692 MB, process size 2,476 MB at UTC 2025.04.26 14:28:55.018
\o INFO (ADE-3071): Simulation completed successfully.
\o reading simulation data...
\o       ...successful.
\o *Info*    Client has finished evaluating ... 
\o 
\o 
\o *Info*    Run complete for Point ID (7 3) on testbench [
\o           TRAN_PULSE_VDD ].
\o 
\o 
\o 
\o 
\o 
\o 
\o 
\o 
\o 
\o 
\o *Info*    Run start for Point ID (7 16) on testbench [ TRAN_PULSE_VDD
\o           ].
\o 
\o Resetting statistical vars
\o 
\o *Info*    Setting parameter values ...
\o 
\o Setting var VDD = "1.98"
\o Setting var temperature = "-20"
\o Setting temp(T) = -20
\o 
\o *Info*    Netlist Directory =
\o           /home/saul/projects/FIL3601/Sim/EX1/current_amplifier_final_tb/adexl/results/data/Interactive.60/16/TRAN_PULSE_VDD/netlist
\o 
\o 
\o *Info*    Data Directory    =
\o           /home/saul/projects/FIL3601/Sim/EX1/current_amplifier_final_tb/adexl/results/data/Interactive.60/16/TRAN_PULSE_VDD
\o 
\o 
\o *Info*    Creating Netlist for Point ID (7 16)
\o 
\o generate netlist...
\o function ansCdlCompPrim redefined
\o function ansCdlCompPrim redefined
\o Begin Incremental Netlisting Apr 26 16:28:56 2025
\o End netlisting Apr 26 16:28:56 2025
\o 
\o 	The netlist is up to date.
\o 	Time taken to compare the design with netlist:   0.0s
\o       ...successful.
\o compose simulator input file...
\o       ...successful.
\o 
\o *Info*    Running simulation on testbench [ TRAN_PULSE_VDD ] for
\o           Point ID (7 16).
\o 
\o Delete psf data in /home/saul/projects/FIL3601/Sim/EX1/current_amplifier_final_tb/adexl/results/data/Interactive.60/16/TRAN_PULSE_VDD/psf.
\o compose simulator input file...
\o       ...successful.
\o start simulator if needed...
\o       ...successful.
\o simulate...
\o To view the simulator output, right-click on the test name, result 
\o name, or any value in the "Results" tab of the Outputs section and 
\o choose "Output Log" menu option.
\# Available memory:         73,536 MB at UTC 2025.04.26 14:28:57.147
\# Memory report: Maximum memory size now 74,240 MB at UTC 2025.04.26 14:28:57.147
\# Thread usage report: 38 active threads, active load 1.40 at UTC 2025.04.26 14:28:57.147
\o INFO (ADE-3071): Simulation completed successfully.
\o reading simulation data...
\o       ...successful.
\o *Info*    Client has finished evaluating ... 
\o 
\o 
\o *Info*    Run complete for Point ID (7 16) on testbench [
\o           TRAN_PULSE_VDD ].
\o 
\o 
\o 
\o 
\o 
\o 
\o 
\o 
\o 
\o 
\o *Info*    Run start for Point ID (7 31) on testbench [ TRAN_PULSE_VDD
\o           ].
\o 
\o Resetting statistical vars
\o 
\o *Info*    Setting parameter values ...
\o 
\o Setting var VDD = "1.62"
\o Setting var temperature = "85"
\o Setting temp(T) = 85
\o 
\o *Info*    Netlist Directory =
\o           /home/saul/projects/FIL3601/Sim/EX1/current_amplifier_final_tb/adexl/results/data/Interactive.60/31/TRAN_PULSE_VDD/netlist
\o 
\o 
\o *Info*    Data Directory    =
\o           /home/saul/projects/FIL3601/Sim/EX1/current_amplifier_final_tb/adexl/results/data/Interactive.60/31/TRAN_PULSE_VDD
\o 
\o 
\o *Info*    Creating Netlist for Point ID (7 31)
\o 
\o generate netlist...
\o function ansCdlCompPrim redefined
\o function ansCdlCompPrim redefined
\o Begin Incremental Netlisting Apr 26 16:28:58 2025
\o End netlisting Apr 26 16:28:58 2025
\o 
\o 	The netlist is up to date.
\o 	Time taken to compare the design with netlist:   0.0s
\o       ...successful.
\o compose simulator input file...
\o       ...successful.
\o 
\o *Info*    Running simulation on testbench [ TRAN_PULSE_VDD ] for
\o           Point ID (7 31).
\o 
\o Delete psf data in /home/saul/projects/FIL3601/Sim/EX1/current_amplifier_final_tb/adexl/results/data/Interactive.60/31/TRAN_PULSE_VDD/psf.
\o compose simulator input file...
\o       ...successful.
\o start simulator if needed...
\o       ...successful.
\o simulate...
\o To view the simulator output, right-click on the test name, result 
\o name, or any value in the "Results" tab of the Outputs section and 
\o choose "Output Log" menu option.
\o INFO (ADE-3071): Simulation completed successfully.
\o reading simulation data...
\o       ...successful.
\o *Info*    Client has finished evaluating ... 
\o 
\o 
\o *Info*    Run complete for Point ID (7 31) on testbench [
\o           TRAN_PULSE_VDD ].
\o 
\o 
\o 
\o 
\o 
\o 
\o 
\o 
\o 
\o 
\o *Info*    Run start for Point ID (7 44) on testbench [ TRAN_PULSE_VDD
\o           ].
\o 
\o Resetting statistical vars
\o 
\o *Info*    Setting parameter values ...
\o 
\o Setting var VDD = "1.98"
\o Setting var temperature = "-20"
\o Setting temp(T) = -20
\o 
\o *Info*    Netlist Directory =
\o           /home/saul/projects/FIL3601/Sim/EX1/current_amplifier_final_tb/adexl/results/data/Interactive.60/44/TRAN_PULSE_VDD/netlist
\o 
\o 
\o *Info*    Data Directory    =
\o           /home/saul/projects/FIL3601/Sim/EX1/current_amplifier_final_tb/adexl/results/data/Interactive.60/44/TRAN_PULSE_VDD
\o 
\o 
\o *Info*    Creating Netlist for Point ID (7 44)
\o 
\o generate netlist...
\o function ansCdlCompPrim redefined
\o function ansCdlCompPrim redefined
\o Begin Incremental Netlisting Apr 26 16:29:00 2025
\o End netlisting Apr 26 16:29:00 2025
\o 
\o 	The netlist is up to date.
\o 	Time taken to compare the design with netlist:   0.0s
\o       ...successful.
\o compose simulator input file...
\o       ...successful.
\o 
\o *Info*    Running simulation on testbench [ TRAN_PULSE_VDD ] for
\o           Point ID (7 44).
\o 
\o Delete psf data in /home/saul/projects/FIL3601/Sim/EX1/current_amplifier_final_tb/adexl/results/data/Interactive.60/44/TRAN_PULSE_VDD/psf.
\o compose simulator input file...
\o       ...successful.
\o start simulator if needed...
\o       ...successful.
\o simulate...
\o To view the simulator output, right-click on the test name, result 
\o name, or any value in the "Results" tab of the Outputs section and 
\o choose "Output Log" menu option.
\o INFO (ADE-3071): Simulation completed successfully.
\o reading simulation data...
\o       ...successful.
\o *Info*    Client has finished evaluating ... 
\o 
\o 
\o *Info*    Run complete for Point ID (7 44) on testbench [
\o           TRAN_PULSE_VDD ].
\o 
\o 
\o 
\o 
\o 
\o 
\o 
\o 
\o 
\o 
\o *Info*    Run start for Point ID (7 55) on testbench [ TRAN_PULSE_VDD
\o           ].
\o 
\o Resetting statistical vars
\o 
\o *Info*    Setting parameter values ...
\o 
\o Setting var VDD = "1.62"
\o Setting var temperature = "85"
\o Setting temp(T) = 85
\o 
\o *Info*    Netlist Directory =
\o           /home/saul/projects/FIL3601/Sim/EX1/current_amplifier_final_tb/adexl/results/data/Interactive.60/55/TRAN_PULSE_VDD/netlist
\o 
\o 
\o *Info*    Data Directory    =
\o           /home/saul/projects/FIL3601/Sim/EX1/current_amplifier_final_tb/adexl/results/data/Interactive.60/55/TRAN_PULSE_VDD
\o 
\o 
\o *Info*    Creating Netlist for Point ID (7 55)
\o 
\o generate netlist...
\o function ansCdlCompPrim redefined
\o function ansCdlCompPrim redefined
\o Begin Incremental Netlisting Apr 26 16:29:02 2025
\o End netlisting Apr 26 16:29:02 2025
\o 
\o 	The netlist is up to date.
\o 	Time taken to compare the design with netlist:   0.0s
\o       ...successful.
\o compose simulator input file...
\o       ...successful.
\o 
\o *Info*    Running simulation on testbench [ TRAN_PULSE_VDD ] for
\o           Point ID (7 55).
\o 
\o Delete psf data in /home/saul/projects/FIL3601/Sim/EX1/current_amplifier_final_tb/adexl/results/data/Interactive.60/55/TRAN_PULSE_VDD/psf.
\o compose simulator input file...
\o       ...successful.
\o start simulator if needed...
\o       ...successful.
\o simulate...
\o To view the simulator output, right-click on the test name, result 
\o name, or any value in the "Results" tab of the Outputs section and 
\o choose "Output Log" menu option.
\o INFO (ADE-3071): Simulation completed successfully.
\o reading simulation data...
\o       ...successful.
\o *Info*    Client has finished evaluating ... 
\o 
\o 
\o *Info*    Run complete for Point ID (7 55) on testbench [
\o           TRAN_PULSE_VDD ].
\o 
\o 
\o 
\o 
\o 
\o 
\o 
\o 
\o 
\o 
\o *Info*    Run start for Point ID (7 64) on testbench [ TRAN_PULSE_VDD
\o           ].
\o 
\o Resetting statistical vars
\o 
\o *Info*    Setting parameter values ...
\o 
\o Setting var VDD = "1.98"
\o Setting var temperature = "-20"
\o Setting temp(T) = -20
\o 
\o *Info*    Netlist Directory =
\o           /home/saul/projects/FIL3601/Sim/EX1/current_amplifier_final_tb/adexl/results/data/Interactive.60/64/TRAN_PULSE_VDD/netlist
\o 
\o 
\o *Info*    Data Directory    =
\o           /home/saul/projects/FIL3601/Sim/EX1/current_amplifier_final_tb/adexl/results/data/Interactive.60/64/TRAN_PULSE_VDD
\o 
\o 
\o *Info*    Creating Netlist for Point ID (7 64)
\o 
\o generate netlist...
\o function ansCdlCompPrim redefined
\o function ansCdlCompPrim redefined
\o Begin Incremental Netlisting Apr 26 16:29:04 2025
\o End netlisting Apr 26 16:29:04 2025
\o 
\o 	The netlist is up to date.
\o 	Time taken to compare the design with netlist:   0.0s
\o       ...successful.
\o compose simulator input file...
\o       ...successful.
\o 
\o *Info*    Running simulation on testbench [ TRAN_PULSE_VDD ] for
\o           Point ID (7 64).
\o 
\o Delete psf data in /home/saul/projects/FIL3601/Sim/EX1/current_amplifier_final_tb/adexl/results/data/Interactive.60/64/TRAN_PULSE_VDD/psf.
\o compose simulator input file...
\o       ...successful.
\o start simulator if needed...
\o       ...successful.
\o simulate...
\o To view the simulator output, right-click on the test name, result 
\o name, or any value in the "Results" tab of the Outputs section and 
\o choose "Output Log" menu option.
\o INFO (ADE-3071): Simulation completed successfully.
\o reading simulation data...
\o       ...successful.
\o *Info*    Client has finished evaluating ... 
\o 
\o 
\o *Info*    Run complete for Point ID (7 64) on testbench [
\o           TRAN_PULSE_VDD ].
\o 
\o 
\o 
\o 
\o 
\o Simulation design variables differ from those on the cellView,
\o they have been saved in the file "/tmp/saved-design-variables".
\o To save future changes, copy variables to cellView before exiting.
\o 
\o 
\o *Info*    Configuring the session ...
\o 
\o 	Library      = EX1
\o 	Cell         = current_amplifier_final_tb
\o 	View         = schematic
\o 	Simulator    = spectre
\o 	State Path   = $AXL_SETUPDB_DIR/test_states
\o 	State Name   = TRAN_PULSE_VDD_TRAN_STAB_IN:1_state_Interactive.61
\o 	Results DB   = /home/saul/projects/FIL3601/EX1/current_amplifier_final_tb/adexl/results/data/Interactive.61.rdb
\o 	Results Dir  = /home/saul/projects/FIL3601/Sim/EX1/current_amplifier_final_tb/adexl/results/data/Interactive.61/1/TRAN_PULSE_VDD
\o 	Results Loc  = /home/saul/projects/FIL3601/Sim/EX1/current_amplifier_final_tb/adexl/results/data
\o 	Project Dir  = /home/saul/projects/FIL3601/Sim
\o 	Setup DB loc = /home/saul/projects/FIL3601/EX1/current_amplifier_final_tb/adexl
\o 	File Encoding = 0
\o 
\o 
\o 
\o *Info*    The auto suspension is disabled.
\o 
\o 
\o 
\o 
\o 
\o 
\o *Info*    Run start for Point ID (8 8) on testbench [ TRAN_PULSE_VDD
\o           ].
\o 
\o Resetting statistical vars
\o 
\o *Info*    Setting parameter values ...
\o 
\o Setting var AMP1 = "0"
\o Setting var AMP2 = "0"
\o Setting var FREQ1 = "40M"
\o Setting var FREQ2 = "50M"
\o Setting var IN = "1"
\o Setting var IN_DC = "0"
\o Setting var IN_PULSE = "0"
\o Setting var VDD = "1.8"
\o Setting var VDD_PULSE = "1.8"
\o Setting var temperature = "-20"
\o Setting temp(T) = -20
\o 
\o *Info*    Netlist Directory =
\o           /home/saul/projects/FIL3601/Sim/EX1/current_amplifier_final_tb/adexl/results/data/Interactive.61/8/TRAN_PULSE_VDD/netlist
\o 
\o 
\o *Info*    Data Directory    =
\o           /home/saul/projects/FIL3601/Sim/EX1/current_amplifier_final_tb/adexl/results/data/Interactive.61/8/TRAN_PULSE_VDD
\o 
\o 
\o *Info*    Creating Netlist for Point ID (8 8)
\o 
\o generate netlist...
\o function ansCdlCompPrim redefined
\o function ansCdlCompPrim redefined
\o Begin Incremental Netlisting Apr 26 16:30:57 2025
\o End netlisting Apr 26 16:30:58 2025
\o 
\o 	The netlist is up to date.
\o 	Time taken to compare the design with netlist:   1.0s
\o       ...successful.
\o compose simulator input file...
\o       ...successful.
\o 
\o *Info*    Running simulation on testbench [ TRAN_PULSE_VDD ] for
\o           Point ID (8 8).
\o 
\o Delete psf data in /home/saul/projects/FIL3601/Sim/EX1/current_amplifier_final_tb/adexl/results/data/Interactive.61/8/TRAN_PULSE_VDD/psf.
\o compose simulator input file...
\o       ...successful.
\o start simulator if needed...
\o       ...successful.
\o simulate...
\o To view the simulator output, right-click on the test name, result 
\o name, or any value in the "Results" tab of the Outputs section and 
\o choose "Output Log" menu option.
\o INFO (ADE-3071): Simulation completed successfully.
\o reading simulation data...
\o       ...successful.
\o *Info*    Client has finished evaluating ... 
\o 
\o 
\o *Info*    Run complete for Point ID (8 8) on testbench [
\o           TRAN_PULSE_VDD ].
\o 
\o 
\o 
\o 
\o 
\o 
\o 
\o 
\o 
\o 
\o *Info*    Run start for Point ID (8 18) on testbench [ TRAN_PULSE_VDD
\o           ].
\o 
\o Resetting statistical vars
\o 
\o *Info*    Setting parameter values ...
\o 
\o 
\o *Info*    Netlist Directory =
\o           /home/saul/projects/FIL3601/Sim/EX1/current_amplifier_final_tb/adexl/results/data/Interactive.61/18/TRAN_PULSE_VDD/netlist
\o 
\o 
\o *Info*    Data Directory    =
\o           /home/saul/projects/FIL3601/Sim/EX1/current_amplifier_final_tb/adexl/results/data/Interactive.61/18/TRAN_PULSE_VDD
\o 
\o 
\o *Info*    Creating Netlist for Point ID (8 18)
\o 
\o generate netlist...
\o function ansCdlCompPrim redefined
\o function ansCdlCompPrim redefined
\o Begin Incremental Netlisting Apr 26 16:30:59 2025
\o End netlisting Apr 26 16:30:59 2025
\o 
\o 	The netlist is up to date.
\o 	Time taken to compare the design with netlist:   0.0s
\o       ...successful.
\o compose simulator input file...
\o       ...successful.
\o 
\o *Info*    Running simulation on testbench [ TRAN_PULSE_VDD ] for
\o           Point ID (8 18).
\o 
\o Delete psf data in /home/saul/projects/FIL3601/Sim/EX1/current_amplifier_final_tb/adexl/results/data/Interactive.61/18/TRAN_PULSE_VDD/psf.
\o compose simulator input file...
\o       ...successful.
\o start simulator if needed...
\o       ...successful.
\o simulate...
\o To view the simulator output, right-click on the test name, result 
\o name, or any value in the "Results" tab of the Outputs section and 
\o choose "Output Log" menu option.
\o INFO (ADE-3071): Simulation completed successfully.
\o reading simulation data...
\o       ...successful.
\o *Info*    Client has finished evaluating ... 
\o 
\o 
\o *Info*    Run complete for Point ID (8 18) on testbench [
\o           TRAN_PULSE_VDD ].
\o 
\o 
\o 
\o 
\o 
\o 
\o 
\o 
\o 
\o 
\o *Info*    Run start for Point ID (8 27) on testbench [ TRAN_PULSE_VDD
\o           ].
\o 
\o Resetting statistical vars
\o 
\o *Info*    Setting parameter values ...
\o 
\o Setting var temperature = "85"
\o Setting temp(T) = 85
\o 
\o *Info*    Netlist Directory =
\o           /home/saul/projects/FIL3601/Sim/EX1/current_amplifier_final_tb/adexl/results/data/Interactive.61/27/TRAN_PULSE_VDD/netlist
\o 
\o 
\o *Info*    Data Directory    =
\o           /home/saul/projects/FIL3601/Sim/EX1/current_amplifier_final_tb/adexl/results/data/Interactive.61/27/TRAN_PULSE_VDD
\o 
\o 
\o *Info*    Creating Netlist for Point ID (8 27)
\o 
\o generate netlist...
\o function ansCdlCompPrim redefined
\o function ansCdlCompPrim redefined
\o Begin Incremental Netlisting Apr 26 16:31:01 2025
\o End netlisting Apr 26 16:31:01 2025
\o 
\o 	The netlist is up to date.
\o 	Time taken to compare the design with netlist:   0.0s
\o       ...successful.
\o compose simulator input file...
\o       ...successful.
\o 
\o *Info*    Running simulation on testbench [ TRAN_PULSE_VDD ] for
\o           Point ID (8 27).
\o 
\o Delete psf data in /home/saul/projects/FIL3601/Sim/EX1/current_amplifier_final_tb/adexl/results/data/Interactive.61/27/TRAN_PULSE_VDD/psf.
\o compose simulator input file...
\o       ...successful.
\o start simulator if needed...
\o       ...successful.
\o simulate...
\o To view the simulator output, right-click on the test name, result 
\o name, or any value in the "Results" tab of the Outputs section and 
\o choose "Output Log" menu option.
\o INFO (ADE-3071): Simulation completed successfully.
\o reading simulation data...
\o       ...successful.
\o *Info*    Client has finished evaluating ... 
\o 
\o 
\o *Info*    Run complete for Point ID (8 27) on testbench [
\o           TRAN_PULSE_VDD ].
\o 
\o 
\o 
\o 
\o 
\o Simulation design variables differ from those on the cellView,
\o they have been saved in the file "/tmp/saved-design-variables".
\o To save future changes, copy variables to cellView before exiting.
\o 
\o 
\o *Info*    Configuring the session ...
\o 
\o 	Library      = EX1
\o 	Cell         = current_amplifier_final_tb
\o 	View         = schematic
\o 	Simulator    = spectre
\o 	State Path   = $AXL_SETUPDB_DIR/test_states
\o 	State Name   = AC_NOISE_PZ_TRANS_PSRR_none_Interactive.62
\o 	Results DB   = /home/saul/projects/FIL3601/EX1/current_amplifier_final_tb/adexl/results/data/Interactive.62.rdb
\o 	Results Dir  = /home/saul/projects/FIL3601/Sim/EX1/current_amplifier_final_tb/adexl/results/data/Interactive.62/1/AC_NOISE_PZ_TRANS_PSRR
\o 	Results Loc  = /home/saul/projects/FIL3601/Sim/EX1/current_amplifier_final_tb/adexl/results/data
\o 	Project Dir  = /home/saul/projects/FIL3601/Sim
\o 	Setup DB loc = /home/saul/projects/FIL3601/EX1/current_amplifier_final_tb/adexl
\o 	File Encoding = 0
\o 
\o 
\o 
\o *Info*    The auto suspension is disabled.
\o 
\o 
\o 
\o 
\o 
\o 
\o *Info*    Run start for Point ID (9 6) on testbench [
\o           AC_NOISE_PZ_TRANS_PSRR ].
\o 
\o Resetting statistical vars
\o 
\o *Info*    Setting parameter values ...
\o 
\o Setting var AMP1 = "2u"
\o Setting var AMP2 = "0"
\o Setting var FREQ1 = "1M"
\o Setting var FREQ2 = "50M"
\o Setting var IN = "1"
\o Setting var IN_DC = "0"
\o Setting var IN_PULSE = "0"
\o Setting var VDD = "0"
\o Setting var VDD_PULSE = "0"
\o Setting var temperature = "-20"
\o Setting temp(T) = -20
\o 
\o *Info*    Netlist Directory =
\o           /home/saul/projects/FIL3601/Sim/EX1/current_amplifier_final_tb/adexl/results/data/Interactive.62/6/AC_NOISE_PZ_TRANS_PSRR/netlist
\o 
\o 
\o *Info*    Data Directory    =
\o           /home/saul/projects/FIL3601/Sim/EX1/current_amplifier_final_tb/adexl/results/data/Interactive.62/6/AC_NOISE_PZ_TRANS_PSRR
\o 
\o 
\o *Info*    Creating Netlist for Point ID (9 6)
\o 
\o generate netlist...
\o function ansCdlCompPrim redefined
\o function ansCdlCompPrim redefined
\o Begin Incremental Netlisting Apr 26 16:33:04 2025
\o End netlisting Apr 26 16:33:04 2025
\o 
\o 	The netlist is up to date.
\o 	Time taken to compare the design with netlist:   0.0s
\o       ...successful.
\o compose simulator input file...
\o       ...successful.
\o 
\o *Info*    Running simulation on testbench [ AC_NOISE_PZ_TRANS_PSRR ]
\o           for Point ID (9 6).
\o 
\o Delete psf data in /home/saul/projects/FIL3601/Sim/EX1/current_amplifier_final_tb/adexl/results/data/Interactive.62/6/AC_NOISE_PZ_TRANS_PSRR/psf.
\o compose simulator input file...
\o       ...successful.
\o start simulator if needed...
\o       ...successful.
\o simulate...
\o To view the simulator output, right-click on the test name, result 
\o name, or any value in the "Results" tab of the Outputs section and 
\o choose "Output Log" menu option.
\o INFO (ADE-3071): Simulation completed successfully.
\o reading simulation data...
\o       ...successful.
\o *Info*    Client has finished evaluating ... 
\o 
\e *Error* xval: can't handle xval(nil)
\e 
\e 
\e *Error* ("difference" 0 t nil ("*Error* difference: can't handle (100.0 - nil)"))
\e 
\e 
\o ERROR (ADE-2708): Evaluation of output '%THD v /OUT; pss (V)' failed for point:'6' test:'AC_NOISE_PZ_TRANS_PSRR'
\o 	Expression:'_drplPssHarmThd(vh('pss "/OUT") 1)'
\o 	because of the following error(s)
\o 	*Error* difference: can't handle (100.0 - nil).
\o Ensure that the definition of output is correct.
\o 
\o WARNING (OCN-6038): Results pz are not available for /home/saul/projects/FIL3601/Sim/EX1/current_amplifier_final_tb/adexl/results/data/Interactive.62/6/AC_NOISE_PZ_TRANS_PSRR. Use results() for a list of available results.
\o WARNING (OCN-6038): Results pz are not available for /home/saul/projects/FIL3601/Sim/EX1/current_amplifier_final_tb/adexl/results/data/Interactive.62/6/AC_NOISE_PZ_TRANS_PSRR. Use results() for a list of available results.
\e *Error* 
\e  Error in locating poles-zeros. Ensure that poles and zeros exist in this simualtion data.
\e 
\o ERROR (ADE-2709): Evaluation of output 'Zeros' returned 'nil' for point:'6' test:'AC_NOISE_PZ_TRANS_PSRR'
\o 	Expression:'pzFrequencyAndRealFilter(getData("zeros" ?result "pz"))'.
\o Ensure that the definition of output is correct.
\o 
\o ERROR (ADE-2709): Evaluation of output 'Bandwidth_3dB' returned 'nil' for point:'6' test:'AC_NOISE_PZ_TRANS_PSRR'
\o 	Expression:'cross(dB20(IF("/R3/PLUS")) "45" 1 "falling" nil nil nil)'.
\o Ensure that the definition of output is correct.
\o 
\o WARNING (OCN-6038): Results pz are not available for /home/saul/projects/FIL3601/Sim/EX1/current_amplifier_final_tb/adexl/results/data/Interactive.62/6/AC_NOISE_PZ_TRANS_PSRR. Use results() for a list of available results.
\o WARNING (OCN-6038): Results pz are not available for /home/saul/projects/FIL3601/Sim/EX1/current_amplifier_final_tb/adexl/results/data/Interactive.62/6/AC_NOISE_PZ_TRANS_PSRR. Use results() for a list of available results.
\e *Error* 
\e  Error in locating poles-zeros. Ensure that poles and zeros exist in this simualtion data.
\e 
\o ERROR (ADE-2709): Evaluation of output 'Poles' returned 'nil' for point:'6' test:'AC_NOISE_PZ_TRANS_PSRR'
\o 	Expression:'pzFrequencyAndRealFilter(getData("poles" ?result "pz"))'.
\o Ensure that the definition of output is correct.
\o 
\e *Error* db: can't handle db(nil)
\e 
\e 
\o ERROR (ADE-2709): Evaluation of output 'i /R3/PLUS; pss dB20(I)' returned 'nil' for point:'6' test:'AC_NOISE_PZ_TRANS_PSRR'
\o 	Expression:'db(ih('pss "/R3/PLUS"))'.
\o Ensure that the definition of output is correct.
\o 
\o 
\o *Info*    Run complete for Point ID (9 6) on testbench [
\o           AC_NOISE_PZ_TRANS_PSRR ].
\o 
\o 
\o 
\o 
\o 
\o 
\o 
\o 
\o 
\o 
\o *Info*    Run start for Point ID (9 16) on testbench [
\o           AC_NOISE_PZ_TRANS_PSRR ].
\o 
\o Resetting statistical vars
\o 
\o *Info*    Setting parameter values ...
\o 
\o 
\o *Info*    Netlist Directory =
\o           /home/saul/projects/FIL3601/Sim/EX1/current_amplifier_final_tb/adexl/results/data/Interactive.62/16/AC_NOISE_PZ_TRANS_PSRR/netlist
\o 
\o 
\o *Info*    Data Directory    =
\o           /home/saul/projects/FIL3601/Sim/EX1/current_amplifier_final_tb/adexl/results/data/Interactive.62/16/AC_NOISE_PZ_TRANS_PSRR
\o 
\o 
\o *Info*    Creating Netlist for Point ID (9 16)
\o 
\o generate netlist...
\o function ansCdlCompPrim redefined
\o function ansCdlCompPrim redefined
\o Begin Incremental Netlisting Apr 26 16:33:06 2025
\o End netlisting Apr 26 16:33:06 2025
\o 
\o 	The netlist is up to date.
\o 	Time taken to compare the design with netlist:   0.0s
\o       ...successful.
\o compose simulator input file...
\o       ...successful.
\o 
\o *Info*    Running simulation on testbench [ AC_NOISE_PZ_TRANS_PSRR ]
\o           for Point ID (9 16).
\o 
\o Delete psf data in /home/saul/projects/FIL3601/Sim/EX1/current_amplifier_final_tb/adexl/results/data/Interactive.62/16/AC_NOISE_PZ_TRANS_PSRR/psf.
\o compose simulator input file...
\o       ...successful.
\o start simulator if needed...
\o       ...successful.
\o simulate...
\o To view the simulator output, right-click on the test name, result 
\o name, or any value in the "Results" tab of the Outputs section and 
\o choose "Output Log" menu option.
\o INFO (ADE-3071): Simulation completed successfully.
\o reading simulation data...
\o       ...successful.
\o *Info*    Client has finished evaluating ... 
\o 
\e *Error* xval: can't handle xval(nil)
\e 
\e 
\e *Error* ("difference" 0 t nil ("*Error* difference: can't handle (100.0 - nil)"))
\e 
\e 
\o ERROR (ADE-2708): Evaluation of output '%THD v /OUT; pss (V)' failed for point:'16' test:'AC_NOISE_PZ_TRANS_PSRR'
\o 	Expression:'_drplPssHarmThd(vh('pss "/OUT") 1)'
\o 	because of the following error(s)
\o 	*Error* difference: can't handle (100.0 - nil).
\o Ensure that the definition of output is correct.
\o 
\o WARNING (OCN-6038): Results pz are not available for /home/saul/projects/FIL3601/Sim/EX1/current_amplifier_final_tb/adexl/results/data/Interactive.62/16/AC_NOISE_PZ_TRANS_PSRR. Use results() for a list of available results.
\o WARNING (OCN-6038): Results pz are not available for /home/saul/projects/FIL3601/Sim/EX1/current_amplifier_final_tb/adexl/results/data/Interactive.62/16/AC_NOISE_PZ_TRANS_PSRR. Use results() for a list of available results.
\e *Error* 
\e  Error in locating poles-zeros. Ensure that poles and zeros exist in this simualtion data.
\e 
\o ERROR (ADE-2709): Evaluation of output 'Zeros' returned 'nil' for point:'16' test:'AC_NOISE_PZ_TRANS_PSRR'
\o 	Expression:'pzFrequencyAndRealFilter(getData("zeros" ?result "pz"))'.
\o Ensure that the definition of output is correct.
\o 
\o ERROR (ADE-2709): Evaluation of output 'Bandwidth_3dB' returned 'nil' for point:'16' test:'AC_NOISE_PZ_TRANS_PSRR'
\o 	Expression:'cross(dB20(IF("/R3/PLUS")) "45" 1 "falling" nil nil nil)'.
\o Ensure that the definition of output is correct.
\o 
\o WARNING (OCN-6038): Results pz are not available for /home/saul/projects/FIL3601/Sim/EX1/current_amplifier_final_tb/adexl/results/data/Interactive.62/16/AC_NOISE_PZ_TRANS_PSRR. Use results() for a list of available results.
\o WARNING (OCN-6038): Results pz are not available for /home/saul/projects/FIL3601/Sim/EX1/current_amplifier_final_tb/adexl/results/data/Interactive.62/16/AC_NOISE_PZ_TRANS_PSRR. Use results() for a list of available results.
\e *Error* 
\e  Error in locating poles-zeros. Ensure that poles and zeros exist in this simualtion data.
\e 
\o ERROR (ADE-2709): Evaluation of output 'Poles' returned 'nil' for point:'16' test:'AC_NOISE_PZ_TRANS_PSRR'
\o 	Expression:'pzFrequencyAndRealFilter(getData("poles" ?result "pz"))'.
\o Ensure that the definition of output is correct.
\o 
\e *Error* db: can't handle db(nil)
\e 
\e 
\o ERROR (ADE-2709): Evaluation of output 'i /R3/PLUS; pss dB20(I)' returned 'nil' for point:'16' test:'AC_NOISE_PZ_TRANS_PSRR'
\o 	Expression:'db(ih('pss "/R3/PLUS"))'.
\o Ensure that the definition of output is correct.
\o 
\o 
\o *Info*    Run complete for Point ID (9 16) on testbench [
\o           AC_NOISE_PZ_TRANS_PSRR ].
\o 
\o 
\o 
\o 
\o 
\o 
\o 
\o 
\o 
\o 
\o *Info*    Run start for Point ID (9 30) on testbench [
\o           AC_NOISE_PZ_TRANS_PSRR ].
\o 
\o Resetting statistical vars
\o 
\o *Info*    Setting parameter values ...
\o 
\o 
\o *Info*    Netlist Directory =
\o           /home/saul/projects/FIL3601/Sim/EX1/current_amplifier_final_tb/adexl/results/data/Interactive.62/30/AC_NOISE_PZ_TRANS_PSRR/netlist
\o 
\o 
\o *Info*    Data Directory    =
\o           /home/saul/projects/FIL3601/Sim/EX1/current_amplifier_final_tb/adexl/results/data/Interactive.62/30/AC_NOISE_PZ_TRANS_PSRR
\o 
\o 
\o *Info*    Creating Netlist for Point ID (9 30)
\o 
\o generate netlist...
\o function ansCdlCompPrim redefined
\o function ansCdlCompPrim redefined
\o Begin Incremental Netlisting Apr 26 16:33:07 2025
\o End netlisting Apr 26 16:33:07 2025
\o 
\o 	The netlist is up to date.
\o 	Time taken to compare the design with netlist:   0.0s
\o       ...successful.
\o compose simulator input file...
\o       ...successful.
\o 
\o *Info*    Running simulation on testbench [ AC_NOISE_PZ_TRANS_PSRR ]
\o           for Point ID (9 30).
\o 
\o Delete psf data in /home/saul/projects/FIL3601/Sim/EX1/current_amplifier_final_tb/adexl/results/data/Interactive.62/30/AC_NOISE_PZ_TRANS_PSRR/psf.
\o compose simulator input file...
\o       ...successful.
\o start simulator if needed...
\o       ...successful.
\o simulate...
\o To view the simulator output, right-click on the test name, result 
\o name, or any value in the "Results" tab of the Outputs section and 
\o choose "Output Log" menu option.
\o INFO (ADE-3071): Simulation completed successfully.
\o reading simulation data...
\o       ...successful.
\o *Info*    Client has finished evaluating ... 
\o 
\e *Error* xval: can't handle xval(nil)
\e 
\e 
\e *Error* ("difference" 0 t nil ("*Error* difference: can't handle (100.0 - nil)"))
\e 
\e 
\o ERROR (ADE-2708): Evaluation of output '%THD v /OUT; pss (V)' failed for point:'30' test:'AC_NOISE_PZ_TRANS_PSRR'
\o 	Expression:'_drplPssHarmThd(vh('pss "/OUT") 1)'
\o 	because of the following error(s)
\o 	*Error* difference: can't handle (100.0 - nil).
\o Ensure that the definition of output is correct.
\o 
\o WARNING (OCN-6038): Results pz are not available for /home/saul/projects/FIL3601/Sim/EX1/current_amplifier_final_tb/adexl/results/data/Interactive.62/30/AC_NOISE_PZ_TRANS_PSRR. Use results() for a list of available results.
\o WARNING (OCN-6038): Results pz are not available for /home/saul/projects/FIL3601/Sim/EX1/current_amplifier_final_tb/adexl/results/data/Interactive.62/30/AC_NOISE_PZ_TRANS_PSRR. Use results() for a list of available results.
\e *Error* 
\e  Error in locating poles-zeros. Ensure that poles and zeros exist in this simualtion data.
\e 
\o ERROR (ADE-2709): Evaluation of output 'Zeros' returned 'nil' for point:'30' test:'AC_NOISE_PZ_TRANS_PSRR'
\o 	Expression:'pzFrequencyAndRealFilter(getData("zeros" ?result "pz"))'.
\o Ensure that the definition of output is correct.
\o 
\o ERROR (ADE-2709): Evaluation of output 'Bandwidth_3dB' returned 'nil' for point:'30' test:'AC_NOISE_PZ_TRANS_PSRR'
\o 	Expression:'cross(dB20(IF("/R3/PLUS")) "45" 1 "falling" nil nil nil)'.
\o Ensure that the definition of output is correct.
\o 
\o WARNING (OCN-6038): Results pz are not available for /home/saul/projects/FIL3601/Sim/EX1/current_amplifier_final_tb/adexl/results/data/Interactive.62/30/AC_NOISE_PZ_TRANS_PSRR. Use results() for a list of available results.
\o WARNING (OCN-6038): Results pz are not available for /home/saul/projects/FIL3601/Sim/EX1/current_amplifier_final_tb/adexl/results/data/Interactive.62/30/AC_NOISE_PZ_TRANS_PSRR. Use results() for a list of available results.
\e *Error* 
\e  Error in locating poles-zeros. Ensure that poles and zeros exist in this simualtion data.
\e 
\o ERROR (ADE-2709): Evaluation of output 'Poles' returned 'nil' for point:'30' test:'AC_NOISE_PZ_TRANS_PSRR'
\o 	Expression:'pzFrequencyAndRealFilter(getData("poles" ?result "pz"))'.
\o Ensure that the definition of output is correct.
\o 
\e *Error* db: can't handle db(nil)
\e 
\e 
\o ERROR (ADE-2709): Evaluation of output 'i /R3/PLUS; pss dB20(I)' returned 'nil' for point:'30' test:'AC_NOISE_PZ_TRANS_PSRR'
\o 	Expression:'db(ih('pss "/R3/PLUS"))'.
\o Ensure that the definition of output is correct.
\o 
\o 
\o *Info*    Run complete for Point ID (9 30) on testbench [
\o           AC_NOISE_PZ_TRANS_PSRR ].
\o 
\o 
\o 
\o 
\o 
\o Simulation design variables differ from those on the cellView,
\o they have been saved in the file "/tmp/saved-design-variables".
\o To save future changes, copy variables to cellView before exiting.
\o 
\o 
\o *Info*    Configuring the session ...
\o 
\o 	Library      = EX1
\o 	Cell         = current_amplifier_final_tb
\o 	View         = schematic
\o 	Simulator    = spectre
\o 	State Path   = $AXL_SETUPDB_DIR/test_states
\o 	State Name   = TRAN_PULSE_VDD_TRAN_STAB_IN:1_state_Interactive.63
\o 	Results DB   = /home/saul/projects/FIL3601/EX1/current_amplifier_final_tb/adexl/results/data/Interactive.63.rdb
\o 	Results Dir  = /home/saul/projects/FIL3601/Sim/EX1/current_amplifier_final_tb/adexl/results/data/Interactive.63/1/TRAN_PULSE_VDD
\o 	Results Loc  = /home/saul/projects/FIL3601/Sim/EX1/current_amplifier_final_tb/adexl/results/data
\o 	Project Dir  = /home/saul/projects/FIL3601/Sim
\o 	Setup DB loc = /home/saul/projects/FIL3601/EX1/current_amplifier_final_tb/adexl
\o 	File Encoding = 0
\o 
\o 
\o 
\o *Info*    The auto suspension is disabled.
\o 
\o 
\o 
\o 
\o 
\o 
\o *Info*    Run start for Point ID (10 7) on testbench [ TRAN_PULSE_VDD
\o           ].
\o 
\o Resetting statistical vars
\o 
\o *Info*    Setting parameter values ...
\o 
\o Setting var AMP1 = "0"
\o Setting var AMP2 = "0"
\o Setting var FREQ1 = "40M"
\o Setting var FREQ2 = "50M"
\o Setting var IN = "1"
\o Setting var IN_DC = "0"
\o Setting var IN_PULSE = "0"
\o Setting var VDD = "0"
\o Setting var VDD_PULSE = "1.8"
\o Setting var temperature = "85"
\o Setting temp(T) = 85
\o 
\o *Info*    Netlist Directory =
\o           /home/saul/projects/FIL3601/Sim/EX1/current_amplifier_final_tb/adexl/results/data/Interactive.63/7/TRAN_PULSE_VDD/netlist
\o 
\o 
\o *Info*    Data Directory    =
\o           /home/saul/projects/FIL3601/Sim/EX1/current_amplifier_final_tb/adexl/results/data/Interactive.63/7/TRAN_PULSE_VDD
\o 
\o 
\o *Info*    Creating Netlist for Point ID (10 7)
\o 
\o generate netlist...
\o function ansCdlCompPrim redefined
\o function ansCdlCompPrim redefined
\o Begin Incremental Netlisting Apr 26 16:33:46 2025
\o End netlisting Apr 26 16:33:46 2025
\o 
\o 	The netlist is up to date.
\o 	Time taken to compare the design with netlist:   0.0s
\o       ...successful.
\o compose simulator input file...
\o       ...successful.
\o 
\o *Info*    Running simulation on testbench [ TRAN_PULSE_VDD ] for
\o           Point ID (10 7).
\o 
\o Delete psf data in /home/saul/projects/FIL3601/Sim/EX1/current_amplifier_final_tb/adexl/results/data/Interactive.63/7/TRAN_PULSE_VDD/psf.
\o compose simulator input file...
\o       ...successful.
\o start simulator if needed...
\o       ...successful.
\o simulate...
\o To view the simulator output, right-click on the test name, result 
\o name, or any value in the "Results" tab of the Outputs section and 
\o choose "Output Log" menu option.
\o INFO (ADE-3071): Simulation completed successfully.
\o reading simulation data...
\o       ...successful.
\o *Info*    Client has finished evaluating ... 
\o 
\o 
\o *Info*    Run complete for Point ID (10 7) on testbench [
\o           TRAN_PULSE_VDD ].
\o 
\o 
\o 
\o 
\o 
\o 
\o 
\o 
\o 
\o 
\o *Info*    Run start for Point ID (10 15) on testbench [
\o           TRAN_PULSE_VDD ].
\o 
\o Resetting statistical vars
\o 
\o *Info*    Setting parameter values ...
\o 
\o 
\o *Info*    Netlist Directory =
\o           /home/saul/projects/FIL3601/Sim/EX1/current_amplifier_final_tb/adexl/results/data/Interactive.63/15/TRAN_PULSE_VDD/netlist
\o 
\o 
\o *Info*    Data Directory    =
\o           /home/saul/projects/FIL3601/Sim/EX1/current_amplifier_final_tb/adexl/results/data/Interactive.63/15/TRAN_PULSE_VDD
\o 
\o 
\o *Info*    Creating Netlist for Point ID (10 15)
\o 
\o generate netlist...
\o function ansCdlCompPrim redefined
\o function ansCdlCompPrim redefined
\o Begin Incremental Netlisting Apr 26 16:33:48 2025
\o End netlisting Apr 26 16:33:48 2025
\o 
\o 	The netlist is up to date.
\o 	Time taken to compare the design with netlist:   0.0s
\o       ...successful.
\o compose simulator input file...
\o       ...successful.
\o 
\o *Info*    Running simulation on testbench [ TRAN_PULSE_VDD ] for
\o           Point ID (10 15).
\o 
\o Delete psf data in /home/saul/projects/FIL3601/Sim/EX1/current_amplifier_final_tb/adexl/results/data/Interactive.63/15/TRAN_PULSE_VDD/psf.
\o compose simulator input file...
\o       ...successful.
\o start simulator if needed...
\o       ...successful.
\o simulate...
\o To view the simulator output, right-click on the test name, result 
\o name, or any value in the "Results" tab of the Outputs section and 
\o choose "Output Log" menu option.
\o INFO (ADE-3071): Simulation completed successfully.
\o reading simulation data...
\o       ...successful.
\o *Info*    Client has finished evaluating ... 
\o 
\o 
\o *Info*    Run complete for Point ID (10 15) on testbench [
\o           TRAN_PULSE_VDD ].
\o 
\o 
\o 
\o 
\o 
\o 
\o 
\o 
\o 
\o 
\o *Info*    Run start for Point ID (10 29) on testbench [
\o           TRAN_PULSE_VDD ].
\o 
\o Resetting statistical vars
\o 
\o *Info*    Setting parameter values ...
\o 
\o 
\o *Info*    Netlist Directory =
\o           /home/saul/projects/FIL3601/Sim/EX1/current_amplifier_final_tb/adexl/results/data/Interactive.63/29/TRAN_PULSE_VDD/netlist
\o 
\o 
\o *Info*    Data Directory    =
\o           /home/saul/projects/FIL3601/Sim/EX1/current_amplifier_final_tb/adexl/results/data/Interactive.63/29/TRAN_PULSE_VDD
\o 
\o 
\o *Info*    Creating Netlist for Point ID (10 29)
\o 
\o generate netlist...
\o function ansCdlCompPrim redefined
\o function ansCdlCompPrim redefined
\o Begin Incremental Netlisting Apr 26 16:33:50 2025
\o End netlisting Apr 26 16:33:50 2025
\o 
\o 	The netlist is up to date.
\o 	Time taken to compare the design with netlist:   0.0s
\o       ...successful.
\o compose simulator input file...
\o       ...successful.
\o 
\o *Info*    Running simulation on testbench [ TRAN_PULSE_VDD ] for
\o           Point ID (10 29).
\o 
\o Delete psf data in /home/saul/projects/FIL3601/Sim/EX1/current_amplifier_final_tb/adexl/results/data/Interactive.63/29/TRAN_PULSE_VDD/psf.
\o compose simulator input file...
\o       ...successful.
\o start simulator if needed...
\o       ...successful.
\o simulate...
\o To view the simulator output, right-click on the test name, result 
\o name, or any value in the "Results" tab of the Outputs section and 
\o choose "Output Log" menu option.
\o INFO (ADE-3071): Simulation completed successfully.
\o reading simulation data...
\o       ...successful.
\o *Info*    Client has finished evaluating ... 
\o 
\o 
\o *Info*    Run complete for Point ID (10 29) on testbench [
\o           TRAN_PULSE_VDD ].
\o 
\o 
\o 
\o 
\o 
\o Simulation design variables differ from those on the cellView,
\o they have been saved in the file "/tmp/saved-design-variables".
\o To save future changes, copy variables to cellView before exiting.
\o 
\o 
\o *Info*    Configuring the session ...
\o 
\o 	Library      = EX1
\o 	Cell         = current_amplifier_final_tb
\o 	View         = schematic
\o 	Simulator    = spectre
\o 	State Path   = $AXL_SETUPDB_DIR/test_states
\o 	State Name   = TRAN_PULSE_VDD_TRAN_STAB_IN:1_state_Interactive.64
\o 	Results DB   = /home/saul/projects/FIL3601/EX1/current_amplifier_final_tb/adexl/results/data/Interactive.64.rdb
\o 	Results Dir  = /home/saul/projects/FIL3601/Sim/EX1/current_amplifier_final_tb/adexl/results/data/Interactive.64/1/TRAN_PULSE_VDD
\o 	Results Loc  = /home/saul/projects/FIL3601/Sim/EX1/current_amplifier_final_tb/adexl/results/data
\o 	Project Dir  = /home/saul/projects/FIL3601/Sim
\o 	Setup DB loc = /home/saul/projects/FIL3601/EX1/current_amplifier_final_tb/adexl
\o 	File Encoding = 0
\o 
\o 
\o 
\o *Info*    The auto suspension is disabled.
\o 
\o 
\o 
\o 
\o 
\o 
\o *Info*    Run start for Point ID (11 9) on testbench [ TRAN_PULSE_VDD
\o           ].
\o 
\o Resetting statistical vars
\o 
\o *Info*    Setting parameter values ...
\o 
\o Setting var AMP1 = "0"
\o Setting var AMP2 = "0"
\o Setting var FREQ1 = "40M"
\o Setting var FREQ2 = "50M"
\o Setting var IN = "1"
\o Setting var IN_DC = "0"
\o Setting var IN_PULSE = "0"
\o Setting var VDD = "0"
\o Setting var VDD_PULSE = "1.8"
\o Setting var temperature = "85"
\o Setting temp(T) = 85
\o 
\o *Info*    Netlist Directory =
\o           /home/saul/projects/FIL3601/Sim/EX1/current_amplifier_final_tb/adexl/results/data/Interactive.64/9/TRAN_PULSE_VDD/netlist
\o 
\o 
\o *Info*    Data Directory    =
\o           /home/saul/projects/FIL3601/Sim/EX1/current_amplifier_final_tb/adexl/results/data/Interactive.64/9/TRAN_PULSE_VDD
\o 
\o 
\o *Info*    Creating Netlist for Point ID (11 9)
\o 
\o generate netlist...
\o function ansCdlCompPrim redefined
\o function ansCdlCompPrim redefined
\o Begin Incremental Netlisting Apr 26 16:34:58 2025
\o End netlisting Apr 26 16:34:58 2025
\o 
\o 	The netlist is up to date.
\o 	Time taken to compare the design with netlist:   0.0s
\o       ...successful.
\o compose simulator input file...
\o       ...successful.
\o 
\o *Info*    Running simulation on testbench [ TRAN_PULSE_VDD ] for
\o           Point ID (11 9).
\o 
\o Delete psf data in /home/saul/projects/FIL3601/Sim/EX1/current_amplifier_final_tb/adexl/results/data/Interactive.64/9/TRAN_PULSE_VDD/psf.
\o compose simulator input file...
\o       ...successful.
\o start simulator if needed...
\o       ...successful.
\o simulate...
\o To view the simulator output, right-click on the test name, result 
\o name, or any value in the "Results" tab of the Outputs section and 
\o choose "Output Log" menu option.
\o INFO (ADE-3071): Simulation completed successfully.
\o reading simulation data...
\o       ...successful.
\o *Info*    Client has finished evaluating ... 
\o 
\o 
\o *Info*    Run complete for Point ID (11 9) on testbench [
\o           TRAN_PULSE_VDD ].
\o 
\o 
\o 
\o 
\o 
\o 
\o 
\o 
\o 
\o 
\o *Info*    Run start for Point ID (11 23) on testbench [
\o           TRAN_PULSE_VDD ].
\o 
\o Resetting statistical vars
\o 
\o *Info*    Setting parameter values ...
\o 
\o 
\o *Info*    Netlist Directory =
\o           /home/saul/projects/FIL3601/Sim/EX1/current_amplifier_final_tb/adexl/results/data/Interactive.64/23/TRAN_PULSE_VDD/netlist
\o 
\o 
\o *Info*    Data Directory    =
\o           /home/saul/projects/FIL3601/Sim/EX1/current_amplifier_final_tb/adexl/results/data/Interactive.64/23/TRAN_PULSE_VDD
\o 
\o 
\o *Info*    Creating Netlist for Point ID (11 23)
\o 
\o generate netlist...
\o function ansCdlCompPrim redefined
\o function ansCdlCompPrim redefined
\o Begin Incremental Netlisting Apr 26 16:35:02 2025
\o End netlisting Apr 26 16:35:02 2025
\o 
\o 	The netlist is up to date.
\o 	Time taken to compare the design with netlist:   0.0s
\o       ...successful.
\o compose simulator input file...
\o       ...successful.
\o 
\o *Info*    Running simulation on testbench [ TRAN_PULSE_VDD ] for
\o           Point ID (11 23).
\o 
\o Delete psf data in /home/saul/projects/FIL3601/Sim/EX1/current_amplifier_final_tb/adexl/results/data/Interactive.64/23/TRAN_PULSE_VDD/psf.
\o compose simulator input file...
\o       ...successful.
\o start simulator if needed...
\o       ...successful.
\o simulate...
\o To view the simulator output, right-click on the test name, result 
\o name, or any value in the "Results" tab of the Outputs section and 
\o choose "Output Log" menu option.
\o INFO (ADE-3071): Simulation completed successfully.
\o reading simulation data...
\o       ...successful.
\o *Info*    Client has finished evaluating ... 
\o 
\o 
\o *Info*    Run complete for Point ID (11 23) on testbench [
\o           TRAN_PULSE_VDD ].
\o 
\o 
\o 
\o 
\o 
\o 
\o 
\o 
\o 
\o 
\o *Info*    Run start for Point ID (11 31) on testbench [
\o           TRAN_PULSE_VDD ].
\o 
\o Resetting statistical vars
\o 
\o *Info*    Setting parameter values ...
\o 
\o 
\o *Info*    Netlist Directory =
\o           /home/saul/projects/FIL3601/Sim/EX1/current_amplifier_final_tb/adexl/results/data/Interactive.64/31/TRAN_PULSE_VDD/netlist
\o 
\o 
\o *Info*    Data Directory    =
\o           /home/saul/projects/FIL3601/Sim/EX1/current_amplifier_final_tb/adexl/results/data/Interactive.64/31/TRAN_PULSE_VDD
\o 
\o 
\o *Info*    Creating Netlist for Point ID (11 31)
\o 
\o generate netlist...
\o function ansCdlCompPrim redefined
\o function ansCdlCompPrim redefined
\o Begin Incremental Netlisting Apr 26 16:35:04 2025
\o End netlisting Apr 26 16:35:04 2025
\o 
\o 	The netlist is up to date.
\o 	Time taken to compare the design with netlist:   0.0s
\o       ...successful.
\o compose simulator input file...
\o       ...successful.
\o 
\o *Info*    Running simulation on testbench [ TRAN_PULSE_VDD ] for
\o           Point ID (11 31).
\o 
\o Delete psf data in /home/saul/projects/FIL3601/Sim/EX1/current_amplifier_final_tb/adexl/results/data/Interactive.64/31/TRAN_PULSE_VDD/psf.
\o compose simulator input file...
\o       ...successful.
\o start simulator if needed...
\o       ...successful.
\o simulate...
\o To view the simulator output, right-click on the test name, result 
\o name, or any value in the "Results" tab of the Outputs section and 
\o choose "Output Log" menu option.
\o INFO (ADE-3071): Simulation completed successfully.
\o reading simulation data...
\o       ...successful.
\o *Info*    Client has finished evaluating ... 
\o 
\o 
\o *Info*    Run complete for Point ID (11 31) on testbench [
\o           TRAN_PULSE_VDD ].
\o 
\o 
\o 
\o 
\o 
\o Simulation design variables differ from those on the cellView,
\o they have been saved in the file "/tmp/saved-design-variables".
\o To save future changes, copy variables to cellView before exiting.
\# Lic Summary:
\# [16:40:09.181161] Cdslmd servers:3000@lic08.ug.kth.se
\# [16:40:09.181217] Feature usage summary:
\# Memory report: on exit            778 MB, process size 2,562 MB at UTC 2025.04.26 14:40:09.705
\# Memory report: peak usage         778 MB, process size 2,562 MB
