*Info*    Exporting services from client ... 

*Info*    Client has finished starting ... 



*Info*    Configuring the session ...

	Library      = LAB2
	Cell         = transimpedance
	View         = schematic
	Simulator    = spectre
	State Path   = $AXL_SETUPDB_DIR/test_states
	State Name   = LAB2:transimpedance:1_none_Interactive.6
	Results DB   = /home/saul/projects/FIL3601/LAB2/transimpedance/adexl/results/data/Interactive.6.rdb
	Results Dir  = /home/saul/projects/FIL3601/Sim/LAB2/transimpedance/adexl/results/data/Interactive.6/1/LAB2:transimpedance:1
	Results Loc  = /home/saul/projects/FIL3601/Sim/LAB2/transimpedance/adexl/results/data
	Project Dir  = /home/saul/projects/FIL3601/Sim
	Setup DB loc = /home/saul/projects/FIL3601/LAB2/transimpedance/adexl
	File Encoding = 0



*Info*    The auto suspension is disabled.






*Info*    Run start for Point ID (0 1) on testbench [
          LAB2:transimpedance:1 ].

Resetting statistical vars

*Info*    Setting parameter values ...

Setting var IDS = "10u"
Setting var L = "0.18u"
Setting var NF = "4"
Setting var VDS = "0.5"
Setting var VGS = "0.29948"
Setting var WF = "8u"
Setting var temperature = "27"
Setting temp(T) = 27

*Info*    Netlist Directory =
          /home/saul/projects/FIL3601/Sim/LAB2/transimpedance/adexl/results/data/Interactive.6/1/LAB2:transimpedance:1/netlist


*Info*    Data Directory    =
          /home/saul/projects/FIL3601/Sim/LAB2/transimpedance/adexl/results/data/Interactive.6/1/LAB2:transimpedance:1


*Info*    Creating Netlist for Point ID (0 1)

generate netlist...
function ansCdlCompPrim redefined
function ansCdlCompPrim redefined
Initializing the control file using cp:
    cp /opt/tools/cadence/installs/IC618/tools.lnx86/dfII/etc/si/control.spectre /home/saul/projects/FIL3601/Sim/LAB2/transimpedance/adexl/results/data/Interactive.6/1/LAB2:transimpedance:1/netlist/control
Copying Spectre source file 'spectre.inp'
Copying Spectre command file 'spectre.sim'
Begin Incremental Netlisting Nov 12 09:59:02 2025
End netlisting Nov 12 09:59:02 2025

Netlisting Statistics:
	Number of components:   10

	Elapsed time:          0.0s
Errors: 0	Warnings: 0
      ...successful.
compose simulator input file...
      ...successful.

*Info*    Running simulation on testbench [ LAB2:transimpedance:1 ]
          for Point ID (0 1).

Delete psf data in /home/saul/projects/FIL3601/Sim/LAB2/transimpedance/adexl/results/data/Interactive.6/1/LAB2:transimpedance:1/psf.
compose simulator input file...
      ...successful.
start simulator if needed...
      ...successful.
simulate...
To view the simulator output, right-click on the test name, result 
name, or any value in the "Results" tab of the Outputs section and 
choose "Output Log" menu option.
INFO (ADE-3071): Simulation completed successfully.
reading simulation data...
      ...successful.
*Info*    Client has finished evaluating ... 


*Info*    Run complete for Point ID (0 1) on testbench [
          LAB2:transimpedance:1 ].





Simulation design variables differ from those on the cellView,
they have been saved in the file "/tmp/saved-design-variables".
To save future changes, copy variables to cellView before exiting.
