\# Program start time:     UTC 2025.02.13 23:21:59.824
\# Local time: CET (UTC+01:00) 2025.02.14 00:21:59.824
\o Program:		@(#)$CDS: virtuoso version 6.1.8-64b 01/30/2024 20:11 (cpgbld02) $
\o Hierarchy:		/pkg/cadence/installs/IC618/tools.lnx86/dfII/
\o Sub version:		sub-version  IC6.1.8-64b.500.35  (64-bit addresses)
\# Command line:	/pkg/cadence/installs/IC618/tools.lnx86/dfII/bin/64bit/virtuoso -noautostart -mpssession virtuoso31526 -mpshost s2424 -davinciService DaVinciService_31526_1739483606 -log /home/saul/projects/FIL3601/logs_saul/logs0/Job66.log -licenseLockFileName /home/saul/projects/FIL3601/.tmp_saul/.s2424_31526 -interactiveA -interactiveE -interactiveRTT -nostdin -nographE -axlChildIdFlag 66
\# Host name (type):	s2424 (x86_64)
\# Operating system:	Linux 3.10.0-1160.53.1.el7.x86_64 #1 SMP Fri Jan 14 13:59:45 UTC 2022
\# Linux /etc/issue:	\S
\# Linux /etc/issue:	Kernel \r on an \m
\# X display name (WxH):	:1759 (1024x868)
\# Available geometry:			TL(0:0) BR(1023:867)
\# X server:			The X.Org Foundation
\# Depth of Visual (Root):	24 (24)
\# Number of Planes Used:	24
\# X version:		11.0 (vendor release 12004000)
\# X resource pool:	base 0x400000, mask 0x1fffff (2097151), shift 0
\# 			current id 0x0, current max 0x1ffffa (2097146)
\# Max data seg size:	     unlimited
\# Max process size:	     unlimited
\# Initial sbrk value:	        622 MB
\# Available memory:	     70,922 MB
\# System memory:	     96,361 MB
\# Maximum memory size:	     96,030 MB
\# Max mem available:	     71,213 MB
\# Initial memory used:	        291 MB
\#        process size:	      1,888 MB
\# Thread usage limits (effective/default):	maxthreads 4096/4096 maxload 32.00/32.00
\# Qt version:		5.9.1
\# Window Manager:	other
\# User Name:		saul
\o Working Directory:	s2424:/home/saul/projects/FIL3601
\# Process Id:		2305
\o 
\o COPYRIGHT (C) 1992-2024  CADENCE DESIGN SYSTEMS INC.  ALL RIGHTS RESERVED.
\o           (C) 1992-2024  UNIX SYSTEMS Laboratories INC.,
\o                          Reproduced with permission.
\o 
\o This Cadence Design Systems program and online documentation are
\o proprietary/confidential information and may be disclosed/used only
\o as authorized in a license agreement controlling such use and disclosure.
\o 
\o           RESTRICTED RIGHTS NOTICE (SHORT FORM)
\o Use/reproduction/disclosure is subject to restriction
\o set forth at FAR 1252.227-19 or its equivalent.
\o Loading geView.cxt 
\o Loading menuBuilder.cxt 
\o Loading schView.cxt 
\o Loading selectSv.cxt 
\o Loading pvsui.cxt
\o Loading wireEdit.cxt 
\o Loading pte2.cxt 
\o Loading xlUI.cxt 
\o Loading auCore.cxt 
\o Loading vhdl.cxt 
\o Loading seismic.cxt 
\o Loading ci.cxt 
\o Loading ams.cxt 
\o Loading oasis.cxt 
\o Loading analog.cxt 
\o Loading asimenv.cxt 
\o Loading dal.cxt 
\o Loading awv.cxt 
\o Loading socket.cxt 
\o Loading par.cxt 
\o Loading alvs.cxt 
\o Loading caa.cxt 
\o Loading amps.cxt 
\o Loading adexlCore.cxt 
\o Loading adexl.cxt 
\# Memory report: using         420 MB, process size 2,140 MB at UTC 2025.02.13 23:22:02.127
\o *Info*    Exporting services from client ... 
\o 
\o Loading adexlDM.cxt 
\o Loading cpf.cxt 
\o Loading cli.cxt 
\o Loading lp.cxt 
\o INFO (ELI-00302) Connecting to parent process (session=virtuoso31526, host=s2424). Connection mode is ICRP. Total timeout is 180 seconds. Connection timeout is 90 seconds.
\o INFO (ELI-00303) Step 1: Connecting to parent. Time spent is 0 seconds.
\o INFO (ELI-00304) The registration of the child 2305 within 90 seconds is being processed...
\o INFO (ELI-00305) The result of registration is true. Time spent is 0 seconds.
\o INFO (ELI-00308) The connection has ended. Result is true. Total time spent is 0 seconds.
\# [00:21:59.512393] Configured Lic search path (22.01-s002): 3000@lic08.ug.kth.se
\o Loading .cdsinit for the XH018 X-Fab XKit.
\o     LOAD xh018_1143 SPECIFIC CALL-BACK ROUTINES
\o     LOAD ALL AVAILABLE P-CELL FUNCTIONS
\o ** Info: PDK loadpath is "/pkg/xfab2/XKIT/xh018/cadence/v9_0/PDK/IC61/v9_0_4"
\o Loading XfSktTools.cxt
\o Loading XfMenu.cxt
\o Loading XfTechXh018.cxt
\o Loading XfPcellCore.cxt
\o function ansiSpicePrintProperties_subcircuit redefined
\o Loading XfSkillExt.cxt
\o Initializing library.
\o Finished Initializing Library .
\o     Generic PcellKit: 'production' loaded.
\o     Generic Pcell Skill Tools: 'production' loaded.
\o Loading Circuit Prospector Setup (XfCircuitProspSetup.il)
\o     LOAD THE ENVIRONMENT FILE
\o  --> Setting the required PDK definitions...
\o     GDSII LAYER MAPPING FILE = "./.xkit/setup/xh018/cadence/PDK/TECH_XH018_1143/strmInOut.layertable"
\o     GDSII OBJECT MAPPING FILE = "./.xkit/setup/xh018/cadence/PDK/TECH_XH018_1143/strmOutObjects.map"
\o Use model setup from PDK...
\o Loading spectrei.cxt 
\o Loading devCheck.cxt 
\o Loading relXpert.cxt 
\o Loading vdsil.cxt 
\o Loading hspiceD.cxt 
\o Loading spectreinl.cxt 
\o Loading UltraSim.cxt 
\# Memory report: using         527 MB, process size 2,254 MB at UTC 2025.02.13 23:22:04.035
\o Loading msgHandler.cxt 
\o Loading AMSOSS.cxt 
\o Loading AMS.cxt 
\o  --> Finished setting the required PDK definitions
\o  --> Setting the recommended EDA tool defaults...
\o  --> Finished setting the recommended EDA tool defaults
\o     LOAD DEFAULT BINDKEYS
\o Loading viva.cxt 
\o  --> AssuraTools Setup not available
\o *Info*    Client has finished starting ... 
\o 
\p > 
\# Loading perfDiag...
\# (PerfDiag): Set GDB path to environment variable 'gdbPath' (gdb).
\# Performance Diagnostic tool is installed. You can access PerfDiag from CIW Tools or use the shell command 'cdsPerfDiag -p 2305' to open it when Virtuoso freezes.
\# (PerfDiag): Loading backtrace from /pkg/cadence/installs/IC618/tools/lib/64bit/cdnslibunwind.so
\o Loading vqp.cxt 
\o Loading hdlPkg.cxt 
\o 
\o 
\o *Info*    Configuring the session ...
\o 
\o Loading simui.cxt 
\o 	Library      = CHARACTERIZATION
\o 	Cell         = GMID_NMOS_L
\o 	View         = schematic
\o 	Simulator    = spectre
\o 	State Path   = $AXL_SETUPDB_DIR/test_states
\o 	State Name   = CHARACTERIZATION:GMID_NMOS_L:1_spectre_state1_Interactive.15
\o 	Results DB   = /home/saul/projects/FIL3601/CHARACTERIZATION/GMID_NMOS_L/adexl/results/data/Interactive.15.rdb
\o 	Results Dir  = /home/saul/projects/FIL3601/Sim/CHARACTERIZATION/GMID_NMOS_L/adexl/results/data/Interactive.15/5/CHARACTERIZATION:GMID_NMOS_L:1
\o 	Results Loc  = /home/saul/projects/FIL3601/Sim/CHARACTERIZATION/GMID_NMOS_L/adexl/results/data
\o 	Project Dir  = /home/saul/projects/FIL3601/Sim
\o 	Setup DB loc = /home/saul/projects/FIL3601/CHARACTERIZATION/GMID_NMOS_L/adexl
\o 	File Encoding = 0
\o 
\o 
\o WARNING (ADE-7017): The Spectre run mode needs to be 'batch' when EM/IR analysis is enabled. Automatically setting the run mode to 'batch'.
\o 
\o *Info*    The auto suspension is disabled.
\o 
\o     LOAD GENERIC "X-KIT" SKILL CONTEXT "./.xkit/setup/x_all/cadence/xenv/skill/context6/xkit.cxt" 
\o  - Menu "XKit Utilities" installed to CIW.
\o     LOAD ".cdsinit_personal" FILE FROM THE WORKING DIRECTORY.
\o     INFO: To customize this setup, please use the following environment variables:
\o           CUSTOM_SCRIPT_PATH - should point to the master shell or perl script
\o                              e.g.:
\o                              setenv CUSTOM_SCRIPT_PATH /path/to/my/script/LoadMyScripts.csh
\o           CUSTOM_SKILL_PATH - should point to your master skill load file
\o                              e.g.:
\o                              setenv CUSTOM_SKILL_PATH /path/to/my/skill/LoadMySkills.il
\o  loading default key binding 
\o  -> END LOAD ".cdsinit" FILE
\o Loading monte.cxt 
\o 
\o 
\o 
\o 
\o 
\o *Info*    Run start for Point ID (0 6) on testbench [
\o           CHARACTERIZATION:GMID_NMOS_L:1 ].
\o 
\o Resetting statistical vars
\o 
\o *Info*    Setting parameter values ...
\o 
\o Setting var IDS1 = "31.6227766n"
\o Setting var L1 = "180n"
\o Setting var NF1 = "20"
\o Setting var VDS1 = "0.9"
\o Setting var WF1 = "10u"
\o Setting var temperature = "27"
\o Setting temp(T) = 27
\o 
\o *Info*    Netlist Directory =
\o           /home/saul/projects/FIL3601/Sim/CHARACTERIZATION/GMID_NMOS_L/adexl/results/data/Interactive.15/6/CHARACTERIZATION:GMID_NMOS_L:1/netlist
\o 
\o 
\o *Info*    Data Directory    =
\o           /home/saul/projects/FIL3601/Sim/CHARACTERIZATION/GMID_NMOS_L/adexl/results/data/Interactive.15/6/CHARACTERIZATION:GMID_NMOS_L:1
\o 
\o 
\o *Info*    Creating Netlist for Point ID (0 6)
\o 
\o generate netlist...
\o Loading hnlInit.cxt 
\o Loading seCore.cxt 
\o function ansCdlCompPrim redefined
\o function ansCdlCompPrim redefined
\# [00:22:06.203019] Periodic Lic check successful
\# [00:22:06.203025] Feature usage summary:
\o Begin Incremental Netlisting Feb 14 00:22:06 2025
\o End netlisting Feb 14 00:22:06 2025
\o 
\o 	The netlist is up to date.
\o 	Time taken to compare the design with netlist:   0.0s
\o       ...successful.
\o compose simulator input file...
\o       ...successful.
\o 
\o *Info*    Running simulation on testbench [
\o           CHARACTERIZATION:GMID_NMOS_L:1 ] for Point ID (0 6).
\o 
\o Delete psf data in /home/saul/projects/FIL3601/Sim/CHARACTERIZATION/GMID_NMOS_L/adexl/results/data/Interactive.15/6/CHARACTERIZATION:GMID_NMOS_L:1/psf.
\o compose simulator input file...
\o       ...successful.
\o start simulator if needed...
\o       ...successful.
\o simulate...
\o To view the simulator output, right-click on the test name, result 
\o name, or any value in the "Results" tab of the Outputs section and 
\o choose "Output Log" menu option.
\# Memory report: using         679 MB, process size 2,463 MB at UTC 2025.02.13 23:22:07.157
\o Loading paraplot.cxt 
\o INFO (ADE-3071): Simulation completed successfully.
\o reading simulation data...
\o       ...successful.
\o *Info*    Client has finished evaluating ... 
\o 
\o 
\o *Info*    Run complete for Point ID (0 6) on testbench [
\o           CHARACTERIZATION:GMID_NMOS_L:1 ].
\o 
\o 
\o 
\o 
\o 
\o 
\o 
\o 
\o 
\o 
\o *Info*    Run start for Point ID (0 16) on testbench [
\o           CHARACTERIZATION:GMID_NMOS_L:1 ].
\o 
\o Resetting statistical vars
\o 
\o *Info*    Setting parameter values ...
\o 
\o Setting var IDS1 = "316.227766n"
\o 
\o *Info*    Netlist Directory =
\o           /home/saul/projects/FIL3601/Sim/CHARACTERIZATION/GMID_NMOS_L/adexl/results/data/Interactive.15/16/CHARACTERIZATION:GMID_NMOS_L:1/netlist
\o 
\o 
\o *Info*    Data Directory    =
\o           /home/saul/projects/FIL3601/Sim/CHARACTERIZATION/GMID_NMOS_L/adexl/results/data/Interactive.15/16/CHARACTERIZATION:GMID_NMOS_L:1
\o 
\o 
\o *Info*    Creating Netlist for Point ID (0 16)
\o 
\o generate netlist...
\o function ansCdlCompPrim redefined
\o function ansCdlCompPrim redefined
\o Begin Incremental Netlisting Feb 14 00:22:08 2025
\o End netlisting Feb 14 00:22:08 2025
\o 
\o 	The netlist is up to date.
\o 	Time taken to compare the design with netlist:   0.0s
\o       ...successful.
\o compose simulator input file...
\o       ...successful.
\o 
\o *Info*    Running simulation on testbench [
\o           CHARACTERIZATION:GMID_NMOS_L:1 ] for Point ID (0 16).
\o 
\o Delete psf data in /home/saul/projects/FIL3601/Sim/CHARACTERIZATION/GMID_NMOS_L/adexl/results/data/Interactive.15/16/CHARACTERIZATION:GMID_NMOS_L:1/psf.
\o compose simulator input file...
\o       ...successful.
\o start simulator if needed...
\o       ...successful.
\o simulate...
\o To view the simulator output, right-click on the test name, result 
\o name, or any value in the "Results" tab of the Outputs section and 
\o choose "Output Log" menu option.
\o INFO (ADE-3071): Simulation completed successfully.
\o reading simulation data...
\o       ...successful.
\o *Info*    Client has finished evaluating ... 
\o 
\o 
\o *Info*    Run complete for Point ID (0 16) on testbench [
\o           CHARACTERIZATION:GMID_NMOS_L:1 ].
\o 
\o 
\o 
\o 
\o 
\o 
\o 
\o 
\o 
\o 
\o *Info*    Run start for Point ID (0 26) on testbench [
\o           CHARACTERIZATION:GMID_NMOS_L:1 ].
\o 
\o Resetting statistical vars
\o 
\o *Info*    Setting parameter values ...
\o 
\o Setting var IDS1 = "3.16227766u"
\o 
\o *Info*    Netlist Directory =
\o           /home/saul/projects/FIL3601/Sim/CHARACTERIZATION/GMID_NMOS_L/adexl/results/data/Interactive.15/26/CHARACTERIZATION:GMID_NMOS_L:1/netlist
\o 
\o 
\o *Info*    Data Directory    =
\o           /home/saul/projects/FIL3601/Sim/CHARACTERIZATION/GMID_NMOS_L/adexl/results/data/Interactive.15/26/CHARACTERIZATION:GMID_NMOS_L:1
\o 
\o 
\o *Info*    Creating Netlist for Point ID (0 26)
\o 
\o generate netlist...
\o function ansCdlCompPrim redefined
\o function ansCdlCompPrim redefined
\o Begin Incremental Netlisting Feb 14 00:22:09 2025
\o End netlisting Feb 14 00:22:09 2025
\o 
\o 	The netlist is up to date.
\o 	Time taken to compare the design with netlist:   0.0s
\o       ...successful.
\o compose simulator input file...
\o       ...successful.
\o 
\o *Info*    Running simulation on testbench [
\o           CHARACTERIZATION:GMID_NMOS_L:1 ] for Point ID (0 26).
\o 
\o Delete psf data in /home/saul/projects/FIL3601/Sim/CHARACTERIZATION/GMID_NMOS_L/adexl/results/data/Interactive.15/26/CHARACTERIZATION:GMID_NMOS_L:1/psf.
\o compose simulator input file...
\o       ...successful.
\o start simulator if needed...
\o       ...successful.
\o simulate...
\o To view the simulator output, right-click on the test name, result 
\o name, or any value in the "Results" tab of the Outputs section and 
\o choose "Output Log" menu option.
\# Available memory:         67,776 MB at UTC 2025.02.13 23:22:10.308
\# Memory report: Maximum memory size now 68,458 MB at UTC 2025.02.13 23:22:10.308
\# Thread usage report: 38 active threads, active load 1.40 at UTC 2025.02.13 23:22:10.308
\o INFO (ADE-3071): Simulation completed successfully.
\o reading simulation data...
\o       ...successful.
\o *Info*    Client has finished evaluating ... 
\o 
\o 
\o *Info*    Run complete for Point ID (0 26) on testbench [
\o           CHARACTERIZATION:GMID_NMOS_L:1 ].
\o 
\o 
\o 
\o 
\o 
\o 
\o 
\o 
\o 
\o 
\o *Info*    Run start for Point ID (0 36) on testbench [
\o           CHARACTERIZATION:GMID_NMOS_L:1 ].
\o 
\o Resetting statistical vars
\o 
\o *Info*    Setting parameter values ...
\o 
\o Setting var IDS1 = "31.6227766u"
\o 
\o *Info*    Netlist Directory =
\o           /home/saul/projects/FIL3601/Sim/CHARACTERIZATION/GMID_NMOS_L/adexl/results/data/Interactive.15/36/CHARACTERIZATION:GMID_NMOS_L:1/netlist
\o 
\o 
\o *Info*    Data Directory    =
\o           /home/saul/projects/FIL3601/Sim/CHARACTERIZATION/GMID_NMOS_L/adexl/results/data/Interactive.15/36/CHARACTERIZATION:GMID_NMOS_L:1
\o 
\o 
\o *Info*    Creating Netlist for Point ID (0 36)
\o 
\o generate netlist...
\o function ansCdlCompPrim redefined
\o function ansCdlCompPrim redefined
\o Begin Incremental Netlisting Feb 14 00:22:10 2025
\o End netlisting Feb 14 00:22:10 2025
\o 
\o 	The netlist is up to date.
\o 	Time taken to compare the design with netlist:   0.0s
\o       ...successful.
\o compose simulator input file...
\o       ...successful.
\o 
\o *Info*    Running simulation on testbench [
\o           CHARACTERIZATION:GMID_NMOS_L:1 ] for Point ID (0 36).
\o 
\o Delete psf data in /home/saul/projects/FIL3601/Sim/CHARACTERIZATION/GMID_NMOS_L/adexl/results/data/Interactive.15/36/CHARACTERIZATION:GMID_NMOS_L:1/psf.
\o compose simulator input file...
\o       ...successful.
\o start simulator if needed...
\o       ...successful.
\o simulate...
\o To view the simulator output, right-click on the test name, result 
\o name, or any value in the "Results" tab of the Outputs section and 
\o choose "Output Log" menu option.
\o INFO (ADE-3071): Simulation completed successfully.
\o reading simulation data...
\o       ...successful.
\o *Info*    Client has finished evaluating ... 
\o 
\o 
\o *Info*    Run complete for Point ID (0 36) on testbench [
\o           CHARACTERIZATION:GMID_NMOS_L:1 ].
\o 
\o 
\o 
\o 
\o 
\o 
\o 
\o 
\o 
\o 
\o *Info*    Run start for Point ID (0 47) on testbench [
\o           CHARACTERIZATION:GMID_NMOS_L:1 ].
\o 
\o Resetting statistical vars
\o 
\o *Info*    Setting parameter values ...
\o 
\o Setting var IDS1 = "398.1071706u"
\o 
\o *Info*    Netlist Directory =
\o           /home/saul/projects/FIL3601/Sim/CHARACTERIZATION/GMID_NMOS_L/adexl/results/data/Interactive.15/47/CHARACTERIZATION:GMID_NMOS_L:1/netlist
\o 
\o 
\o *Info*    Data Directory    =
\o           /home/saul/projects/FIL3601/Sim/CHARACTERIZATION/GMID_NMOS_L/adexl/results/data/Interactive.15/47/CHARACTERIZATION:GMID_NMOS_L:1
\o 
\o 
\o *Info*    Creating Netlist for Point ID (0 47)
\o 
\o generate netlist...
\o function ansCdlCompPrim redefined
\o function ansCdlCompPrim redefined
\o Begin Incremental Netlisting Feb 14 00:22:12 2025
\o End netlisting Feb 14 00:22:12 2025
\o 
\o 	The netlist is up to date.
\o 	Time taken to compare the design with netlist:   0.0s
\o       ...successful.
\o compose simulator input file...
\o       ...successful.
\o 
\o *Info*    Running simulation on testbench [
\o           CHARACTERIZATION:GMID_NMOS_L:1 ] for Point ID (0 47).
\o 
\o Delete psf data in /home/saul/projects/FIL3601/Sim/CHARACTERIZATION/GMID_NMOS_L/adexl/results/data/Interactive.15/47/CHARACTERIZATION:GMID_NMOS_L:1/psf.
\o compose simulator input file...
\o       ...successful.
\o start simulator if needed...
\o       ...successful.
\o simulate...
\o To view the simulator output, right-click on the test name, result 
\o name, or any value in the "Results" tab of the Outputs section and 
\o choose "Output Log" menu option.
\o INFO (ADE-3071): Simulation completed successfully.
\o reading simulation data...
\o       ...successful.
\o *Info*    Client has finished evaluating ... 
\o 
\o 
\o *Info*    Run complete for Point ID (0 47) on testbench [
\o           CHARACTERIZATION:GMID_NMOS_L:1 ].
\o 
\o 
\o 
\o 
\o 
\o 
\o 
\o 
\o 
\o 
\o *Info*    Run start for Point ID (0 55) on testbench [
\o           CHARACTERIZATION:GMID_NMOS_L:1 ].
\o 
\o Resetting statistical vars
\o 
\o *Info*    Setting parameter values ...
\o 
\o Setting var IDS1 = "2.511886432m"
\o 
\o *Info*    Netlist Directory =
\o           /home/saul/projects/FIL3601/Sim/CHARACTERIZATION/GMID_NMOS_L/adexl/results/data/Interactive.15/55/CHARACTERIZATION:GMID_NMOS_L:1/netlist
\o 
\o 
\o *Info*    Data Directory    =
\o           /home/saul/projects/FIL3601/Sim/CHARACTERIZATION/GMID_NMOS_L/adexl/results/data/Interactive.15/55/CHARACTERIZATION:GMID_NMOS_L:1
\o 
\o 
\o *Info*    Creating Netlist for Point ID (0 55)
\o 
\o generate netlist...
\o function ansCdlCompPrim redefined
\o function ansCdlCompPrim redefined
\o Begin Incremental Netlisting Feb 14 00:22:13 2025
\o End netlisting Feb 14 00:22:13 2025
\o 
\o 	The netlist is up to date.
\o 	Time taken to compare the design with netlist:   0.0s
\o       ...successful.
\o compose simulator input file...
\o       ...successful.
\o 
\o *Info*    Running simulation on testbench [
\o           CHARACTERIZATION:GMID_NMOS_L:1 ] for Point ID (0 55).
\o 
\o Delete psf data in /home/saul/projects/FIL3601/Sim/CHARACTERIZATION/GMID_NMOS_L/adexl/results/data/Interactive.15/55/CHARACTERIZATION:GMID_NMOS_L:1/psf.
\o compose simulator input file...
\o       ...successful.
\o start simulator if needed...
\o       ...successful.
\o simulate...
\o To view the simulator output, right-click on the test name, result 
\o name, or any value in the "Results" tab of the Outputs section and 
\o choose "Output Log" menu option.
\o INFO (ADE-3071): Simulation completed successfully.
\o reading simulation data...
\o       ...successful.
\o *Info*    Client has finished evaluating ... 
\o 
\o 
\o *Info*    Run complete for Point ID (0 55) on testbench [
\o           CHARACTERIZATION:GMID_NMOS_L:1 ].
\o 
\o 
\o 
\o 
\o 
\o Simulation design variables differ from those on the cellView,
\o they have been saved in the file "/tmp/saved-design-variables2".
\o To save future changes, copy variables to cellView before exiting.
\# Lic Summary:
\# [00:27:17.327313] Cdslmd servers:3000@lic08.ug.kth.se
\# [00:27:17.327353] Feature usage summary:
\# Memory report: on exit            682 MB, process size 2,466 MB at UTC 2025.02.13 23:27:17.327
\# Memory report: peak usage         682 MB, process size 2,466 MB
