\# Program start time:     UTC 2025.04.22 13:48:01.477
\# Local time: CEST (UTC+02:00) 2025.04.22 15:48:01.477
\o Program:		@(#)$CDS: virtuoso version 6.1.8-64b 01/30/2024 20:11 (cpgbld02) $
\o Hierarchy:		/pkg/cadence/installs/IC618/tools.lnx86/dfII/
\o Sub version:		sub-version  IC6.1.8-64b.500.35  (64-bit addresses)
\# Command line:	/pkg/cadence/installs/IC618/tools.lnx86/dfII/bin/64bit/virtuoso -noautostart -mpssession virtuoso1141 -mpshost s2424 -davinciService DaVinciService_1141_1745313032 -log /home/saul/projects/FIL3601/logs_saul/logs0/Job74.log -licenseLockFileName /home/saul/projects/FIL3601/.tmp_saul/.s2424_1141 -interactiveA -interactiveE -interactiveRTT -nostdin -nographE -axlChildIdFlag 74
\# Host name (type):	s2424 (x86_64)
\# Operating system:	Linux 3.10.0-1160.53.1.el7.x86_64 #1 SMP Fri Jan 14 13:59:45 UTC 2022
\# Linux /etc/issue:	\S
\# Linux /etc/issue:	Kernel \r on an \m
\# X display name (WxH):	:5857 (1024x868)
\# Available geometry:			TL(0:0) BR(1023:867)
\# X server:			The X.Org Foundation
\# Depth of Visual (Root):	24 (24)
\# Number of Planes Used:	24
\# X version:		11.0 (vendor release 12004000)
\# X resource pool:	base 0x400000, mask 0x1fffff (2097151), shift 0
\# 			current id 0x0, current max 0x1ffffa (2097146)
\# Max data seg size:	     unlimited
\# Max process size:	     unlimited
\# Initial sbrk value:	        644 MB
\# Available memory:	     77,202 MB
\# System memory:	     96,361 MB
\# Maximum memory size:	     96,008 MB
\# Max mem available:	     77,492 MB
\# Initial memory used:	        291 MB
\#        process size:	      1,888 MB
\# Thread usage limits (effective/default):	maxthreads 4096/4096 maxload 32.00/32.00
\# Qt version:		5.9.1
\# Window Manager:	other
\# User Name:		saul
\o Working Directory:	s2424:/home/saul/projects/FIL3601
\# Process Id:		2399
\o 
\o COPYRIGHT (C) 1992-2024  CADENCE DESIGN SYSTEMS INC.  ALL RIGHTS RESERVED.
\o           (C) 1992-2024  UNIX SYSTEMS Laboratories INC.,
\o                          Reproduced with permission.
\o 
\o This Cadence Design Systems program and online documentation are
\o proprietary/confidential information and may be disclosed/used only
\o as authorized in a license agreement controlling such use and disclosure.
\o 
\o           RESTRICTED RIGHTS NOTICE (SHORT FORM)
\o Use/reproduction/disclosure is subject to restriction
\o set forth at FAR 1252.227-19 or its equivalent.
\o Loading geView.cxt 
\o Loading menuBuilder.cxt 
\o Loading schView.cxt 
\o Loading selectSv.cxt 
\o Loading pvsui.cxt
\o Loading wireEdit.cxt 
\o Loading pte2.cxt 
\o Loading xlUI.cxt 
\o Loading auCore.cxt 
\o Loading vhdl.cxt 
\o Loading seismic.cxt 
\o Loading ci.cxt 
\o Loading ams.cxt 
\o Loading oasis.cxt 
\o Loading analog.cxt 
\o Loading asimenv.cxt 
\o Loading dal.cxt 
\o Loading awv.cxt 
\o Loading socket.cxt 
\o Loading par.cxt 
\o Loading alvs.cxt 
\o Loading caa.cxt 
\o Loading amps.cxt 
\o Loading adexlCore.cxt 
\o Loading adexl.cxt 
\o *Info*    Exporting services from client ... 
\o 
\o Loading adexlDM.cxt 
\o Loading cpf.cxt 
\o Loading cli.cxt 
\o Loading lp.cxt 
\o INFO (ELI-00302) Connecting to parent process (session=virtuoso1141, host=s2424). Connection mode is ICRP. Total timeout is 180 seconds. Connection timeout is 90 seconds.
\o INFO (ELI-00303) Step 1: Connecting to parent. Time spent is 0 seconds.
\o INFO (ELI-00304) The registration of the child 2399 within 90 seconds is being processed...
\o INFO (ELI-00305) The result of registration is true. Time spent is 0 seconds.
\o INFO (ELI-00308) The connection has ended. Result is true. Total time spent is 0 seconds.
\# [15:48:01.512409] Configured Lic search path (22.01-s002): 3000@lic08.ug.kth.se
\# Memory report: using         442 MB, process size 2,169 MB at UTC 2025.04.22 13:48:04.851
\o Loading .cdsinit for the XH018 X-Fab XKit.
\o     LOAD xh018_1143 SPECIFIC CALL-BACK ROUTINES
\o     LOAD ALL AVAILABLE P-CELL FUNCTIONS
\o ** Info: PDK loadpath is "/pkg/xfab2/XKIT/xh018/cadence/v9_0/PDK/IC61/v9_0_4"
\o Loading XfSktTools.cxt
\o Loading XfMenu.cxt
\o Loading XfTechXh018.cxt
\o Loading XfPcellCore.cxt
\o function ansiSpicePrintProperties_subcircuit redefined
\o Loading XfSkillExt.cxt
\o Initializing library.
\o Finished Initializing Library .
\o     Generic PcellKit: 'production' loaded.
\o     Generic Pcell Skill Tools: 'production' loaded.
\o Loading Circuit Prospector Setup (XfCircuitProspSetup.il)
\o     LOAD THE ENVIRONMENT FILE
\o  --> Setting the required PDK definitions...
\o     GDSII LAYER MAPPING FILE = "./.xkit/setup/xh018/cadence/PDK/TECH_XH018_1143/strmInOut.layertable"
\o     GDSII OBJECT MAPPING FILE = "./.xkit/setup/xh018/cadence/PDK/TECH_XH018_1143/strmOutObjects.map"
\o Use model setup from PDK...
\o Loading spectrei.cxt 
\o Loading devCheck.cxt 
\o Loading relXpert.cxt 
\o Loading vdsil.cxt 
\o Loading hspiceD.cxt 
\o Loading spectreinl.cxt 
\o Loading UltraSim.cxt 
\o Loading msgHandler.cxt 
\o Loading AMSOSS.cxt 
\o Loading AMS.cxt 
\o  --> Finished setting the required PDK definitions
\o  --> Setting the recommended EDA tool defaults...
\o  --> Finished setting the recommended EDA tool defaults
\o     LOAD DEFAULT BINDKEYS
\o Loading viva.cxt 
\o  --> AssuraTools Setup not available
\o *Info*    Client has finished starting ... 
\o 
\p > 
\# Loading perfDiag...
\# (PerfDiag): Set GDB path to environment variable 'gdbPath' (gdb).
\# Performance Diagnostic tool is installed. You can access PerfDiag from CIW Tools or use the shell command 'cdsPerfDiag -p 2399' to open it when Virtuoso freezes.
\# (PerfDiag): Loading backtrace from /pkg/cadence/installs/IC618/tools/lib/64bit/cdnslibunwind.so
\o Loading vqp.cxt 
\o Loading hdlPkg.cxt 
\o 
\o 
\o *Info*    Configuring the session ...
\o 
\o Loading simui.cxt 
\o 	Library      = EX1
\o 	Cell         = current_amplifier_final_tb
\o 	View         = schematic
\o 	Simulator    = spectre
\o 	State Path   = $AXL_SETUPDB_DIR/test_states
\o 	State Name   = TRAN_STAB_AC_NOISE_PZ_TRANS_PSRR:1_state_Interactive.25
\o 	Results DB   = /home/saul/projects/FIL3601/EX1/current_amplifier_final_tb/adexl/results/data/Interactive.25.rdb
\o 	Results Dir  = /home/saul/projects/FIL3601/Sim/EX1/current_amplifier_final_tb/adexl/results/data/Interactive.25/1/TRAN_STAB
\o 	Results Loc  = /home/saul/projects/FIL3601/Sim/EX1/current_amplifier_final_tb/adexl/results/data
\o 	Project Dir  = /home/saul/projects/FIL3601/Sim
\o 	Setup DB loc = /home/saul/projects/FIL3601/EX1/current_amplifier_final_tb/adexl
\o 	File Encoding = 0
\o 
\o 
\# Memory report: using         566 MB, process size 2,299 MB at UTC 2025.04.22 13:48:07.260
\o WARNING (ADE-7017): The Spectre run mode needs to be 'batch' when EM/IR analysis is enabled. Automatically setting the run mode to 'batch'.
\o Loading cdf.cxt 
\o 
\o *Info*    The auto suspension is disabled.
\o 
\o     LOAD GENERIC "X-KIT" SKILL CONTEXT "./.xkit/setup/x_all/cadence/xenv/skill/context6/xkit.cxt" 
\o  - Menu "XKit Utilities" installed to CIW.
\o     LOAD ".cdsinit_personal" FILE FROM THE WORKING DIRECTORY.
\o     INFO: To customize this setup, please use the following environment variables:
\o           CUSTOM_SCRIPT_PATH - should point to the master shell or perl script
\o                              e.g.:
\o                              setenv CUSTOM_SCRIPT_PATH /path/to/my/script/LoadMyScripts.csh
\o           CUSTOM_SKILL_PATH - should point to your master skill load file
\o                              e.g.:
\o                              setenv CUSTOM_SKILL_PATH /path/to/my/skill/LoadMySkills.il
\o  loading default key binding 
\o  -> END LOAD ".cdsinit" FILE
\o Loading monte.cxt 
\o 
\o 
\o 
\o 
\o 
\o *Info*    Run start for Point ID (25 7) on testbench [ TRAN_STAB ].
\o 
\o Resetting statistical vars
\o 
\o *Info*    Setting parameter values ...
\o 
\o Setting var AMP1 = "0"
\o Setting var AMP2 = "0"
\o Setting var FREQ1 = "10M"
\o Setting var FREQ2 = "0"
\o Setting var IN = "1"
\o Setting var IN_DC = "0"
\o Setting var IN_PULSE = "100n"
\o Setting var VDD = "1.62"
\o Setting var VDD_PULSE = "0"
\o Setting var temperature = "85"
\o Setting temp(T) = 85
\o 
\o *Info*    Netlist Directory =
\o           /home/saul/projects/FIL3601/Sim/EX1/current_amplifier_final_tb/adexl/results/data/Interactive.25/7/TRAN_STAB/netlist
\o 
\o 
\o *Info*    Data Directory    =
\o           /home/saul/projects/FIL3601/Sim/EX1/current_amplifier_final_tb/adexl/results/data/Interactive.25/7/TRAN_STAB
\o 
\o 
\o *Info*    Creating Netlist for Point ID (25 7)
\o 
\o generate netlist...
\o Loading hnlInit.cxt 
\o Loading seCore.cxt 
\o function ansCdlCompPrim redefined
\o function ansCdlCompPrim redefined
\# [15:48:08.070824] Periodic Lic check successful
\# [15:48:08.070826] Feature usage summary:
\o Begin Incremental Netlisting Apr 22 15:48:08 2025
\o End netlisting Apr 22 15:48:08 2025
\o 
\o 	The netlist is up to date.
\o 	Time taken to compare the design with netlist:   0.0s
\o       ...successful.
\o compose simulator input file...
\o       ...successful.
\o 
\o *Info*    Running simulation on testbench [ TRAN_STAB ] for Point ID
\o           (25 7).
\o 
\o Delete psf data in /home/saul/projects/FIL3601/Sim/EX1/current_amplifier_final_tb/adexl/results/data/Interactive.25/7/TRAN_STAB/psf.
\o compose simulator input file...
\o       ...successful.
\o start simulator if needed...
\o       ...successful.
\o simulate...
\o To view the simulator output, right-click on the test name, result 
\o name, or any value in the "Results" tab of the Outputs section and 
\o choose "Output Log" menu option.
\o Loading paraplot.cxt 
\# Memory report: using         692 MB, process size 2,475 MB at UTC 2025.04.22 13:48:09.337
\o INFO (ADE-3071): Simulation completed successfully.
\o reading simulation data...
\o       ...successful.
\o *Info*    Client has finished evaluating ... 
\o 
\o 
\o *Info*    Run complete for Point ID (25 7) on testbench [ TRAN_STAB ].
\o 
\o 
\o 
\o 
\o 
\o 
\o 
\o 
\o 
\o 
\o *Info*    Run start for Point ID (25 18) on testbench [ TRAN_STAB ].
\o 
\o Resetting statistical vars
\o 
\o *Info*    Setting parameter values ...
\o 
\o Setting var temperature = "-20"
\o Setting temp(T) = -20
\o 
\o *Info*    Netlist Directory =
\o           /home/saul/projects/FIL3601/Sim/EX1/current_amplifier_final_tb/adexl/results/data/Interactive.25/18/TRAN_STAB/netlist
\o 
\o 
\o *Info*    Data Directory    =
\o           /home/saul/projects/FIL3601/Sim/EX1/current_amplifier_final_tb/adexl/results/data/Interactive.25/18/TRAN_STAB
\o 
\o 
\o *Info*    Creating Netlist for Point ID (25 18)
\o 
\o generate netlist...
\o function ansCdlCompPrim redefined
\o function ansCdlCompPrim redefined
\o Begin Incremental Netlisting Apr 22 15:48:10 2025
\o End netlisting Apr 22 15:48:10 2025
\o 
\o 	The netlist is up to date.
\o 	Time taken to compare the design with netlist:   0.0s
\o       ...successful.
\o compose simulator input file...
\o       ...successful.
\o 
\o *Info*    Running simulation on testbench [ TRAN_STAB ] for Point ID
\o           (25 18).
\o 
\o Delete psf data in /home/saul/projects/FIL3601/Sim/EX1/current_amplifier_final_tb/adexl/results/data/Interactive.25/18/TRAN_STAB/psf.
\o compose simulator input file...
\o       ...successful.
\o start simulator if needed...
\o       ...successful.
\o simulate...
\o To view the simulator output, right-click on the test name, result 
\o name, or any value in the "Results" tab of the Outputs section and 
\o choose "Output Log" menu option.
\# Available memory:         73,926 MB at UTC 2025.04.22 13:48:12.161
\# Memory report: Maximum memory size now 74,628 MB at UTC 2025.04.22 13:48:12.161
\# Thread usage report: 38 active threads, active load 1.40 at UTC 2025.04.22 13:48:12.162
\o INFO (ADE-3071): Simulation completed successfully.
\o reading simulation data...
\o       ...successful.
\o *Info*    Client has finished evaluating ... 
\o 
\o 
\o *Info*    Run complete for Point ID (25 18) on testbench [ TRAN_STAB
\o           ].
\o 
\o 
\o 
\o 
\o 
\o 
\o 
\o 
\o 
\o 
\o *Info*    Run start for Point ID (25 22) on testbench [ TRAN_STAB ].
\o 
\o Resetting statistical vars
\o 
\o *Info*    Setting parameter values ...
\o 
\o 
\o *Info*    Netlist Directory =
\o           /home/saul/projects/FIL3601/Sim/EX1/current_amplifier_final_tb/adexl/results/data/Interactive.25/22/TRAN_STAB/netlist
\o 
\o 
\o *Info*    Data Directory    =
\o           /home/saul/projects/FIL3601/Sim/EX1/current_amplifier_final_tb/adexl/results/data/Interactive.25/22/TRAN_STAB
\o 
\o 
\o *Info*    Creating Netlist for Point ID (25 22)
\o 
\o generate netlist...
\o function ansCdlCompPrim redefined
\o function ansCdlCompPrim redefined
\o Begin Incremental Netlisting Apr 22 15:48:12 2025
\o End netlisting Apr 22 15:48:12 2025
\o 
\o 	The netlist is up to date.
\o 	Time taken to compare the design with netlist:   0.0s
\o       ...successful.
\o compose simulator input file...
\o       ...successful.
\o 
\o *Info*    Running simulation on testbench [ TRAN_STAB ] for Point ID
\o           (25 22).
\o 
\o Delete psf data in /home/saul/projects/FIL3601/Sim/EX1/current_amplifier_final_tb/adexl/results/data/Interactive.25/22/TRAN_STAB/psf.
\o compose simulator input file...
\o       ...successful.
\o start simulator if needed...
\o       ...successful.
\o simulate...
\o To view the simulator output, right-click on the test name, result 
\o name, or any value in the "Results" tab of the Outputs section and 
\o choose "Output Log" menu option.
\o INFO (ADE-3071): Simulation completed successfully.
\o reading simulation data...
\o       ...successful.
\o *Info*    Client has finished evaluating ... 
\o 
\o 
\o *Info*    Run complete for Point ID (25 22) on testbench [ TRAN_STAB
\o           ].
\o 
\o 
\o 
\o 
\o 
\o 
\o 
\o 
\o 
\o 
\o *Info*    Run start for Point ID (25 37) on testbench [ TRAN_STAB ].
\o 
\o Resetting statistical vars
\o 
\o *Info*    Setting parameter values ...
\o 
\o Setting var VDD = "1.98"
\o Setting var temperature = "85"
\o Setting temp(T) = 85
\o 
\o *Info*    Netlist Directory =
\o           /home/saul/projects/FIL3601/Sim/EX1/current_amplifier_final_tb/adexl/results/data/Interactive.25/37/TRAN_STAB/netlist
\o 
\o 
\o *Info*    Data Directory    =
\o           /home/saul/projects/FIL3601/Sim/EX1/current_amplifier_final_tb/adexl/results/data/Interactive.25/37/TRAN_STAB
\o 
\o 
\o *Info*    Creating Netlist for Point ID (25 37)
\o 
\o generate netlist...
\o function ansCdlCompPrim redefined
\o function ansCdlCompPrim redefined
\o Begin Incremental Netlisting Apr 22 15:48:14 2025
\o End netlisting Apr 22 15:48:14 2025
\o 
\o 	The netlist is up to date.
\o 	Time taken to compare the design with netlist:   0.0s
\o       ...successful.
\o compose simulator input file...
\o       ...successful.
\o 
\o *Info*    Running simulation on testbench [ TRAN_STAB ] for Point ID
\o           (25 37).
\o 
\o Delete psf data in /home/saul/projects/FIL3601/Sim/EX1/current_amplifier_final_tb/adexl/results/data/Interactive.25/37/TRAN_STAB/psf.
\o compose simulator input file...
\o       ...successful.
\o start simulator if needed...
\o       ...successful.
\o simulate...
\o To view the simulator output, right-click on the test name, result 
\o name, or any value in the "Results" tab of the Outputs section and 
\o choose "Output Log" menu option.
\o INFO (ADE-3071): Simulation completed successfully.
\o reading simulation data...
\o       ...successful.
\o *Info*    Client has finished evaluating ... 
\o 
\o 
\o *Info*    Run complete for Point ID (25 37) on testbench [ TRAN_STAB
\o           ].
\o 
\o 
\o 
\o 
\o 
\o 
\o 
\o 
\o 
\o 
\o *Info*    Run start for Point ID (25 45) on testbench [ TRAN_STAB ].
\o 
\o Resetting statistical vars
\o 
\o *Info*    Setting parameter values ...
\o 
\o 
\o *Info*    Netlist Directory =
\o           /home/saul/projects/FIL3601/Sim/EX1/current_amplifier_final_tb/adexl/results/data/Interactive.25/45/TRAN_STAB/netlist
\o 
\o 
\o *Info*    Data Directory    =
\o           /home/saul/projects/FIL3601/Sim/EX1/current_amplifier_final_tb/adexl/results/data/Interactive.25/45/TRAN_STAB
\o 
\o 
\o *Info*    Creating Netlist for Point ID (25 45)
\o 
\o generate netlist...
\o function ansCdlCompPrim redefined
\o function ansCdlCompPrim redefined
\o Begin Incremental Netlisting Apr 22 15:48:16 2025
\o End netlisting Apr 22 15:48:16 2025
\o 
\o 	The netlist is up to date.
\o 	Time taken to compare the design with netlist:   0.0s
\o       ...successful.
\o compose simulator input file...
\o       ...successful.
\o 
\o *Info*    Running simulation on testbench [ TRAN_STAB ] for Point ID
\o           (25 45).
\o 
\o Delete psf data in /home/saul/projects/FIL3601/Sim/EX1/current_amplifier_final_tb/adexl/results/data/Interactive.25/45/TRAN_STAB/psf.
\o compose simulator input file...
\o       ...successful.
\o start simulator if needed...
\o       ...successful.
\o simulate...
\o To view the simulator output, right-click on the test name, result 
\o name, or any value in the "Results" tab of the Outputs section and 
\o choose "Output Log" menu option.
\o INFO (ADE-3071): Simulation completed successfully.
\o reading simulation data...
\o       ...successful.
\o *Info*    Client has finished evaluating ... 
\o 
\o 
\o *Info*    Run complete for Point ID (25 45) on testbench [ TRAN_STAB
\o           ].
\o 
\o 
\o 
\o 
\o 
\o 
\o 
\o 
\o 
\o 
\o *Info*    Run start for Point ID (25 55) on testbench [ TRAN_STAB ].
\o 
\o Resetting statistical vars
\o 
\o *Info*    Setting parameter values ...
\o 
\o Setting var VDD = "1.62"
\o 
\o *Info*    Netlist Directory =
\o           /home/saul/projects/FIL3601/Sim/EX1/current_amplifier_final_tb/adexl/results/data/Interactive.25/55/TRAN_STAB/netlist
\o 
\o 
\o *Info*    Data Directory    =
\o           /home/saul/projects/FIL3601/Sim/EX1/current_amplifier_final_tb/adexl/results/data/Interactive.25/55/TRAN_STAB
\o 
\o 
\o *Info*    Creating Netlist for Point ID (25 55)
\o 
\o generate netlist...
\o function ansCdlCompPrim redefined
\o function ansCdlCompPrim redefined
\o Begin Incremental Netlisting Apr 22 15:48:18 2025
\o End netlisting Apr 22 15:48:18 2025
\o 
\o 	The netlist is up to date.
\o 	Time taken to compare the design with netlist:   0.0s
\o       ...successful.
\o compose simulator input file...
\o       ...successful.
\o 
\o *Info*    Running simulation on testbench [ TRAN_STAB ] for Point ID
\o           (25 55).
\o 
\o Delete psf data in /home/saul/projects/FIL3601/Sim/EX1/current_amplifier_final_tb/adexl/results/data/Interactive.25/55/TRAN_STAB/psf.
\o compose simulator input file...
\o       ...successful.
\o start simulator if needed...
\o       ...successful.
\o simulate...
\o To view the simulator output, right-click on the test name, result 
\o name, or any value in the "Results" tab of the Outputs section and 
\o choose "Output Log" menu option.
\o INFO (ADE-3071): Simulation completed successfully.
\o reading simulation data...
\o       ...successful.
\o *Info*    Client has finished evaluating ... 
\o 
\o 
\o *Info*    Run complete for Point ID (25 55) on testbench [ TRAN_STAB
\o           ].
\o 
\o 
\o 
\o 
\o 
\o 
\o 
\o 
\o 
\o 
\o *Info*    Run start for Point ID (25 64) on testbench [ TRAN_STAB ].
\o 
\o Resetting statistical vars
\o 
\o *Info*    Setting parameter values ...
\o 
\o Setting var VDD = "1.98"
\o Setting var temperature = "-20"
\o Setting temp(T) = -20
\o 
\o *Info*    Netlist Directory =
\o           /home/saul/projects/FIL3601/Sim/EX1/current_amplifier_final_tb/adexl/results/data/Interactive.25/64/TRAN_STAB/netlist
\o 
\o 
\o *Info*    Data Directory    =
\o           /home/saul/projects/FIL3601/Sim/EX1/current_amplifier_final_tb/adexl/results/data/Interactive.25/64/TRAN_STAB
\o 
\o 
\o *Info*    Creating Netlist for Point ID (25 64)
\o 
\o generate netlist...
\o function ansCdlCompPrim redefined
\o function ansCdlCompPrim redefined
\o Begin Incremental Netlisting Apr 22 15:48:20 2025
\o End netlisting Apr 22 15:48:20 2025
\o 
\o 	The netlist is up to date.
\o 	Time taken to compare the design with netlist:   0.0s
\o       ...successful.
\o compose simulator input file...
\o       ...successful.
\o 
\o *Info*    Running simulation on testbench [ TRAN_STAB ] for Point ID
\o           (25 64).
\o 
\o Delete psf data in /home/saul/projects/FIL3601/Sim/EX1/current_amplifier_final_tb/adexl/results/data/Interactive.25/64/TRAN_STAB/psf.
\o compose simulator input file...
\o       ...successful.
\o start simulator if needed...
\o       ...successful.
\o simulate...
\o To view the simulator output, right-click on the test name, result 
\o name, or any value in the "Results" tab of the Outputs section and 
\o choose "Output Log" menu option.
\o INFO (ADE-3071): Simulation completed successfully.
\o reading simulation data...
\o       ...successful.
\o *Info*    Client has finished evaluating ... 
\o 
\o 
\o *Info*    Run complete for Point ID (25 64) on testbench [ TRAN_STAB
\o           ].
\o 
\o 
\o 
\o 
\o 
\o Simulation design variables differ from those on the cellView,
\o they have been saved in the file "/tmp/saved-design-variables".
\o To save future changes, copy variables to cellView before exiting.
\# Lic Summary:
\# [15:53:24.341746] Cdslmd servers:3000@lic08.ug.kth.se
\# [15:53:24.341778] Feature usage summary:
\# Memory report: on exit            719 MB, process size 2,503 MB at UTC 2025.04.22 13:53:24.341
\# Memory report: peak usage         719 MB, process size 2,503 MB
