*Info*    Exporting services from client ... 

*Info*    Client has finished starting ... 



*Info*    Configuring the session ...

	Library      = DAY4
	Cell         = Series
	View         = schematic
	Simulator    = spectre
	State Path   = $AXL_SETUPDB_DIR/test_states
	State Name   = Af_none_Interactive.3
	Results DB   = /home/saul/projects/FIL3601/DAY4/Series/adexl/results/data/Interactive.3.rdb
	Results Dir  = /home/saul/projects/FIL3601/Sim/DAY4/Series/adexl/results/data/Interactive.3/1/Af
	Results Loc  = /home/saul/projects/FIL3601/Sim/DAY4/Series/adexl/results/data
	Project Dir  = /home/saul/projects/FIL3601/Sim
	Setup DB loc = /home/saul/projects/FIL3601/DAY4/Series/adexl
	File Encoding = 0



*Info*    The auto suspension is disabled.






*Info*    Run start for Point ID (3 1) on testbench [ Af ].

Resetting statistical vars

*Info*    Setting parameter values ...

Setting var VIN = "1"
Setting var cdb1 = "160f"
Setting var cds1 = "46.01f"
Setting var cgb1 = "160.37f"
Setting var cgd1 = "26.40f"
Setting var cgs1 = "112.78f"
Setting var gm1 = "0.227m"
Setting var rds1 = "23893065.17"
Setting var temperature = "27"
Setting temp(T) = 27

*Info*    Netlist Directory =
          /home/saul/projects/FIL3601/Sim/DAY4/Series/adexl/results/data/Interactive.3/1/Af/netlist


*Info*    Data Directory    =
          /home/saul/projects/FIL3601/Sim/DAY4/Series/adexl/results/data/Interactive.3/1/Af


*Info*    Creating Netlist for Point ID (3 1)

generate netlist...
function ansCdlCompPrim redefined
function ansCdlCompPrim redefined
Begin Incremental Netlisting Feb 20 07:09:51 2025
End netlisting Feb 20 07:09:51 2025

	The netlist is up to date.
	Time taken to compare the design with netlist:   0.0s
      ...successful.
compose simulator input file...
      ...successful.

*Info*    Running simulation on testbench [ Af ] for Point ID (3 1).

Delete psf data in /home/saul/projects/FIL3601/Sim/DAY4/Series/adexl/results/data/Interactive.3/1/Af/psf.
compose simulator input file...
      ...successful.
start simulator if needed...
      ...successful.
simulate...
To view the simulator output, right-click on the test name, result 
name, or any value in the "Results" tab of the Outputs section and 
choose "Output Log" menu option.
INFO (ADE-3071): Simulation completed successfully.
reading simulation data...
      ...successful.
*Info*    Client has finished evaluating ... 


*Info*    Run complete for Point ID (3 1) on testbench [ Af ].





Simulation design variables differ from those on the cellView,
they have been saved in the file "/tmp/saved-design-variables2".
To save future changes, copy variables to cellView before exiting.
