\# Program start time:     UTC 2025.11.12 11:09:53.079
\# Local time: UTC (UTC+00:00) 2025.11.12 11:09:53.079
\o Program:		@(#)$CDS: virtuoso version 6.1.8-64b 09/03/2024 19:11 (sjfhw316) $
\o Hierarchy:		/opt/tools/cadence/installs/IC618/tools.lnx86/dfII/
\o Sub version:		sub-version  IC6.1.8-64b.500.36  (64-bit addresses)
\# Command line:	/opt/tools/cadence/installs/IC618/tools.lnx86/dfII/bin/64bit/virtuoso -noautostart -mpssession virtuosoE-j_qwT7ZgHRQ5oxU9NotI_1036 -mpshost 53901@edatools -davinciService DaVinciService_1236_1762869915 -log /home/saul/projects/FIL3601/logs_saul/logs0/Job85.log -licenseLockFileName /home/saul/projects/FIL3601/.tmp_saul/.edatools_1236 -interactiveA -interactiveE -interactiveRTT -nostdin -nographE -axlChildIdFlag 85
\# Host name (type):	edatools (x86_64)
\# Operating system:	Linux 6.10.14-linuxkit #1 SMP PREEMPT_DYNAMIC Tue Oct 14 07:34:37 UTC 2025
\# Linux /etc/issue:	\S
\# Linux /etc/issue:	Kernel \r on an \m
\# X display name (WxH):	:8776 (1024x868)
\# Available geometry:			TL(0:0) BR(1023:867)
\# X server:			The X.Org Foundation
\# Depth of Visual (Root):	24 (24)
\# Number of Planes Used:	24
\# X version:		11.0 (vendor release 12011000)
\# X resource pool:	base 0x400000, mask 0x1fffff (2097151), shift 0
\# 			current id 0x0, current max 0x1ffffa (2097146)
\# Max data seg size:	     unlimited
\# Max process size:	     unlimited
\# Initial sbrk value:	      1,438 MB
\# Available memory:	     22,683 MB
\# System memory:	     28,093 MB
\# Maximum memory size:	     26,775 MB
\# Max mem available:	     22,803 MB
\# Initial memory used:	        120 MB
\#        process size:	      1,677 MB
\# Thread usage limits (effective/default):	maxthreads 4294967295/4294967295 maxload 16.00/16.00
\# Qt version:		5.9.1
\# Window Manager:	other
\# User Name:		saul
\o Working Directory:	edatools:/home/saul/projects/FIL3601
\# Process Id:		64090
\# Container Id:	E-j_qwT7ZgHRQ5oxU9NotI
\o 
\o COPYRIGHT (C) 1992-2024  CADENCE DESIGN SYSTEMS INC.  ALL RIGHTS RESERVED.
\o           (C) 1992-2024  UNIX SYSTEMS Laboratories INC.,
\o                          Reproduced with permission.
\o 
\o This Cadence Design Systems program and online documentation are
\o proprietary/confidential information and may be disclosed/used only
\o as authorized in a license agreement controlling such use and disclosure.
\o 
\o           RESTRICTED RIGHTS NOTICE (SHORT FORM)
\o Use/reproduction/disclosure is subject to restriction
\o set forth at FAR 1252.227-19 or its equivalent.
\o Loading geView.cxt 
\o Loading menuBuilder.cxt 
\o Loading schView.cxt 
\o Loading selectSv.cxt 
\o Loading pvsui.cxt
\o Loading wireEdit.cxt 
\o Loading pte2.cxt 
\o Loading xlUI.cxt 
\o Loading auCore.cxt 
\o Loading vhdl.cxt 
\o Loading seismic.cxt 
\o Loading ci.cxt 
\o Loading ams.cxt 
\o Loading oasis.cxt 
\o Loading analog.cxt 
\o Loading asimenv.cxt 
\o Loading dal.cxt 
\o Loading awv.cxt 
\o Loading socket.cxt 
\o Loading par.cxt 
\o Loading alvs.cxt 
\o Loading caa.cxt 
\o Loading amps.cxt 
\o Loading adexlCore.cxt 
\# Memory report: using         233 MB, process size 1,878 MB at UTC 2025.11.12 11:10:04.045
\o Loading adexl.cxt 
\o *Info*    Exporting services from client ... 
\o 
\o Loading adexlDM.cxt 
\o Loading cpf.cxt 
\o Loading cli.cxt 
\o Loading lp.cxt 
\o INFO (ELI-00302) Connecting to parent process (session=virtuosoE-j_qwT7ZgHRQ5oxU9NotI_1036, host=53901@edatools). Connection mode is ICRP. Total timeout is 180 seconds. Connection timeout is 90 seconds.
\o INFO (ELI-00303) Step 1: Connecting to parent. Time spent is 0 seconds.
\o INFO (ELI-00304) The registration of the child 64090 within 90 seconds is being processed...
\o INFO (ELI-00305) The result of registration is true. Time spent is 1 seconds.
\o INFO (ELI-00308) The connection has ended. Result is true. Total time spent is 2 seconds.
\# [11:09:55.512425] Configured Lic search path (22.01-s002): 3000@lic08.ug.kth.se
\o Loading .cdsinit for the XH018 X-Fab XKit.
\o     LOAD xh018_1143 SPECIFIC CALL-BACK ROUTINES
\o     LOAD ALL AVAILABLE P-CELL FUNCTIONS
\o ** Info: PDK loadpath is "/opt/pdk/xfab/XKIT/xh018/cadence/v10_0/PDK/IC61/v10_0_3"
\o Loading XfSktTools.cxt
\o Loading XfMenu.cxt
\o Loading XfTechXh018.cxt
\o Loading XfPcellCore.cxt
\o function ansiSpicePrintProperties_subcircuit redefined
\o Loading XfSkillExt.cxt
\o Initializing library.
\o Finished Initializing Library .
\o     Generic PcellKit: 'production' loaded.
\o     Generic Pcell Skill Tools: 'production' loaded.
\o Loading Circuit Prospector Setup (XfCircuitProspSetup.il)
\o     LOAD THE ENVIRONMENT FILE
\o  --> Setting the required PDK definitions...
\o     GDSII LAYER MAPPING FILE = "./.xkit/setup/xh018/cadence/PDK/TECH_XH018_1143/strmInOut.layertable"
\o     GDSII OBJECT MAPPING FILE = "./.xkit/setup/xh018/cadence/PDK/TECH_XH018_1143/strmOutObjects.map"
\o Use model setup from PDK...
\o Loading spectrei.cxt 
\# Memory report: using         343 MB, process size 2,030 MB at UTC 2025.11.12 11:10:06.129
\o Loading devCheck.cxt 
\o Loading relXpert.cxt 
\o Loading vdsil.cxt 
\o Loading hspiceD.cxt 
\o Loading spectreinl.cxt 
\o Loading UltraSim.cxt 
\o Loading msgHandler.cxt 
\o Loading AMSOSS.cxt 
\o Loading AMS.cxt 
\o  --> Finished setting the required PDK definitions
\o  --> Setting the recommended EDA tool defaults...
\o  --> Finished setting the recommended EDA tool defaults
\o     LOAD DEFAULT BINDKEYS
\o Loading viva.cxt 
\o *Info*    Client has finished starting ... 
\o 
\p > 
\w *WARNING* could not load font "-*-courier-medium-r-*-*-12-*", using font "fixed"
\# Loading perfDiag...
\# (PerfDiag): Set GDB path to environment variable 'gdbPath' (gdb).
\# Available memory:         21,231 MB at UTC 2025.11.12 11:10:07.355
\# Memory report: Maximum memory size now 21,608 MB at UTC 2025.11.12 11:10:07.355
\# Thread usage report: 21 active threads, active load 1.40 at UTC 2025.11.12 11:10:07.355
\# Performance Diagnostic tool is installed. You can access PerfDiag from CIW Tools or use the shell command 'cdsPerfDiag -p 64090' to open it when Virtuoso freezes.
\# (PerfDiag): Use backtrace from GLIBC.
\w *WARNING* _perfPstackCheck: Cannot find pstack/gstack. Please setup PATH environment variable to pstack/gstack executable.
\o Loading vqp.cxt 
\o Loading hdlPkg.cxt 
\o Loading simui.cxt 
\o 
\o 
\o *Info*    Configuring the session ...
\o 
\o 	Library      = LAB1
\o 	Cell         = GM_ID
\o 	View         = schematic
\o 	Netlist  	  = nil
\o 	Simulator    = spectre
\o 	State Path   = $AXL_SETUPDB_DIR/test_states
\o 	State Name   = DAY2:GM_ID:1_DAY2:GM_ID:1_Nov_12_11_09_45_2025_Ocean.47
\o 	Results DB   = /home/saul/projects/FIL3601/LAB1/GM_ID/adexl/results/data/Ocean.47.rdb
\o 	Setup DB loc = /home/saul/projects/FIL3601/LAB1/GM_ID/adexl
\o 
\o 
\o 
\o *Info*    The auto suspension is disabled.
\o 
\o     LOAD GENERIC "X-KIT" SKILL CONTEXT "./.xkit/setup/x_all/cadence/xenv/skill/context6/xkit.cxt" 
\o  - Menu "XKit Utilities" installed to CIW.
\o     LOAD ".cdsinit_personal" FILE FROM THE WORKING DIRECTORY.
\o     INFO: To customize this setup, please use the following environment variables:
\o           CUSTOM_SCRIPT_PATH - should point to the master shell or perl script
\o                              e.g.:
\o                              setenv CUSTOM_SCRIPT_PATH /path/to/my/script/LoadMyScripts.csh
\o           CUSTOM_SKILL_PATH - should point to your master skill load file
\o                              e.g.:
\o                              setenv CUSTOM_SKILL_PATH /path/to/my/skill/LoadMySkills.il
\o  loading default key binding 
\o  -> END LOAD ".cdsinit" FILE
\o Loading monte.cxt 
\o 
\o 
\o 
\o 
\o 
\o *Info*    Run start for Point ID (0 2) on testbench [ DAY2:GM_ID:1 ].
\o 
\o Resetting statistical vars
\o 
\o *Info*    Setting parameter values ...
\o 
\o Setting var IDS = "1.258925412n"
\o Setting var L = "1e-6"
\o Setting var NF = "10"
\o Setting var VDS = "0.9"
\o Setting var WF = "8e-6"
\o Setting var temperature = "27"
\o Setting temp(T) = 27
\o 
\o *Info*    Netlist Directory =
\o           /home/saul/projects/FIL3601/Sim/LAB1/GM_ID/adexl/results/data/Ocean.47/2/DAY2:GM_ID:1/netlist
\o 
\o 
\o *Info*    Data Directory    =
\o           /home/saul/projects/FIL3601/Sim/LAB1/GM_ID/adexl/results/data/Ocean.47/2/DAY2:GM_ID:1
\o 
\o 
\o *Info*    Creating Netlist for Point ID (0 2)
\o 
\o generate netlist...
\o Loading hnlInit.cxt 
\o Loading seCore.cxt 
\o function ansCdlCompPrim redefined
\o function ansCdlCompPrim redefined
\# [11:10:08.241504] Periodic Lic check successful
\# [11:10:08.241505] Feature usage summary:
\o Begin Incremental Netlisting Nov 12 11:10:08 2025
\o End netlisting Nov 12 11:10:08 2025
\o 
\o 	The netlist is up to date.
\o 	Time taken to compare the design with netlist:   0.0s
\o       ...successful.
\o compose simulator input file...
\o       ...successful.
\o 
\o *Info*    Running simulation on testbench [ DAY2:GM_ID:1 ] for Point
\o           ID (0 2).
\o 
\o Delete psf data in /home/saul/projects/FIL3601/Sim/LAB1/GM_ID/adexl/results/data/Ocean.47/2/DAY2:GM_ID:1/psf.
\o simulate...
\o INFO (ADE-3071): Simulation completed successfully.
\o reading simulation data...
\o       ...successful.
\o *Info*    Client has finished evaluating ... 
\o 
\o 
\o *Info*    Run complete for Point ID (0 2) on testbench [ DAY2:GM_ID:1
\o           ].
\o 
\o 
\o 
\o 
\o 
\o 
\o 
\o 
\o 
\o 
\o *Info*    Run start for Point ID (0 10) on testbench [ DAY2:GM_ID:1 ].
\o 
\o Resetting statistical vars
\o 
\o *Info*    Setting parameter values ...
\o 
\o Setting var IDS = "7.943282347n"
\# Memory report: using         444 MB, process size 2,248 MB at UTC 2025.11.12 11:10:13.026
\o 
\o *Info*    Netlist Directory =
\o           /home/saul/projects/FIL3601/Sim/LAB1/GM_ID/adexl/results/data/Ocean.47/10/DAY2:GM_ID:1/netlist
\o 
\o 
\o *Info*    Data Directory    =
\o           /home/saul/projects/FIL3601/Sim/LAB1/GM_ID/adexl/results/data/Ocean.47/10/DAY2:GM_ID:1
\o 
\o 
\o *Info*    Creating Netlist for Point ID (0 10)
\o 
\o generate netlist...
\o function ansCdlCompPrim redefined
\o function ansCdlCompPrim redefined
\o Begin Incremental Netlisting Nov 12 11:10:13 2025
\o End netlisting Nov 12 11:10:13 2025
\o 
\o 	The netlist is up to date.
\o 	Time taken to compare the design with netlist:   0.0s
\o       ...successful.
\o compose simulator input file...
\o       ...successful.
\o 
\o *Info*    Running simulation on testbench [ DAY2:GM_ID:1 ] for Point
\o           ID (0 10).
\o 
\o Delete psf data in /home/saul/projects/FIL3601/Sim/LAB1/GM_ID/adexl/results/data/Ocean.47/10/DAY2:GM_ID:1/psf.
\o simulate...
\o INFO (ADE-3071): Simulation completed successfully.
\o reading simulation data...
\o       ...successful.
\o *Info*    Client has finished evaluating ... 
\o 
\o 
\o *Info*    Run complete for Point ID (0 10) on testbench [
\o           DAY2:GM_ID:1 ].
\o 
\o 
\o 
\o 
\o 
\o 
\o 
\o 
\o 
\o 
\o *Info*    Run start for Point ID (0 17) on testbench [ DAY2:GM_ID:1 ].
\o 
\o Resetting statistical vars
\o 
\o *Info*    Setting parameter values ...
\o 
\o Setting var IDS = "39.81071706n"
\# Memory report: Maximum memory size now 20,534 MB at UTC 2025.11.12 11:10:17.239
\# Thread usage report: 22 active threads, active load 1.40 at UTC 2025.11.12 11:10:17.239
\o 
\o *Info*    Netlist Directory =
\o           /home/saul/projects/FIL3601/Sim/LAB1/GM_ID/adexl/results/data/Ocean.47/17/DAY2:GM_ID:1/netlist
\o 
\o 
\o *Info*    Data Directory    =
\o           /home/saul/projects/FIL3601/Sim/LAB1/GM_ID/adexl/results/data/Ocean.47/17/DAY2:GM_ID:1
\o 
\o 
\o *Info*    Creating Netlist for Point ID (0 17)
\o 
\o generate netlist...
\o function ansCdlCompPrim redefined
\o function ansCdlCompPrim redefined
\o Begin Incremental Netlisting Nov 12 11:10:17 2025
\o End netlisting Nov 12 11:10:17 2025
\o 
\o 	The netlist is up to date.
\o 	Time taken to compare the design with netlist:   0.0s
\o       ...successful.
\o compose simulator input file...
\o       ...successful.
\o 
\o *Info*    Running simulation on testbench [ DAY2:GM_ID:1 ] for Point
\o           ID (0 17).
\o 
\o Delete psf data in /home/saul/projects/FIL3601/Sim/LAB1/GM_ID/adexl/results/data/Ocean.47/17/DAY2:GM_ID:1/psf.
\o simulate...
\o INFO (ADE-3071): Simulation completed successfully.
\o reading simulation data...
\o       ...successful.
\o *Info*    Client has finished evaluating ... 
\o 
\o 
\o *Info*    Run complete for Point ID (0 17) on testbench [
\o           DAY2:GM_ID:1 ].
\o 
\o 
\o 
\o 
\o 
\o 
\o 
\o 
\o 
\o 
\o *Info*    Run start for Point ID (0 26) on testbench [ DAY2:GM_ID:1 ].
\o 
\o Resetting statistical vars
\o 
\o *Info*    Setting parameter values ...
\o 
\o Setting var IDS = "316.227766n"
\o 
\o *Info*    Netlist Directory =
\o           /home/saul/projects/FIL3601/Sim/LAB1/GM_ID/adexl/results/data/Ocean.47/26/DAY2:GM_ID:1/netlist
\o 
\o 
\o *Info*    Data Directory    =
\o           /home/saul/projects/FIL3601/Sim/LAB1/GM_ID/adexl/results/data/Ocean.47/26/DAY2:GM_ID:1
\o 
\o 
\o *Info*    Creating Netlist for Point ID (0 26)
\o 
\o generate netlist...
\o function ansCdlCompPrim redefined
\o function ansCdlCompPrim redefined
\o Begin Incremental Netlisting Nov 12 11:10:21 2025
\o End netlisting Nov 12 11:10:21 2025
\o 
\o 	The netlist is up to date.
\o 	Time taken to compare the design with netlist:   0.0s
\o       ...successful.
\o compose simulator input file...
\o       ...successful.
\o 
\o *Info*    Running simulation on testbench [ DAY2:GM_ID:1 ] for Point
\o           ID (0 26).
\o 
\o Delete psf data in /home/saul/projects/FIL3601/Sim/LAB1/GM_ID/adexl/results/data/Ocean.47/26/DAY2:GM_ID:1/psf.
\o simulate...
\o INFO (ADE-3071): Simulation completed successfully.
\o reading simulation data...
\o       ...successful.
\o *Info*    Client has finished evaluating ... 
\o 
\o 
\o *Info*    Run complete for Point ID (0 26) on testbench [
\o           DAY2:GM_ID:1 ].
\o 
\o 
\o 
\o 
\o 
\o 
\o 
\o 
\o 
\o 
\o *Info*    Run start for Point ID (0 34) on testbench [ DAY2:GM_ID:1 ].
\o 
\o Resetting statistical vars
\o 
\o *Info*    Setting parameter values ...
\o 
\o Setting var IDS = "1.995262315u"
\o 
\o *Info*    Netlist Directory =
\o           /home/saul/projects/FIL3601/Sim/LAB1/GM_ID/adexl/results/data/Ocean.47/34/DAY2:GM_ID:1/netlist
\o 
\o 
\o *Info*    Data Directory    =
\o           /home/saul/projects/FIL3601/Sim/LAB1/GM_ID/adexl/results/data/Ocean.47/34/DAY2:GM_ID:1
\o 
\o 
\o *Info*    Creating Netlist for Point ID (0 34)
\o 
\o generate netlist...
\o function ansCdlCompPrim redefined
\o function ansCdlCompPrim redefined
\o Begin Incremental Netlisting Nov 12 11:10:26 2025
\o End netlisting Nov 12 11:10:26 2025
\o 
\o 	The netlist is up to date.
\o 	Time taken to compare the design with netlist:   0.0s
\o       ...successful.
\o compose simulator input file...
\o       ...successful.
\o 
\o *Info*    Running simulation on testbench [ DAY2:GM_ID:1 ] for Point
\o           ID (0 34).
\o 
\o Delete psf data in /home/saul/projects/FIL3601/Sim/LAB1/GM_ID/adexl/results/data/Ocean.47/34/DAY2:GM_ID:1/psf.
\o simulate...
\# Memory report: Maximum memory size now 20,071 MB at UTC 2025.11.12 11:10:27.665
\o INFO (ADE-3071): Simulation completed successfully.
\o reading simulation data...
\o       ...successful.
\o *Info*    Client has finished evaluating ... 
\o 
\o 
\o *Info*    Run complete for Point ID (0 34) on testbench [
\o           DAY2:GM_ID:1 ].
\o 
\o 
\o 
\o 
\o 
\o 
\o 
\o 
\o 
\o 
\o *Info*    Run start for Point ID (0 41) on testbench [ DAY2:GM_ID:1 ].
\o 
\o Resetting statistical vars
\o 
\o *Info*    Setting parameter values ...
\o 
\o Setting var IDS = "10u"
\o 
\o *Info*    Netlist Directory =
\o           /home/saul/projects/FIL3601/Sim/LAB1/GM_ID/adexl/results/data/Ocean.47/41/DAY2:GM_ID:1/netlist
\o 
\o 
\o *Info*    Data Directory    =
\o           /home/saul/projects/FIL3601/Sim/LAB1/GM_ID/adexl/results/data/Ocean.47/41/DAY2:GM_ID:1
\o 
\o 
\o *Info*    Creating Netlist for Point ID (0 41)
\o 
\o generate netlist...
\o function ansCdlCompPrim redefined
\o function ansCdlCompPrim redefined
\o Begin Incremental Netlisting Nov 12 11:10:30 2025
\o End netlisting Nov 12 11:10:30 2025
\o 
\o 	The netlist is up to date.
\o 	Time taken to compare the design with netlist:   0.0s
\o       ...successful.
\o compose simulator input file...
\o       ...successful.
\o 
\o *Info*    Running simulation on testbench [ DAY2:GM_ID:1 ] for Point
\o           ID (0 41).
\o 
\o Delete psf data in /home/saul/projects/FIL3601/Sim/LAB1/GM_ID/adexl/results/data/Ocean.47/41/DAY2:GM_ID:1/psf.
\o simulate...
\o INFO (ADE-3071): Simulation completed successfully.
\o reading simulation data...
\o       ...successful.
\o *Info*    Client has finished evaluating ... 
\o 
\o 
\o *Info*    Run complete for Point ID (0 41) on testbench [
\o           DAY2:GM_ID:1 ].
\o 
\o 
\o 
\o 
\o 
\o 
\o 
\o 
\o 
\o 
\o *Info*    Run start for Point ID (0 50) on testbench [ DAY2:GM_ID:1 ].
\o 
\o Resetting statistical vars
\o 
\o *Info*    Setting parameter values ...
\o 
\o Setting var IDS = "79.43282347u"
\o 
\o *Info*    Netlist Directory =
\o           /home/saul/projects/FIL3601/Sim/LAB1/GM_ID/adexl/results/data/Ocean.47/50/DAY2:GM_ID:1/netlist
\o 
\o 
\o *Info*    Data Directory    =
\o           /home/saul/projects/FIL3601/Sim/LAB1/GM_ID/adexl/results/data/Ocean.47/50/DAY2:GM_ID:1
\o 
\o 
\o *Info*    Creating Netlist for Point ID (0 50)
\o 
\o generate netlist...
\o function ansCdlCompPrim redefined
\o function ansCdlCompPrim redefined
\o Begin Incremental Netlisting Nov 12 11:10:35 2025
\o End netlisting Nov 12 11:10:35 2025
\o 
\o 	The netlist is up to date.
\o 	Time taken to compare the design with netlist:   0.0s
\o       ...successful.
\o compose simulator input file...
\o       ...successful.
\o 
\o *Info*    Running simulation on testbench [ DAY2:GM_ID:1 ] for Point
\o           ID (0 50).
\o 
\o Delete psf data in /home/saul/projects/FIL3601/Sim/LAB1/GM_ID/adexl/results/data/Ocean.47/50/DAY2:GM_ID:1/psf.
\o simulate...
\# Memory report: Maximum memory size now 20,500 MB at UTC 2025.11.12 11:10:37.165
\o INFO (ADE-3071): Simulation completed successfully.
\o reading simulation data...
\o       ...successful.
\o *Info*    Client has finished evaluating ... 
\o 
\o 
\o *Info*    Run complete for Point ID (0 50) on testbench [
\o           DAY2:GM_ID:1 ].
\o 
\o 
\o 
\o 
\o 
\o 
\o 
\o 
\o 
\o 
\o *Info*    Run start for Point ID (0 57) on testbench [ DAY2:GM_ID:1 ].
\o 
\o Resetting statistical vars
\o 
\o *Info*    Setting parameter values ...
\o 
\o Setting var IDS = "398.1071706u"
\o 
\o *Info*    Netlist Directory =
\o           /home/saul/projects/FIL3601/Sim/LAB1/GM_ID/adexl/results/data/Ocean.47/57/DAY2:GM_ID:1/netlist
\o 
\o 
\o *Info*    Data Directory    =
\o           /home/saul/projects/FIL3601/Sim/LAB1/GM_ID/adexl/results/data/Ocean.47/57/DAY2:GM_ID:1
\o 
\o 
\o *Info*    Creating Netlist for Point ID (0 57)
\o 
\o generate netlist...
\o function ansCdlCompPrim redefined
\o function ansCdlCompPrim redefined
\o Begin Incremental Netlisting Nov 12 11:10:39 2025
\o End netlisting Nov 12 11:10:39 2025
\o 
\o 	The netlist is up to date.
\o 	Time taken to compare the design with netlist:   0.0s
\o       ...successful.
\o compose simulator input file...
\o       ...successful.
\o 
\o *Info*    Running simulation on testbench [ DAY2:GM_ID:1 ] for Point
\o           ID (0 57).
\o 
\o Delete psf data in /home/saul/projects/FIL3601/Sim/LAB1/GM_ID/adexl/results/data/Ocean.47/57/DAY2:GM_ID:1/psf.
\o simulate...
\o INFO (ADE-3071): Simulation completed successfully.
\o reading simulation data...
\o       ...successful.
\o *Info*    Client has finished evaluating ... 
\o 
\o 
\o *Info*    Run complete for Point ID (0 57) on testbench [
\o           DAY2:GM_ID:1 ].
\o 
\o 
\o 
\o 
\o 
\# Lic Summary:
\# [11:10:46.229154] Cdslmd servers:3000@lic08.ug.kth.se
\# [11:10:46.229274] Feature usage summary:
\# Memory report: on exit            450 MB, process size 2,253 MB at UTC 2025.11.12 11:10:46.229
\# Memory report: peak usage         450 MB, process size 2,253 MB
