\# Program start time:     UTC 2025.03.03 08:36:36.702
\# Local time: CET (UTC+01:00) 2025.03.03 09:36:36.702
\o Program:		@(#)$CDS: virtuoso version 6.1.8-64b 01/30/2024 20:11 (cpgbld02) $
\o Hierarchy:		/pkg/cadence/installs/IC618/tools.lnx86/dfII/
\o Sub version:		sub-version  IC6.1.8-64b.500.35  (64-bit addresses)
\# Command line:	/pkg/cadence/installs/IC618/tools.lnx86/dfII/bin/64bit/virtuoso -noautostart -mpssession virtuoso24014 -mpshost s2424 -davinciService DaVinciService_24014_1740988313 -log /home/saul/projects/FIL3601/logs_saul/logs0/Job90.log -licenseLockFileName /home/saul/projects/FIL3601/.tmp_saul/.s2424_24014 -interactiveA -interactiveE -interactiveRTT -nostdin -nographE -axlChildIdFlag 90
\# Host name (type):	s2424 (x86_64)
\# Operating system:	Linux 3.10.0-1160.53.1.el7.x86_64 #1 SMP Fri Jan 14 13:59:45 UTC 2022
\# Linux /etc/issue:	\S
\# Linux /etc/issue:	Kernel \r on an \m
\# X display name (WxH):	:2495 (1024x868)
\# Available geometry:			TL(0:0) BR(1023:867)
\# X server:			The X.Org Foundation
\# Depth of Visual (Root):	24 (24)
\# Number of Planes Used:	24
\# X version:		11.0 (vendor release 12004000)
\# X resource pool:	base 0x400000, mask 0x1fffff (2097151), shift 0
\# 			current id 0x0, current max 0x1ffffa (2097146)
\# Max data seg size:	     unlimited
\# Max process size:	     unlimited
\# Initial sbrk value:	        629 MB
\# Available memory:	     69,081 MB
\# System memory:	     96,361 MB
\# Maximum memory size:	     96,023 MB
\# Max mem available:	     69,371 MB
\# Initial memory used:	        291 MB
\#        process size:	      1,888 MB
\# Thread usage limits (effective/default):	maxthreads 4096/4096 maxload 32.00/32.00
\# Qt version:		5.9.1
\# Window Manager:	other
\# User Name:		saul
\o Working Directory:	s2424:/home/saul/projects/FIL3601
\# Process Id:		5069
\o 
\o COPYRIGHT (C) 1992-2024  CADENCE DESIGN SYSTEMS INC.  ALL RIGHTS RESERVED.
\o           (C) 1992-2024  UNIX SYSTEMS Laboratories INC.,
\o                          Reproduced with permission.
\o 
\o This Cadence Design Systems program and online documentation are
\o proprietary/confidential information and may be disclosed/used only
\o as authorized in a license agreement controlling such use and disclosure.
\o 
\o           RESTRICTED RIGHTS NOTICE (SHORT FORM)
\o Use/reproduction/disclosure is subject to restriction
\o set forth at FAR 1252.227-19 or its equivalent.
\o Loading geView.cxt 
\o Loading menuBuilder.cxt 
\o Loading schView.cxt 
\o Loading selectSv.cxt 
\o Loading pvsui.cxt
\o Loading wireEdit.cxt 
\o Loading pte2.cxt 
\o Loading xlUI.cxt 
\o Loading auCore.cxt 
\o Loading vhdl.cxt 
\o Loading seismic.cxt 
\o Loading ci.cxt 
\o Loading ams.cxt 
\o Loading oasis.cxt 
\o Loading analog.cxt 
\o Loading asimenv.cxt 
\o Loading dal.cxt 
\o Loading awv.cxt 
\o Loading socket.cxt 
\o Loading par.cxt 
\o Loading alvs.cxt 
\o Loading caa.cxt 
\o Loading amps.cxt 
\o Loading adexlCore.cxt 
\# Memory report: using         403 MB, process size 2,085 MB at UTC 2025.03.03 08:36:47.198
\o Loading adexl.cxt 
\o *Info*    Exporting services from client ... 
\o 
\o Loading adexlDM.cxt 
\o Loading cpf.cxt 
\o Loading cli.cxt 
\o Loading lp.cxt 
\o INFO (ELI-00302) Connecting to parent process (session=virtuoso24014, host=s2424). Connection mode is ICRP. Total timeout is 180 seconds. Connection timeout is 90 seconds.
\o INFO (ELI-00303) Step 1: Connecting to parent. Time spent is 0 seconds.
\o INFO (ELI-00304) The registration of the child 5069 within 90 seconds is being processed...
\o INFO (ELI-00305) The result of registration is true. Time spent is 1 seconds.
\o INFO (ELI-00308) The connection has ended. Result is true. Total time spent is 1 seconds.
\# [09:36:37.512481] Configured Lic search path (22.01-s002): 3000@lic08.ug.kth.se
\o Loading .cdsinit for the XH018 X-Fab XKit.
\o     LOAD xh018_1143 SPECIFIC CALL-BACK ROUTINES
\o     LOAD ALL AVAILABLE P-CELL FUNCTIONS
\o ** Info: PDK loadpath is "/pkg/xfab2/XKIT/xh018/cadence/v9_0/PDK/IC61/v9_0_4"
\o Loading XfSktTools.cxt
\o Loading XfMenu.cxt
\o Loading XfTechXh018.cxt
\o Loading XfPcellCore.cxt
\o function ansiSpicePrintProperties_subcircuit redefined
\o Loading XfSkillExt.cxt
\o Initializing library.
\o Finished Initializing Library .
\o     Generic PcellKit: 'production' loaded.
\o     Generic Pcell Skill Tools: 'production' loaded.
\o Loading Circuit Prospector Setup (XfCircuitProspSetup.il)
\o     LOAD THE ENVIRONMENT FILE
\o  --> Setting the required PDK definitions...
\o     GDSII LAYER MAPPING FILE = "./.xkit/setup/xh018/cadence/PDK/TECH_XH018_1143/strmInOut.layertable"
\o     GDSII OBJECT MAPPING FILE = "./.xkit/setup/xh018/cadence/PDK/TECH_XH018_1143/strmOutObjects.map"
\o Use model setup from PDK...
\o Loading spectrei.cxt 
\# Available memory:         66,953 MB at UTC 2025.03.03 08:36:49.195
\# Memory report: Maximum memory size now 67,464 MB at UTC 2025.03.03 08:36:49.195
\# Thread usage report: 37 active threads, active load 1.40 at UTC 2025.03.03 08:36:49.195
\# Memory report: using         512 MB, process size 2,239 MB at UTC 2025.03.03 08:36:49.195
\o Loading devCheck.cxt 
\o Loading relXpert.cxt 
\o Loading vdsil.cxt 
\o Loading hspiceD.cxt 
\o Loading spectreinl.cxt 
\o Loading UltraSim.cxt 
\o Loading msgHandler.cxt 
\o Loading AMSOSS.cxt 
\o Loading AMS.cxt 
\o  --> Finished setting the required PDK definitions
\o  --> Setting the recommended EDA tool defaults...
\o  --> Finished setting the recommended EDA tool defaults
\o     LOAD DEFAULT BINDKEYS
\o Loading viva.cxt 
\o  --> AssuraTools Setup not available
\o *Info*    Client has finished starting ... 
\o 
\p > 
\# Loading perfDiag...
\# (PerfDiag): Set GDB path to environment variable 'gdbPath' (gdb).
\# Performance Diagnostic tool is installed. You can access PerfDiag from CIW Tools or use the shell command 'cdsPerfDiag -p 5069' to open it when Virtuoso freezes.
\# (PerfDiag): Loading backtrace from /pkg/cadence/installs/IC618/tools/lib/64bit/cdnslibunwind.so
\o Loading vqp.cxt 
\o Loading hdlPkg.cxt 
\o Loading simui.cxt 
\o 
\o 
\o *Info*    Configuring the session ...
\o 
\o 	Library      = DAY2
\o 	Cell         = GM_ID
\o 	View         = schematic
\o 	Netlist  	  = nil
\o 	Simulator    = spectre
\o 	State Path   = $AXL_SETUPDB_DIR/test_states
\o 	State Name   = DAY2:GM_ID:1_DAY2:GM_ID:1_Mar__3_09_36_28_2025_Ocean.6
\o 	Results DB   = /home/saul/projects/FIL3601/DAY2/GM_ID/adexl/results/data/Ocean.6.rdb
\o 	Setup DB loc = /home/saul/projects/FIL3601/DAY2/GM_ID/adexl
\o 
\o 
\o 
\o *Info*    The auto suspension is disabled.
\o 
\o     LOAD GENERIC "X-KIT" SKILL CONTEXT "./.xkit/setup/x_all/cadence/xenv/skill/context6/xkit.cxt" 
\o  - Menu "XKit Utilities" installed to CIW.
\o     LOAD ".cdsinit_personal" FILE FROM THE WORKING DIRECTORY.
\o     INFO: To customize this setup, please use the following environment variables:
\o           CUSTOM_SCRIPT_PATH - should point to the master shell or perl script
\o                              e.g.:
\o                              setenv CUSTOM_SCRIPT_PATH /path/to/my/script/LoadMyScripts.csh
\o           CUSTOM_SKILL_PATH - should point to your master skill load file
\o                              e.g.:
\o                              setenv CUSTOM_SKILL_PATH /path/to/my/skill/LoadMySkills.il
\o  loading default key binding 
\o  -> END LOAD ".cdsinit" FILE
\o Loading monte.cxt 
\o 
\o 
\o 
\o 
\o 
\o *Info*    Run start for Point ID (0 12) on testbench [ DAY2:GM_ID:1 ].
\o 
\o Resetting statistical vars
\o 
\o *Info*    Setting parameter values ...
\o 
\o Setting var IDS = "35.48133892n"
\o Setting var L = "1e-6"
\o Setting var NF = "8"
\o Setting var VDS = "0.9"
\o Setting var WF = "10e-6"
\o Setting var temperature = "27"
\o Setting temp(T) = 27
\o 
\o *Info*    Netlist Directory =
\o           /home/saul/projects/FIL3601/Sim/DAY2/GM_ID/adexl/results/data/Ocean.6/12/DAY2:GM_ID:1/netlist
\o 
\o 
\o *Info*    Data Directory    =
\o           /home/saul/projects/FIL3601/Sim/DAY2/GM_ID/adexl/results/data/Ocean.6/12/DAY2:GM_ID:1
\o 
\o 
\o *Info*    Creating Netlist for Point ID (0 12)
\o 
\o generate netlist...
\o Loading hnlInit.cxt 
\o Loading seCore.cxt 
\o function ansCdlCompPrim redefined
\o function ansCdlCompPrim redefined
\# [09:36:51.344584] Periodic Lic check successful
\# [09:36:51.344585] Feature usage summary:
\o Begin Incremental Netlisting Mar  3 09:36:51 2025
\o End netlisting Mar  3 09:36:51 2025
\o 
\o 	The netlist is up to date.
\o 	Time taken to compare the design with netlist:   0.0s
\o       ...successful.
\o compose simulator input file...
\o       ...successful.
\o 
\o *Info*    Running simulation on testbench [ DAY2:GM_ID:1 ] for Point
\o           ID (0 12).
\o 
\o Delete psf data in /home/saul/projects/FIL3601/Sim/DAY2/GM_ID/adexl/results/data/Ocean.6/12/DAY2:GM_ID:1/psf.
\o simulate...
\# Memory report: using         672 MB, process size 2,456 MB at UTC 2025.03.03 08:36:52.650
\o INFO (ADE-3071): Simulation completed successfully.
\o reading simulation data...
\o       ...successful.
\o *Info*    Client has finished evaluating ... 
\o 
\o 
\o *Info*    Run complete for Point ID (0 12) on testbench [
\o           DAY2:GM_ID:1 ].
\o 
\o 
\o 
\o 
\o 
\o 
\o 
\o 
\o 
\o 
\o *Info*    Run start for Point ID (0 21) on testbench [ DAY2:GM_ID:1 ].
\o 
\o Resetting statistical vars
\o 
\o *Info*    Setting parameter values ...
\o 
\o Setting var IDS = "100n"
\o 
\o *Info*    Netlist Directory =
\o           /home/saul/projects/FIL3601/Sim/DAY2/GM_ID/adexl/results/data/Ocean.6/21/DAY2:GM_ID:1/netlist
\o 
\o 
\o *Info*    Data Directory    =
\o           /home/saul/projects/FIL3601/Sim/DAY2/GM_ID/adexl/results/data/Ocean.6/21/DAY2:GM_ID:1
\o 
\o 
\o *Info*    Creating Netlist for Point ID (0 21)
\o 
\o generate netlist...
\o function ansCdlCompPrim redefined
\o function ansCdlCompPrim redefined
\o Begin Incremental Netlisting Mar  3 09:36:53 2025
\o End netlisting Mar  3 09:36:53 2025
\o 
\o 	The netlist is up to date.
\o 	Time taken to compare the design with netlist:   0.0s
\o       ...successful.
\o compose simulator input file...
\o       ...successful.
\o 
\o *Info*    Running simulation on testbench [ DAY2:GM_ID:1 ] for Point
\o           ID (0 21).
\o 
\o Delete psf data in /home/saul/projects/FIL3601/Sim/DAY2/GM_ID/adexl/results/data/Ocean.6/21/DAY2:GM_ID:1/psf.
\o simulate...
\o INFO (ADE-3071): Simulation completed successfully.
\o reading simulation data...
\o       ...successful.
\o *Info*    Client has finished evaluating ... 
\o 
\o 
\o *Info*    Run complete for Point ID (0 21) on testbench [
\o           DAY2:GM_ID:1 ].
\o 
\o 
\o 
\o 
\o 
\o 
\o 
\o 
\o 
\o 
\o *Info*    Run start for Point ID (0 32) on testbench [ DAY2:GM_ID:1 ].
\o 
\o Resetting statistical vars
\o 
\o *Info*    Setting parameter values ...
\o 
\o Setting var IDS = "354.8133892n"
\o 
\o *Info*    Netlist Directory =
\o           /home/saul/projects/FIL3601/Sim/DAY2/GM_ID/adexl/results/data/Ocean.6/32/DAY2:GM_ID:1/netlist
\o 
\o 
\o *Info*    Data Directory    =
\o           /home/saul/projects/FIL3601/Sim/DAY2/GM_ID/adexl/results/data/Ocean.6/32/DAY2:GM_ID:1
\o 
\o 
\o *Info*    Creating Netlist for Point ID (0 32)
\o 
\o generate netlist...
\o function ansCdlCompPrim redefined
\o function ansCdlCompPrim redefined
\o Begin Incremental Netlisting Mar  3 09:36:54 2025
\o End netlisting Mar  3 09:36:54 2025
\o 
\o 	The netlist is up to date.
\o 	Time taken to compare the design with netlist:   0.0s
\o       ...successful.
\o compose simulator input file...
\o       ...successful.
\o 
\o *Info*    Running simulation on testbench [ DAY2:GM_ID:1 ] for Point
\o           ID (0 32).
\o 
\o Delete psf data in /home/saul/projects/FIL3601/Sim/DAY2/GM_ID/adexl/results/data/Ocean.6/32/DAY2:GM_ID:1/psf.
\o simulate...
\o INFO (ADE-3071): Simulation completed successfully.
\o reading simulation data...
\o       ...successful.
\o *Info*    Client has finished evaluating ... 
\o 
\o 
\o *Info*    Run complete for Point ID (0 32) on testbench [
\o           DAY2:GM_ID:1 ].
\o 
\o 
\o 
\o 
\o 
\o 
\o 
\o 
\o 
\o 
\o *Info*    Run start for Point ID (0 41) on testbench [ DAY2:GM_ID:1 ].
\o 
\o Resetting statistical vars
\o 
\o *Info*    Setting parameter values ...
\o 
\o Setting var IDS = "1u"
\o 
\o *Info*    Netlist Directory =
\o           /home/saul/projects/FIL3601/Sim/DAY2/GM_ID/adexl/results/data/Ocean.6/41/DAY2:GM_ID:1/netlist
\o 
\o 
\o *Info*    Data Directory    =
\o           /home/saul/projects/FIL3601/Sim/DAY2/GM_ID/adexl/results/data/Ocean.6/41/DAY2:GM_ID:1
\o 
\o 
\o *Info*    Creating Netlist for Point ID (0 41)
\o 
\o generate netlist...
\o function ansCdlCompPrim redefined
\o function ansCdlCompPrim redefined
\o Begin Incremental Netlisting Mar  3 09:36:56 2025
\o End netlisting Mar  3 09:36:56 2025
\o 
\o 	The netlist is up to date.
\o 	Time taken to compare the design with netlist:   0.0s
\o       ...successful.
\o compose simulator input file...
\o       ...successful.
\o 
\o *Info*    Running simulation on testbench [ DAY2:GM_ID:1 ] for Point
\o           ID (0 41).
\o 
\o Delete psf data in /home/saul/projects/FIL3601/Sim/DAY2/GM_ID/adexl/results/data/Ocean.6/41/DAY2:GM_ID:1/psf.
\o simulate...
\o INFO (ADE-3071): Simulation completed successfully.
\o reading simulation data...
\o       ...successful.
\o *Info*    Client has finished evaluating ... 
\o 
\o 
\o *Info*    Run complete for Point ID (0 41) on testbench [
\o           DAY2:GM_ID:1 ].
\o 
\o 
\o 
\o 
\o 
\o 
\o 
\o 
\o 
\o 
\o *Info*    Run start for Point ID (0 48) on testbench [ DAY2:GM_ID:1 ].
\o 
\o Resetting statistical vars
\o 
\o *Info*    Setting parameter values ...
\o 
\o Setting var IDS = "2.238721139u"
\o 
\o *Info*    Netlist Directory =
\o           /home/saul/projects/FIL3601/Sim/DAY2/GM_ID/adexl/results/data/Ocean.6/48/DAY2:GM_ID:1/netlist
\o 
\o 
\o *Info*    Data Directory    =
\o           /home/saul/projects/FIL3601/Sim/DAY2/GM_ID/adexl/results/data/Ocean.6/48/DAY2:GM_ID:1
\o 
\o 
\o *Info*    Creating Netlist for Point ID (0 48)
\o 
\o generate netlist...
\o function ansCdlCompPrim redefined
\o function ansCdlCompPrim redefined
\o Begin Incremental Netlisting Mar  3 09:36:57 2025
\o End netlisting Mar  3 09:36:57 2025
\o 
\o 	The netlist is up to date.
\o 	Time taken to compare the design with netlist:   0.0s
\o       ...successful.
\o compose simulator input file...
\o       ...successful.
\o 
\o *Info*    Running simulation on testbench [ DAY2:GM_ID:1 ] for Point
\o           ID (0 48).
\o 
\o Delete psf data in /home/saul/projects/FIL3601/Sim/DAY2/GM_ID/adexl/results/data/Ocean.6/48/DAY2:GM_ID:1/psf.
\o simulate...
\o INFO (ADE-3071): Simulation completed successfully.
\o reading simulation data...
\o       ...successful.
\o *Info*    Client has finished evaluating ... 
\o 
\# Thread usage report: 38 active threads, active load 1.40 at UTC 2025.03.03 08:36:59.087
\o 
\o *Info*    Run complete for Point ID (0 48) on testbench [
\o           DAY2:GM_ID:1 ].
\o 
\o 
\o 
\o 
\o 
\o 
\o 
\o 
\o 
\o 
\o *Info*    Run start for Point ID (0 53) on testbench [ DAY2:GM_ID:1 ].
\o 
\o Resetting statistical vars
\o 
\o *Info*    Setting parameter values ...
\o 
\o Setting var IDS = "3.981071706u"
\o 
\o *Info*    Netlist Directory =
\o           /home/saul/projects/FIL3601/Sim/DAY2/GM_ID/adexl/results/data/Ocean.6/53/DAY2:GM_ID:1/netlist
\o 
\o 
\o *Info*    Data Directory    =
\o           /home/saul/projects/FIL3601/Sim/DAY2/GM_ID/adexl/results/data/Ocean.6/53/DAY2:GM_ID:1
\o 
\o 
\o *Info*    Creating Netlist for Point ID (0 53)
\o 
\o generate netlist...
\o function ansCdlCompPrim redefined
\o function ansCdlCompPrim redefined
\o Begin Incremental Netlisting Mar  3 09:36:59 2025
\o End netlisting Mar  3 09:36:59 2025
\o 
\o 	The netlist is up to date.
\o 	Time taken to compare the design with netlist:   0.0s
\o       ...successful.
\o compose simulator input file...
\o       ...successful.
\o 
\o *Info*    Running simulation on testbench [ DAY2:GM_ID:1 ] for Point
\o           ID (0 53).
\o 
\o Delete psf data in /home/saul/projects/FIL3601/Sim/DAY2/GM_ID/adexl/results/data/Ocean.6/53/DAY2:GM_ID:1/psf.
\o simulate...
\o INFO (ADE-3071): Simulation completed successfully.
\o reading simulation data...
\o       ...successful.
\o *Info*    Client has finished evaluating ... 
\o 
\o 
\o *Info*    Run complete for Point ID (0 53) on testbench [
\o           DAY2:GM_ID:1 ].
\o 
\o 
\o 
\o 
\o 
\o 
\o 
\o 
\o 
\o 
\o *Info*    Run start for Point ID (0 61) on testbench [ DAY2:GM_ID:1 ].
\o 
\o Resetting statistical vars
\o 
\o *Info*    Setting parameter values ...
\o 
\o Setting var IDS = "10u"
\o 
\o *Info*    Netlist Directory =
\o           /home/saul/projects/FIL3601/Sim/DAY2/GM_ID/adexl/results/data/Ocean.6/61/DAY2:GM_ID:1/netlist
\o 
\o 
\o *Info*    Data Directory    =
\o           /home/saul/projects/FIL3601/Sim/DAY2/GM_ID/adexl/results/data/Ocean.6/61/DAY2:GM_ID:1
\o 
\o 
\o *Info*    Creating Netlist for Point ID (0 61)
\o 
\o generate netlist...
\o function ansCdlCompPrim redefined
\o function ansCdlCompPrim redefined
\o Begin Incremental Netlisting Mar  3 09:37:00 2025
\o End netlisting Mar  3 09:37:00 2025
\o 
\o 	The netlist is up to date.
\o 	Time taken to compare the design with netlist:   0.0s
\o       ...successful.
\o compose simulator input file...
\o       ...successful.
\o 
\o *Info*    Running simulation on testbench [ DAY2:GM_ID:1 ] for Point
\o           ID (0 61).
\o 
\o Delete psf data in /home/saul/projects/FIL3601/Sim/DAY2/GM_ID/adexl/results/data/Ocean.6/61/DAY2:GM_ID:1/psf.
\o simulate...
\o INFO (ADE-3071): Simulation completed successfully.
\o reading simulation data...
\o       ...successful.
\o *Info*    Client has finished evaluating ... 
\o 
\o 
\o *Info*    Run complete for Point ID (0 61) on testbench [
\o           DAY2:GM_ID:1 ].
\o 
\o 
\o 
\o 
\o 
\o 
\o 
\o 
\o 
\o 
\o *Info*    Run start for Point ID (0 70) on testbench [ DAY2:GM_ID:1 ].
\o 
\o Resetting statistical vars
\o 
\o *Info*    Setting parameter values ...
\o 
\o Setting var IDS = "28.18382931u"
\o 
\o *Info*    Netlist Directory =
\o           /home/saul/projects/FIL3601/Sim/DAY2/GM_ID/adexl/results/data/Ocean.6/70/DAY2:GM_ID:1/netlist
\o 
\o 
\o *Info*    Data Directory    =
\o           /home/saul/projects/FIL3601/Sim/DAY2/GM_ID/adexl/results/data/Ocean.6/70/DAY2:GM_ID:1
\o 
\o 
\o *Info*    Creating Netlist for Point ID (0 70)
\o 
\o generate netlist...
\o function ansCdlCompPrim redefined
\o function ansCdlCompPrim redefined
\o Begin Incremental Netlisting Mar  3 09:37:02 2025
\o End netlisting Mar  3 09:37:02 2025
\o 
\o 	The netlist is up to date.
\o 	Time taken to compare the design with netlist:   0.0s
\o       ...successful.
\o compose simulator input file...
\o       ...successful.
\o 
\o *Info*    Running simulation on testbench [ DAY2:GM_ID:1 ] for Point
\o           ID (0 70).
\o 
\o Delete psf data in /home/saul/projects/FIL3601/Sim/DAY2/GM_ID/adexl/results/data/Ocean.6/70/DAY2:GM_ID:1/psf.
\o simulate...
\o INFO (ADE-3071): Simulation completed successfully.
\o reading simulation data...
\o       ...successful.
\o *Info*    Client has finished evaluating ... 
\o 
\o 
\o *Info*    Run complete for Point ID (0 70) on testbench [
\o           DAY2:GM_ID:1 ].
\o 
\o 
\o 
\o 
\o 
\o 
\o 
\o 
\o 
\o 
\o *Info*    Run start for Point ID (0 77) on testbench [ DAY2:GM_ID:1 ].
\o 
\o Resetting statistical vars
\o 
\o *Info*    Setting parameter values ...
\o 
\o Setting var IDS = "63.09573445u"
\o 
\o *Info*    Netlist Directory =
\o           /home/saul/projects/FIL3601/Sim/DAY2/GM_ID/adexl/results/data/Ocean.6/77/DAY2:GM_ID:1/netlist
\o 
\o 
\o *Info*    Data Directory    =
\o           /home/saul/projects/FIL3601/Sim/DAY2/GM_ID/adexl/results/data/Ocean.6/77/DAY2:GM_ID:1
\o 
\o 
\o *Info*    Creating Netlist for Point ID (0 77)
\o 
\o generate netlist...
\o function ansCdlCompPrim redefined
\o function ansCdlCompPrim redefined
\o Begin Incremental Netlisting Mar  3 09:37:03 2025
\o End netlisting Mar  3 09:37:03 2025
\o 
\o 	The netlist is up to date.
\o 	Time taken to compare the design with netlist:   0.0s
\o       ...successful.
\o compose simulator input file...
\o       ...successful.
\o 
\o *Info*    Running simulation on testbench [ DAY2:GM_ID:1 ] for Point
\o           ID (0 77).
\o 
\o Delete psf data in /home/saul/projects/FIL3601/Sim/DAY2/GM_ID/adexl/results/data/Ocean.6/77/DAY2:GM_ID:1/psf.
\o simulate...
\o INFO (ADE-3071): Simulation completed successfully.
\o reading simulation data...
\o       ...successful.
\o *Info*    Client has finished evaluating ... 
\o 
\o 
\o *Info*    Run complete for Point ID (0 77) on testbench [
\o           DAY2:GM_ID:1 ].
\o 
\o 
\o 
\o 
\o 
\o 
\o 
\o 
\o 
\o 
\o *Info*    Run start for Point ID (0 86) on testbench [ DAY2:GM_ID:1 ].
\o 
\o Resetting statistical vars
\o 
\o *Info*    Setting parameter values ...
\o 
\o Setting var IDS = "177.827941u"
\o 
\o *Info*    Netlist Directory =
\o           /home/saul/projects/FIL3601/Sim/DAY2/GM_ID/adexl/results/data/Ocean.6/86/DAY2:GM_ID:1/netlist
\o 
\o 
\o *Info*    Data Directory    =
\o           /home/saul/projects/FIL3601/Sim/DAY2/GM_ID/adexl/results/data/Ocean.6/86/DAY2:GM_ID:1
\o 
\o 
\o *Info*    Creating Netlist for Point ID (0 86)
\o 
\o generate netlist...
\o function ansCdlCompPrim redefined
\o function ansCdlCompPrim redefined
\o Begin Incremental Netlisting Mar  3 09:37:05 2025
\o End netlisting Mar  3 09:37:05 2025
\o 
\o 	The netlist is up to date.
\o 	Time taken to compare the design with netlist:   0.0s
\o       ...successful.
\o compose simulator input file...
\o       ...successful.
\o 
\o *Info*    Running simulation on testbench [ DAY2:GM_ID:1 ] for Point
\o           ID (0 86).
\o 
\o Delete psf data in /home/saul/projects/FIL3601/Sim/DAY2/GM_ID/adexl/results/data/Ocean.6/86/DAY2:GM_ID:1/psf.
\o simulate...
\o INFO (ADE-3071): Simulation completed successfully.
\o reading simulation data...
\o       ...successful.
\o *Info*    Client has finished evaluating ... 
\o 
\o 
\o *Info*    Run complete for Point ID (0 86) on testbench [
\o           DAY2:GM_ID:1 ].
\o 
\o 
\o 
\o 
\o 
\o 
\o 
\o 
\o 
\o 
\o *Info*    Run start for Point ID (0 93) on testbench [ DAY2:GM_ID:1 ].
\o 
\o Resetting statistical vars
\o 
\o *Info*    Setting parameter values ...
\o 
\o Setting var IDS = "398.1071706u"
\o 
\o *Info*    Netlist Directory =
\o           /home/saul/projects/FIL3601/Sim/DAY2/GM_ID/adexl/results/data/Ocean.6/93/DAY2:GM_ID:1/netlist
\o 
\o 
\o *Info*    Data Directory    =
\o           /home/saul/projects/FIL3601/Sim/DAY2/GM_ID/adexl/results/data/Ocean.6/93/DAY2:GM_ID:1
\o 
\o 
\o *Info*    Creating Netlist for Point ID (0 93)
\o 
\o generate netlist...
\o function ansCdlCompPrim redefined
\o function ansCdlCompPrim redefined
\o Begin Incremental Netlisting Mar  3 09:37:06 2025
\o End netlisting Mar  3 09:37:06 2025
\o 
\o 	The netlist is up to date.
\o 	Time taken to compare the design with netlist:   0.0s
\o       ...successful.
\o compose simulator input file...
\o       ...successful.
\o 
\o *Info*    Running simulation on testbench [ DAY2:GM_ID:1 ] for Point
\o           ID (0 93).
\o 
\o Delete psf data in /home/saul/projects/FIL3601/Sim/DAY2/GM_ID/adexl/results/data/Ocean.6/93/DAY2:GM_ID:1/psf.
\o simulate...
\o INFO (ADE-3071): Simulation completed successfully.
\o reading simulation data...
\o       ...successful.
\o *Info*    Client has finished evaluating ... 
\o 
\o 
\o *Info*    Run complete for Point ID (0 93) on testbench [
\o           DAY2:GM_ID:1 ].
\o 
\o 
\o 
\o 
\o 
\o 
\o 
\o 
\o 
\o 
\o *Info*    Run start for Point ID (0 102) on testbench [ DAY2:GM_ID:1
\o           ].
\o 
\o Resetting statistical vars
\o 
\o *Info*    Setting parameter values ...
\o 
\o Setting var IDS = "1.122018454m"
\o 
\o *Info*    Netlist Directory =
\o           /home/saul/projects/FIL3601/Sim/DAY2/GM_ID/adexl/results/data/Ocean.6/102/DAY2:GM_ID:1/netlist
\o 
\o 
\o *Info*    Data Directory    =
\o           /home/saul/projects/FIL3601/Sim/DAY2/GM_ID/adexl/results/data/Ocean.6/102/DAY2:GM_ID:1
\o 
\o 
\o *Info*    Creating Netlist for Point ID (0 102)
\o 
\o generate netlist...
\o function ansCdlCompPrim redefined
\o function ansCdlCompPrim redefined
\o Begin Incremental Netlisting Mar  3 09:37:08 2025
\o End netlisting Mar  3 09:37:08 2025
\o 
\o 	The netlist is up to date.
\o 	Time taken to compare the design with netlist:   0.0s
\o       ...successful.
\o compose simulator input file...
\o       ...successful.
\o 
\o *Info*    Running simulation on testbench [ DAY2:GM_ID:1 ] for Point
\o           ID (0 102).
\o 
\o Delete psf data in /home/saul/projects/FIL3601/Sim/DAY2/GM_ID/adexl/results/data/Ocean.6/102/DAY2:GM_ID:1/psf.
\o simulate...
\o INFO (ADE-3071): Simulation completed successfully.
\o reading simulation data...
\o       ...successful.
\o *Info*    Client has finished evaluating ... 
\o 
\o 
\o *Info*    Run complete for Point ID (0 102) on testbench [
\o           DAY2:GM_ID:1 ].
\o 
\o 
\o 
\o 
\o 
\o 
\o 
\o 
\o 
\o 
\o *Info*    Run start for Point ID (0 110) on testbench [ DAY2:GM_ID:1
\o           ].
\o 
\o Resetting statistical vars
\o 
\o *Info*    Setting parameter values ...
\o 
\o Setting var IDS = "2.818382931m"
\o 
\o *Info*    Netlist Directory =
\o           /home/saul/projects/FIL3601/Sim/DAY2/GM_ID/adexl/results/data/Ocean.6/110/DAY2:GM_ID:1/netlist
\o 
\o 
\o *Info*    Data Directory    =
\o           /home/saul/projects/FIL3601/Sim/DAY2/GM_ID/adexl/results/data/Ocean.6/110/DAY2:GM_ID:1
\o 
\o 
\o *Info*    Creating Netlist for Point ID (0 110)
\o 
\o generate netlist...
\o function ansCdlCompPrim redefined
\o function ansCdlCompPrim redefined
\o Begin Incremental Netlisting Mar  3 09:37:09 2025
\o End netlisting Mar  3 09:37:09 2025
\o 
\o 	The netlist is up to date.
\o 	Time taken to compare the design with netlist:   0.0s
\o       ...successful.
\o compose simulator input file...
\o       ...successful.
\o 
\o *Info*    Running simulation on testbench [ DAY2:GM_ID:1 ] for Point
\o           ID (0 110).
\o 
\o Delete psf data in /home/saul/projects/FIL3601/Sim/DAY2/GM_ID/adexl/results/data/Ocean.6/110/DAY2:GM_ID:1/psf.
\o simulate...
\o INFO (ADE-3071): Simulation completed successfully.
\o reading simulation data...
\o       ...successful.
\o *Info*    Client has finished evaluating ... 
\o 
\o 
\o *Info*    Run complete for Point ID (0 110) on testbench [
\o           DAY2:GM_ID:1 ].
\o 
\o 
\o 
\o 
\o 
\o 
\o 
\o 
\o 
\o 
\o *Info*    Run start for Point ID (0 121) on testbench [ DAY2:GM_ID:1
\o           ].
\o 
\o Resetting statistical vars
\o 
\o *Info*    Setting parameter values ...
\o 
\o Setting var IDS = "10m"
\o 
\o *Info*    Netlist Directory =
\o           /home/saul/projects/FIL3601/Sim/DAY2/GM_ID/adexl/results/data/Ocean.6/121/DAY2:GM_ID:1/netlist
\o 
\o 
\o *Info*    Data Directory    =
\o           /home/saul/projects/FIL3601/Sim/DAY2/GM_ID/adexl/results/data/Ocean.6/121/DAY2:GM_ID:1
\o 
\o 
\o *Info*    Creating Netlist for Point ID (0 121)
\o 
\o generate netlist...
\o function ansCdlCompPrim redefined
\o function ansCdlCompPrim redefined
\o Begin Incremental Netlisting Mar  3 09:37:11 2025
\o End netlisting Mar  3 09:37:11 2025
\o 
\o 	The netlist is up to date.
\o 	Time taken to compare the design with netlist:   0.0s
\o       ...successful.
\o compose simulator input file...
\o       ...successful.
\o 
\o *Info*    Running simulation on testbench [ DAY2:GM_ID:1 ] for Point
\o           ID (0 121).
\o 
\o Delete psf data in /home/saul/projects/FIL3601/Sim/DAY2/GM_ID/adexl/results/data/Ocean.6/121/DAY2:GM_ID:1/psf.
\o simulate...
\o INFO (ADE-3071): Simulation completed successfully.
\o reading simulation data...
\o       ...successful.
\o *Info*    Client has finished evaluating ... 
\o 
\o 
\o *Info*    Run complete for Point ID (0 121) on testbench [
\o           DAY2:GM_ID:1 ].
\o 
\o 
\o 
\o 
\o 
\# Lic Summary:
\# [09:37:16.227728] Cdslmd servers:3000@lic08.ug.kth.se
\# [09:37:16.227752] Feature usage summary:
\# Memory report: on exit            685 MB, process size 2,469 MB at UTC 2025.03.03 08:37:16.227
\# Memory report: peak usage         685 MB, process size 2,469 MB
