*Info*    Exporting services from client ... 

*Info*    Client has finished starting ... 



*Info*    Configuring the session ...

	Library      = EX1
	Cell         = current_amplifier_final_tb
	View         = schematic
	Simulator    = spectre
	State Path   = $AXL_SETUPDB_DIR/test_states
	State Name   = TRAN_PULSE_VDD_TRAN_STAB_IN:1_state_Interactive.90
	Results DB   = /home/saul/projects/FIL3601/EX1/current_amplifier_final_tb/adexl/results/data/Interactive.90.rdb
	Results Dir  = /home/saul/projects/FIL3601/Sim/EX1/current_amplifier_final_tb/adexl/results/data/Interactive.90/1/TRAN_PULSE_VDD
	Results Loc  = /home/saul/projects/FIL3601/Sim/EX1/current_amplifier_final_tb/adexl/results/data
	Project Dir  = /home/saul/projects/FIL3601/Sim
	Setup DB loc = /home/saul/projects/FIL3601/EX1/current_amplifier_final_tb/adexl
	File Encoding = 0



*Info*    The auto suspension is disabled.






*Info*    Run start for Point ID (37 1) on testbench [ TRAN_PULSE_VDD
          ].

Resetting statistical vars

*Info*    Setting parameter values ...

Setting var AMP1 = "0"
Setting var AMP2 = "0"
Setting var FREQ1 = "40M"
Setting var FREQ2 = "50M"
Setting var IN = "1"
Setting var IN_DC = "0"
Setting var IN_PULSE = "0"
Setting var VDD = "0"
Setting var VDD_PULSE = "1.8"
Setting var temperature = "27"
Setting temp(T) = 27

*Info*    Netlist Directory =
          /home/saul/projects/FIL3601/Sim/EX1/current_amplifier_final_tb/adexl/results/data/Interactive.90/1/TRAN_PULSE_VDD/netlist


*Info*    Data Directory    =
          /home/saul/projects/FIL3601/Sim/EX1/current_amplifier_final_tb/adexl/results/data/Interactive.90/1/TRAN_PULSE_VDD


*Info*    Creating Netlist for Point ID (37 1)

generate netlist...
function ansCdlCompPrim redefined
function ansCdlCompPrim redefined
Begin Incremental Netlisting Apr 26 17:21:26 2025
WARNING (OSSHNL-941): Failed to open the sameCellNamesInMultipleLibs file '/home/saul/projects/FIL3601/Sim/EX1/current_amplifier_final_tb/adexl/results/data/Interactive.53/1/AC_NOISE_PZ_TRANS_PSRR/netlist/ihnl/sameCellNamesInMultipleLibs', in the append mode.
Ensure that you have the write permission for the mentioned file.

End netlisting Apr 26 17:21:26 2025

Netlisting Statistics:
	Number of components:   11

	Elapsed time:          0.0s
Errors: 0	Warnings: 0
      ...successful.
compose simulator input file...
      ...successful.

*Info*    Running simulation on testbench [ TRAN_PULSE_VDD ] for
          Point ID (37 1).

Delete psf data in /home/saul/projects/FIL3601/Sim/EX1/current_amplifier_final_tb/adexl/results/data/Interactive.90/1/TRAN_PULSE_VDD/psf.
compose simulator input file...
      ...successful.
start simulator if needed...
      ...successful.
simulate...
To view the simulator output, right-click on the test name, result 
name, or any value in the "Results" tab of the Outputs section and 
choose "Output Log" menu option.
INFO (ADE-3071): Simulation completed successfully.
reading simulation data...
      ...successful.
*Info*    Client has finished evaluating ... 


*Info*    Run complete for Point ID (37 1) on testbench [
          TRAN_PULSE_VDD ].





Simulation design variables differ from those on the cellView,
they have been saved in the file "/tmp/saved-design-variables".
To save future changes, copy variables to cellView before exiting.
