*Info*    Exporting services from client ... 

*Info*    Client has finished starting ... 



*Info*    Configuring the session ...

	Library      = DAY6
	Cell         = ex1
	View         = schematic
	Simulator    = spectre
	State Path   = $AXL_SETUPDB_DIR/test_states
	State Name   = 1k_none_Interactive.45
	Results DB   = /home/saul/projects/FIL3601/DAY6/ex1/adexl/results/data/Interactive.45.rdb
	Results Dir  = /home/saul/projects/FIL3601/Sim/DAY6/ex1/adexl/results/data/Interactive.45/1/1k
	Results Loc  = /home/saul/projects/FIL3601/Sim/DAY6/ex1/adexl/results/data
	Project Dir  = /home/saul/projects/FIL3601/Sim
	Setup DB loc = /home/saul/projects/FIL3601/DAY6/ex1/adexl
	File Encoding = 0


WARNING (ADE-7017): The Spectre run mode needs to be 'batch' when EM/IR analysis is enabled. Automatically setting the run mode to 'batch'.

*Info*    The auto suspension is disabled.

Loading monte.cxt 





*Info*    Run start for Point ID (8 1) on testbench [ 1k ].

Resetting statistical vars

*Info*    Setting parameter values ...

Setting var FREQ = "1k"
Setting var VIN = "500m"
Setting var VPULSE = "0"
Setting var temperature = "27"
Setting temp(T) = 27

*Info*    Netlist Directory =
          /home/saul/projects/FIL3601/Sim/DAY6/ex1/adexl/results/data/Interactive.45/1/1k/netlist


*Info*    Data Directory    =
          /home/saul/projects/FIL3601/Sim/DAY6/ex1/adexl/results/data/Interactive.45/1/1k


*Info*    Creating Netlist for Point ID (8 1)

generate netlist...
Loading hnlInit.cxt 
Loading seCore.cxt 
function ansCdlCompPrim redefined
function ansCdlCompPrim redefined
Begin Incremental Netlisting Mar  8 09:23:21 2025
End netlisting Mar  8 09:23:21 2025

	The netlist is up to date.
	Time taken to compare the design with netlist:   0.0s
      ...successful.
compose simulator input file...
      ...successful.

*Info*    Running simulation on testbench [ 1k ] for Point ID (8 1).

Delete psf data in /home/saul/projects/FIL3601/Sim/DAY6/ex1/adexl/results/data/Interactive.45/1/1k/psf.
compose simulator input file...
      ...successful.
start simulator if needed...
      ...successful.
simulate...
To view the simulator output, right-click on the test name, result 
name, or any value in the "Results" tab of the Outputs section and 
choose "Output Log" menu option.
Loading paraplot.cxt 
INFO (ADE-3071): Simulation completed successfully.
reading simulation data...
      ...successful.
*Info*    Client has finished evaluating ... 


*Info*    Run complete for Point ID (8 1) on testbench [ 1k ].





Simulation design variables differ from those on the cellView,
they have been saved in the file "/tmp/saved-design-variables".
To save future changes, copy variables to cellView before exiting.
