[ADE GUI: 499695d4-8d1d-41f6-b2a9-43b3ec6dab1d]
[2025-04-02 01:26:03.075 +0200] [PROCESS] [cadence.virtuoso.ade.gui] - /home/saul/projects/FIL3601/.tmp_saul/.cmddir0/swiftLoggingService9 is starting {"logfile": "/home/saul/projects/FIL3601/logs_saul/logs0/LoggingService9.log"}
[2025-04-02 01:26:03.186 +0200] [PROCESS] [cadence.virtuoso.ade.gui] - /home/saul/projects/FIL3601/.tmp_saul/.cmddir0/swiftNetlistService10 is starting {"logfile": "/home/saul/projects/FIL3601/logs_saul/logs0/Service10.log"}
[2025-04-02 01:26:03.187 +0200] [PROCESS] [cadence.virtuoso.ade.gui] - Logging Service '3092' is starting up on host 's2424' {"logfile": "/home/saul/projects/FIL3601/logs_saul/logs0/LoggingService9.log"}
[2025-04-02 01:26:13.134 +0200] [PROCESS] [cadence.virtuoso.ade.gui] - Netlist Service '3108' is starting up on host 's2424' {"logfile": "/home/saul/projects/FIL3601/logs_saul/logs0/Service10.log"}
[2025-04-02 01:28:27.254 +0200] [EVENT] [cadence.virtuoso.ade.gui] - NewHistoryCreated {"history": "ExplorerRun.0", "event": "NewHistoryCreated", "EventSource": "ADE GUI", "HistoryName": "ExplorerRun.0", "WorkDir": "/home/saul/projects/FIL3601", "HistorySimDir": "/home/saul/projects/FIL3601/Sim/DAY8/trans_2st_bias1/maestro/results/maestro/ExplorerRun.0", "HistoryResultsDir": "/home/saul/projects/FIL3601/DAY8/trans_2st_bias1/maestro/results/maestro"}
[2025-04-02 01:28:27.254 +0200] [PROCESS] [cadence.virtuoso.ade.gui] - History Setup {"hostname": "s2424", "processid": 29598, "history": "ExplorerRun.0", "logfile": "/home/saul/projects/FIL3601/logs_saul/logs0/virtuoso_ade_debug.log", "jobmode": "LSCS", "runmode": "Single Run, Sweeps and Corners", "lib": "DAY8", "cell": "trans_2st_bias1", "view": "maestro", "icversion": "sub-version  IC6.1.8-64b.500.35 ", "runstart": "Wed Apr  2 01:28:27 2025\n", "timezonelocal": "+000", "spectreversion": "unknown", "jobpolicyname": "", "maxjobs": "unknown", "ncjobpolicyname": "", "ncmaxjobs": "unknown", "numtests": "1", "runfinished": "unknown", "runelapsed": "-1", "numcorners": "1"}
[2025-04-02 01:28:29.226 +0200] [WARN] [cadence.virtuoso.ade.gui] - Could not find log file for Same Process Job 0. Log message for this job will be printed in the CDS log file. {"history": "ExplorerRun.0", "testname": "DAY8_trans_2st_bias1_1", "detailed_message": "", "message_id": "EXPLORER-5028"}
[2025-04-02 01:28:30.058 +0200] [INFO] [cadence.virtuoso.ade.gui] - Simulation will use spectre batch mode because the GCC version used by Spectre and Virtuoso are not compatible. {"history": "ExplorerRun.0", "testname": "DAY8_trans_2st_bias1_1", "detailed_message": "", "message_id": "EXPLORER-5024"}
[2025-04-02 01:28:30.142 +0200] [EVENT] [cadence.virtuoso.ade.pointevaluator] - NewPoint {"history": "ExplorerRun.0", "point": 1, "testname": "DAY8_trans_2st_bias1_1", "event": "NewPoint", "EventSource": "ADE GUI", "HistoryName": "ExplorerRun.0", "logFile": "/home/saul/projects/FIL3601/logs_saul/logs0/virtuoso_ade_debug.log", "logFileSize": "2639"}
[2025-04-02 01:28:30.143 +0200] [INFO] [cadence.virtuoso.ade.pointevaluator] - Started netlisting {"history": "ExplorerRun.0", "point": 1, "testname": "DAY8_trans_2st_bias1_1"}
[2025-04-02 01:28:34.223 +0200] [INFO] [cadence.virtuoso.ade.pointevaluator] - Finished netlisting {"history": "ExplorerRun.0", "point": 1, "testname": "DAY8_trans_2st_bias1_1"}
[2025-04-02 01:28:34.224 +0200] [INFO] [cadence.virtuoso.ade.pointevaluator] - Submitted {"history": "ExplorerRun.0", "point": 1, "testname": "DAY8_trans_2st_bias1_1"}
[2025-04-02 01:28:35.272 +0200] [PROCESS] [cadence.virtuoso.ade.gui] - /home/saul/projects/FIL3601/.tmp_saul/.cmddir0/swiftJob11 is starting {"logfile": "/home/saul/projects/FIL3601/logs_saul/logs0/Job11.log"}
[2025-04-02 01:28:35.928 +0200] [PROCESS] [cadence.virtuoso.ade.gui] - Simulation Monitor process '4100' is starting up on host 's2424' {"logfile": "/home/saul/projects/FIL3601/logs_saul/logs0/Job11.log"}
[2025-04-02 01:28:37.220 +0200] [PROCESS] [cadence.virtuoso.ade.gui] - ln: failed to create symbolic link '/home/saul/projects/FIL3601/Sim/DAY8/trans_2st_bias1/maestro/results/maestro/ExplorerRun.0/1/DAY8_trans_2st_bias1_1/netlist/exprOutputs.log': File exists
 {"logfile": "/home/saul/projects/FIL3601/logs_saul/logs0/Job11.log"}
[2025-04-02 01:28:37.227 +0200] [PROCESS] [cadence.virtuoso.ade.gui] - ln: failed to create symbolic link '/home/saul/projects/FIL3601/Sim/DAY8/trans_2st_bias1/maestro/results/maestro/ExplorerRun.0/1/DAY8_trans_2st_bias1_1/netlist/amps_evaluator.log': File exists
 {"logfile": "/home/saul/projects/FIL3601/logs_saul/logs0/Job11.log"}
[2025-04-02 01:28:42.323 +0200] [INFO] [cadence.virtuoso.ade.gui] - Point completed {"history": "ExplorerRun.0", "point": 1, "testname": "DAY8_trans_2st_bias1_1"}
[2025-04-02 01:28:42.487 +0200] [EVENT] [cadence.virtuoso.ade.gui] - HistoryFinished {"history": "ExplorerRun.0", "point": 1, "testname": "DAY8_trans_2st_bias1_1", "event": "HistoryFinished", "EventSource": "ADE GUI", "HistoryName": "ExplorerRun.0"}
[2025-04-02 01:31:24.956 +0200] [PROCESS] [cadence.virtuoso.ade.gui] - Netlist Service '3108' stopped with exit code '0' {"logfile": "/home/saul/projects/FIL3601/logs_saul/logs0/Service10.log"}
[2025-04-02 01:38:56.832 +0200] [PROCESS] [cadence.virtuoso.ade.gui] - Logging Service '3092' stopped with exit code '0' {"logfile": "/home/saul/projects/FIL3601/logs_saul/logs0/LoggingService9.log"}
